2021-03-07 14:37:48.2399|INFO|Microsoft.Hosting.Lifetime|Now listening on: https://localhost:5001
2021-03-07 14:37:48.2832|INFO|Microsoft.Hosting.Lifetime|Now listening on: http://localhost:5000
2021-03-07 14:37:48.3031|INFO|Microsoft.Hosting.Lifetime|Application started. Press Ctrl+C to shut down.
2021-03-07 14:37:48.3031|INFO|Microsoft.Hosting.Lifetime|Hosting environment: Development
2021-03-07 14:37:48.3236|INFO|Microsoft.Hosting.Lifetime|Content root path: C:\Users\fatih\source\repos\zepllin\zepllin
2021-03-07 14:39:35.6717|INFO|Microsoft.Hosting.Lifetime|Now listening on: https://localhost:5001
2021-03-07 14:39:35.7161|INFO|Microsoft.Hosting.Lifetime|Now listening on: http://localhost:5000
2021-03-07 14:39:35.7313|INFO|Microsoft.Hosting.Lifetime|Application started. Press Ctrl+C to shut down.
2021-03-07 14:39:35.7512|INFO|Microsoft.Hosting.Lifetime|Hosting environment: Development
2021-03-07 14:39:35.7617|INFO|Microsoft.Hosting.Lifetime|Content root path: C:\Users\fatih\source\repos\zepllin\zepllin
2021-03-07 14:40:13.6832|INFO|Microsoft.Hosting.Lifetime|Now listening on: https://localhost:5001
2021-03-07 14:40:13.8074|INFO|Microsoft.Hosting.Lifetime|Now listening on: http://localhost:5000
2021-03-07 14:40:13.8209|INFO|Microsoft.Hosting.Lifetime|Application started. Press Ctrl+C to shut down.
2021-03-07 14:40:13.8209|INFO|Microsoft.Hosting.Lifetime|Hosting environment: Development
2021-03-07 14:40:13.8433|INFO|Microsoft.Hosting.Lifetime|Content root path: C:\Users\fatih\source\repos\zepllin\zepllin
2021-03-07 14:41:01.3275|INFO|Microsoft.Hosting.Lifetime|Now listening on: https://localhost:5001
2021-03-07 14:41:01.3924|INFO|Microsoft.Hosting.Lifetime|Now listening on: http://localhost:5000
2021-03-07 14:41:01.4040|INFO|Microsoft.Hosting.Lifetime|Application started. Press Ctrl+C to shut down.
2021-03-07 14:41:01.4881|INFO|Microsoft.Hosting.Lifetime|Hosting environment: Development
2021-03-07 14:41:01.4986|INFO|Microsoft.Hosting.Lifetime|Content root path: C:\Users\fatih\source\repos\zepllin\zepllin
2021-03-07 14:42:08.2972|INFO|Microsoft.Hosting.Lifetime|Now listening on: https://localhost:5001
2021-03-07 14:42:08.3621|INFO|Microsoft.Hosting.Lifetime|Now listening on: http://localhost:5000
2021-03-07 14:42:08.3749|INFO|Microsoft.Hosting.Lifetime|Application started. Press Ctrl+C to shut down.
2021-03-07 14:42:08.3880|INFO|Microsoft.Hosting.Lifetime|Hosting environment: Development
2021-03-07 14:42:08.4012|INFO|Microsoft.Hosting.Lifetime|Content root path: C:\Users\fatih\source\repos\zepllin\zepllin
2021-03-07 14:43:45.3732|INFO|Microsoft.Hosting.Lifetime|Now listening on: https://localhost:5001
2021-03-07 14:43:45.4355|INFO|Microsoft.Hosting.Lifetime|Now listening on: http://localhost:5000
2021-03-07 14:43:45.4482|INFO|Microsoft.Hosting.Lifetime|Application started. Press Ctrl+C to shut down.
2021-03-07 14:43:45.4591|INFO|Microsoft.Hosting.Lifetime|Hosting environment: Development
2021-03-07 14:43:45.4591|INFO|Microsoft.Hosting.Lifetime|Content root path: C:\Users\fatih\source\repos\zepllin\zepllin
2021-03-07 14:44:37.6152|INFO|Microsoft.Hosting.Lifetime|Now listening on: https://localhost:5001
2021-03-07 14:44:37.6883|INFO|Microsoft.Hosting.Lifetime|Now listening on: http://localhost:5000
2021-03-07 14:44:37.7047|INFO|Microsoft.Hosting.Lifetime|Application started. Press Ctrl+C to shut down.
2021-03-07 14:44:37.7169|INFO|Microsoft.Hosting.Lifetime|Hosting environment: Development
2021-03-07 14:44:37.7360|INFO|Microsoft.Hosting.Lifetime|Content root path: C:\Users\fatih\source\repos\zepllin\zepllin
2021-03-07 14:44:59.1017|INFO|Microsoft.Hosting.Lifetime|Now listening on: https://localhost:5001
2021-03-07 14:44:59.1788|INFO|Microsoft.Hosting.Lifetime|Now listening on: http://localhost:5000
2021-03-07 14:44:59.1938|INFO|Microsoft.Hosting.Lifetime|Application started. Press Ctrl+C to shut down.
2021-03-07 14:44:59.1938|INFO|Microsoft.Hosting.Lifetime|Hosting environment: Development
2021-03-07 14:44:59.2256|INFO|Microsoft.Hosting.Lifetime|Content root path: C:\Users\fatih\source\repos\zepllin\zepllin
2021-03-07 14:48:47.8377|INFO|Microsoft.Hosting.Lifetime|Now listening on: https://localhost:5001
2021-03-07 14:48:47.9113|INFO|Microsoft.Hosting.Lifetime|Now listening on: http://localhost:5000
2021-03-07 14:48:47.9271|INFO|Microsoft.Hosting.Lifetime|Application started. Press Ctrl+C to shut down.
2021-03-07 14:48:47.9483|INFO|Microsoft.Hosting.Lifetime|Hosting environment: Development
2021-03-07 14:48:47.9604|INFO|Microsoft.Hosting.Lifetime|Content root path: C:\Users\fatih\source\repos\zepllin\zepllin
2021-03-07 14:49:44.3086|INFO|Microsoft.Hosting.Lifetime|Now listening on: https://localhost:5001
2021-03-07 14:49:44.3713|INFO|Microsoft.Hosting.Lifetime|Now listening on: http://localhost:5000
2021-03-07 14:49:44.3839|INFO|Microsoft.Hosting.Lifetime|Application started. Press Ctrl+C to shut down.
2021-03-07 14:49:44.4002|INFO|Microsoft.Hosting.Lifetime|Hosting environment: Development
2021-03-07 14:49:44.4114|INFO|Microsoft.Hosting.Lifetime|Content root path: C:\Users\fatih\source\repos\zepllin\zepllin
2021-03-07 14:50:24.1540|INFO|Microsoft.Hosting.Lifetime|Now listening on: https://localhost:5001
2021-03-07 14:50:24.2166|INFO|Microsoft.Hosting.Lifetime|Now listening on: http://localhost:5000
2021-03-07 14:50:24.2296|INFO|Microsoft.Hosting.Lifetime|Application started. Press Ctrl+C to shut down.
2021-03-07 14:50:24.2456|INFO|Microsoft.Hosting.Lifetime|Hosting environment: Development
2021-03-07 14:50:24.2571|INFO|Microsoft.Hosting.Lifetime|Content root path: C:\Users\fatih\source\repos\zepllin\zepllin
2021-03-07 14:51:18.2416|INFO|Microsoft.Hosting.Lifetime|Now listening on: https://localhost:5001
2021-03-07 14:51:18.3023|INFO|Microsoft.Hosting.Lifetime|Now listening on: http://localhost:5000
2021-03-07 14:51:18.3023|INFO|Microsoft.Hosting.Lifetime|Application started. Press Ctrl+C to shut down.
2021-03-07 14:51:18.3268|INFO|Microsoft.Hosting.Lifetime|Hosting environment: Development
2021-03-07 14:51:18.3429|INFO|Microsoft.Hosting.Lifetime|Content root path: C:\Users\fatih\source\repos\zepllin\zepllin
2021-03-07 14:59:06.2796|INFO|Microsoft.Hosting.Lifetime|Now listening on: https://localhost:5001
2021-03-07 14:59:06.3193|INFO|Microsoft.Hosting.Lifetime|Now listening on: http://localhost:5000
2021-03-07 14:59:06.3193|INFO|Microsoft.Hosting.Lifetime|Application started. Press Ctrl+C to shut down.
2021-03-07 14:59:06.3446|INFO|Microsoft.Hosting.Lifetime|Hosting environment: Development
2021-03-07 14:59:06.3589|INFO|Microsoft.Hosting.Lifetime|Content root path: C:\Users\fatih\source\repos\zepllin\zepllin
2021-03-07 14:59:20.2267|INFO|Microsoft.Hosting.Lifetime|Now listening on: https://localhost:5001
2021-03-07 14:59:20.3000|INFO|Microsoft.Hosting.Lifetime|Now listening on: http://localhost:5000
2021-03-07 14:59:20.3151|INFO|Microsoft.Hosting.Lifetime|Application started. Press Ctrl+C to shut down.
2021-03-07 14:59:20.3342|INFO|Microsoft.Hosting.Lifetime|Hosting environment: Development
2021-03-07 14:59:20.3342|INFO|Microsoft.Hosting.Lifetime|Content root path: C:\Users\fatih\source\repos\zepllin\zepllin
2021-03-07 15:03:11.0244|INFO|Microsoft.Hosting.Lifetime|Now listening on: https://localhost:5001
2021-03-07 15:03:11.1768|INFO|Microsoft.Hosting.Lifetime|Now listening on: http://localhost:5000
2021-03-07 15:03:11.1962|INFO|Microsoft.Hosting.Lifetime|Application started. Press Ctrl+C to shut down.
2021-03-07 15:03:11.2083|INFO|Microsoft.Hosting.Lifetime|Hosting environment: Development
2021-03-07 15:03:11.2083|INFO|Microsoft.Hosting.Lifetime|Content root path: C:\Users\fatih\source\repos\zepllin\zepllin
2021-03-07 15:04:02.1624|INFO|Microsoft.Hosting.Lifetime|Now listening on: https://localhost:5001
2021-03-07 15:04:02.2591|INFO|Microsoft.Hosting.Lifetime|Now listening on: http://localhost:5000
2021-03-07 15:04:02.2860|INFO|Microsoft.Hosting.Lifetime|Application started. Press Ctrl+C to shut down.
2021-03-07 15:04:02.3081|INFO|Microsoft.Hosting.Lifetime|Hosting environment: Development
2021-03-07 15:04:02.3234|INFO|Microsoft.Hosting.Lifetime|Content root path: C:\Users\fatih\source\repos\zepllin\zepllin
2021-03-07 15:06:07.6970|INFO|Microsoft.Hosting.Lifetime|Now listening on: https://localhost:5001
2021-03-07 15:06:07.7615|INFO|Microsoft.Hosting.Lifetime|Now listening on: http://localhost:5000
2021-03-07 15:06:07.7746|INFO|Microsoft.Hosting.Lifetime|Application started. Press Ctrl+C to shut down.
2021-03-07 15:06:07.7918|INFO|Microsoft.Hosting.Lifetime|Hosting environment: Development
2021-03-07 15:06:07.8036|INFO|Microsoft.Hosting.Lifetime|Content root path: C:\Users\fatih\source\repos\zepllin\zepllin
2021-03-07 15:08:36.9837|INFO|Microsoft.Hosting.Lifetime|Now listening on: https://localhost:5001
2021-03-07 15:08:37.0528|INFO|Microsoft.Hosting.Lifetime|Now listening on: http://localhost:5000
2021-03-07 15:08:37.0528|INFO|Microsoft.Hosting.Lifetime|Application started. Press Ctrl+C to shut down.
2021-03-07 15:08:37.0816|INFO|Microsoft.Hosting.Lifetime|Hosting environment: Development
2021-03-07 15:08:37.0929|INFO|Microsoft.Hosting.Lifetime|Content root path: C:\Users\fatih\source\repos\zepllin\zepllin
2021-03-07 15:10:11.7711|INFO|Microsoft.Hosting.Lifetime|Now listening on: https://localhost:5001
2021-03-07 15:10:11.8776|INFO|Microsoft.Hosting.Lifetime|Now listening on: http://localhost:5000
2021-03-07 15:10:11.8926|INFO|Microsoft.Hosting.Lifetime|Application started. Press Ctrl+C to shut down.
2021-03-07 15:10:11.9135|INFO|Microsoft.Hosting.Lifetime|Hosting environment: Development
2021-03-07 15:10:11.9135|INFO|Microsoft.Hosting.Lifetime|Content root path: C:\Users\fatih\source\repos\zepllin\zepllin
2021-03-07 15:11:44.9304|INFO|Microsoft.Hosting.Lifetime|Now listening on: https://localhost:5001
2021-03-07 15:11:44.9929|INFO|Microsoft.Hosting.Lifetime|Now listening on: http://localhost:5000
2021-03-07 15:11:45.0058|INFO|Microsoft.Hosting.Lifetime|Application started. Press Ctrl+C to shut down.
2021-03-07 15:11:45.0212|INFO|Microsoft.Hosting.Lifetime|Hosting environment: Development
2021-03-07 15:11:45.0212|INFO|Microsoft.Hosting.Lifetime|Content root path: C:\Users\fatih\source\repos\zepllin\zepllin
2021-03-07 15:14:08.8068|INFO|Microsoft.Hosting.Lifetime|Now listening on: https://localhost:5001
2021-03-07 15:14:08.8781|INFO|Microsoft.Hosting.Lifetime|Now listening on: http://localhost:5000
2021-03-07 15:14:08.8920|INFO|Microsoft.Hosting.Lifetime|Application started. Press Ctrl+C to shut down.
2021-03-07 15:14:08.9090|INFO|Microsoft.Hosting.Lifetime|Hosting environment: Development
2021-03-07 15:14:08.9212|INFO|Microsoft.Hosting.Lifetime|Content root path: C:\Users\fatih\source\repos\zepllin\zepllin
2021-03-07 15:15:50.9058|INFO|Microsoft.Hosting.Lifetime|Now listening on: https://localhost:5001
2021-03-07 15:15:50.9756|INFO|Microsoft.Hosting.Lifetime|Now listening on: http://localhost:5000
2021-03-07 15:15:50.9897|INFO|Microsoft.Hosting.Lifetime|Application started. Press Ctrl+C to shut down.
2021-03-07 15:15:50.9897|INFO|Microsoft.Hosting.Lifetime|Hosting environment: Development
2021-03-07 15:15:51.0202|INFO|Microsoft.Hosting.Lifetime|Content root path: C:\Users\fatih\source\repos\zepllin\zepllin
2021-03-07 15:17:55.8637|INFO|Microsoft.Hosting.Lifetime|Now listening on: https://localhost:5001
2021-03-07 15:17:55.9270|INFO|Microsoft.Hosting.Lifetime|Now listening on: http://localhost:5000
2021-03-07 15:17:55.9270|INFO|Microsoft.Hosting.Lifetime|Application started. Press Ctrl+C to shut down.
2021-03-07 15:17:55.9532|INFO|Microsoft.Hosting.Lifetime|Hosting environment: Development
2021-03-07 15:17:55.9713|INFO|Microsoft.Hosting.Lifetime|Content root path: C:\Users\fatih\source\repos\zepllin\zepllin
2021-03-07 15:18:59.4906|INFO|Microsoft.Hosting.Lifetime|Now listening on: https://localhost:5001
2021-03-07 15:18:59.5737|INFO|Microsoft.Hosting.Lifetime|Now listening on: http://localhost:5000
2021-03-07 15:18:59.5872|INFO|Microsoft.Hosting.Lifetime|Application started. Press Ctrl+C to shut down.
2021-03-07 15:18:59.5989|INFO|Microsoft.Hosting.Lifetime|Hosting environment: Development
2021-03-07 15:18:59.5989|INFO|Microsoft.Hosting.Lifetime|Content root path: C:\Users\fatih\source\repos\zepllin\zepllin
2021-03-07 15:20:11.9826|INFO|Microsoft.Hosting.Lifetime|Now listening on: https://localhost:5001
2021-03-07 15:20:12.0800|INFO|Microsoft.Hosting.Lifetime|Now listening on: http://localhost:5000
2021-03-07 15:20:12.0947|INFO|Microsoft.Hosting.Lifetime|Application started. Press Ctrl+C to shut down.
2021-03-07 15:20:12.1072|INFO|Microsoft.Hosting.Lifetime|Hosting environment: Development
2021-03-07 15:20:12.1187|INFO|Microsoft.Hosting.Lifetime|Content root path: C:\Users\fatih\source\repos\zepllin\zepllin
2021-03-07 15:22:12.7638|INFO|Microsoft.Hosting.Lifetime|Now listening on: https://localhost:5001
2021-03-07 15:22:12.8304|INFO|Microsoft.Hosting.Lifetime|Now listening on: http://localhost:5000
2021-03-07 15:22:12.8440|INFO|Microsoft.Hosting.Lifetime|Application started. Press Ctrl+C to shut down.
2021-03-07 15:22:12.8553|INFO|Microsoft.Hosting.Lifetime|Hosting environment: Development
2021-03-07 15:22:12.8714|INFO|Microsoft.Hosting.Lifetime|Content root path: C:\Users\fatih\source\repos\zepllin\zepllin
2021-03-07 15:23:56.2707|INFO|Microsoft.Hosting.Lifetime|Now listening on: https://localhost:5001
2021-03-07 15:23:56.3898|INFO|Microsoft.Hosting.Lifetime|Now listening on: http://localhost:5000
2021-03-07 15:23:56.4318|INFO|Microsoft.Hosting.Lifetime|Application started. Press Ctrl+C to shut down.
2021-03-07 15:23:56.4498|INFO|Microsoft.Hosting.Lifetime|Hosting environment: Development
2021-03-07 15:23:56.4675|INFO|Microsoft.Hosting.Lifetime|Content root path: C:\Users\fatih\source\repos\zepllin\zepllin
2021-03-07 15:24:34.9794|INFO|Microsoft.Hosting.Lifetime|Now listening on: https://localhost:5001
2021-03-07 15:24:35.0739|INFO|Microsoft.Hosting.Lifetime|Now listening on: http://localhost:5000
2021-03-07 15:24:35.0939|INFO|Microsoft.Hosting.Lifetime|Application started. Press Ctrl+C to shut down.
2021-03-07 15:24:35.1143|INFO|Microsoft.Hosting.Lifetime|Hosting environment: Development
2021-03-07 15:24:35.1143|INFO|Microsoft.Hosting.Lifetime|Content root path: C:\Users\fatih\source\repos\zepllin\zepllin
2021-03-07 15:25:53.6632|INFO|Microsoft.Hosting.Lifetime|Now listening on: https://localhost:5001
2021-03-07 15:25:53.7308|INFO|Microsoft.Hosting.Lifetime|Now listening on: http://localhost:5000
2021-03-07 15:25:53.7528|INFO|Microsoft.Hosting.Lifetime|Application started. Press Ctrl+C to shut down.
2021-03-07 15:25:53.7696|INFO|Microsoft.Hosting.Lifetime|Hosting environment: Development
2021-03-07 15:25:53.7865|INFO|Microsoft.Hosting.Lifetime|Content root path: C:\Users\fatih\source\repos\zepllin\zepllin
2021-03-07 15:26:20.6086|INFO|Microsoft.Hosting.Lifetime|Now listening on: https://localhost:5001
2021-03-07 15:26:20.7044|INFO|Microsoft.Hosting.Lifetime|Now listening on: http://localhost:5000
2021-03-07 15:26:20.7286|INFO|Microsoft.Hosting.Lifetime|Application started. Press Ctrl+C to shut down.
2021-03-07 15:26:20.7492|INFO|Microsoft.Hosting.Lifetime|Hosting environment: Development
2021-03-07 15:26:20.7689|INFO|Microsoft.Hosting.Lifetime|Content root path: C:\Users\fatih\source\repos\zepllin\zepllin
2021-03-07 15:26:50.2190|INFO|Microsoft.Hosting.Lifetime|Now listening on: https://localhost:5001
2021-03-07 15:26:50.2962|INFO|Microsoft.Hosting.Lifetime|Now listening on: http://localhost:5000
2021-03-07 15:26:50.3111|INFO|Microsoft.Hosting.Lifetime|Application started. Press Ctrl+C to shut down.
2021-03-07 15:26:50.3245|INFO|Microsoft.Hosting.Lifetime|Hosting environment: Development
2021-03-07 15:26:50.3436|INFO|Microsoft.Hosting.Lifetime|Content root path: C:\Users\fatih\source\repos\zepllin\zepllin
2021-03-07 15:29:09.3501|INFO|Microsoft.Hosting.Lifetime|Now listening on: https://localhost:5001
2021-03-07 15:29:09.4186|INFO|Microsoft.Hosting.Lifetime|Now listening on: http://localhost:5000
2021-03-07 15:29:09.4325|INFO|Microsoft.Hosting.Lifetime|Application started. Press Ctrl+C to shut down.
2021-03-07 15:29:09.4449|INFO|Microsoft.Hosting.Lifetime|Hosting environment: Development
2021-03-07 15:29:09.4616|INFO|Microsoft.Hosting.Lifetime|Content root path: C:\Users\fatih\source\repos\zepllin\zepllin
2021-03-07 15:31:55.4824|INFO|Microsoft.Hosting.Lifetime|Now listening on: https://localhost:5001
2021-03-07 15:31:55.5452|INFO|Microsoft.Hosting.Lifetime|Now listening on: http://localhost:5000
2021-03-07 15:31:55.5590|INFO|Microsoft.Hosting.Lifetime|Application started. Press Ctrl+C to shut down.
2021-03-07 15:31:55.5755|INFO|Microsoft.Hosting.Lifetime|Hosting environment: Development
2021-03-07 15:31:55.5876|INFO|Microsoft.Hosting.Lifetime|Content root path: C:\Users\fatih\source\repos\zepllin\zepllin
2021-03-07 15:36:46.6718|INFO|Microsoft.Hosting.Lifetime|Now listening on: https://localhost:5001
2021-03-07 15:36:46.7287|INFO|Microsoft.Hosting.Lifetime|Now listening on: http://localhost:5000
2021-03-07 15:36:46.7446|INFO|Microsoft.Hosting.Lifetime|Application started. Press Ctrl+C to shut down.
2021-03-07 15:36:46.7609|INFO|Microsoft.Hosting.Lifetime|Hosting environment: Development
2021-03-07 15:36:46.7766|INFO|Microsoft.Hosting.Lifetime|Content root path: C:\Users\fatih\source\repos\zepllin\zepllin
2021-03-07 15:37:05.6742|INFO|Microsoft.Hosting.Lifetime|Now listening on: https://localhost:5001
2021-03-07 15:37:05.7186|INFO|Microsoft.Hosting.Lifetime|Now listening on: http://localhost:5000
2021-03-07 15:37:05.7293|INFO|Microsoft.Hosting.Lifetime|Application started. Press Ctrl+C to shut down.
2021-03-07 15:37:05.7441|INFO|Microsoft.Hosting.Lifetime|Hosting environment: Development
2021-03-07 15:37:05.7605|INFO|Microsoft.Hosting.Lifetime|Content root path: C:\Users\fatih\source\repos\zepllin\zepllin
2021-03-07 15:43:38.3497|INFO|Microsoft.Hosting.Lifetime|Now listening on: https://localhost:5001
2021-03-07 15:43:38.3926|INFO|Microsoft.Hosting.Lifetime|Now listening on: http://localhost:5000
2021-03-07 15:43:38.4031|INFO|Microsoft.Hosting.Lifetime|Application started. Press Ctrl+C to shut down.
2021-03-07 15:43:38.4178|INFO|Microsoft.Hosting.Lifetime|Hosting environment: Development
2021-03-07 15:43:38.4343|INFO|Microsoft.Hosting.Lifetime|Content root path: C:\Users\fatih\source\repos\zepllin\zepllin
2021-03-07 15:50:58.4598|INFO|Microsoft.Hosting.Lifetime|Now listening on: https://localhost:5001
2021-03-07 15:50:58.5046|INFO|Microsoft.Hosting.Lifetime|Now listening on: http://localhost:5000
2021-03-07 15:50:58.5159|INFO|Microsoft.Hosting.Lifetime|Application started. Press Ctrl+C to shut down.
2021-03-07 15:50:58.5315|INFO|Microsoft.Hosting.Lifetime|Hosting environment: Development
2021-03-07 15:50:58.5470|INFO|Microsoft.Hosting.Lifetime|Content root path: C:\Users\fatih\source\repos\zepllin\zepllin
2021-03-07 16:43:27.8507|INFO|Microsoft.Hosting.Lifetime|Now listening on: https://localhost:5001
2021-03-07 16:43:27.9052|INFO|Microsoft.Hosting.Lifetime|Now listening on: http://localhost:5000
2021-03-07 16:43:27.9207|INFO|Microsoft.Hosting.Lifetime|Application started. Press Ctrl+C to shut down.
2021-03-07 16:43:27.9473|INFO|Microsoft.Hosting.Lifetime|Hosting environment: Development
2021-03-07 16:43:27.9620|INFO|Microsoft.Hosting.Lifetime|Content root path: C:\Users\fatih\source\repos\zepllin\zepllin
2021-03-07 16:44:58.7941|INFO|Microsoft.Hosting.Lifetime|Now listening on: https://localhost:5001
2021-03-07 16:44:58.8522|INFO|Microsoft.Hosting.Lifetime|Now listening on: http://localhost:5000
2021-03-07 16:44:58.8663|INFO|Microsoft.Hosting.Lifetime|Application started. Press Ctrl+C to shut down.
2021-03-07 16:44:58.8887|INFO|Microsoft.Hosting.Lifetime|Hosting environment: Development
2021-03-07 16:44:58.8993|INFO|Microsoft.Hosting.Lifetime|Content root path: C:\Users\fatih\source\repos\zepllin\zepllin
2021-03-07 16:45:29.6934|INFO|Microsoft.Hosting.Lifetime|Now listening on: https://localhost:5001
2021-03-07 16:45:29.7379|INFO|Microsoft.Hosting.Lifetime|Now listening on: http://localhost:5000
2021-03-07 16:45:29.7488|INFO|Microsoft.Hosting.Lifetime|Application started. Press Ctrl+C to shut down.
2021-03-07 16:45:29.7642|INFO|Microsoft.Hosting.Lifetime|Hosting environment: Development
2021-03-07 16:45:29.7788|INFO|Microsoft.Hosting.Lifetime|Content root path: C:\Users\fatih\source\repos\zepllin\zepllin
2021-03-07 16:46:40.3565|INFO|Microsoft.Hosting.Lifetime|Now listening on: https://localhost:5001
2021-03-07 16:46:40.4030|INFO|Microsoft.Hosting.Lifetime|Now listening on: http://localhost:5000
2021-03-07 16:46:40.4136|INFO|Microsoft.Hosting.Lifetime|Application started. Press Ctrl+C to shut down.
2021-03-07 16:46:40.4274|INFO|Microsoft.Hosting.Lifetime|Hosting environment: Development
2021-03-07 16:46:40.4274|INFO|Microsoft.Hosting.Lifetime|Content root path: C:\Users\fatih\source\repos\zepllin\zepllin
2021-03-07 16:47:42.9305|INFO|Microsoft.Hosting.Lifetime|Now listening on: https://localhost:5001
2021-03-07 16:47:42.9804|INFO|Microsoft.Hosting.Lifetime|Now listening on: http://localhost:5000
2021-03-07 16:47:42.9909|INFO|Microsoft.Hosting.Lifetime|Application started. Press Ctrl+C to shut down.
2021-03-07 16:47:42.9909|INFO|Microsoft.Hosting.Lifetime|Hosting environment: Development
2021-03-07 16:47:43.0143|INFO|Microsoft.Hosting.Lifetime|Content root path: C:\Users\fatih\source\repos\zepllin\zepllin
2021-03-07 16:48:23.5622|INFO|Microsoft.Hosting.Lifetime|Now listening on: https://localhost:5001
2021-03-07 16:48:23.6026|INFO|Microsoft.Hosting.Lifetime|Now listening on: http://localhost:5000
2021-03-07 16:48:23.6026|INFO|Microsoft.Hosting.Lifetime|Application started. Press Ctrl+C to shut down.
2021-03-07 16:48:23.6301|INFO|Microsoft.Hosting.Lifetime|Hosting environment: Development
2021-03-07 16:48:23.6388|INFO|Microsoft.Hosting.Lifetime|Content root path: C:\Users\fatih\source\repos\zepllin\zepllin
2021-03-07 16:49:11.8074|INFO|Microsoft.Hosting.Lifetime|Now listening on: https://localhost:5001
2021-03-07 16:49:11.8502|INFO|Microsoft.Hosting.Lifetime|Now listening on: http://localhost:5000
2021-03-07 16:49:11.8502|INFO|Microsoft.Hosting.Lifetime|Application started. Press Ctrl+C to shut down.
2021-03-07 16:49:11.8767|INFO|Microsoft.Hosting.Lifetime|Hosting environment: Development
2021-03-07 16:49:11.8915|INFO|Microsoft.Hosting.Lifetime|Content root path: C:\Users\fatih\source\repos\zepllin\zepllin
2021-03-07 16:51:41.6791|INFO|Microsoft.Hosting.Lifetime|Now listening on: https://localhost:5001
2021-03-07 16:51:41.7237|INFO|Microsoft.Hosting.Lifetime|Now listening on: http://localhost:5000
2021-03-07 16:51:41.7237|INFO|Microsoft.Hosting.Lifetime|Application started. Press Ctrl+C to shut down.
2021-03-07 16:51:41.7506|INFO|Microsoft.Hosting.Lifetime|Hosting environment: Development
2021-03-07 16:51:41.7661|INFO|Microsoft.Hosting.Lifetime|Content root path: C:\Users\fatih\source\repos\zepllin\zepllin
2021-03-07 16:59:05.6977|INFO|Microsoft.Hosting.Lifetime|Now listening on: https://localhost:5001
2021-03-07 16:59:05.7553|INFO|Microsoft.Hosting.Lifetime|Now listening on: http://localhost:5000
2021-03-07 16:59:05.7706|INFO|Microsoft.Hosting.Lifetime|Application started. Press Ctrl+C to shut down.
2021-03-07 16:59:05.7882|INFO|Microsoft.Hosting.Lifetime|Hosting environment: Development
2021-03-07 16:59:05.7882|INFO|Microsoft.Hosting.Lifetime|Content root path: C:\Users\fatih\source\repos\zepllin\zepllin
2021-03-07 17:00:45.1791|INFO|Microsoft.Hosting.Lifetime|Now listening on: https://localhost:5001
2021-03-07 17:00:45.2223|INFO|Microsoft.Hosting.Lifetime|Now listening on: http://localhost:5000
2021-03-07 17:00:45.2331|INFO|Microsoft.Hosting.Lifetime|Application started. Press Ctrl+C to shut down.
2021-03-07 17:00:45.2470|INFO|Microsoft.Hosting.Lifetime|Hosting environment: Development
2021-03-07 17:00:45.2628|INFO|Microsoft.Hosting.Lifetime|Content root path: C:\Users\fatih\source\repos\zepllin\zepllin
2021-03-07 17:01:59.7133|INFO|Microsoft.Hosting.Lifetime|Now listening on: https://localhost:5001
2021-03-07 17:01:59.7593|INFO|Microsoft.Hosting.Lifetime|Now listening on: http://localhost:5000
2021-03-07 17:01:59.7704|INFO|Microsoft.Hosting.Lifetime|Application started. Press Ctrl+C to shut down.
2021-03-07 17:01:59.7704|INFO|Microsoft.Hosting.Lifetime|Hosting environment: Development
2021-03-07 17:01:59.8005|INFO|Microsoft.Hosting.Lifetime|Content root path: C:\Users\fatih\source\repos\zepllin\zepllin
2021-03-07 17:04:15.1749|INFO|Microsoft.Hosting.Lifetime|Now listening on: https://localhost:5001
2021-03-07 17:04:15.2186|INFO|Microsoft.Hosting.Lifetime|Now listening on: http://localhost:5000
2021-03-07 17:04:15.2291|INFO|Microsoft.Hosting.Lifetime|Application started. Press Ctrl+C to shut down.
2021-03-07 17:04:15.2433|INFO|Microsoft.Hosting.Lifetime|Hosting environment: Development
2021-03-07 17:04:15.2433|INFO|Microsoft.Hosting.Lifetime|Content root path: C:\Users\fatih\source\repos\zepllin\zepllin
2021-03-07 17:06:38.8765|INFO|Microsoft.Hosting.Lifetime|Now listening on: https://localhost:5001
2021-03-07 17:06:38.9185|INFO|Microsoft.Hosting.Lifetime|Now listening on: http://localhost:5000
2021-03-07 17:06:38.9291|INFO|Microsoft.Hosting.Lifetime|Application started. Press Ctrl+C to shut down.
2021-03-07 17:06:38.9442|INFO|Microsoft.Hosting.Lifetime|Hosting environment: Development
2021-03-07 17:06:38.9585|INFO|Microsoft.Hosting.Lifetime|Content root path: C:\Users\fatih\source\repos\zepllin\zepllin
2021-03-07 17:08:54.5278|INFO|Microsoft.Hosting.Lifetime|Now listening on: https://localhost:5001
2021-03-07 17:08:54.5706|INFO|Microsoft.Hosting.Lifetime|Now listening on: http://localhost:5000
2021-03-07 17:08:54.5706|INFO|Microsoft.Hosting.Lifetime|Application started. Press Ctrl+C to shut down.
2021-03-07 17:08:54.5972|INFO|Microsoft.Hosting.Lifetime|Hosting environment: Development
2021-03-07 17:08:54.6117|INFO|Microsoft.Hosting.Lifetime|Content root path: C:\Users\fatih\source\repos\zepllin\zepllin
2021-03-07 17:10:34.9060|INFO|Microsoft.Hosting.Lifetime|Now listening on: https://localhost:5001
2021-03-07 17:10:34.9845|INFO|Microsoft.Hosting.Lifetime|Now listening on: http://localhost:5000
2021-03-07 17:10:35.0010|INFO|Microsoft.Hosting.Lifetime|Application started. Press Ctrl+C to shut down.
2021-03-07 17:10:35.0118|INFO|Microsoft.Hosting.Lifetime|Hosting environment: Development
2021-03-07 17:10:35.0265|INFO|Microsoft.Hosting.Lifetime|Content root path: C:\Users\fatih\source\repos\zepllin\zepllin
2021-03-07 17:12:27.4259|INFO|Microsoft.Hosting.Lifetime|Now listening on: https://localhost:5001
2021-03-07 17:12:27.4711|INFO|Microsoft.Hosting.Lifetime|Now listening on: http://localhost:5000
2021-03-07 17:12:27.4857|INFO|Microsoft.Hosting.Lifetime|Application started. Press Ctrl+C to shut down.
2021-03-07 17:12:27.5041|INFO|Microsoft.Hosting.Lifetime|Hosting environment: Development
2021-03-07 17:12:27.5160|INFO|Microsoft.Hosting.Lifetime|Content root path: C:\Users\fatih\source\repos\zepllin\zepllin
2021-03-07 17:13:24.3276|INFO|Microsoft.Hosting.Lifetime|Now listening on: https://localhost:5001
2021-03-07 17:13:24.3685|INFO|Microsoft.Hosting.Lifetime|Now listening on: http://localhost:5000
2021-03-07 17:13:24.3685|INFO|Microsoft.Hosting.Lifetime|Application started. Press Ctrl+C to shut down.
2021-03-07 17:13:24.3928|INFO|Microsoft.Hosting.Lifetime|Hosting environment: Development
2021-03-07 17:13:24.4023|INFO|Microsoft.Hosting.Lifetime|Content root path: C:\Users\fatih\source\repos\zepllin\zepllin
2021-03-07 17:23:52.9397|INFO|Microsoft.Hosting.Lifetime|Now listening on: https://localhost:5001
2021-03-07 17:23:53.0424|INFO|Microsoft.Hosting.Lifetime|Now listening on: http://localhost:5000
2021-03-07 17:23:53.0602|INFO|Microsoft.Hosting.Lifetime|Application started. Press Ctrl+C to shut down.
2021-03-07 17:23:53.0803|INFO|Microsoft.Hosting.Lifetime|Hosting environment: Development
2021-03-07 17:23:53.1017|INFO|Microsoft.Hosting.Lifetime|Content root path: C:\Users\fatih\source\repos\zepllin\zepllin
2021-03-07 17:25:27.1661|INFO|Microsoft.Hosting.Lifetime|Now listening on: https://localhost:5001
2021-03-07 17:25:27.2090|INFO|Microsoft.Hosting.Lifetime|Now listening on: http://localhost:5000
2021-03-07 17:25:27.2090|INFO|Microsoft.Hosting.Lifetime|Application started. Press Ctrl+C to shut down.
2021-03-07 17:25:27.2352|INFO|Microsoft.Hosting.Lifetime|Hosting environment: Development
2021-03-07 17:25:27.2444|INFO|Microsoft.Hosting.Lifetime|Content root path: C:\Users\fatih\source\repos\zepllin\zepllin
2021-03-07 17:28:23.3315|INFO|Microsoft.Hosting.Lifetime|Now listening on: https://localhost:5001
2021-03-07 17:28:23.3758|INFO|Microsoft.Hosting.Lifetime|Now listening on: http://localhost:5000
2021-03-07 17:28:23.3863|INFO|Microsoft.Hosting.Lifetime|Application started. Press Ctrl+C to shut down.
2021-03-07 17:28:23.4013|INFO|Microsoft.Hosting.Lifetime|Hosting environment: Development
2021-03-07 17:28:23.4013|INFO|Microsoft.Hosting.Lifetime|Content root path: C:\Users\fatih\source\repos\zepllin\zepllin
2021-03-07 17:33:44.2903|INFO|Microsoft.Hosting.Lifetime|Now listening on: https://localhost:5001
2021-03-07 17:33:44.3336|INFO|Microsoft.Hosting.Lifetime|Now listening on: http://localhost:5000
2021-03-07 17:33:44.3336|INFO|Microsoft.Hosting.Lifetime|Application started. Press Ctrl+C to shut down.
2021-03-07 17:33:44.3583|INFO|Microsoft.Hosting.Lifetime|Hosting environment: Development
2021-03-07 17:33:44.3708|INFO|Microsoft.Hosting.Lifetime|Content root path: C:\Users\fatih\source\repos\zepllin\zepllin
2021-03-07 17:35:09.4735|INFO|Microsoft.Hosting.Lifetime|Now listening on: https://localhost:5001
2021-03-07 17:35:09.5168|INFO|Microsoft.Hosting.Lifetime|Now listening on: http://localhost:5000
2021-03-07 17:35:09.5277|INFO|Microsoft.Hosting.Lifetime|Application started. Press Ctrl+C to shut down.
2021-03-07 17:35:09.5410|INFO|Microsoft.Hosting.Lifetime|Hosting environment: Development
2021-03-07 17:35:09.5410|INFO|Microsoft.Hosting.Lifetime|Content root path: C:\Users\fatih\source\repos\zepllin\zepllin
2021-03-07 17:38:05.7482|INFO|Microsoft.Hosting.Lifetime|Now listening on: https://localhost:5001
2021-03-07 17:38:05.7894|INFO|Microsoft.Hosting.Lifetime|Now listening on: http://localhost:5000
2021-03-07 17:38:05.7894|INFO|Microsoft.Hosting.Lifetime|Application started. Press Ctrl+C to shut down.
2021-03-07 17:38:05.8138|INFO|Microsoft.Hosting.Lifetime|Hosting environment: Development
2021-03-07 17:38:05.8232|INFO|Microsoft.Hosting.Lifetime|Content root path: C:\Users\fatih\source\repos\zepllin\zepllin
2021-03-07 17:40:13.0830|INFO|Microsoft.Hosting.Lifetime|Now listening on: https://localhost:5001
2021-03-07 17:40:13.1286|INFO|Microsoft.Hosting.Lifetime|Now listening on: http://localhost:5000
2021-03-07 17:40:13.1407|INFO|Microsoft.Hosting.Lifetime|Application started. Press Ctrl+C to shut down.
2021-03-07 17:40:13.1547|INFO|Microsoft.Hosting.Lifetime|Hosting environment: Development
2021-03-07 17:40:13.1667|INFO|Microsoft.Hosting.Lifetime|Content root path: C:\Users\fatih\source\repos\zepllin\zepllin
2021-03-07 17:41:08.8868|INFO|Microsoft.Hosting.Lifetime|Now listening on: https://localhost:5001
2021-03-07 17:41:08.9305|INFO|Microsoft.Hosting.Lifetime|Now listening on: http://localhost:5000
2021-03-07 17:41:08.9305|INFO|Microsoft.Hosting.Lifetime|Application started. Press Ctrl+C to shut down.
2021-03-07 17:41:08.9581|INFO|Microsoft.Hosting.Lifetime|Hosting environment: Development
2021-03-07 17:41:08.9581|INFO|Microsoft.Hosting.Lifetime|Content root path: C:\Users\fatih\source\repos\zepllin\zepllin
2021-03-07 17:42:06.2799|INFO|Microsoft.Hosting.Lifetime|Now listening on: https://localhost:5001
2021-03-07 17:42:06.3230|INFO|Microsoft.Hosting.Lifetime|Now listening on: http://localhost:5000
2021-03-07 17:42:06.3355|INFO|Microsoft.Hosting.Lifetime|Application started. Press Ctrl+C to shut down.
2021-03-07 17:42:06.3514|INFO|Microsoft.Hosting.Lifetime|Hosting environment: Development
2021-03-07 17:42:06.3514|INFO|Microsoft.Hosting.Lifetime|Content root path: C:\Users\fatih\source\repos\zepllin\zepllin
2021-03-07 17:42:24.9388|INFO|Microsoft.Hosting.Lifetime|Now listening on: https://localhost:5001
2021-03-07 17:42:24.9810|INFO|Microsoft.Hosting.Lifetime|Now listening on: http://localhost:5000
2021-03-07 17:42:24.9957|INFO|Microsoft.Hosting.Lifetime|Application started. Press Ctrl+C to shut down.
2021-03-07 17:42:25.0092|INFO|Microsoft.Hosting.Lifetime|Hosting environment: Development
2021-03-07 17:42:25.0245|INFO|Microsoft.Hosting.Lifetime|Content root path: C:\Users\fatih\source\repos\zepllin\zepllin
2021-03-07 18:06:41.3980|INFO|Microsoft.Hosting.Lifetime|Now listening on: https://localhost:5001
2021-03-07 18:06:41.4762|INFO|Microsoft.Hosting.Lifetime|Now listening on: http://localhost:5000
2021-03-07 18:06:41.4950|INFO|Microsoft.Hosting.Lifetime|Application started. Press Ctrl+C to shut down.
2021-03-07 18:06:41.5248|INFO|Microsoft.Hosting.Lifetime|Hosting environment: Development
2021-03-07 18:06:41.5445|INFO|Microsoft.Hosting.Lifetime|Content root path: C:\Users\fatih\source\repos\zepllin\zepllin
2021-03-07 18:07:16.7210|INFO|Microsoft.Hosting.Lifetime|Now listening on: https://localhost:5001
2021-03-07 18:07:16.7665|INFO|Microsoft.Hosting.Lifetime|Now listening on: http://localhost:5000
2021-03-07 18:07:16.7782|INFO|Microsoft.Hosting.Lifetime|Application started. Press Ctrl+C to shut down.
2021-03-07 18:07:16.7931|INFO|Microsoft.Hosting.Lifetime|Hosting environment: Development
2021-03-07 18:07:16.8086|INFO|Microsoft.Hosting.Lifetime|Content root path: C:\Users\fatih\source\repos\zepllin\zepllin
2021-03-07 18:07:36.3094|INFO|Microsoft.Hosting.Lifetime|Now listening on: https://localhost:5001
2021-03-07 18:07:36.4066|INFO|Microsoft.Hosting.Lifetime|Now listening on: http://localhost:5000
2021-03-07 18:07:36.4276|INFO|Microsoft.Hosting.Lifetime|Application started. Press Ctrl+C to shut down.
2021-03-07 18:07:36.4469|INFO|Microsoft.Hosting.Lifetime|Hosting environment: Development
2021-03-07 18:07:36.4637|INFO|Microsoft.Hosting.Lifetime|Content root path: C:\Users\fatih\source\repos\zepllin\zepllin
2021-03-07 18:08:07.1818|INFO|Microsoft.Hosting.Lifetime|Now listening on: https://localhost:5001
2021-03-07 18:08:07.2304|INFO|Microsoft.Hosting.Lifetime|Now listening on: http://localhost:5000
2021-03-07 18:08:07.2482|INFO|Microsoft.Hosting.Lifetime|Application started. Press Ctrl+C to shut down.
2021-03-07 18:08:07.2656|INFO|Microsoft.Hosting.Lifetime|Hosting environment: Development
2021-03-07 18:08:07.2792|INFO|Microsoft.Hosting.Lifetime|Content root path: C:\Users\fatih\source\repos\zepllin\zepllin
2021-03-07 18:08:57.7012|INFO|Microsoft.Hosting.Lifetime|Now listening on: https://localhost:5001
2021-03-07 18:08:57.7567|INFO|Microsoft.Hosting.Lifetime|Now listening on: http://localhost:5000
2021-03-07 18:08:57.7906|INFO|Microsoft.Hosting.Lifetime|Application started. Press Ctrl+C to shut down.
2021-03-07 18:08:57.8177|INFO|Microsoft.Hosting.Lifetime|Hosting environment: Development
2021-03-07 18:08:57.8333|INFO|Microsoft.Hosting.Lifetime|Content root path: C:\Users\fatih\source\repos\zepllin\zepllin
2021-03-07 18:09:18.0058|INFO|Microsoft.Hosting.Lifetime|Now listening on: https://localhost:5001
2021-03-07 18:09:18.0518|INFO|Microsoft.Hosting.Lifetime|Now listening on: http://localhost:5000
2021-03-07 18:09:18.0518|INFO|Microsoft.Hosting.Lifetime|Application started. Press Ctrl+C to shut down.
2021-03-07 18:09:18.0810|INFO|Microsoft.Hosting.Lifetime|Hosting environment: Development
2021-03-07 18:09:18.1004|INFO|Microsoft.Hosting.Lifetime|Content root path: C:\Users\fatih\source\repos\zepllin\zepllin
2021-03-07 18:09:40.1663|INFO|Microsoft.Hosting.Lifetime|Now listening on: https://localhost:5001
2021-03-07 18:09:40.2133|INFO|Microsoft.Hosting.Lifetime|Now listening on: http://localhost:5000
2021-03-07 18:09:40.2288|INFO|Microsoft.Hosting.Lifetime|Application started. Press Ctrl+C to shut down.
2021-03-07 18:09:40.2514|INFO|Microsoft.Hosting.Lifetime|Hosting environment: Development
2021-03-07 18:09:40.2675|INFO|Microsoft.Hosting.Lifetime|Content root path: C:\Users\fatih\source\repos\zepllin\zepllin
2021-03-07 18:09:58.3467|INFO|Microsoft.Hosting.Lifetime|Now listening on: https://localhost:5001
2021-03-07 18:09:58.3914|INFO|Microsoft.Hosting.Lifetime|Now listening on: http://localhost:5000
2021-03-07 18:09:58.4074|INFO|Microsoft.Hosting.Lifetime|Application started. Press Ctrl+C to shut down.
2021-03-07 18:09:58.4293|INFO|Microsoft.Hosting.Lifetime|Hosting environment: Development
2021-03-07 18:09:58.4450|INFO|Microsoft.Hosting.Lifetime|Content root path: C:\Users\fatih\source\repos\zepllin\zepllin
2021-03-07 18:10:14.2653|INFO|Microsoft.Hosting.Lifetime|Now listening on: https://localhost:5001
2021-03-07 18:10:14.3097|INFO|Microsoft.Hosting.Lifetime|Now listening on: http://localhost:5000
2021-03-07 18:10:14.3214|INFO|Microsoft.Hosting.Lifetime|Application started. Press Ctrl+C to shut down.
2021-03-07 18:10:14.3399|INFO|Microsoft.Hosting.Lifetime|Hosting environment: Development
2021-03-07 18:10:14.3549|INFO|Microsoft.Hosting.Lifetime|Content root path: C:\Users\fatih\source\repos\zepllin\zepllin
2021-03-07 18:10:43.4573|INFO|Microsoft.Hosting.Lifetime|Now listening on: https://localhost:5001
2021-03-07 18:10:43.5097|INFO|Microsoft.Hosting.Lifetime|Now listening on: http://localhost:5000
2021-03-07 18:10:43.5240|INFO|Microsoft.Hosting.Lifetime|Application started. Press Ctrl+C to shut down.
2021-03-07 18:10:43.5412|INFO|Microsoft.Hosting.Lifetime|Hosting environment: Development
2021-03-07 18:10:43.5539|INFO|Microsoft.Hosting.Lifetime|Content root path: C:\Users\fatih\source\repos\zepllin\zepllin
2021-03-07 18:12:22.5973|INFO|Microsoft.Hosting.Lifetime|Now listening on: https://localhost:5001
2021-03-07 18:12:22.6455|INFO|Microsoft.Hosting.Lifetime|Now listening on: http://localhost:5000
2021-03-07 18:12:22.6644|INFO|Microsoft.Hosting.Lifetime|Application started. Press Ctrl+C to shut down.
2021-03-07 18:12:22.6908|INFO|Microsoft.Hosting.Lifetime|Hosting environment: Development
2021-03-07 18:12:22.7231|INFO|Microsoft.Hosting.Lifetime|Content root path: C:\Users\fatih\source\repos\zepllin\zepllin
2021-03-07 18:12:41.2062|INFO|Microsoft.Hosting.Lifetime|Now listening on: https://localhost:5001
2021-03-07 18:12:41.2533|INFO|Microsoft.Hosting.Lifetime|Now listening on: http://localhost:5000
2021-03-07 18:12:41.2679|INFO|Microsoft.Hosting.Lifetime|Application started. Press Ctrl+C to shut down.
2021-03-07 18:12:41.2796|INFO|Microsoft.Hosting.Lifetime|Hosting environment: Development
2021-03-07 18:12:41.2982|INFO|Microsoft.Hosting.Lifetime|Content root path: C:\Users\fatih\source\repos\zepllin\zepllin
2021-03-07 18:19:41.6800|INFO|Microsoft.Hosting.Lifetime|Now listening on: https://localhost:5001
2021-03-07 18:19:41.7256|INFO|Microsoft.Hosting.Lifetime|Now listening on: http://localhost:5000
2021-03-07 18:19:41.7398|INFO|Microsoft.Hosting.Lifetime|Application started. Press Ctrl+C to shut down.
2021-03-07 18:19:41.7398|INFO|Microsoft.Hosting.Lifetime|Hosting environment: Development
2021-03-07 18:19:41.7604|INFO|Microsoft.Hosting.Lifetime|Content root path: C:\Users\fatih\source\repos\zepllin\zepllin
2021-03-07 18:20:07.8883|INFO|Microsoft.Hosting.Lifetime|Now listening on: https://localhost:5001
2021-03-07 18:20:07.9351|INFO|Microsoft.Hosting.Lifetime|Now listening on: http://localhost:5000
2021-03-07 18:20:07.9485|INFO|Microsoft.Hosting.Lifetime|Application started. Press Ctrl+C to shut down.
2021-03-07 18:20:07.9615|INFO|Microsoft.Hosting.Lifetime|Hosting environment: Development
2021-03-07 18:20:07.9615|INFO|Microsoft.Hosting.Lifetime|Content root path: C:\Users\fatih\source\repos\zepllin\zepllin
2021-03-07 18:20:41.3887|INFO|Microsoft.Hosting.Lifetime|Now listening on: https://localhost:5001
2021-03-07 18:20:41.4329|INFO|Microsoft.Hosting.Lifetime|Now listening on: http://localhost:5000
2021-03-07 18:20:41.4443|INFO|Microsoft.Hosting.Lifetime|Application started. Press Ctrl+C to shut down.
2021-03-07 18:20:41.4443|INFO|Microsoft.Hosting.Lifetime|Hosting environment: Development
2021-03-07 18:20:41.4767|INFO|Microsoft.Hosting.Lifetime|Content root path: C:\Users\fatih\source\repos\zepllin\zepllin
2021-03-07 18:21:08.3305|INFO|Microsoft.Hosting.Lifetime|Now listening on: https://localhost:5001
2021-03-07 18:21:08.3767|INFO|Microsoft.Hosting.Lifetime|Now listening on: http://localhost:5000
2021-03-07 18:21:08.3884|INFO|Microsoft.Hosting.Lifetime|Application started. Press Ctrl+C to shut down.
2021-03-07 18:21:08.4015|INFO|Microsoft.Hosting.Lifetime|Hosting environment: Development
2021-03-07 18:21:08.4159|INFO|Microsoft.Hosting.Lifetime|Content root path: C:\Users\fatih\source\repos\zepllin\zepllin
2021-03-07 18:21:38.9267|INFO|Microsoft.Hosting.Lifetime|Now listening on: https://localhost:5001
2021-03-07 18:21:38.9706|INFO|Microsoft.Hosting.Lifetime|Now listening on: http://localhost:5000
2021-03-07 18:21:38.9844|INFO|Microsoft.Hosting.Lifetime|Application started. Press Ctrl+C to shut down.
2021-03-07 18:21:38.9982|INFO|Microsoft.Hosting.Lifetime|Hosting environment: Development
2021-03-07 18:21:39.0085|INFO|Microsoft.Hosting.Lifetime|Content root path: C:\Users\fatih\source\repos\zepllin\zepllin
2021-03-07 18:21:50.4495|ERROR|Microsoft.AspNetCore.Diagnostics.ExceptionHandlerMiddleware|An unhandled exception has occurred while executing the request.
2021-03-07 18:21:50.4997|WARN|Microsoft.AspNetCore.Diagnostics.ExceptionHandlerMiddleware|No exception handler was found, rethrowing original exception.
2021-03-07 18:21:50.6958|ERROR|Microsoft.AspNetCore.Server.Kestrel|Connection id "0HM71FIQ5EMQF", Request id "0HM71FIQ5EMQF:00000019": An unhandled exception was thrown by the application.
2021-03-07 18:22:13.9332|INFO|Microsoft.Hosting.Lifetime|Now listening on: https://localhost:5001
2021-03-07 18:22:13.9794|INFO|Microsoft.Hosting.Lifetime|Now listening on: http://localhost:5000
2021-03-07 18:22:14.0050|INFO|Microsoft.Hosting.Lifetime|Application started. Press Ctrl+C to shut down.
2021-03-07 18:22:14.0157|INFO|Microsoft.Hosting.Lifetime|Hosting environment: Development
2021-03-07 18:22:14.0296|INFO|Microsoft.Hosting.Lifetime|Content root path: C:\Users\fatih\source\repos\zepllin\zepllin
2021-03-07 18:22:33.3787|INFO|Microsoft.Hosting.Lifetime|Now listening on: https://localhost:5001
2021-03-07 18:22:33.4219|INFO|Microsoft.Hosting.Lifetime|Now listening on: http://localhost:5000
2021-03-07 18:22:33.4333|INFO|Microsoft.Hosting.Lifetime|Application started. Press Ctrl+C to shut down.
2021-03-07 18:22:33.4462|INFO|Microsoft.Hosting.Lifetime|Hosting environment: Development
2021-03-07 18:22:33.4606|INFO|Microsoft.Hosting.Lifetime|Content root path: C:\Users\fatih\source\repos\zepllin\zepllin
2021-03-07 18:23:09.4535|INFO|Microsoft.Hosting.Lifetime|Now listening on: https://localhost:5001
2021-03-07 18:23:09.4974|INFO|Microsoft.Hosting.Lifetime|Now listening on: http://localhost:5000
2021-03-07 18:23:09.5101|INFO|Microsoft.Hosting.Lifetime|Application started. Press Ctrl+C to shut down.
2021-03-07 18:23:09.5226|INFO|Microsoft.Hosting.Lifetime|Hosting environment: Development
2021-03-07 18:23:09.5226|INFO|Microsoft.Hosting.Lifetime|Content root path: C:\Users\fatih\source\repos\zepllin\zepllin
2021-03-07 18:43:40.6064|INFO|Microsoft.Hosting.Lifetime|Now listening on: https://localhost:5001
2021-03-07 18:43:40.6493|INFO|Microsoft.Hosting.Lifetime|Now listening on: http://localhost:5000
2021-03-07 18:43:40.6644|INFO|Microsoft.Hosting.Lifetime|Application started. Press Ctrl+C to shut down.
2021-03-07 18:43:40.6792|INFO|Microsoft.Hosting.Lifetime|Hosting environment: Development
2021-03-07 18:43:40.7021|INFO|Microsoft.Hosting.Lifetime|Content root path: C:\Users\fatih\source\repos\zepllin\zepllin
2021-03-07 18:44:44.6005|INFO|Microsoft.Hosting.Lifetime|Now listening on: https://localhost:5001
2021-03-07 18:44:44.6469|INFO|Microsoft.Hosting.Lifetime|Now listening on: http://localhost:5000
2021-03-07 18:44:44.6625|INFO|Microsoft.Hosting.Lifetime|Application started. Press Ctrl+C to shut down.
2021-03-07 18:44:44.6823|INFO|Microsoft.Hosting.Lifetime|Hosting environment: Development
2021-03-07 18:44:44.7003|INFO|Microsoft.Hosting.Lifetime|Content root path: C:\Users\fatih\source\repos\zepllin\zepllin
2021-03-07 18:46:48.8437|INFO|Microsoft.Hosting.Lifetime|Now listening on: https://localhost:5001
2021-03-07 18:46:48.8897|INFO|Microsoft.Hosting.Lifetime|Now listening on: http://localhost:5000
2021-03-07 18:46:48.9007|INFO|Microsoft.Hosting.Lifetime|Application started. Press Ctrl+C to shut down.
2021-03-07 18:46:48.9149|INFO|Microsoft.Hosting.Lifetime|Hosting environment: Development
2021-03-07 18:46:48.9314|INFO|Microsoft.Hosting.Lifetime|Content root path: C:\Users\fatih\source\repos\zepllin\zepllin
2021-03-07 18:47:11.3501|INFO|Microsoft.Hosting.Lifetime|Now listening on: https://localhost:5001
2021-03-07 18:47:11.3985|INFO|Microsoft.Hosting.Lifetime|Now listening on: http://localhost:5000
2021-03-07 18:47:11.4110|INFO|Microsoft.Hosting.Lifetime|Application started. Press Ctrl+C to shut down.
2021-03-07 18:47:11.4110|INFO|Microsoft.Hosting.Lifetime|Hosting environment: Development
2021-03-07 18:47:11.4388|INFO|Microsoft.Hosting.Lifetime|Content root path: C:\Users\fatih\source\repos\zepllin\zepllin
2021-03-07 18:49:41.0487|INFO|Microsoft.Hosting.Lifetime|Now listening on: https://localhost:5001
2021-03-07 18:49:41.1149|INFO|Microsoft.Hosting.Lifetime|Now listening on: http://localhost:5000
2021-03-07 18:49:41.1316|INFO|Microsoft.Hosting.Lifetime|Application started. Press Ctrl+C to shut down.
2021-03-07 18:49:41.1453|INFO|Microsoft.Hosting.Lifetime|Hosting environment: Development
2021-03-07 18:49:41.1668|INFO|Microsoft.Hosting.Lifetime|Content root path: C:\Users\fatih\source\repos\zepllin\zepllin
2021-03-07 18:53:28.5285|INFO|Microsoft.Hosting.Lifetime|Now listening on: https://localhost:5001
2021-03-07 18:53:28.5941|INFO|Microsoft.Hosting.Lifetime|Now listening on: http://localhost:5000
2021-03-07 18:53:28.6066|INFO|Microsoft.Hosting.Lifetime|Application started. Press Ctrl+C to shut down.
2021-03-07 18:53:28.6209|INFO|Microsoft.Hosting.Lifetime|Hosting environment: Development
2021-03-07 18:53:28.6350|INFO|Microsoft.Hosting.Lifetime|Content root path: C:\Users\fatih\source\repos\zepllin\zepllin
2021-03-07 18:55:36.8273|INFO|Microsoft.Hosting.Lifetime|Now listening on: https://localhost:5001
2021-03-07 18:55:36.8940|INFO|Microsoft.Hosting.Lifetime|Now listening on: http://localhost:5000
2021-03-07 18:55:36.9087|INFO|Microsoft.Hosting.Lifetime|Application started. Press Ctrl+C to shut down.
2021-03-07 18:55:36.9276|INFO|Microsoft.Hosting.Lifetime|Hosting environment: Development
2021-03-07 18:55:36.9276|INFO|Microsoft.Hosting.Lifetime|Content root path: C:\Users\fatih\source\repos\zepllin\zepllin
2021-03-07 18:56:54.7676|INFO|Microsoft.Hosting.Lifetime|Now listening on: https://localhost:5001
2021-03-07 18:56:54.8290|INFO|Microsoft.Hosting.Lifetime|Now listening on: http://localhost:5000
2021-03-07 18:56:54.8402|INFO|Microsoft.Hosting.Lifetime|Application started. Press Ctrl+C to shut down.
2021-03-07 18:56:54.8561|INFO|Microsoft.Hosting.Lifetime|Hosting environment: Development
2021-03-07 18:56:54.8726|INFO|Microsoft.Hosting.Lifetime|Content root path: C:\Users\fatih\source\repos\zepllin\zepllin
2021-03-07 18:58:00.6555|INFO|Microsoft.Hosting.Lifetime|Now listening on: https://localhost:5001
2021-03-07 18:58:00.7014|INFO|Microsoft.Hosting.Lifetime|Now listening on: http://localhost:5000
2021-03-07 18:58:00.7149|INFO|Microsoft.Hosting.Lifetime|Application started. Press Ctrl+C to shut down.
2021-03-07 18:58:00.7293|INFO|Microsoft.Hosting.Lifetime|Hosting environment: Development
2021-03-07 18:58:00.7434|INFO|Microsoft.Hosting.Lifetime|Content root path: C:\Users\fatih\source\repos\zepllin\zepllin
2021-03-07 19:00:42.4496|INFO|Microsoft.Hosting.Lifetime|Now listening on: https://localhost:5001
2021-03-07 19:00:42.4923|INFO|Microsoft.Hosting.Lifetime|Now listening on: http://localhost:5000
2021-03-07 19:00:42.4923|INFO|Microsoft.Hosting.Lifetime|Application started. Press Ctrl+C to shut down.
2021-03-07 19:00:42.5194|INFO|Microsoft.Hosting.Lifetime|Hosting environment: Development
2021-03-07 19:00:42.5348|INFO|Microsoft.Hosting.Lifetime|Content root path: C:\Users\fatih\source\repos\zepllin\zepllin
2021-03-07 19:01:57.6021|INFO|Microsoft.Hosting.Lifetime|Now listening on: https://localhost:5001
2021-03-07 19:01:57.6467|INFO|Microsoft.Hosting.Lifetime|Now listening on: http://localhost:5000
2021-03-07 19:01:57.6467|INFO|Microsoft.Hosting.Lifetime|Application started. Press Ctrl+C to shut down.
2021-03-07 19:01:57.6714|INFO|Microsoft.Hosting.Lifetime|Hosting environment: Development
2021-03-07 19:01:57.6856|INFO|Microsoft.Hosting.Lifetime|Content root path: C:\Users\fatih\source\repos\zepllin\zepllin
2021-03-07 19:03:34.1203|INFO|Microsoft.Hosting.Lifetime|Now listening on: https://localhost:5001
2021-03-07 19:03:34.1665|INFO|Microsoft.Hosting.Lifetime|Now listening on: http://localhost:5000
2021-03-07 19:03:34.1826|INFO|Microsoft.Hosting.Lifetime|Application started. Press Ctrl+C to shut down.
2021-03-07 19:03:34.1967|INFO|Microsoft.Hosting.Lifetime|Hosting environment: Development
2021-03-07 19:03:34.2113|INFO|Microsoft.Hosting.Lifetime|Content root path: C:\Users\fatih\source\repos\zepllin\zepllin
2021-03-07 19:04:19.1449|INFO|Microsoft.Hosting.Lifetime|Now listening on: https://localhost:5001
2021-03-07 19:04:19.1910|INFO|Microsoft.Hosting.Lifetime|Now listening on: http://localhost:5000
2021-03-07 19:04:19.2031|INFO|Microsoft.Hosting.Lifetime|Application started. Press Ctrl+C to shut down.
2021-03-07 19:04:19.2180|INFO|Microsoft.Hosting.Lifetime|Hosting environment: Development
2021-03-07 19:04:19.2337|INFO|Microsoft.Hosting.Lifetime|Content root path: C:\Users\fatih\source\repos\zepllin\zepllin
2021-03-07 19:05:58.2652|INFO|Microsoft.Hosting.Lifetime|Now listening on: https://localhost:5001
2021-03-07 19:05:58.3097|INFO|Microsoft.Hosting.Lifetime|Now listening on: http://localhost:5000
2021-03-07 19:05:58.3218|INFO|Microsoft.Hosting.Lifetime|Application started. Press Ctrl+C to shut down.
2021-03-07 19:05:58.3339|INFO|Microsoft.Hosting.Lifetime|Hosting environment: Development
2021-03-07 19:05:58.3492|INFO|Microsoft.Hosting.Lifetime|Content root path: C:\Users\fatih\source\repos\zepllin\zepllin
2021-03-07 19:06:34.3594|INFO|Microsoft.Hosting.Lifetime|Now listening on: https://localhost:5001
2021-03-07 19:06:34.4290|INFO|Microsoft.Hosting.Lifetime|Now listening on: http://localhost:5000
2021-03-07 19:06:34.4436|INFO|Microsoft.Hosting.Lifetime|Application started. Press Ctrl+C to shut down.
2021-03-07 19:06:34.4611|INFO|Microsoft.Hosting.Lifetime|Hosting environment: Development
2021-03-07 19:06:34.4743|INFO|Microsoft.Hosting.Lifetime|Content root path: C:\Users\fatih\source\repos\zepllin\zepllin
2021-03-07 19:07:48.9795|INFO|Microsoft.Hosting.Lifetime|Now listening on: https://localhost:5001
2021-03-07 19:07:49.0624|INFO|Microsoft.Hosting.Lifetime|Now listening on: http://localhost:5000
2021-03-07 19:07:49.0779|INFO|Microsoft.Hosting.Lifetime|Application started. Press Ctrl+C to shut down.
2021-03-07 19:07:49.0970|INFO|Microsoft.Hosting.Lifetime|Hosting environment: Development
2021-03-07 19:07:49.1195|INFO|Microsoft.Hosting.Lifetime|Content root path: C:\Users\fatih\source\repos\zepllin\zepllin
2021-03-07 19:08:23.7800|INFO|Microsoft.Hosting.Lifetime|Now listening on: https://localhost:5001
2021-03-07 19:08:23.8267|INFO|Microsoft.Hosting.Lifetime|Now listening on: http://localhost:5000
2021-03-07 19:08:23.8388|INFO|Microsoft.Hosting.Lifetime|Application started. Press Ctrl+C to shut down.
2021-03-07 19:08:23.8524|INFO|Microsoft.Hosting.Lifetime|Hosting environment: Development
2021-03-07 19:08:23.8771|INFO|Microsoft.Hosting.Lifetime|Content root path: C:\Users\fatih\source\repos\zepllin\zepllin
2021-03-07 19:08:36.1704|INFO|Microsoft.Hosting.Lifetime|Now listening on: https://localhost:5001
2021-03-07 19:08:36.2349|INFO|Microsoft.Hosting.Lifetime|Now listening on: http://localhost:5000
2021-03-07 19:08:36.2534|INFO|Microsoft.Hosting.Lifetime|Application started. Press Ctrl+C to shut down.
2021-03-07 19:08:36.2665|INFO|Microsoft.Hosting.Lifetime|Hosting environment: Development
2021-03-07 19:08:36.2846|INFO|Microsoft.Hosting.Lifetime|Content root path: C:\Users\fatih\source\repos\zepllin\zepllin
2021-03-07 19:09:03.1944|INFO|Microsoft.Hosting.Lifetime|Now listening on: https://localhost:5001
2021-03-07 19:09:03.2744|INFO|Microsoft.Hosting.Lifetime|Now listening on: http://localhost:5000
2021-03-07 19:09:03.2908|INFO|Microsoft.Hosting.Lifetime|Application started. Press Ctrl+C to shut down.
2021-03-07 19:09:03.3121|INFO|Microsoft.Hosting.Lifetime|Hosting environment: Development
2021-03-07 19:09:03.3288|INFO|Microsoft.Hosting.Lifetime|Content root path: C:\Users\fatih\source\repos\zepllin\zepllin
2021-03-07 19:12:02.4410|INFO|Microsoft.Hosting.Lifetime|Now listening on: https://localhost:5001
2021-03-07 19:12:02.5087|INFO|Microsoft.Hosting.Lifetime|Now listening on: http://localhost:5000
2021-03-07 19:12:02.5272|INFO|Microsoft.Hosting.Lifetime|Application started. Press Ctrl+C to shut down.
2021-03-07 19:12:02.5490|INFO|Microsoft.Hosting.Lifetime|Hosting environment: Development
2021-03-07 19:12:02.5675|INFO|Microsoft.Hosting.Lifetime|Content root path: C:\Users\fatih\source\repos\zepllin\zepllin
2021-03-07 19:13:35.4081|INFO|Microsoft.Hosting.Lifetime|Now listening on: https://localhost:5001
2021-03-07 19:13:35.4554|INFO|Microsoft.Hosting.Lifetime|Now listening on: http://localhost:5000
2021-03-07 19:13:35.4690|INFO|Microsoft.Hosting.Lifetime|Application started. Press Ctrl+C to shut down.
2021-03-07 19:13:35.4826|INFO|Microsoft.Hosting.Lifetime|Hosting environment: Development
2021-03-07 19:13:35.4978|INFO|Microsoft.Hosting.Lifetime|Content root path: C:\Users\fatih\source\repos\zepllin\zepllin
2021-03-07 19:15:00.6852|INFO|Microsoft.Hosting.Lifetime|Now listening on: https://localhost:5001
2021-03-07 19:15:00.7512|INFO|Microsoft.Hosting.Lifetime|Now listening on: http://localhost:5000
2021-03-07 19:15:00.7667|INFO|Microsoft.Hosting.Lifetime|Application started. Press Ctrl+C to shut down.
2021-03-07 19:15:00.7883|INFO|Microsoft.Hosting.Lifetime|Hosting environment: Development
2021-03-07 19:15:00.8034|INFO|Microsoft.Hosting.Lifetime|Content root path: C:\Users\fatih\source\repos\zepllin\zepllin
2021-03-07 19:16:04.9382|INFO|Microsoft.Hosting.Lifetime|Now listening on: https://localhost:5001
2021-03-07 19:16:05.0135|INFO|Microsoft.Hosting.Lifetime|Now listening on: http://localhost:5000
2021-03-07 19:16:05.0474|INFO|Microsoft.Hosting.Lifetime|Application started. Press Ctrl+C to shut down.
2021-03-07 19:16:05.0776|INFO|Microsoft.Hosting.Lifetime|Hosting environment: Development
2021-03-07 19:16:05.0952|INFO|Microsoft.Hosting.Lifetime|Content root path: C:\Users\fatih\source\repos\zepllin\zepllin
2021-03-07 20:19:05.2151|INFO|Microsoft.Hosting.Lifetime|Now listening on: https://localhost:5001
2021-03-07 20:19:05.3618|INFO|Microsoft.Hosting.Lifetime|Now listening on: http://localhost:5000
2021-03-07 20:19:05.3770|INFO|Microsoft.Hosting.Lifetime|Application started. Press Ctrl+C to shut down.
2021-03-07 20:19:05.3960|INFO|Microsoft.Hosting.Lifetime|Hosting environment: Development
2021-03-07 20:19:05.4138|INFO|Microsoft.Hosting.Lifetime|Content root path: C:\Users\fatih\source\repos\zepllin\zepllin
2021-03-07 20:19:27.2451|ERROR|Microsoft.AspNetCore.Diagnostics.ExceptionHandlerMiddleware|An unhandled exception has occurred while executing the request.
2021-03-07 20:19:27.2865|WARN|Microsoft.AspNetCore.Diagnostics.ExceptionHandlerMiddleware|No exception handler was found, rethrowing original exception.
2021-03-07 20:19:27.3227|ERROR|Microsoft.AspNetCore.Server.Kestrel|Connection id "0HM71HKE54ECM", Request id "0HM71HKE54ECM:0000004F": An unhandled exception was thrown by the application.
2021-03-07 20:19:38.2311|ERROR|Microsoft.AspNetCore.Diagnostics.ExceptionHandlerMiddleware|An unhandled exception has occurred while executing the request.
2021-03-07 20:19:38.2561|WARN|Microsoft.AspNetCore.Diagnostics.ExceptionHandlerMiddleware|No exception handler was found, rethrowing original exception.
2021-03-07 20:19:38.2844|ERROR|Microsoft.AspNetCore.Server.Kestrel|Connection id "0HM71HKE54ECM", Request id "0HM71HKE54ECM:000000B5": An unhandled exception was thrown by the application.
2021-03-07 20:21:12.5213|INFO|Microsoft.Hosting.Lifetime|Now listening on: https://localhost:5001
2021-03-07 20:21:12.5856|INFO|Microsoft.Hosting.Lifetime|Now listening on: http://localhost:5000
2021-03-07 20:21:12.6020|INFO|Microsoft.Hosting.Lifetime|Application started. Press Ctrl+C to shut down.
2021-03-07 20:21:12.6204|INFO|Microsoft.Hosting.Lifetime|Hosting environment: Development
2021-03-07 20:21:12.6341|INFO|Microsoft.Hosting.Lifetime|Content root path: C:\Users\fatih\source\repos\zepllin\zepllin
2021-03-07 20:22:38.2442|INFO|Microsoft.Hosting.Lifetime|Now listening on: https://localhost:5001
2021-03-07 20:22:38.3190|INFO|Microsoft.Hosting.Lifetime|Now listening on: http://localhost:5000
2021-03-07 20:22:38.3413|INFO|Microsoft.Hosting.Lifetime|Application started. Press Ctrl+C to shut down.
2021-03-07 20:22:38.3599|INFO|Microsoft.Hosting.Lifetime|Hosting environment: Development
2021-03-07 20:22:38.3815|INFO|Microsoft.Hosting.Lifetime|Content root path: C:\Users\fatih\source\repos\zepllin\zepllin
2021-03-07 20:25:17.6817|INFO|Microsoft.Hosting.Lifetime|Now listening on: https://localhost:5001
2021-03-07 20:25:17.7785|INFO|Microsoft.Hosting.Lifetime|Now listening on: http://localhost:5000
2021-03-07 20:25:17.8168|INFO|Microsoft.Hosting.Lifetime|Application started. Press Ctrl+C to shut down.
2021-03-07 20:25:17.8362|INFO|Microsoft.Hosting.Lifetime|Hosting environment: Development
2021-03-07 20:25:17.8509|INFO|Microsoft.Hosting.Lifetime|Content root path: C:\Users\fatih\source\repos\zepllin\zepllin
2021-03-07 20:35:19.5820|INFO|Microsoft.Hosting.Lifetime|Now listening on: https://localhost:5001
2021-03-07 20:35:19.6480|INFO|Microsoft.Hosting.Lifetime|Now listening on: http://localhost:5000
2021-03-07 20:35:19.6659|INFO|Microsoft.Hosting.Lifetime|Application started. Press Ctrl+C to shut down.
2021-03-07 20:35:19.6862|INFO|Microsoft.Hosting.Lifetime|Hosting environment: Development
2021-03-07 20:35:19.6994|INFO|Microsoft.Hosting.Lifetime|Content root path: C:\Users\fatih\source\repos\zepllin\zepllin
2021-03-07 20:36:43.4573|INFO|Microsoft.Hosting.Lifetime|Now listening on: https://localhost:5001
2021-03-07 20:36:43.5348|INFO|Microsoft.Hosting.Lifetime|Now listening on: http://localhost:5000
2021-03-07 20:36:43.5520|INFO|Microsoft.Hosting.Lifetime|Application started. Press Ctrl+C to shut down.
2021-03-07 20:36:43.5668|INFO|Microsoft.Hosting.Lifetime|Hosting environment: Development
2021-03-07 20:36:43.5855|INFO|Microsoft.Hosting.Lifetime|Content root path: C:\Users\fatih\source\repos\zepllin\zepllin
2021-03-07 20:39:58.0527|INFO|Microsoft.Hosting.Lifetime|Now listening on: https://localhost:5001
2021-03-07 20:39:58.1120|INFO|Microsoft.Hosting.Lifetime|Now listening on: http://localhost:5000
2021-03-07 20:39:58.1261|INFO|Microsoft.Hosting.Lifetime|Application started. Press Ctrl+C to shut down.
2021-03-07 20:39:58.1445|INFO|Microsoft.Hosting.Lifetime|Hosting environment: Development
2021-03-07 20:39:58.1445|INFO|Microsoft.Hosting.Lifetime|Content root path: C:\Users\fatih\source\repos\zepllin\zepllin
2021-03-07 20:41:56.8532|INFO|Microsoft.Hosting.Lifetime|Now listening on: https://localhost:5001
2021-03-07 20:41:56.9225|INFO|Microsoft.Hosting.Lifetime|Now listening on: http://localhost:5000
2021-03-07 20:41:56.9380|INFO|Microsoft.Hosting.Lifetime|Application started. Press Ctrl+C to shut down.
2021-03-07 20:41:56.9573|INFO|Microsoft.Hosting.Lifetime|Hosting environment: Development
2021-03-07 20:41:56.9573|INFO|Microsoft.Hosting.Lifetime|Content root path: C:\Users\fatih\source\repos\zepllin\zepllin
2021-03-07 20:43:38.3605|INFO|Microsoft.Hosting.Lifetime|Now listening on: https://localhost:5001
2021-03-07 20:43:38.4262|INFO|Microsoft.Hosting.Lifetime|Now listening on: http://localhost:5000
2021-03-07 20:43:38.4412|INFO|Microsoft.Hosting.Lifetime|Application started. Press Ctrl+C to shut down.
2021-03-07 20:43:38.4412|INFO|Microsoft.Hosting.Lifetime|Hosting environment: Development
2021-03-07 20:43:38.4692|INFO|Microsoft.Hosting.Lifetime|Content root path: C:\Users\fatih\source\repos\zepllin\zepllin
2021-03-07 20:46:35.3423|INFO|Microsoft.Hosting.Lifetime|Now listening on: https://localhost:5001
2021-03-07 20:46:35.4479|INFO|Microsoft.Hosting.Lifetime|Now listening on: http://localhost:5000
2021-03-07 20:46:35.4630|INFO|Microsoft.Hosting.Lifetime|Application started. Press Ctrl+C to shut down.
2021-03-07 20:46:35.4795|INFO|Microsoft.Hosting.Lifetime|Hosting environment: Development
2021-03-07 20:46:35.4995|INFO|Microsoft.Hosting.Lifetime|Content root path: C:\Users\fatih\source\repos\zepllin\zepllin
2021-03-07 20:47:26.3083|INFO|Microsoft.Hosting.Lifetime|Now listening on: https://localhost:5001
2021-03-07 20:47:26.3735|INFO|Microsoft.Hosting.Lifetime|Now listening on: http://localhost:5000
2021-03-07 20:47:26.3924|INFO|Microsoft.Hosting.Lifetime|Application started. Press Ctrl+C to shut down.
2021-03-07 20:47:26.4115|INFO|Microsoft.Hosting.Lifetime|Hosting environment: Development
2021-03-07 20:47:26.4115|INFO|Microsoft.Hosting.Lifetime|Content root path: C:\Users\fatih\source\repos\zepllin\zepllin
2021-03-07 20:47:55.7272|INFO|Microsoft.Hosting.Lifetime|Now listening on: https://localhost:5001
2021-03-07 20:47:55.8110|INFO|Microsoft.Hosting.Lifetime|Now listening on: http://localhost:5000
2021-03-07 20:47:55.8281|INFO|Microsoft.Hosting.Lifetime|Application started. Press Ctrl+C to shut down.
2021-03-07 20:47:55.8484|INFO|Microsoft.Hosting.Lifetime|Hosting environment: Development
2021-03-07 20:47:55.8634|INFO|Microsoft.Hosting.Lifetime|Content root path: C:\Users\fatih\source\repos\zepllin\zepllin
2021-03-07 20:48:42.5185|INFO|Microsoft.Hosting.Lifetime|Now listening on: https://localhost:5001
2021-03-07 20:48:42.5837|INFO|Microsoft.Hosting.Lifetime|Now listening on: http://localhost:5000
2021-03-07 20:48:42.5981|INFO|Microsoft.Hosting.Lifetime|Application started. Press Ctrl+C to shut down.
2021-03-07 20:48:42.6189|INFO|Microsoft.Hosting.Lifetime|Hosting environment: Development
2021-03-07 20:48:42.6352|INFO|Microsoft.Hosting.Lifetime|Content root path: C:\Users\fatih\source\repos\zepllin\zepllin
2021-03-07 20:50:34.4603|INFO|Microsoft.Hosting.Lifetime|Now listening on: https://localhost:5001
2021-03-07 20:50:34.5199|INFO|Microsoft.Hosting.Lifetime|Now listening on: http://localhost:5000
2021-03-07 20:50:34.5369|INFO|Microsoft.Hosting.Lifetime|Application started. Press Ctrl+C to shut down.
2021-03-07 20:50:34.5516|INFO|Microsoft.Hosting.Lifetime|Hosting environment: Development
2021-03-07 20:50:34.5660|INFO|Microsoft.Hosting.Lifetime|Content root path: C:\Users\fatih\source\repos\zepllin\zepllin
2021-03-07 20:51:24.8551|INFO|Microsoft.Hosting.Lifetime|Now listening on: https://localhost:5001
2021-03-07 20:51:24.9463|INFO|Microsoft.Hosting.Lifetime|Now listening on: http://localhost:5000
2021-03-07 20:51:24.9715|INFO|Microsoft.Hosting.Lifetime|Application started. Press Ctrl+C to shut down.
2021-03-07 20:51:24.9866|INFO|Microsoft.Hosting.Lifetime|Hosting environment: Development
2021-03-07 20:51:25.0027|INFO|Microsoft.Hosting.Lifetime|Content root path: C:\Users\fatih\source\repos\zepllin\zepllin
2021-03-07 20:52:50.6592|INFO|Microsoft.Hosting.Lifetime|Now listening on: https://localhost:5001
2021-03-07 20:52:50.7192|INFO|Microsoft.Hosting.Lifetime|Now listening on: http://localhost:5000
2021-03-07 20:52:50.7359|INFO|Microsoft.Hosting.Lifetime|Application started. Press Ctrl+C to shut down.
2021-03-07 20:52:50.7515|INFO|Microsoft.Hosting.Lifetime|Hosting environment: Development
2021-03-07 20:52:50.7663|INFO|Microsoft.Hosting.Lifetime|Content root path: C:\Users\fatih\source\repos\zepllin\zepllin
2021-03-07 20:54:40.6466|INFO|Microsoft.Hosting.Lifetime|Now listening on: https://localhost:5001
2021-03-07 20:54:40.7223|INFO|Microsoft.Hosting.Lifetime|Now listening on: http://localhost:5000
2021-03-07 20:54:40.7223|INFO|Microsoft.Hosting.Lifetime|Application started. Press Ctrl+C to shut down.
2021-03-07 20:54:40.7493|INFO|Microsoft.Hosting.Lifetime|Hosting environment: Development
2021-03-07 20:54:40.7639|INFO|Microsoft.Hosting.Lifetime|Content root path: C:\Users\fatih\source\repos\zepllin\zepllin
2021-03-07 20:55:42.8617|INFO|Microsoft.Hosting.Lifetime|Now listening on: https://localhost:5001
2021-03-07 20:55:42.9251|INFO|Microsoft.Hosting.Lifetime|Now listening on: http://localhost:5000
2021-03-07 20:55:42.9251|INFO|Microsoft.Hosting.Lifetime|Application started. Press Ctrl+C to shut down.
2021-03-07 20:55:42.9572|INFO|Microsoft.Hosting.Lifetime|Hosting environment: Development
2021-03-07 20:55:42.9572|INFO|Microsoft.Hosting.Lifetime|Content root path: C:\Users\fatih\source\repos\zepllin\zepllin
2021-03-07 20:56:34.4271|INFO|Microsoft.Hosting.Lifetime|Now listening on: https://localhost:5001
2021-03-07 20:56:34.4750|INFO|Microsoft.Hosting.Lifetime|Now listening on: http://localhost:5000
2021-03-07 20:56:34.4750|INFO|Microsoft.Hosting.Lifetime|Application started. Press Ctrl+C to shut down.
2021-03-07 20:56:34.5009|INFO|Microsoft.Hosting.Lifetime|Hosting environment: Development
2021-03-07 20:56:34.5147|INFO|Microsoft.Hosting.Lifetime|Content root path: C:\Users\fatih\source\repos\zepllin\zepllin
2021-03-07 20:57:17.9473|INFO|Microsoft.Hosting.Lifetime|Now listening on: https://localhost:5001
2021-03-07 20:57:18.0177|INFO|Microsoft.Hosting.Lifetime|Now listening on: http://localhost:5000
2021-03-07 20:57:18.0497|INFO|Microsoft.Hosting.Lifetime|Application started. Press Ctrl+C to shut down.
2021-03-07 20:57:18.0656|INFO|Microsoft.Hosting.Lifetime|Hosting environment: Development
2021-03-07 20:57:18.0850|INFO|Microsoft.Hosting.Lifetime|Content root path: C:\Users\fatih\source\repos\zepllin\zepllin
2021-03-07 21:02:32.2763|INFO|Microsoft.Hosting.Lifetime|Now listening on: https://localhost:5001
2021-03-07 21:02:32.4522|INFO|Microsoft.Hosting.Lifetime|Now listening on: http://localhost:5000
2021-03-07 21:02:32.4729|INFO|Microsoft.Hosting.Lifetime|Application started. Press Ctrl+C to shut down.
2021-03-07 21:02:32.4907|INFO|Microsoft.Hosting.Lifetime|Hosting environment: Development
2021-03-07 21:02:32.5091|INFO|Microsoft.Hosting.Lifetime|Content root path: C:\Users\fatih\source\repos\zepllin\zepllin
2021-03-07 21:03:45.0388|INFO|Microsoft.Hosting.Lifetime|Now listening on: https://localhost:5001
2021-03-07 21:03:45.1201|INFO|Microsoft.Hosting.Lifetime|Now listening on: http://localhost:5000
2021-03-07 21:03:45.1357|INFO|Microsoft.Hosting.Lifetime|Application started. Press Ctrl+C to shut down.
2021-03-07 21:03:45.1495|INFO|Microsoft.Hosting.Lifetime|Hosting environment: Development
2021-03-07 21:03:45.1806|INFO|Microsoft.Hosting.Lifetime|Content root path: C:\Users\fatih\source\repos\zepllin\zepllin
2021-03-07 21:04:57.3170|INFO|Microsoft.Hosting.Lifetime|Now listening on: https://localhost:5001
2021-03-07 21:04:57.3867|INFO|Microsoft.Hosting.Lifetime|Now listening on: http://localhost:5000
2021-03-07 21:04:57.4031|INFO|Microsoft.Hosting.Lifetime|Application started. Press Ctrl+C to shut down.
2021-03-07 21:04:57.4207|INFO|Microsoft.Hosting.Lifetime|Hosting environment: Development
2021-03-07 21:04:57.4353|INFO|Microsoft.Hosting.Lifetime|Content root path: C:\Users\fatih\source\repos\zepllin\zepllin
2021-03-07 21:06:06.0441|INFO|Microsoft.Hosting.Lifetime|Now listening on: https://localhost:5001
2021-03-07 21:06:06.1396|INFO|Microsoft.Hosting.Lifetime|Now listening on: http://localhost:5000
2021-03-07 21:06:06.1553|INFO|Microsoft.Hosting.Lifetime|Application started. Press Ctrl+C to shut down.
2021-03-07 21:06:06.1694|INFO|Microsoft.Hosting.Lifetime|Hosting environment: Development
2021-03-07 21:06:06.1835|INFO|Microsoft.Hosting.Lifetime|Content root path: C:\Users\fatih\source\repos\zepllin\zepllin
2021-03-07 21:06:46.5227|INFO|Microsoft.Hosting.Lifetime|Now listening on: https://localhost:5001
2021-03-07 21:06:46.5827|INFO|Microsoft.Hosting.Lifetime|Now listening on: http://localhost:5000
2021-03-07 21:06:46.5971|INFO|Microsoft.Hosting.Lifetime|Application started. Press Ctrl+C to shut down.
2021-03-07 21:06:46.5971|INFO|Microsoft.Hosting.Lifetime|Hosting environment: Development
2021-03-07 21:06:46.6243|INFO|Microsoft.Hosting.Lifetime|Content root path: C:\Users\fatih\source\repos\zepllin\zepllin
2021-03-07 21:07:28.0289|INFO|Microsoft.Hosting.Lifetime|Now listening on: https://localhost:5001
2021-03-07 21:07:28.0966|INFO|Microsoft.Hosting.Lifetime|Now listening on: http://localhost:5000
2021-03-07 21:07:28.1129|INFO|Microsoft.Hosting.Lifetime|Application started. Press Ctrl+C to shut down.
2021-03-07 21:07:28.1319|INFO|Microsoft.Hosting.Lifetime|Hosting environment: Development
2021-03-07 21:07:28.1467|INFO|Microsoft.Hosting.Lifetime|Content root path: C:\Users\fatih\source\repos\zepllin\zepllin
2021-03-07 21:08:04.7363|INFO|Microsoft.Hosting.Lifetime|Now listening on: https://localhost:5001
2021-03-07 21:08:04.8078|INFO|Microsoft.Hosting.Lifetime|Now listening on: http://localhost:5000
2021-03-07 21:08:04.8237|INFO|Microsoft.Hosting.Lifetime|Application started. Press Ctrl+C to shut down.
2021-03-07 21:08:04.8427|INFO|Microsoft.Hosting.Lifetime|Hosting environment: Development
2021-03-07 21:08:04.8572|INFO|Microsoft.Hosting.Lifetime|Content root path: C:\Users\fatih\source\repos\zepllin\zepllin
2021-03-07 21:08:39.7735|INFO|Microsoft.Hosting.Lifetime|Now listening on: https://localhost:5001
2021-03-07 21:08:39.8450|INFO|Microsoft.Hosting.Lifetime|Now listening on: http://localhost:5000
2021-03-07 21:08:39.8614|INFO|Microsoft.Hosting.Lifetime|Application started. Press Ctrl+C to shut down.
2021-03-07 21:08:39.8801|INFO|Microsoft.Hosting.Lifetime|Hosting environment: Development
2021-03-07 21:08:39.8948|INFO|Microsoft.Hosting.Lifetime|Content root path: C:\Users\fatih\source\repos\zepllin\zepllin
2021-03-07 21:09:57.3927|INFO|Microsoft.Hosting.Lifetime|Now listening on: https://localhost:5001
2021-03-07 21:09:57.4371|INFO|Microsoft.Hosting.Lifetime|Now listening on: http://localhost:5000
2021-03-07 21:09:57.4493|INFO|Microsoft.Hosting.Lifetime|Application started. Press Ctrl+C to shut down.
2021-03-07 21:09:57.4642|INFO|Microsoft.Hosting.Lifetime|Hosting environment: Development
2021-03-07 21:09:57.4802|INFO|Microsoft.Hosting.Lifetime|Content root path: C:\Users\fatih\source\repos\zepllin\zepllin
2021-03-07 21:11:48.7321|INFO|Microsoft.Hosting.Lifetime|Now listening on: https://localhost:5001
2021-03-07 21:11:48.7900|INFO|Microsoft.Hosting.Lifetime|Now listening on: http://localhost:5000
2021-03-07 21:11:48.8043|INFO|Microsoft.Hosting.Lifetime|Application started. Press Ctrl+C to shut down.
2021-03-07 21:11:48.8213|INFO|Microsoft.Hosting.Lifetime|Hosting environment: Development
2021-03-07 21:11:48.8349|INFO|Microsoft.Hosting.Lifetime|Content root path: C:\Users\fatih\source\repos\zepllin\zepllin
2021-03-07 21:12:20.0301|INFO|Microsoft.Hosting.Lifetime|Now listening on: https://localhost:5001
2021-03-07 21:12:20.1140|INFO|Microsoft.Hosting.Lifetime|Now listening on: http://localhost:5000
2021-03-07 21:12:20.1288|INFO|Microsoft.Hosting.Lifetime|Application started. Press Ctrl+C to shut down.
2021-03-07 21:12:20.1476|INFO|Microsoft.Hosting.Lifetime|Hosting environment: Development
2021-03-07 21:12:20.1608|INFO|Microsoft.Hosting.Lifetime|Content root path: C:\Users\fatih\source\repos\zepllin\zepllin
2021-03-07 21:12:53.6844|INFO|Microsoft.Hosting.Lifetime|Now listening on: https://localhost:5001
2021-03-07 21:12:53.7433|INFO|Microsoft.Hosting.Lifetime|Now listening on: http://localhost:5000
2021-03-07 21:12:53.7580|INFO|Microsoft.Hosting.Lifetime|Application started. Press Ctrl+C to shut down.
2021-03-07 21:12:53.7746|INFO|Microsoft.Hosting.Lifetime|Hosting environment: Development
2021-03-07 21:12:53.7881|INFO|Microsoft.Hosting.Lifetime|Content root path: C:\Users\fatih\source\repos\zepllin\zepllin
