2021-03-06 00:01:13.5114|INFO|Microsoft.Hosting.Lifetime|Now listening on: https://localhost:5001
2021-03-06 00:01:13.5519|INFO|Microsoft.Hosting.Lifetime|Now listening on: http://localhost:5000
2021-03-06 00:01:13.5689|INFO|Microsoft.Hosting.Lifetime|Application started. Press Ctrl+C to shut down.
2021-03-06 00:01:13.5832|INFO|Microsoft.Hosting.Lifetime|Hosting environment: Development
2021-03-06 00:01:13.5897|INFO|Microsoft.Hosting.Lifetime|Content root path: C:\Users\fatih\source\repos\zepllin\zepllin
2021-03-06 00:05:30.9777|INFO|Microsoft.Hosting.Lifetime|Now listening on: https://localhost:5001
2021-03-06 00:05:31.0170|INFO|Microsoft.Hosting.Lifetime|Now listening on: http://localhost:5000
2021-03-06 00:05:31.0332|INFO|Microsoft.Hosting.Lifetime|Application started. Press Ctrl+C to shut down.
2021-03-06 00:05:31.0332|INFO|Microsoft.Hosting.Lifetime|Hosting environment: Development
2021-03-06 00:05:31.0465|INFO|Microsoft.Hosting.Lifetime|Content root path: C:\Users\fatih\source\repos\zepllin\zepllin
2021-03-06 00:06:02.9763|INFO|Microsoft.Hosting.Lifetime|Now listening on: https://localhost:5001
2021-03-06 00:06:03.0153|INFO|Microsoft.Hosting.Lifetime|Now listening on: http://localhost:5000
2021-03-06 00:06:03.0258|INFO|Microsoft.Hosting.Lifetime|Application started. Press Ctrl+C to shut down.
2021-03-06 00:06:03.0258|INFO|Microsoft.Hosting.Lifetime|Hosting environment: Development
2021-03-06 00:06:03.0416|INFO|Microsoft.Hosting.Lifetime|Content root path: C:\Users\fatih\source\repos\zepllin\zepllin
2021-03-06 00:06:51.5626|INFO|Microsoft.Hosting.Lifetime|Now listening on: https://localhost:5001
2021-03-06 00:06:51.5992|INFO|Microsoft.Hosting.Lifetime|Now listening on: http://localhost:5000
2021-03-06 00:06:51.6086|INFO|Microsoft.Hosting.Lifetime|Application started. Press Ctrl+C to shut down.
2021-03-06 00:06:51.6086|INFO|Microsoft.Hosting.Lifetime|Hosting environment: Development
2021-03-06 00:06:51.6244|INFO|Microsoft.Hosting.Lifetime|Content root path: C:\Users\fatih\source\repos\zepllin\zepllin
2021-03-06 00:18:35.3141|INFO|Microsoft.Hosting.Lifetime|Now listening on: https://localhost:5001
2021-03-06 00:18:35.3640|INFO|Microsoft.Hosting.Lifetime|Now listening on: http://localhost:5000
2021-03-06 00:18:35.3806|INFO|Microsoft.Hosting.Lifetime|Application started. Press Ctrl+C to shut down.
2021-03-06 00:18:35.4062|INFO|Microsoft.Hosting.Lifetime|Hosting environment: Development
2021-03-06 00:18:35.4193|INFO|Microsoft.Hosting.Lifetime|Content root path: C:\Users\fatih\source\repos\zepllin\zepllin
2021-03-06 00:19:14.8720|INFO|Microsoft.Hosting.Lifetime|Now listening on: https://localhost:5001
2021-03-06 00:19:14.9118|INFO|Microsoft.Hosting.Lifetime|Now listening on: http://localhost:5000
2021-03-06 00:19:14.9213|INFO|Microsoft.Hosting.Lifetime|Application started. Press Ctrl+C to shut down.
2021-03-06 00:19:14.9213|INFO|Microsoft.Hosting.Lifetime|Hosting environment: Development
2021-03-06 00:19:14.9416|INFO|Microsoft.Hosting.Lifetime|Content root path: C:\Users\fatih\source\repos\zepllin\zepllin
2021-03-06 00:19:54.1956|INFO|Microsoft.Hosting.Lifetime|Now listening on: https://localhost:5001
2021-03-06 00:19:54.2368|INFO|Microsoft.Hosting.Lifetime|Now listening on: http://localhost:5000
2021-03-06 00:19:54.2484|INFO|Microsoft.Hosting.Lifetime|Application started. Press Ctrl+C to shut down.
2021-03-06 00:19:54.2484|INFO|Microsoft.Hosting.Lifetime|Hosting environment: Development
2021-03-06 00:19:54.2736|INFO|Microsoft.Hosting.Lifetime|Content root path: C:\Users\fatih\source\repos\zepllin\zepllin
2021-03-06 00:22:10.4580|INFO|Microsoft.Hosting.Lifetime|Now listening on: https://localhost:5001
2021-03-06 00:22:10.5168|INFO|Microsoft.Hosting.Lifetime|Now listening on: http://localhost:5000
2021-03-06 00:22:10.5333|INFO|Microsoft.Hosting.Lifetime|Application started. Press Ctrl+C to shut down.
2021-03-06 00:22:10.5494|INFO|Microsoft.Hosting.Lifetime|Hosting environment: Development
2021-03-06 00:22:10.5746|INFO|Microsoft.Hosting.Lifetime|Content root path: C:\Users\fatih\source\repos\zepllin\zepllin
2021-03-06 00:22:37.1013|INFO|Microsoft.Hosting.Lifetime|Now listening on: https://localhost:5001
2021-03-06 00:22:37.1376|INFO|Microsoft.Hosting.Lifetime|Now listening on: http://localhost:5000
2021-03-06 00:22:37.1376|INFO|Microsoft.Hosting.Lifetime|Application started. Press Ctrl+C to shut down.
2021-03-06 00:22:37.1556|INFO|Microsoft.Hosting.Lifetime|Hosting environment: Development
2021-03-06 00:22:37.1556|INFO|Microsoft.Hosting.Lifetime|Content root path: C:\Users\fatih\source\repos\zepllin\zepllin
2021-03-06 00:22:56.6645|INFO|Microsoft.Hosting.Lifetime|Now listening on: https://localhost:5001
2021-03-06 00:22:56.7029|INFO|Microsoft.Hosting.Lifetime|Now listening on: http://localhost:5000
2021-03-06 00:22:56.7133|INFO|Microsoft.Hosting.Lifetime|Application started. Press Ctrl+C to shut down.
2021-03-06 00:22:56.7133|INFO|Microsoft.Hosting.Lifetime|Hosting environment: Development
2021-03-06 00:22:56.7374|INFO|Microsoft.Hosting.Lifetime|Content root path: C:\Users\fatih\source\repos\zepllin\zepllin
2021-03-06 00:24:27.3026|INFO|Microsoft.Hosting.Lifetime|Now listening on: https://localhost:5001
2021-03-06 00:24:27.3420|INFO|Microsoft.Hosting.Lifetime|Now listening on: http://localhost:5000
2021-03-06 00:24:27.3420|INFO|Microsoft.Hosting.Lifetime|Application started. Press Ctrl+C to shut down.
2021-03-06 00:24:27.3636|INFO|Microsoft.Hosting.Lifetime|Hosting environment: Development
2021-03-06 00:24:27.3753|INFO|Microsoft.Hosting.Lifetime|Content root path: C:\Users\fatih\source\repos\zepllin\zepllin
2021-03-06 00:26:00.9070|INFO|Microsoft.Hosting.Lifetime|Now listening on: https://localhost:5001
2021-03-06 00:26:00.9454|INFO|Microsoft.Hosting.Lifetime|Now listening on: http://localhost:5000
2021-03-06 00:26:00.9551|INFO|Microsoft.Hosting.Lifetime|Application started. Press Ctrl+C to shut down.
2021-03-06 00:26:00.9669|INFO|Microsoft.Hosting.Lifetime|Hosting environment: Development
2021-03-06 00:26:00.9804|INFO|Microsoft.Hosting.Lifetime|Content root path: C:\Users\fatih\source\repos\zepllin\zepllin
2021-03-06 00:26:27.1714|INFO|Microsoft.Hosting.Lifetime|Now listening on: https://localhost:5001
2021-03-06 00:26:27.2087|INFO|Microsoft.Hosting.Lifetime|Now listening on: http://localhost:5000
2021-03-06 00:26:27.2179|INFO|Microsoft.Hosting.Lifetime|Application started. Press Ctrl+C to shut down.
2021-03-06 00:26:27.2294|INFO|Microsoft.Hosting.Lifetime|Hosting environment: Development
2021-03-06 00:26:27.2294|INFO|Microsoft.Hosting.Lifetime|Content root path: C:\Users\fatih\source\repos\zepllin\zepllin
2021-03-06 00:27:06.8509|INFO|Microsoft.Hosting.Lifetime|Now listening on: https://localhost:5001
2021-03-06 00:27:06.8885|INFO|Microsoft.Hosting.Lifetime|Now listening on: http://localhost:5000
2021-03-06 00:27:06.8885|INFO|Microsoft.Hosting.Lifetime|Application started. Press Ctrl+C to shut down.
2021-03-06 00:27:06.9111|INFO|Microsoft.Hosting.Lifetime|Hosting environment: Development
2021-03-06 00:27:06.9271|INFO|Microsoft.Hosting.Lifetime|Content root path: C:\Users\fatih\source\repos\zepllin\zepllin
2021-03-06 00:28:12.5531|INFO|Microsoft.Hosting.Lifetime|Now listening on: https://localhost:5001
2021-03-06 00:28:12.5936|INFO|Microsoft.Hosting.Lifetime|Now listening on: http://localhost:5000
2021-03-06 00:28:12.6037|INFO|Microsoft.Hosting.Lifetime|Application started. Press Ctrl+C to shut down.
2021-03-06 00:28:12.6037|INFO|Microsoft.Hosting.Lifetime|Hosting environment: Development
2021-03-06 00:28:12.6299|INFO|Microsoft.Hosting.Lifetime|Content root path: C:\Users\fatih\source\repos\zepllin\zepllin
2021-03-06 00:28:49.8690|INFO|Microsoft.Hosting.Lifetime|Now listening on: https://localhost:5001
2021-03-06 00:28:49.9071|INFO|Microsoft.Hosting.Lifetime|Now listening on: http://localhost:5000
2021-03-06 00:28:49.9164|INFO|Microsoft.Hosting.Lifetime|Application started. Press Ctrl+C to shut down.
2021-03-06 00:28:49.9164|INFO|Microsoft.Hosting.Lifetime|Hosting environment: Development
2021-03-06 00:28:49.9359|INFO|Microsoft.Hosting.Lifetime|Content root path: C:\Users\fatih\source\repos\zepllin\zepllin
2021-03-06 00:31:03.4144|INFO|Microsoft.Hosting.Lifetime|Now listening on: https://localhost:5001
2021-03-06 00:31:03.4512|INFO|Microsoft.Hosting.Lifetime|Now listening on: http://localhost:5000
2021-03-06 00:31:03.4512|INFO|Microsoft.Hosting.Lifetime|Application started. Press Ctrl+C to shut down.
2021-03-06 00:31:03.4730|INFO|Microsoft.Hosting.Lifetime|Hosting environment: Development
2021-03-06 00:31:03.4831|INFO|Microsoft.Hosting.Lifetime|Content root path: C:\Users\fatih\source\repos\zepllin\zepllin
2021-03-06 00:31:34.2627|INFO|Microsoft.Hosting.Lifetime|Now listening on: https://localhost:5001
2021-03-06 00:31:34.3018|INFO|Microsoft.Hosting.Lifetime|Now listening on: http://localhost:5000
2021-03-06 00:31:34.3113|INFO|Microsoft.Hosting.Lifetime|Application started. Press Ctrl+C to shut down.
2021-03-06 00:31:34.3242|INFO|Microsoft.Hosting.Lifetime|Hosting environment: Development
2021-03-06 00:31:34.3242|INFO|Microsoft.Hosting.Lifetime|Content root path: C:\Users\fatih\source\repos\zepllin\zepllin
2021-03-06 00:32:09.6555|INFO|Microsoft.Hosting.Lifetime|Now listening on: https://localhost:5001
2021-03-06 00:32:09.6962|INFO|Microsoft.Hosting.Lifetime|Now listening on: http://localhost:5000
2021-03-06 00:32:09.7094|INFO|Microsoft.Hosting.Lifetime|Application started. Press Ctrl+C to shut down.
2021-03-06 00:32:09.7239|INFO|Microsoft.Hosting.Lifetime|Hosting environment: Development
2021-03-06 00:32:09.7375|INFO|Microsoft.Hosting.Lifetime|Content root path: C:\Users\fatih\source\repos\zepllin\zepllin
2021-03-06 00:32:48.0248|INFO|Microsoft.Hosting.Lifetime|Now listening on: https://localhost:5001
2021-03-06 00:32:48.0697|INFO|Microsoft.Hosting.Lifetime|Now listening on: http://localhost:5000
2021-03-06 00:32:48.0819|INFO|Microsoft.Hosting.Lifetime|Application started. Press Ctrl+C to shut down.
2021-03-06 00:32:48.0960|INFO|Microsoft.Hosting.Lifetime|Hosting environment: Development
2021-03-06 00:32:48.1108|INFO|Microsoft.Hosting.Lifetime|Content root path: C:\Users\fatih\source\repos\zepllin\zepllin
2021-03-06 00:33:35.1288|INFO|Microsoft.Hosting.Lifetime|Now listening on: https://localhost:5001
2021-03-06 00:33:35.1694|INFO|Microsoft.Hosting.Lifetime|Now listening on: http://localhost:5000
2021-03-06 00:33:35.1694|INFO|Microsoft.Hosting.Lifetime|Application started. Press Ctrl+C to shut down.
2021-03-06 00:33:35.1944|INFO|Microsoft.Hosting.Lifetime|Hosting environment: Development
2021-03-06 00:33:35.2081|INFO|Microsoft.Hosting.Lifetime|Content root path: C:\Users\fatih\source\repos\zepllin\zepllin
2021-03-06 00:34:16.5910|INFO|Microsoft.Hosting.Lifetime|Now listening on: https://localhost:5001
2021-03-06 00:34:16.6297|INFO|Microsoft.Hosting.Lifetime|Now listening on: http://localhost:5000
2021-03-06 00:34:16.6418|INFO|Microsoft.Hosting.Lifetime|Application started. Press Ctrl+C to shut down.
2021-03-06 00:34:16.6549|INFO|Microsoft.Hosting.Lifetime|Hosting environment: Development
2021-03-06 00:34:16.6690|INFO|Microsoft.Hosting.Lifetime|Content root path: C:\Users\fatih\source\repos\zepllin\zepllin
2021-03-06 00:34:48.9956|INFO|Microsoft.Hosting.Lifetime|Now listening on: https://localhost:5001
2021-03-06 00:34:49.0357|INFO|Microsoft.Hosting.Lifetime|Now listening on: http://localhost:5000
2021-03-06 00:34:49.0456|INFO|Microsoft.Hosting.Lifetime|Application started. Press Ctrl+C to shut down.
2021-03-06 00:34:49.0584|INFO|Microsoft.Hosting.Lifetime|Hosting environment: Development
2021-03-06 00:34:49.0718|INFO|Microsoft.Hosting.Lifetime|Content root path: C:\Users\fatih\source\repos\zepllin\zepllin
2021-03-06 00:35:17.4588|INFO|Microsoft.Hosting.Lifetime|Now listening on: https://localhost:5001
2021-03-06 00:35:17.4994|INFO|Microsoft.Hosting.Lifetime|Now listening on: http://localhost:5000
2021-03-06 00:35:17.4994|INFO|Microsoft.Hosting.Lifetime|Application started. Press Ctrl+C to shut down.
2021-03-06 00:35:17.5234|INFO|Microsoft.Hosting.Lifetime|Hosting environment: Development
2021-03-06 00:35:17.5381|INFO|Microsoft.Hosting.Lifetime|Content root path: C:\Users\fatih\source\repos\zepllin\zepllin
2021-03-06 00:37:54.4029|INFO|Microsoft.Hosting.Lifetime|Now listening on: https://localhost:5001
2021-03-06 00:37:54.4482|INFO|Microsoft.Hosting.Lifetime|Now listening on: http://localhost:5000
2021-03-06 00:37:54.4638|INFO|Microsoft.Hosting.Lifetime|Application started. Press Ctrl+C to shut down.
2021-03-06 00:37:54.4801|INFO|Microsoft.Hosting.Lifetime|Hosting environment: Development
2021-03-06 00:37:54.4801|INFO|Microsoft.Hosting.Lifetime|Content root path: C:\Users\fatih\source\repos\zepllin\zepllin
2021-03-06 00:41:42.5205|INFO|Microsoft.Hosting.Lifetime|Now listening on: https://localhost:5001
2021-03-06 00:41:42.5622|INFO|Microsoft.Hosting.Lifetime|Now listening on: http://localhost:5000
2021-03-06 00:41:42.5730|INFO|Microsoft.Hosting.Lifetime|Application started. Press Ctrl+C to shut down.
2021-03-06 00:41:42.5730|INFO|Microsoft.Hosting.Lifetime|Hosting environment: Development
2021-03-06 00:41:42.5936|INFO|Microsoft.Hosting.Lifetime|Content root path: C:\Users\fatih\source\repos\zepllin\zepllin
2021-03-06 00:43:44.4034|INFO|Microsoft.Hosting.Lifetime|Now listening on: https://localhost:5001
2021-03-06 00:43:44.4408|INFO|Microsoft.Hosting.Lifetime|Now listening on: http://localhost:5000
2021-03-06 00:43:44.4510|INFO|Microsoft.Hosting.Lifetime|Application started. Press Ctrl+C to shut down.
2021-03-06 00:43:44.4633|INFO|Microsoft.Hosting.Lifetime|Hosting environment: Development
2021-03-06 00:43:44.4633|INFO|Microsoft.Hosting.Lifetime|Content root path: C:\Users\fatih\source\repos\zepllin\zepllin
2021-03-06 00:44:22.7461|INFO|Microsoft.Hosting.Lifetime|Now listening on: https://localhost:5001
2021-03-06 00:44:22.8014|INFO|Microsoft.Hosting.Lifetime|Now listening on: http://localhost:5000
2021-03-06 00:44:22.8223|INFO|Microsoft.Hosting.Lifetime|Application started. Press Ctrl+C to shut down.
2021-03-06 00:44:22.8381|INFO|Microsoft.Hosting.Lifetime|Hosting environment: Development
2021-03-06 00:44:22.8559|INFO|Microsoft.Hosting.Lifetime|Content root path: C:\Users\fatih\source\repos\zepllin\zepllin
2021-03-06 00:45:22.6997|INFO|Microsoft.Hosting.Lifetime|Now listening on: https://localhost:5001
2021-03-06 00:45:22.7449|INFO|Microsoft.Hosting.Lifetime|Now listening on: http://localhost:5000
2021-03-06 00:45:22.7449|INFO|Microsoft.Hosting.Lifetime|Application started. Press Ctrl+C to shut down.
2021-03-06 00:45:22.7691|INFO|Microsoft.Hosting.Lifetime|Hosting environment: Development
2021-03-06 00:45:22.7836|INFO|Microsoft.Hosting.Lifetime|Content root path: C:\Users\fatih\source\repos\zepllin\zepllin
2021-03-06 00:47:42.0472|INFO|Microsoft.Hosting.Lifetime|Now listening on: https://localhost:5001
2021-03-06 00:47:42.0847|INFO|Microsoft.Hosting.Lifetime|Now listening on: http://localhost:5000
2021-03-06 00:47:42.0970|INFO|Microsoft.Hosting.Lifetime|Application started. Press Ctrl+C to shut down.
2021-03-06 00:47:42.1101|INFO|Microsoft.Hosting.Lifetime|Hosting environment: Development
2021-03-06 00:47:42.1101|INFO|Microsoft.Hosting.Lifetime|Content root path: C:\Users\fatih\source\repos\zepllin\zepllin
2021-03-06 00:50:33.5330|INFO|Microsoft.Hosting.Lifetime|Now listening on: https://localhost:5001
2021-03-06 00:50:33.5725|INFO|Microsoft.Hosting.Lifetime|Now listening on: http://localhost:5000
2021-03-06 00:50:33.5725|INFO|Microsoft.Hosting.Lifetime|Application started. Press Ctrl+C to shut down.
2021-03-06 00:50:33.5950|INFO|Microsoft.Hosting.Lifetime|Hosting environment: Development
2021-03-06 00:50:33.5950|INFO|Microsoft.Hosting.Lifetime|Content root path: C:\Users\fatih\source\repos\zepllin\zepllin
2021-03-06 01:02:35.4632|INFO|Microsoft.Hosting.Lifetime|Now listening on: https://localhost:5001
2021-03-06 01:02:35.5003|INFO|Microsoft.Hosting.Lifetime|Now listening on: http://localhost:5000
2021-03-06 01:02:35.5093|INFO|Microsoft.Hosting.Lifetime|Application started. Press Ctrl+C to shut down.
2021-03-06 01:02:35.5093|INFO|Microsoft.Hosting.Lifetime|Hosting environment: Development
2021-03-06 01:02:35.5361|INFO|Microsoft.Hosting.Lifetime|Content root path: C:\Users\fatih\source\repos\zepllin\zepllin
2021-03-06 01:05:42.6611|INFO|Microsoft.Hosting.Lifetime|Now listening on: https://localhost:5001
2021-03-06 01:05:42.6994|INFO|Microsoft.Hosting.Lifetime|Now listening on: http://localhost:5000
2021-03-06 01:05:42.6994|INFO|Microsoft.Hosting.Lifetime|Application started. Press Ctrl+C to shut down.
2021-03-06 01:05:42.7213|INFO|Microsoft.Hosting.Lifetime|Hosting environment: Development
2021-03-06 01:05:42.7344|INFO|Microsoft.Hosting.Lifetime|Content root path: C:\Users\fatih\source\repos\zepllin\zepllin
2021-03-06 01:06:29.2809|INFO|Microsoft.Hosting.Lifetime|Now listening on: https://localhost:5001
2021-03-06 01:06:29.3221|INFO|Microsoft.Hosting.Lifetime|Now listening on: http://localhost:5000
2021-03-06 01:06:29.3221|INFO|Microsoft.Hosting.Lifetime|Application started. Press Ctrl+C to shut down.
2021-03-06 01:06:29.3510|INFO|Microsoft.Hosting.Lifetime|Hosting environment: Development
2021-03-06 01:06:29.3603|INFO|Microsoft.Hosting.Lifetime|Content root path: C:\Users\fatih\source\repos\zepllin\zepllin
2021-03-06 01:06:53.6795|INFO|Microsoft.Hosting.Lifetime|Now listening on: https://localhost:5001
2021-03-06 01:06:53.7173|INFO|Microsoft.Hosting.Lifetime|Now listening on: http://localhost:5000
2021-03-06 01:06:53.7173|INFO|Microsoft.Hosting.Lifetime|Application started. Press Ctrl+C to shut down.
2021-03-06 01:06:53.7410|INFO|Microsoft.Hosting.Lifetime|Hosting environment: Development
2021-03-06 01:06:53.7554|INFO|Microsoft.Hosting.Lifetime|Content root path: C:\Users\fatih\source\repos\zepllin\zepllin
2021-03-06 01:08:44.6069|INFO|Microsoft.Hosting.Lifetime|Now listening on: https://localhost:5001
2021-03-06 01:08:44.6484|INFO|Microsoft.Hosting.Lifetime|Now listening on: http://localhost:5000
2021-03-06 01:08:44.6590|INFO|Microsoft.Hosting.Lifetime|Application started. Press Ctrl+C to shut down.
2021-03-06 01:08:44.6729|INFO|Microsoft.Hosting.Lifetime|Hosting environment: Development
2021-03-06 01:08:44.6876|INFO|Microsoft.Hosting.Lifetime|Content root path: C:\Users\fatih\source\repos\zepllin\zepllin
2021-03-06 01:09:51.2644|INFO|Microsoft.Hosting.Lifetime|Now listening on: https://localhost:5001
2021-03-06 01:09:51.3041|INFO|Microsoft.Hosting.Lifetime|Now listening on: http://localhost:5000
2021-03-06 01:09:51.3151|INFO|Microsoft.Hosting.Lifetime|Application started. Press Ctrl+C to shut down.
2021-03-06 01:09:51.3307|INFO|Microsoft.Hosting.Lifetime|Hosting environment: Development
2021-03-06 01:09:51.3468|INFO|Microsoft.Hosting.Lifetime|Content root path: C:\Users\fatih\source\repos\zepllin\zepllin
2021-03-06 01:10:59.1077|INFO|Microsoft.Hosting.Lifetime|Now listening on: https://localhost:5001
2021-03-06 01:10:59.1505|INFO|Microsoft.Hosting.Lifetime|Now listening on: http://localhost:5000
2021-03-06 01:10:59.1505|INFO|Microsoft.Hosting.Lifetime|Application started. Press Ctrl+C to shut down.
2021-03-06 01:10:59.1732|INFO|Microsoft.Hosting.Lifetime|Hosting environment: Development
2021-03-06 01:10:59.1888|INFO|Microsoft.Hosting.Lifetime|Content root path: C:\Users\fatih\source\repos\zepllin\zepllin
2021-03-06 01:14:59.7689|INFO|Microsoft.Hosting.Lifetime|Now listening on: https://localhost:5001
2021-03-06 01:14:59.8121|INFO|Microsoft.Hosting.Lifetime|Now listening on: http://localhost:5000
2021-03-06 01:14:59.8232|INFO|Microsoft.Hosting.Lifetime|Application started. Press Ctrl+C to shut down.
2021-03-06 01:14:59.8232|INFO|Microsoft.Hosting.Lifetime|Hosting environment: Development
2021-03-06 01:14:59.8509|INFO|Microsoft.Hosting.Lifetime|Content root path: C:\Users\fatih\source\repos\zepllin\zepllin
2021-03-06 01:15:21.0162|INFO|Microsoft.Hosting.Lifetime|Now listening on: https://localhost:5001
2021-03-06 01:15:21.0596|INFO|Microsoft.Hosting.Lifetime|Now listening on: http://localhost:5000
2021-03-06 01:15:21.0596|INFO|Microsoft.Hosting.Lifetime|Application started. Press Ctrl+C to shut down.
2021-03-06 01:15:21.0890|INFO|Microsoft.Hosting.Lifetime|Hosting environment: Development
2021-03-06 01:15:21.0890|INFO|Microsoft.Hosting.Lifetime|Content root path: C:\Users\fatih\source\repos\zepllin\zepllin
2021-03-06 01:17:03.6001|INFO|Microsoft.Hosting.Lifetime|Now listening on: https://localhost:5001
2021-03-06 01:17:03.6389|INFO|Microsoft.Hosting.Lifetime|Now listening on: http://localhost:5000
2021-03-06 01:17:03.6389|INFO|Microsoft.Hosting.Lifetime|Application started. Press Ctrl+C to shut down.
2021-03-06 01:17:03.6625|INFO|Microsoft.Hosting.Lifetime|Hosting environment: Development
2021-03-06 01:17:03.6705|INFO|Microsoft.Hosting.Lifetime|Content root path: C:\Users\fatih\source\repos\zepllin\zepllin
2021-03-06 01:17:44.4125|INFO|Microsoft.Hosting.Lifetime|Now listening on: https://localhost:5001
2021-03-06 01:17:44.4529|INFO|Microsoft.Hosting.Lifetime|Now listening on: http://localhost:5000
2021-03-06 01:17:44.4627|INFO|Microsoft.Hosting.Lifetime|Application started. Press Ctrl+C to shut down.
2021-03-06 01:17:44.4627|INFO|Microsoft.Hosting.Lifetime|Hosting environment: Development
2021-03-06 01:17:44.4908|INFO|Microsoft.Hosting.Lifetime|Content root path: C:\Users\fatih\source\repos\zepllin\zepllin
2021-03-06 02:27:10.7235|INFO|Microsoft.Hosting.Lifetime|Now listening on: https://localhost:5001
2021-03-06 02:27:10.7705|INFO|Microsoft.Hosting.Lifetime|Now listening on: http://localhost:5000
2021-03-06 02:27:10.7817|INFO|Microsoft.Hosting.Lifetime|Application started. Press Ctrl+C to shut down.
2021-03-06 02:27:10.7969|INFO|Microsoft.Hosting.Lifetime|Hosting environment: Development
2021-03-06 02:27:10.8118|INFO|Microsoft.Hosting.Lifetime|Content root path: C:\Users\fatih\source\repos\zepllin\zepllin
2021-03-06 02:28:06.0228|INFO|Microsoft.Hosting.Lifetime|Now listening on: https://localhost:5001
2021-03-06 02:28:06.0604|INFO|Microsoft.Hosting.Lifetime|Now listening on: http://localhost:5000
2021-03-06 02:28:06.0604|INFO|Microsoft.Hosting.Lifetime|Application started. Press Ctrl+C to shut down.
2021-03-06 02:28:06.0819|INFO|Microsoft.Hosting.Lifetime|Hosting environment: Development
2021-03-06 02:28:06.0893|INFO|Microsoft.Hosting.Lifetime|Content root path: C:\Users\fatih\source\repos\zepllin\zepllin
2021-03-06 02:30:22.9923|INFO|Microsoft.Hosting.Lifetime|Now listening on: https://localhost:5001
2021-03-06 02:30:23.0335|INFO|Microsoft.Hosting.Lifetime|Now listening on: http://localhost:5000
2021-03-06 02:30:23.0441|INFO|Microsoft.Hosting.Lifetime|Application started. Press Ctrl+C to shut down.
2021-03-06 02:30:23.0587|INFO|Microsoft.Hosting.Lifetime|Hosting environment: Development
2021-03-06 02:30:23.0726|INFO|Microsoft.Hosting.Lifetime|Content root path: C:\Users\fatih\source\repos\zepllin\zepllin
2021-03-06 02:31:22.5961|INFO|Microsoft.Hosting.Lifetime|Now listening on: https://localhost:5001
2021-03-06 02:31:22.6380|INFO|Microsoft.Hosting.Lifetime|Now listening on: http://localhost:5000
2021-03-06 02:31:22.6380|INFO|Microsoft.Hosting.Lifetime|Application started. Press Ctrl+C to shut down.
2021-03-06 02:31:22.6602|INFO|Microsoft.Hosting.Lifetime|Hosting environment: Development
2021-03-06 02:31:22.6740|INFO|Microsoft.Hosting.Lifetime|Content root path: C:\Users\fatih\source\repos\zepllin\zepllin
2021-03-06 02:32:31.5013|INFO|Microsoft.Hosting.Lifetime|Now listening on: https://localhost:5001
2021-03-06 02:32:31.5413|INFO|Microsoft.Hosting.Lifetime|Now listening on: http://localhost:5000
2021-03-06 02:32:31.5413|INFO|Microsoft.Hosting.Lifetime|Application started. Press Ctrl+C to shut down.
2021-03-06 02:32:31.5667|INFO|Microsoft.Hosting.Lifetime|Hosting environment: Development
2021-03-06 02:32:31.5813|INFO|Microsoft.Hosting.Lifetime|Content root path: C:\Users\fatih\source\repos\zepllin\zepllin
2021-03-06 02:32:57.0736|INFO|Microsoft.Hosting.Lifetime|Now listening on: https://localhost:5001
2021-03-06 02:32:57.1111|INFO|Microsoft.Hosting.Lifetime|Now listening on: http://localhost:5000
2021-03-06 02:32:57.1227|INFO|Microsoft.Hosting.Lifetime|Application started. Press Ctrl+C to shut down.
2021-03-06 02:32:57.1358|INFO|Microsoft.Hosting.Lifetime|Hosting environment: Development
2021-03-06 02:32:57.1358|INFO|Microsoft.Hosting.Lifetime|Content root path: C:\Users\fatih\source\repos\zepllin\zepllin
2021-03-06 02:33:42.8620|INFO|Microsoft.Hosting.Lifetime|Now listening on: https://localhost:5001
2021-03-06 02:33:42.9025|INFO|Microsoft.Hosting.Lifetime|Now listening on: http://localhost:5000
2021-03-06 02:33:42.9025|INFO|Microsoft.Hosting.Lifetime|Application started. Press Ctrl+C to shut down.
2021-03-06 02:33:42.9253|INFO|Microsoft.Hosting.Lifetime|Hosting environment: Development
2021-03-06 02:33:42.9389|INFO|Microsoft.Hosting.Lifetime|Content root path: C:\Users\fatih\source\repos\zepllin\zepllin
2021-03-06 02:34:03.9613|INFO|Microsoft.Hosting.Lifetime|Now listening on: https://localhost:5001
2021-03-06 02:34:03.9987|INFO|Microsoft.Hosting.Lifetime|Now listening on: http://localhost:5000
2021-03-06 02:34:03.9987|INFO|Microsoft.Hosting.Lifetime|Application started. Press Ctrl+C to shut down.
2021-03-06 02:34:04.0216|INFO|Microsoft.Hosting.Lifetime|Hosting environment: Development
2021-03-06 02:34:04.0295|INFO|Microsoft.Hosting.Lifetime|Content root path: C:\Users\fatih\source\repos\zepllin\zepllin
2021-03-06 02:34:39.2871|INFO|Microsoft.Hosting.Lifetime|Now listening on: https://localhost:5001
2021-03-06 02:34:39.3289|INFO|Microsoft.Hosting.Lifetime|Now listening on: http://localhost:5000
2021-03-06 02:34:39.3394|INFO|Microsoft.Hosting.Lifetime|Application started. Press Ctrl+C to shut down.
2021-03-06 02:34:39.3394|INFO|Microsoft.Hosting.Lifetime|Hosting environment: Development
2021-03-06 02:34:39.3576|INFO|Microsoft.Hosting.Lifetime|Content root path: C:\Users\fatih\source\repos\zepllin\zepllin
2021-03-06 03:34:12.4568|INFO|Microsoft.Hosting.Lifetime|Now listening on: https://localhost:5001
2021-03-06 03:34:12.5013|INFO|Microsoft.Hosting.Lifetime|Now listening on: http://localhost:5000
2021-03-06 03:34:12.5113|INFO|Microsoft.Hosting.Lifetime|Application started. Press Ctrl+C to shut down.
2021-03-06 03:34:12.5113|INFO|Microsoft.Hosting.Lifetime|Hosting environment: Development
2021-03-06 03:34:12.5382|INFO|Microsoft.Hosting.Lifetime|Content root path: C:\Users\fatih\source\repos\zepllin\zepllin
2021-03-06 03:34:47.5195|INFO|Microsoft.Hosting.Lifetime|Now listening on: https://localhost:5001
2021-03-06 03:34:47.5570|INFO|Microsoft.Hosting.Lifetime|Now listening on: http://localhost:5000
2021-03-06 03:34:47.5570|INFO|Microsoft.Hosting.Lifetime|Application started. Press Ctrl+C to shut down.
2021-03-06 03:34:47.5802|INFO|Microsoft.Hosting.Lifetime|Hosting environment: Development
2021-03-06 03:34:47.5891|INFO|Microsoft.Hosting.Lifetime|Content root path: C:\Users\fatih\source\repos\zepllin\zepllin
2021-03-06 03:35:37.0250|INFO|Microsoft.Hosting.Lifetime|Now listening on: https://localhost:5001
2021-03-06 03:35:37.0628|INFO|Microsoft.Hosting.Lifetime|Now listening on: http://localhost:5000
2021-03-06 03:35:37.0730|INFO|Microsoft.Hosting.Lifetime|Application started. Press Ctrl+C to shut down.
2021-03-06 03:35:37.0730|INFO|Microsoft.Hosting.Lifetime|Hosting environment: Development
2021-03-06 03:35:37.0991|INFO|Microsoft.Hosting.Lifetime|Content root path: C:\Users\fatih\source\repos\zepllin\zepllin
2021-03-06 03:36:07.0774|INFO|Microsoft.Hosting.Lifetime|Now listening on: https://localhost:5001
2021-03-06 03:36:07.1154|INFO|Microsoft.Hosting.Lifetime|Now listening on: http://localhost:5000
2021-03-06 03:36:07.1252|INFO|Microsoft.Hosting.Lifetime|Application started. Press Ctrl+C to shut down.
2021-03-06 03:36:07.1387|INFO|Microsoft.Hosting.Lifetime|Hosting environment: Development
2021-03-06 03:36:07.1539|INFO|Microsoft.Hosting.Lifetime|Content root path: C:\Users\fatih\source\repos\zepllin\zepllin
2021-03-06 03:36:35.5887|INFO|Microsoft.Hosting.Lifetime|Now listening on: https://localhost:5001
2021-03-06 03:36:35.6271|INFO|Microsoft.Hosting.Lifetime|Now listening on: http://localhost:5000
2021-03-06 03:36:35.6376|INFO|Microsoft.Hosting.Lifetime|Application started. Press Ctrl+C to shut down.
2021-03-06 03:36:35.6376|INFO|Microsoft.Hosting.Lifetime|Hosting environment: Development
2021-03-06 03:36:35.6569|INFO|Microsoft.Hosting.Lifetime|Content root path: C:\Users\fatih\source\repos\zepllin\zepllin
2021-03-06 03:36:56.2964|INFO|Microsoft.Hosting.Lifetime|Now listening on: https://localhost:5001
2021-03-06 03:36:56.3371|INFO|Microsoft.Hosting.Lifetime|Now listening on: http://localhost:5000
2021-03-06 03:36:56.3371|INFO|Microsoft.Hosting.Lifetime|Application started. Press Ctrl+C to shut down.
2021-03-06 03:36:56.3619|INFO|Microsoft.Hosting.Lifetime|Hosting environment: Development
2021-03-06 03:36:56.3755|INFO|Microsoft.Hosting.Lifetime|Content root path: C:\Users\fatih\source\repos\zepllin\zepllin
2021-03-06 03:39:06.4144|INFO|Microsoft.Hosting.Lifetime|Now listening on: https://localhost:5001
2021-03-06 03:39:06.4556|INFO|Microsoft.Hosting.Lifetime|Now listening on: http://localhost:5000
2021-03-06 03:39:06.4660|INFO|Microsoft.Hosting.Lifetime|Application started. Press Ctrl+C to shut down.
2021-03-06 03:39:06.4793|INFO|Microsoft.Hosting.Lifetime|Hosting environment: Development
2021-03-06 03:39:06.4944|INFO|Microsoft.Hosting.Lifetime|Content root path: C:\Users\fatih\source\repos\zepllin\zepllin
2021-03-06 03:39:24.1417|INFO|Microsoft.Hosting.Lifetime|Now listening on: https://localhost:5001
2021-03-06 03:39:24.1838|INFO|Microsoft.Hosting.Lifetime|Now listening on: http://localhost:5000
2021-03-06 03:39:24.1838|INFO|Microsoft.Hosting.Lifetime|Application started. Press Ctrl+C to shut down.
2021-03-06 03:39:24.2095|INFO|Microsoft.Hosting.Lifetime|Hosting environment: Development
2021-03-06 03:39:24.2244|INFO|Microsoft.Hosting.Lifetime|Content root path: C:\Users\fatih\source\repos\zepllin\zepllin
2021-03-06 03:39:52.6087|INFO|Microsoft.Hosting.Lifetime|Now listening on: https://localhost:5001
2021-03-06 03:39:52.6472|INFO|Microsoft.Hosting.Lifetime|Now listening on: http://localhost:5000
2021-03-06 03:39:52.6584|INFO|Microsoft.Hosting.Lifetime|Application started. Press Ctrl+C to shut down.
2021-03-06 03:39:52.6729|INFO|Microsoft.Hosting.Lifetime|Hosting environment: Development
2021-03-06 03:39:52.6869|INFO|Microsoft.Hosting.Lifetime|Content root path: C:\Users\fatih\source\repos\zepllin\zepllin
2021-03-06 03:40:10.6583|INFO|Microsoft.Hosting.Lifetime|Now listening on: https://localhost:5001
2021-03-06 03:40:10.6992|INFO|Microsoft.Hosting.Lifetime|Now listening on: http://localhost:5000
2021-03-06 03:40:10.6992|INFO|Microsoft.Hosting.Lifetime|Application started. Press Ctrl+C to shut down.
2021-03-06 03:40:10.7237|INFO|Microsoft.Hosting.Lifetime|Hosting environment: Development
2021-03-06 03:40:10.7386|INFO|Microsoft.Hosting.Lifetime|Content root path: C:\Users\fatih\source\repos\zepllin\zepllin
2021-03-06 03:41:04.2575|INFO|Microsoft.Hosting.Lifetime|Now listening on: https://localhost:5001
2021-03-06 03:41:04.2983|INFO|Microsoft.Hosting.Lifetime|Now listening on: http://localhost:5000
2021-03-06 03:41:04.3081|INFO|Microsoft.Hosting.Lifetime|Application started. Press Ctrl+C to shut down.
2021-03-06 03:41:04.3221|INFO|Microsoft.Hosting.Lifetime|Hosting environment: Development
2021-03-06 03:41:04.3221|INFO|Microsoft.Hosting.Lifetime|Content root path: C:\Users\fatih\source\repos\zepllin\zepllin
2021-03-06 21:26:05.0132|INFO|Microsoft.Hosting.Lifetime|Now listening on: https://localhost:5001
2021-03-06 21:26:05.1196|INFO|Microsoft.Hosting.Lifetime|Now listening on: http://localhost:5000
2021-03-06 21:26:05.1404|INFO|Microsoft.Hosting.Lifetime|Application started. Press Ctrl+C to shut down.
2021-03-06 21:26:05.1709|INFO|Microsoft.Hosting.Lifetime|Hosting environment: Development
2021-03-06 21:26:05.1926|INFO|Microsoft.Hosting.Lifetime|Content root path: C:\Users\fatih\source\repos\zepllin\zepllin
2021-03-06 21:29:08.1390|INFO|Microsoft.Hosting.Lifetime|Now listening on: https://localhost:5001
2021-03-06 21:29:08.1970|INFO|Microsoft.Hosting.Lifetime|Now listening on: http://localhost:5000
2021-03-06 21:29:08.2096|INFO|Microsoft.Hosting.Lifetime|Application started. Press Ctrl+C to shut down.
2021-03-06 21:29:08.2245|INFO|Microsoft.Hosting.Lifetime|Hosting environment: Development
2021-03-06 21:29:08.2412|INFO|Microsoft.Hosting.Lifetime|Content root path: C:\Users\fatih\source\repos\zepllin\zepllin
2021-03-06 21:30:35.7168|INFO|Microsoft.Hosting.Lifetime|Now listening on: https://localhost:5001
2021-03-06 21:30:35.7567|INFO|Microsoft.Hosting.Lifetime|Now listening on: http://localhost:5000
2021-03-06 21:30:35.7679|INFO|Microsoft.Hosting.Lifetime|Application started. Press Ctrl+C to shut down.
2021-03-06 21:30:35.7790|INFO|Microsoft.Hosting.Lifetime|Hosting environment: Development
2021-03-06 21:30:35.7936|INFO|Microsoft.Hosting.Lifetime|Content root path: C:\Users\fatih\source\repos\zepllin\zepllin
2021-03-06 21:31:10.6391|INFO|Microsoft.Hosting.Lifetime|Now listening on: https://localhost:5001
2021-03-06 21:31:10.6783|INFO|Microsoft.Hosting.Lifetime|Now listening on: http://localhost:5000
2021-03-06 21:31:10.6890|INFO|Microsoft.Hosting.Lifetime|Application started. Press Ctrl+C to shut down.
2021-03-06 21:31:10.7008|INFO|Microsoft.Hosting.Lifetime|Hosting environment: Development
2021-03-06 21:31:10.7008|INFO|Microsoft.Hosting.Lifetime|Content root path: C:\Users\fatih\source\repos\zepllin\zepllin
2021-03-06 21:31:46.3044|INFO|Microsoft.Hosting.Lifetime|Now listening on: https://localhost:5001
2021-03-06 21:31:46.3496|INFO|Microsoft.Hosting.Lifetime|Now listening on: http://localhost:5000
2021-03-06 21:31:46.3619|INFO|Microsoft.Hosting.Lifetime|Application started. Press Ctrl+C to shut down.
2021-03-06 21:31:46.3750|INFO|Microsoft.Hosting.Lifetime|Hosting environment: Development
2021-03-06 21:31:46.3908|INFO|Microsoft.Hosting.Lifetime|Content root path: C:\Users\fatih\source\repos\zepllin\zepllin
2021-03-06 21:32:19.6814|INFO|Microsoft.Hosting.Lifetime|Now listening on: https://localhost:5001
2021-03-06 21:32:19.7254|INFO|Microsoft.Hosting.Lifetime|Now listening on: http://localhost:5000
2021-03-06 21:32:19.7362|INFO|Microsoft.Hosting.Lifetime|Application started. Press Ctrl+C to shut down.
2021-03-06 21:32:19.7456|INFO|Microsoft.Hosting.Lifetime|Hosting environment: Development
2021-03-06 21:32:19.7456|INFO|Microsoft.Hosting.Lifetime|Content root path: C:\Users\fatih\source\repos\zepllin\zepllin
2021-03-06 21:36:16.7036|INFO|Microsoft.Hosting.Lifetime|Now listening on: https://localhost:5001
2021-03-06 21:36:16.7441|INFO|Microsoft.Hosting.Lifetime|Now listening on: http://localhost:5000
2021-03-06 21:36:16.7545|INFO|Microsoft.Hosting.Lifetime|Application started. Press Ctrl+C to shut down.
2021-03-06 21:36:16.7671|INFO|Microsoft.Hosting.Lifetime|Hosting environment: Development
2021-03-06 21:36:16.7820|INFO|Microsoft.Hosting.Lifetime|Content root path: C:\Users\fatih\source\repos\zepllin\zepllin
2021-03-06 21:37:13.2929|INFO|Microsoft.Hosting.Lifetime|Now listening on: https://localhost:5001
2021-03-06 21:37:13.3341|INFO|Microsoft.Hosting.Lifetime|Now listening on: http://localhost:5000
2021-03-06 21:37:13.3462|INFO|Microsoft.Hosting.Lifetime|Application started. Press Ctrl+C to shut down.
2021-03-06 21:37:13.3647|INFO|Microsoft.Hosting.Lifetime|Hosting environment: Development
2021-03-06 21:37:13.3863|INFO|Microsoft.Hosting.Lifetime|Content root path: C:\Users\fatih\source\repos\zepllin\zepllin
2021-03-06 21:38:37.2362|INFO|Microsoft.Hosting.Lifetime|Now listening on: https://localhost:5001
2021-03-06 21:38:37.2808|INFO|Microsoft.Hosting.Lifetime|Now listening on: http://localhost:5000
2021-03-06 21:38:37.2808|INFO|Microsoft.Hosting.Lifetime|Application started. Press Ctrl+C to shut down.
2021-03-06 21:38:37.3060|INFO|Microsoft.Hosting.Lifetime|Hosting environment: Development
2021-03-06 21:38:37.3207|INFO|Microsoft.Hosting.Lifetime|Content root path: C:\Users\fatih\source\repos\zepllin\zepllin
2021-03-06 21:40:14.1663|INFO|Microsoft.Hosting.Lifetime|Now listening on: https://localhost:5001
2021-03-06 21:40:14.2063|INFO|Microsoft.Hosting.Lifetime|Now listening on: http://localhost:5000
2021-03-06 21:40:14.2174|INFO|Microsoft.Hosting.Lifetime|Application started. Press Ctrl+C to shut down.
2021-03-06 21:40:14.2174|INFO|Microsoft.Hosting.Lifetime|Hosting environment: Development
2021-03-06 21:40:14.2422|INFO|Microsoft.Hosting.Lifetime|Content root path: C:\Users\fatih\source\repos\zepllin\zepllin
2021-03-06 21:40:40.2995|INFO|Microsoft.Hosting.Lifetime|Now listening on: https://localhost:5001
2021-03-06 21:40:40.3535|INFO|Microsoft.Hosting.Lifetime|Now listening on: http://localhost:5000
2021-03-06 21:40:40.3657|INFO|Microsoft.Hosting.Lifetime|Application started. Press Ctrl+C to shut down.
2021-03-06 21:40:40.3794|INFO|Microsoft.Hosting.Lifetime|Hosting environment: Development
2021-03-06 21:40:40.3934|INFO|Microsoft.Hosting.Lifetime|Content root path: C:\Users\fatih\source\repos\zepllin\zepllin
2021-03-06 21:41:04.4614|INFO|Microsoft.Hosting.Lifetime|Now listening on: https://localhost:5001
2021-03-06 21:41:04.5015|INFO|Microsoft.Hosting.Lifetime|Now listening on: http://localhost:5000
2021-03-06 21:41:04.5117|INFO|Microsoft.Hosting.Lifetime|Application started. Press Ctrl+C to shut down.
2021-03-06 21:41:04.5267|INFO|Microsoft.Hosting.Lifetime|Hosting environment: Development
2021-03-06 21:41:04.5267|INFO|Microsoft.Hosting.Lifetime|Content root path: C:\Users\fatih\source\repos\zepllin\zepllin
2021-03-06 21:41:25.0702|INFO|Microsoft.Hosting.Lifetime|Now listening on: https://localhost:5001
2021-03-06 21:41:25.1266|INFO|Microsoft.Hosting.Lifetime|Now listening on: http://localhost:5000
2021-03-06 21:41:25.1394|INFO|Microsoft.Hosting.Lifetime|Application started. Press Ctrl+C to shut down.
2021-03-06 21:41:25.1394|INFO|Microsoft.Hosting.Lifetime|Hosting environment: Development
2021-03-06 21:41:25.1660|INFO|Microsoft.Hosting.Lifetime|Content root path: C:\Users\fatih\source\repos\zepllin\zepllin
2021-03-06 21:41:50.8937|INFO|Microsoft.Hosting.Lifetime|Now listening on: https://localhost:5001
2021-03-06 21:41:51.0293|INFO|Microsoft.Hosting.Lifetime|Now listening on: http://localhost:5000
2021-03-06 21:41:51.0695|INFO|Microsoft.Hosting.Lifetime|Application started. Press Ctrl+C to shut down.
2021-03-06 21:41:51.0964|INFO|Microsoft.Hosting.Lifetime|Hosting environment: Development
2021-03-06 21:41:51.1169|INFO|Microsoft.Hosting.Lifetime|Content root path: C:\Users\fatih\source\repos\zepllin\zepllin
2021-03-06 21:42:21.8463|INFO|Microsoft.Hosting.Lifetime|Now listening on: https://localhost:5001
2021-03-06 21:42:21.9075|INFO|Microsoft.Hosting.Lifetime|Now listening on: http://localhost:5000
2021-03-06 21:42:21.9189|INFO|Microsoft.Hosting.Lifetime|Application started. Press Ctrl+C to shut down.
2021-03-06 21:42:21.9369|INFO|Microsoft.Hosting.Lifetime|Hosting environment: Development
2021-03-06 21:42:21.9570|INFO|Microsoft.Hosting.Lifetime|Content root path: C:\Users\fatih\source\repos\zepllin\zepllin
2021-03-06 21:43:08.4240|INFO|Microsoft.Hosting.Lifetime|Now listening on: https://localhost:5001
2021-03-06 21:43:08.5491|INFO|Microsoft.Hosting.Lifetime|Now listening on: http://localhost:5000
2021-03-06 21:43:08.5786|INFO|Microsoft.Hosting.Lifetime|Application started. Press Ctrl+C to shut down.
2021-03-06 21:43:08.5945|INFO|Microsoft.Hosting.Lifetime|Hosting environment: Development
2021-03-06 21:43:08.6103|INFO|Microsoft.Hosting.Lifetime|Content root path: C:\Users\fatih\source\repos\zepllin\zepllin
2021-03-06 21:43:30.2421|INFO|Microsoft.Hosting.Lifetime|Now listening on: https://localhost:5001
2021-03-06 21:43:30.2828|INFO|Microsoft.Hosting.Lifetime|Now listening on: http://localhost:5000
2021-03-06 21:43:30.2953|INFO|Microsoft.Hosting.Lifetime|Application started. Press Ctrl+C to shut down.
2021-03-06 21:43:30.3120|INFO|Microsoft.Hosting.Lifetime|Hosting environment: Development
2021-03-06 21:43:30.3385|INFO|Microsoft.Hosting.Lifetime|Content root path: C:\Users\fatih\source\repos\zepllin\zepllin
2021-03-06 21:47:30.4652|INFO|Microsoft.Hosting.Lifetime|Now listening on: https://localhost:5001
2021-03-06 21:47:30.5064|INFO|Microsoft.Hosting.Lifetime|Now listening on: http://localhost:5000
2021-03-06 21:47:30.5186|INFO|Microsoft.Hosting.Lifetime|Application started. Press Ctrl+C to shut down.
2021-03-06 21:47:30.5335|INFO|Microsoft.Hosting.Lifetime|Hosting environment: Development
2021-03-06 21:47:30.5524|INFO|Microsoft.Hosting.Lifetime|Content root path: C:\Users\fatih\source\repos\zepllin\zepllin
2021-03-06 21:49:50.4220|INFO|Microsoft.Hosting.Lifetime|Now listening on: https://localhost:5001
2021-03-06 21:49:50.4664|INFO|Microsoft.Hosting.Lifetime|Now listening on: http://localhost:5000
2021-03-06 21:49:50.4807|INFO|Microsoft.Hosting.Lifetime|Application started. Press Ctrl+C to shut down.
2021-03-06 21:49:50.4960|INFO|Microsoft.Hosting.Lifetime|Hosting environment: Development
2021-03-06 21:49:50.4960|INFO|Microsoft.Hosting.Lifetime|Content root path: C:\Users\fatih\source\repos\zepllin\zepllin
2021-03-06 21:51:14.3083|INFO|Microsoft.Hosting.Lifetime|Now listening on: https://localhost:5001
2021-03-06 21:51:14.3526|INFO|Microsoft.Hosting.Lifetime|Now listening on: http://localhost:5000
2021-03-06 21:51:14.3646|INFO|Microsoft.Hosting.Lifetime|Application started. Press Ctrl+C to shut down.
2021-03-06 21:51:14.3765|INFO|Microsoft.Hosting.Lifetime|Hosting environment: Development
2021-03-06 21:51:14.3931|INFO|Microsoft.Hosting.Lifetime|Content root path: C:\Users\fatih\source\repos\zepllin\zepllin
2021-03-06 21:54:32.1515|INFO|Microsoft.Hosting.Lifetime|Now listening on: https://localhost:5001
2021-03-06 21:54:32.1962|INFO|Microsoft.Hosting.Lifetime|Now listening on: http://localhost:5000
2021-03-06 21:54:32.2073|INFO|Microsoft.Hosting.Lifetime|Application started. Press Ctrl+C to shut down.
2021-03-06 21:54:32.2230|INFO|Microsoft.Hosting.Lifetime|Hosting environment: Development
2021-03-06 21:54:32.2385|INFO|Microsoft.Hosting.Lifetime|Content root path: C:\Users\fatih\source\repos\zepllin\zepllin
2021-03-06 21:57:29.3897|INFO|Microsoft.Hosting.Lifetime|Now listening on: https://localhost:5001
2021-03-06 21:57:29.4312|INFO|Microsoft.Hosting.Lifetime|Now listening on: http://localhost:5000
2021-03-06 21:57:29.4422|INFO|Microsoft.Hosting.Lifetime|Application started. Press Ctrl+C to shut down.
2021-03-06 21:57:29.4558|INFO|Microsoft.Hosting.Lifetime|Hosting environment: Development
2021-03-06 21:57:29.4702|INFO|Microsoft.Hosting.Lifetime|Content root path: C:\Users\fatih\source\repos\zepllin\zepllin
2021-03-06 21:58:01.5160|INFO|Microsoft.Hosting.Lifetime|Now listening on: https://localhost:5001
2021-03-06 21:58:01.5599|INFO|Microsoft.Hosting.Lifetime|Now listening on: http://localhost:5000
2021-03-06 21:58:01.5599|INFO|Microsoft.Hosting.Lifetime|Application started. Press Ctrl+C to shut down.
2021-03-06 21:58:01.5884|INFO|Microsoft.Hosting.Lifetime|Hosting environment: Development
2021-03-06 21:58:01.6026|INFO|Microsoft.Hosting.Lifetime|Content root path: C:\Users\fatih\source\repos\zepllin\zepllin
2021-03-06 21:58:56.2233|INFO|Microsoft.Hosting.Lifetime|Now listening on: https://localhost:5001
2021-03-06 21:58:56.3067|INFO|Microsoft.Hosting.Lifetime|Now listening on: http://localhost:5000
2021-03-06 21:58:56.3487|INFO|Microsoft.Hosting.Lifetime|Application started. Press Ctrl+C to shut down.
2021-03-06 21:58:56.3616|INFO|Microsoft.Hosting.Lifetime|Hosting environment: Development
2021-03-06 21:58:56.3795|INFO|Microsoft.Hosting.Lifetime|Content root path: C:\Users\fatih\source\repos\zepllin\zepllin
2021-03-06 21:59:55.4928|INFO|Microsoft.Hosting.Lifetime|Now listening on: https://localhost:5001
2021-03-06 21:59:55.8227|INFO|Microsoft.Hosting.Lifetime|Now listening on: http://localhost:5000
2021-03-06 21:59:55.8821|INFO|Microsoft.Hosting.Lifetime|Application started. Press Ctrl+C to shut down.
2021-03-06 21:59:55.9190|INFO|Microsoft.Hosting.Lifetime|Hosting environment: Development
2021-03-06 21:59:55.9466|INFO|Microsoft.Hosting.Lifetime|Content root path: C:\Users\fatih\source\repos\zepllin\zepllin
2021-03-06 22:03:42.0154|INFO|Microsoft.Hosting.Lifetime|Now listening on: https://localhost:5001
2021-03-06 22:03:42.1600|INFO|Microsoft.Hosting.Lifetime|Now listening on: http://localhost:5000
2021-03-06 22:03:42.1755|INFO|Microsoft.Hosting.Lifetime|Application started. Press Ctrl+C to shut down.
2021-03-06 22:03:42.1900|INFO|Microsoft.Hosting.Lifetime|Hosting environment: Development
2021-03-06 22:03:42.2072|INFO|Microsoft.Hosting.Lifetime|Content root path: C:\Users\fatih\source\repos\zepllin\zepllin
2021-03-06 22:04:34.6791|INFO|Microsoft.Hosting.Lifetime|Now listening on: https://localhost:5001
2021-03-06 22:04:34.7577|INFO|Microsoft.Hosting.Lifetime|Now listening on: http://localhost:5000
2021-03-06 22:04:34.7750|INFO|Microsoft.Hosting.Lifetime|Application started. Press Ctrl+C to shut down.
2021-03-06 22:04:34.7887|INFO|Microsoft.Hosting.Lifetime|Hosting environment: Development
2021-03-06 22:04:34.8089|INFO|Microsoft.Hosting.Lifetime|Content root path: C:\Users\fatih\source\repos\zepllin\zepllin
