2021-03-17 15:54:47.9967|INFO|Microsoft.Hosting.Lifetime|Now listening on: https://localhost:5001
2021-03-17 15:54:48.0797|INFO|Microsoft.Hosting.Lifetime|Now listening on: http://localhost:5000
2021-03-17 15:54:48.1081|INFO|Microsoft.Hosting.Lifetime|Application started. Press Ctrl+C to shut down.
2021-03-17 15:54:48.1081|INFO|Microsoft.Hosting.Lifetime|Hosting environment: Development
2021-03-17 15:54:48.1274|INFO|Microsoft.Hosting.Lifetime|Content root path: C:\Users\fatih\source\repos\zepllin\zepllin
2021-03-17 15:58:03.6140|INFO|Microsoft.Hosting.Lifetime|Now listening on: https://localhost:5001
2021-03-17 15:58:03.6574|INFO|Microsoft.Hosting.Lifetime|Now listening on: http://localhost:5000
2021-03-17 15:58:03.6707|INFO|Microsoft.Hosting.Lifetime|Application started. Press Ctrl+C to shut down.
2021-03-17 15:58:03.6707|INFO|Microsoft.Hosting.Lifetime|Hosting environment: Development
2021-03-17 15:58:03.6878|INFO|Microsoft.Hosting.Lifetime|Content root path: C:\Users\fatih\source\repos\zepllin\zepllin
2021-03-17 16:04:27.8640|INFO|Microsoft.Hosting.Lifetime|Now listening on: https://localhost:5001
2021-03-17 16:04:27.9022|INFO|Microsoft.Hosting.Lifetime|Now listening on: http://localhost:5000
2021-03-17 16:04:27.9126|INFO|Microsoft.Hosting.Lifetime|Application started. Press Ctrl+C to shut down.
2021-03-17 16:04:27.9208|INFO|Microsoft.Hosting.Lifetime|Hosting environment: Development
2021-03-17 16:04:27.9208|INFO|Microsoft.Hosting.Lifetime|Content root path: C:\Users\fatih\source\repos\zepllin\zepllin
2021-03-17 16:05:15.8903|INFO|Microsoft.Hosting.Lifetime|Now listening on: https://localhost:5001
2021-03-17 16:05:15.9303|INFO|Microsoft.Hosting.Lifetime|Now listening on: http://localhost:5000
2021-03-17 16:05:15.9430|INFO|Microsoft.Hosting.Lifetime|Application started. Press Ctrl+C to shut down.
2021-03-17 16:05:15.9515|INFO|Microsoft.Hosting.Lifetime|Hosting environment: Development
2021-03-17 16:05:15.9515|INFO|Microsoft.Hosting.Lifetime|Content root path: C:\Users\fatih\source\repos\zepllin\zepllin
2021-03-17 16:06:11.1321|INFO|Microsoft.Hosting.Lifetime|Now listening on: https://localhost:5001
2021-03-17 16:06:11.1730|INFO|Microsoft.Hosting.Lifetime|Now listening on: http://localhost:5000
2021-03-17 16:06:11.1855|INFO|Microsoft.Hosting.Lifetime|Application started. Press Ctrl+C to shut down.
2021-03-17 16:06:11.1855|INFO|Microsoft.Hosting.Lifetime|Hosting environment: Development
2021-03-17 16:06:11.2046|INFO|Microsoft.Hosting.Lifetime|Content root path: C:\Users\fatih\source\repos\zepllin\zepllin
2021-03-17 16:06:51.3546|INFO|Microsoft.Hosting.Lifetime|Now listening on: https://localhost:5001
2021-03-17 16:06:51.3929|INFO|Microsoft.Hosting.Lifetime|Now listening on: http://localhost:5000
2021-03-17 16:06:51.3929|INFO|Microsoft.Hosting.Lifetime|Application started. Press Ctrl+C to shut down.
2021-03-17 16:06:51.4110|INFO|Microsoft.Hosting.Lifetime|Hosting environment: Development
2021-03-17 16:06:51.4235|INFO|Microsoft.Hosting.Lifetime|Content root path: C:\Users\fatih\source\repos\zepllin\zepllin
2021-03-17 16:07:36.3491|INFO|Microsoft.Hosting.Lifetime|Now listening on: https://localhost:5001
2021-03-17 16:07:36.3886|INFO|Microsoft.Hosting.Lifetime|Now listening on: http://localhost:5000
2021-03-17 16:07:36.3886|INFO|Microsoft.Hosting.Lifetime|Application started. Press Ctrl+C to shut down.
2021-03-17 16:07:36.4089|INFO|Microsoft.Hosting.Lifetime|Hosting environment: Development
2021-03-17 16:07:36.4194|INFO|Microsoft.Hosting.Lifetime|Content root path: C:\Users\fatih\source\repos\zepllin\zepllin
2021-03-17 16:08:49.9592|INFO|Microsoft.Hosting.Lifetime|Now listening on: https://localhost:5001
2021-03-17 16:08:50.0044|INFO|Microsoft.Hosting.Lifetime|Now listening on: http://localhost:5000
2021-03-17 16:08:50.0160|INFO|Microsoft.Hosting.Lifetime|Application started. Press Ctrl+C to shut down.
2021-03-17 16:08:50.0306|INFO|Microsoft.Hosting.Lifetime|Hosting environment: Development
2021-03-17 16:08:50.0306|INFO|Microsoft.Hosting.Lifetime|Content root path: C:\Users\fatih\source\repos\zepllin\zepllin
2021-03-17 16:09:21.9466|INFO|Microsoft.Hosting.Lifetime|Now listening on: https://localhost:5001
2021-03-17 16:09:21.9895|INFO|Microsoft.Hosting.Lifetime|Now listening on: http://localhost:5000
2021-03-17 16:09:22.0001|INFO|Microsoft.Hosting.Lifetime|Application started. Press Ctrl+C to shut down.
2021-03-17 16:09:22.0001|INFO|Microsoft.Hosting.Lifetime|Hosting environment: Development
2021-03-17 16:09:22.0223|INFO|Microsoft.Hosting.Lifetime|Content root path: C:\Users\fatih\source\repos\zepllin\zepllin
2021-03-17 16:15:02.7251|INFO|Microsoft.Hosting.Lifetime|Now listening on: https://localhost:5001
2021-03-17 16:15:02.8026|INFO|Microsoft.Hosting.Lifetime|Now listening on: http://localhost:5000
2021-03-17 16:15:02.8183|INFO|Microsoft.Hosting.Lifetime|Application started. Press Ctrl+C to shut down.
2021-03-17 16:15:02.8314|INFO|Microsoft.Hosting.Lifetime|Hosting environment: Development
2021-03-17 16:15:02.8434|INFO|Microsoft.Hosting.Lifetime|Content root path: C:\Users\fatih\source\repos\zepllin\zepllin
2021-03-17 16:16:22.1058|INFO|Microsoft.Hosting.Lifetime|Now listening on: https://localhost:5001
2021-03-17 16:16:22.1441|INFO|Microsoft.Hosting.Lifetime|Now listening on: http://localhost:5000
2021-03-17 16:16:22.1541|INFO|Microsoft.Hosting.Lifetime|Application started. Press Ctrl+C to shut down.
2021-03-17 16:16:22.1541|INFO|Microsoft.Hosting.Lifetime|Hosting environment: Development
2021-03-17 16:16:22.1768|INFO|Microsoft.Hosting.Lifetime|Content root path: C:\Users\fatih\source\repos\zepllin\zepllin
2021-03-17 16:17:30.9538|INFO|Microsoft.Hosting.Lifetime|Now listening on: https://localhost:5001
2021-03-17 16:17:31.0001|INFO|Microsoft.Hosting.Lifetime|Now listening on: http://localhost:5000
2021-03-17 16:17:31.0219|INFO|Microsoft.Hosting.Lifetime|Application started. Press Ctrl+C to shut down.
2021-03-17 16:17:31.0446|INFO|Microsoft.Hosting.Lifetime|Hosting environment: Development
2021-03-17 16:17:31.0594|INFO|Microsoft.Hosting.Lifetime|Content root path: C:\Users\fatih\source\repos\zepllin\zepllin
2021-03-17 16:18:02.6616|INFO|Microsoft.Hosting.Lifetime|Now listening on: https://localhost:5001
2021-03-17 16:18:02.7010|INFO|Microsoft.Hosting.Lifetime|Now listening on: http://localhost:5000
2021-03-17 16:18:02.7010|INFO|Microsoft.Hosting.Lifetime|Application started. Press Ctrl+C to shut down.
2021-03-17 16:18:02.7243|INFO|Microsoft.Hosting.Lifetime|Hosting environment: Development
2021-03-17 16:18:02.7374|INFO|Microsoft.Hosting.Lifetime|Content root path: C:\Users\fatih\source\repos\zepllin\zepllin
2021-03-17 16:20:31.8729|INFO|Microsoft.Hosting.Lifetime|Now listening on: https://localhost:5001
2021-03-17 16:20:31.9425|INFO|Microsoft.Hosting.Lifetime|Now listening on: http://localhost:5000
2021-03-17 16:20:31.9563|INFO|Microsoft.Hosting.Lifetime|Application started. Press Ctrl+C to shut down.
2021-03-17 16:20:31.9735|INFO|Microsoft.Hosting.Lifetime|Hosting environment: Development
2021-03-17 16:20:31.9923|INFO|Microsoft.Hosting.Lifetime|Content root path: C:\Users\fatih\source\repos\zepllin\zepllin
2021-03-17 16:24:42.2728|INFO|Microsoft.Hosting.Lifetime|Now listening on: https://localhost:5001
2021-03-17 16:24:42.3462|INFO|Microsoft.Hosting.Lifetime|Now listening on: http://localhost:5000
2021-03-17 16:24:42.3612|INFO|Microsoft.Hosting.Lifetime|Application started. Press Ctrl+C to shut down.
2021-03-17 16:24:42.3770|INFO|Microsoft.Hosting.Lifetime|Hosting environment: Development
2021-03-17 16:24:42.3912|INFO|Microsoft.Hosting.Lifetime|Content root path: C:\Users\fatih\source\repos\zepllin\zepllin
2021-03-17 16:34:40.1494|INFO|Microsoft.Hosting.Lifetime|Now listening on: https://localhost:5001
2021-03-17 16:34:40.2257|INFO|Microsoft.Hosting.Lifetime|Now listening on: http://localhost:5000
2021-03-17 16:34:40.2456|INFO|Microsoft.Hosting.Lifetime|Application started. Press Ctrl+C to shut down.
2021-03-17 16:34:40.2665|INFO|Microsoft.Hosting.Lifetime|Hosting environment: Development
2021-03-17 16:34:40.2787|INFO|Microsoft.Hosting.Lifetime|Content root path: C:\Users\fatih\source\repos\zepllin\zepllin
2021-03-17 16:38:23.1888|INFO|Microsoft.Hosting.Lifetime|Now listening on: https://localhost:5001
2021-03-17 16:38:23.2548|INFO|Microsoft.Hosting.Lifetime|Now listening on: http://localhost:5000
2021-03-17 16:38:23.2723|INFO|Microsoft.Hosting.Lifetime|Application started. Press Ctrl+C to shut down.
2021-03-17 16:38:23.2904|INFO|Microsoft.Hosting.Lifetime|Hosting environment: Development
2021-03-17 16:38:23.3044|INFO|Microsoft.Hosting.Lifetime|Content root path: C:\Users\fatih\source\repos\zepllin\zepllin
2021-03-17 16:42:57.9844|INFO|Microsoft.Hosting.Lifetime|Now listening on: https://localhost:5001
2021-03-17 16:42:58.0547|INFO|Microsoft.Hosting.Lifetime|Now listening on: http://localhost:5000
2021-03-17 16:42:58.0684|INFO|Microsoft.Hosting.Lifetime|Application started. Press Ctrl+C to shut down.
2021-03-17 16:42:58.0853|INFO|Microsoft.Hosting.Lifetime|Hosting environment: Development
2021-03-17 16:42:58.0975|INFO|Microsoft.Hosting.Lifetime|Content root path: C:\Users\fatih\source\repos\zepllin\zepllin
