2021-03-15 19:55:29.7170|INFO|Microsoft.Hosting.Lifetime|Now listening on: https://localhost:5001
2021-03-15 19:55:29.7922|INFO|Microsoft.Hosting.Lifetime|Now listening on: http://localhost:5000
2021-03-15 19:55:29.8054|INFO|Microsoft.Hosting.Lifetime|Application started. Press Ctrl+C to shut down.
2021-03-15 19:55:29.8159|INFO|Microsoft.Hosting.Lifetime|Hosting environment: Development
2021-03-15 19:55:29.8159|INFO|Microsoft.Hosting.Lifetime|Content root path: C:\Users\fatih\source\repos\zepllin\zepllin
2021-03-15 19:57:36.5184|INFO|Microsoft.Hosting.Lifetime|Now listening on: https://localhost:5001
2021-03-15 19:57:36.8044|INFO|Microsoft.Hosting.Lifetime|Now listening on: http://localhost:5000
2021-03-15 19:57:36.8382|INFO|Microsoft.Hosting.Lifetime|Application started. Press Ctrl+C to shut down.
2021-03-15 19:57:36.8773|INFO|Microsoft.Hosting.Lifetime|Hosting environment: Development
2021-03-15 19:57:36.9100|INFO|Microsoft.Hosting.Lifetime|Content root path: C:\Users\fatih\source\repos\zepllin\zepllin
2021-03-15 19:58:45.3599|INFO|Microsoft.Hosting.Lifetime|Now listening on: https://localhost:5001
2021-03-15 19:58:45.4321|INFO|Microsoft.Hosting.Lifetime|Now listening on: http://localhost:5000
2021-03-15 19:58:45.4443|INFO|Microsoft.Hosting.Lifetime|Application started. Press Ctrl+C to shut down.
2021-03-15 19:58:45.4594|INFO|Microsoft.Hosting.Lifetime|Hosting environment: Development
2021-03-15 19:58:45.4700|INFO|Microsoft.Hosting.Lifetime|Content root path: C:\Users\fatih\source\repos\zepllin\zepllin
2021-03-15 19:59:46.2980|INFO|Microsoft.Hosting.Lifetime|Now listening on: https://localhost:5001
2021-03-15 19:59:46.3758|INFO|Microsoft.Hosting.Lifetime|Now listening on: http://localhost:5000
2021-03-15 19:59:46.3926|INFO|Microsoft.Hosting.Lifetime|Application started. Press Ctrl+C to shut down.
2021-03-15 19:59:46.3926|INFO|Microsoft.Hosting.Lifetime|Hosting environment: Development
2021-03-15 19:59:46.4196|INFO|Microsoft.Hosting.Lifetime|Content root path: C:\Users\fatih\source\repos\zepllin\zepllin
2021-03-15 20:00:43.8334|INFO|Microsoft.Hosting.Lifetime|Now listening on: https://localhost:5001
2021-03-15 20:00:43.9102|INFO|Microsoft.Hosting.Lifetime|Now listening on: http://localhost:5000
2021-03-15 20:00:43.9233|INFO|Microsoft.Hosting.Lifetime|Application started. Press Ctrl+C to shut down.
2021-03-15 20:00:43.9233|INFO|Microsoft.Hosting.Lifetime|Hosting environment: Development
2021-03-15 20:00:43.9487|INFO|Microsoft.Hosting.Lifetime|Content root path: C:\Users\fatih\source\repos\zepllin\zepllin
2021-03-15 20:01:54.3484|INFO|Microsoft.Hosting.Lifetime|Now listening on: https://localhost:5001
2021-03-15 20:01:54.4233|INFO|Microsoft.Hosting.Lifetime|Now listening on: http://localhost:5000
2021-03-15 20:01:54.4233|INFO|Microsoft.Hosting.Lifetime|Application started. Press Ctrl+C to shut down.
2021-03-15 20:01:54.4522|INFO|Microsoft.Hosting.Lifetime|Hosting environment: Development
2021-03-15 20:01:54.4805|INFO|Microsoft.Hosting.Lifetime|Content root path: C:\Users\fatih\source\repos\zepllin\zepllin
2021-03-15 20:02:45.3982|INFO|Microsoft.Hosting.Lifetime|Now listening on: https://localhost:5001
2021-03-15 20:02:45.4632|INFO|Microsoft.Hosting.Lifetime|Now listening on: http://localhost:5000
2021-03-15 20:02:45.4761|INFO|Microsoft.Hosting.Lifetime|Application started. Press Ctrl+C to shut down.
2021-03-15 20:02:45.4888|INFO|Microsoft.Hosting.Lifetime|Hosting environment: Development
2021-03-15 20:02:45.5020|INFO|Microsoft.Hosting.Lifetime|Content root path: C:\Users\fatih\source\repos\zepllin\zepllin
2021-03-15 20:03:40.7774|INFO|Microsoft.Hosting.Lifetime|Now listening on: https://localhost:5001
2021-03-15 20:03:40.8451|INFO|Microsoft.Hosting.Lifetime|Now listening on: http://localhost:5000
2021-03-15 20:03:40.8451|INFO|Microsoft.Hosting.Lifetime|Application started. Press Ctrl+C to shut down.
2021-03-15 20:03:40.8717|INFO|Microsoft.Hosting.Lifetime|Hosting environment: Development
2021-03-15 20:03:40.8954|INFO|Microsoft.Hosting.Lifetime|Content root path: C:\Users\fatih\source\repos\zepllin\zepllin
2021-03-15 20:04:32.3471|INFO|Microsoft.Hosting.Lifetime|Now listening on: https://localhost:5001
2021-03-15 20:04:32.4252|INFO|Microsoft.Hosting.Lifetime|Now listening on: http://localhost:5000
2021-03-15 20:04:32.4437|INFO|Microsoft.Hosting.Lifetime|Application started. Press Ctrl+C to shut down.
2021-03-15 20:04:32.4576|INFO|Microsoft.Hosting.Lifetime|Hosting environment: Development
2021-03-15 20:04:32.4718|INFO|Microsoft.Hosting.Lifetime|Content root path: C:\Users\fatih\source\repos\zepllin\zepllin
2021-03-15 20:05:21.0736|INFO|Microsoft.Hosting.Lifetime|Now listening on: https://localhost:5001
2021-03-15 20:05:21.1400|INFO|Microsoft.Hosting.Lifetime|Now listening on: http://localhost:5000
2021-03-15 20:05:21.1547|INFO|Microsoft.Hosting.Lifetime|Application started. Press Ctrl+C to shut down.
2021-03-15 20:05:21.1669|INFO|Microsoft.Hosting.Lifetime|Hosting environment: Development
2021-03-15 20:05:21.1821|INFO|Microsoft.Hosting.Lifetime|Content root path: C:\Users\fatih\source\repos\zepllin\zepllin
2021-03-15 20:05:56.7459|INFO|Microsoft.Hosting.Lifetime|Now listening on: https://localhost:5001
2021-03-15 20:05:56.7959|INFO|Microsoft.Hosting.Lifetime|Now listening on: http://localhost:5000
2021-03-15 20:05:56.8081|INFO|Microsoft.Hosting.Lifetime|Application started. Press Ctrl+C to shut down.
2021-03-15 20:05:56.8253|INFO|Microsoft.Hosting.Lifetime|Hosting environment: Development
2021-03-15 20:05:56.8383|INFO|Microsoft.Hosting.Lifetime|Content root path: C:\Users\fatih\source\repos\zepllin\zepllin
2021-03-15 20:08:14.5656|INFO|Microsoft.Hosting.Lifetime|Now listening on: https://localhost:5001
2021-03-15 20:08:14.6388|INFO|Microsoft.Hosting.Lifetime|Now listening on: http://localhost:5000
2021-03-15 20:08:14.6601|INFO|Microsoft.Hosting.Lifetime|Application started. Press Ctrl+C to shut down.
2021-03-15 20:08:14.6741|INFO|Microsoft.Hosting.Lifetime|Hosting environment: Development
2021-03-15 20:08:14.6922|INFO|Microsoft.Hosting.Lifetime|Content root path: C:\Users\fatih\source\repos\zepllin\zepllin
2021-03-15 20:09:04.8354|INFO|Microsoft.Hosting.Lifetime|Now listening on: https://localhost:5001
2021-03-15 20:09:04.8754|INFO|Microsoft.Hosting.Lifetime|Now listening on: http://localhost:5000
2021-03-15 20:09:04.8754|INFO|Microsoft.Hosting.Lifetime|Application started. Press Ctrl+C to shut down.
2021-03-15 20:09:04.8983|INFO|Microsoft.Hosting.Lifetime|Hosting environment: Development
2021-03-15 20:09:04.9119|INFO|Microsoft.Hosting.Lifetime|Content root path: C:\Users\fatih\source\repos\zepllin\zepllin
2021-03-15 20:09:24.0312|INFO|Microsoft.Hosting.Lifetime|Now listening on: https://localhost:5001
2021-03-15 20:09:24.0691|INFO|Microsoft.Hosting.Lifetime|Now listening on: http://localhost:5000
2021-03-15 20:09:24.0805|INFO|Microsoft.Hosting.Lifetime|Application started. Press Ctrl+C to shut down.
2021-03-15 20:09:24.0805|INFO|Microsoft.Hosting.Lifetime|Hosting environment: Development
2021-03-15 20:09:24.1071|INFO|Microsoft.Hosting.Lifetime|Content root path: C:\Users\fatih\source\repos\zepllin\zepllin
2021-03-15 20:09:54.2023|INFO|Microsoft.Hosting.Lifetime|Now listening on: https://localhost:5001
2021-03-15 20:09:54.2466|INFO|Microsoft.Hosting.Lifetime|Now listening on: http://localhost:5000
2021-03-15 20:09:54.2629|INFO|Microsoft.Hosting.Lifetime|Application started. Press Ctrl+C to shut down.
2021-03-15 20:09:54.2765|INFO|Microsoft.Hosting.Lifetime|Hosting environment: Development
2021-03-15 20:09:54.2942|INFO|Microsoft.Hosting.Lifetime|Content root path: C:\Users\fatih\source\repos\zepllin\zepllin
2021-03-15 20:10:24.6428|INFO|Microsoft.Hosting.Lifetime|Now listening on: https://localhost:5001
2021-03-15 20:10:24.6810|INFO|Microsoft.Hosting.Lifetime|Now listening on: http://localhost:5000
2021-03-15 20:10:24.6905|INFO|Microsoft.Hosting.Lifetime|Application started. Press Ctrl+C to shut down.
2021-03-15 20:10:24.7041|INFO|Microsoft.Hosting.Lifetime|Hosting environment: Development
2021-03-15 20:10:24.7041|INFO|Microsoft.Hosting.Lifetime|Content root path: C:\Users\fatih\source\repos\zepllin\zepllin
2021-03-15 20:10:49.2841|INFO|Microsoft.Hosting.Lifetime|Now listening on: https://localhost:5001
2021-03-15 20:10:49.3225|INFO|Microsoft.Hosting.Lifetime|Now listening on: http://localhost:5000
2021-03-15 20:10:49.3326|INFO|Microsoft.Hosting.Lifetime|Application started. Press Ctrl+C to shut down.
2021-03-15 20:10:49.3463|INFO|Microsoft.Hosting.Lifetime|Hosting environment: Development
2021-03-15 20:10:49.3463|INFO|Microsoft.Hosting.Lifetime|Content root path: C:\Users\fatih\source\repos\zepllin\zepllin
2021-03-15 20:11:08.4063|INFO|Microsoft.Hosting.Lifetime|Now listening on: https://localhost:5001
2021-03-15 20:11:08.4482|INFO|Microsoft.Hosting.Lifetime|Now listening on: http://localhost:5000
2021-03-15 20:11:08.4601|INFO|Microsoft.Hosting.Lifetime|Application started. Press Ctrl+C to shut down.
2021-03-15 20:11:08.4743|INFO|Microsoft.Hosting.Lifetime|Hosting environment: Development
2021-03-15 20:11:08.4883|INFO|Microsoft.Hosting.Lifetime|Content root path: C:\Users\fatih\source\repos\zepllin\zepllin
2021-03-15 20:13:48.2232|INFO|Microsoft.Hosting.Lifetime|Now listening on: https://localhost:5001
2021-03-15 20:13:48.2628|INFO|Microsoft.Hosting.Lifetime|Now listening on: http://localhost:5000
2021-03-15 20:13:48.2747|INFO|Microsoft.Hosting.Lifetime|Application started. Press Ctrl+C to shut down.
2021-03-15 20:13:48.2968|INFO|Microsoft.Hosting.Lifetime|Hosting environment: Development
2021-03-15 20:13:48.2968|INFO|Microsoft.Hosting.Lifetime|Content root path: C:\Users\fatih\source\repos\zepllin\zepllin
2021-03-15 20:15:38.3336|INFO|Microsoft.Hosting.Lifetime|Now listening on: https://localhost:5001
2021-03-15 20:15:38.3730|INFO|Microsoft.Hosting.Lifetime|Now listening on: http://localhost:5000
2021-03-15 20:15:38.3870|INFO|Microsoft.Hosting.Lifetime|Application started. Press Ctrl+C to shut down.
2021-03-15 20:15:38.4010|INFO|Microsoft.Hosting.Lifetime|Hosting environment: Development
2021-03-15 20:15:38.4090|INFO|Microsoft.Hosting.Lifetime|Content root path: C:\Users\fatih\source\repos\zepllin\zepllin
2021-03-15 20:27:19.0741|INFO|Microsoft.Hosting.Lifetime|Now listening on: https://localhost:5001
2021-03-15 20:27:19.1547|INFO|Microsoft.Hosting.Lifetime|Now listening on: http://localhost:5000
2021-03-15 20:27:19.1937|INFO|Microsoft.Hosting.Lifetime|Application started. Press Ctrl+C to shut down.
2021-03-15 20:27:19.2088|INFO|Microsoft.Hosting.Lifetime|Hosting environment: Development
2021-03-15 20:27:19.2209|INFO|Microsoft.Hosting.Lifetime|Content root path: C:\Users\fatih\source\repos\zepllin\zepllin
2021-03-15 20:28:33.9260|INFO|Microsoft.Hosting.Lifetime|Now listening on: https://localhost:5001
2021-03-15 20:28:34.0047|INFO|Microsoft.Hosting.Lifetime|Now listening on: http://localhost:5000
2021-03-15 20:28:34.0192|INFO|Microsoft.Hosting.Lifetime|Application started. Press Ctrl+C to shut down.
2021-03-15 20:28:34.0361|INFO|Microsoft.Hosting.Lifetime|Hosting environment: Development
2021-03-15 20:28:34.0479|INFO|Microsoft.Hosting.Lifetime|Content root path: C:\Users\fatih\source\repos\zepllin\zepllin
2021-03-15 20:29:51.1058|INFO|Microsoft.Hosting.Lifetime|Now listening on: https://localhost:5001
2021-03-15 20:29:51.1729|INFO|Microsoft.Hosting.Lifetime|Now listening on: http://localhost:5000
2021-03-15 20:29:51.1729|INFO|Microsoft.Hosting.Lifetime|Application started. Press Ctrl+C to shut down.
2021-03-15 20:29:51.2055|INFO|Microsoft.Hosting.Lifetime|Hosting environment: Development
2021-03-15 20:29:51.2055|INFO|Microsoft.Hosting.Lifetime|Content root path: C:\Users\fatih\source\repos\zepllin\zepllin
2021-03-15 20:30:35.9829|INFO|Microsoft.Hosting.Lifetime|Now listening on: https://localhost:5001
2021-03-15 20:30:36.0585|INFO|Microsoft.Hosting.Lifetime|Now listening on: http://localhost:5000
2021-03-15 20:30:36.0727|INFO|Microsoft.Hosting.Lifetime|Application started. Press Ctrl+C to shut down.
2021-03-15 20:30:36.0922|INFO|Microsoft.Hosting.Lifetime|Hosting environment: Development
2021-03-15 20:30:36.1047|INFO|Microsoft.Hosting.Lifetime|Content root path: C:\Users\fatih\source\repos\zepllin\zepllin
2021-03-15 20:33:25.1483|INFO|Microsoft.Hosting.Lifetime|Now listening on: https://localhost:5001
2021-03-15 20:33:25.2194|INFO|Microsoft.Hosting.Lifetime|Now listening on: http://localhost:5000
2021-03-15 20:33:25.2194|INFO|Microsoft.Hosting.Lifetime|Application started. Press Ctrl+C to shut down.
2021-03-15 20:33:25.2477|INFO|Microsoft.Hosting.Lifetime|Hosting environment: Development
2021-03-15 20:33:25.2652|INFO|Microsoft.Hosting.Lifetime|Content root path: C:\Users\fatih\source\repos\zepllin\zepllin
2021-03-15 20:34:06.5554|INFO|Microsoft.Hosting.Lifetime|Now listening on: https://localhost:5001
2021-03-15 20:34:06.6350|INFO|Microsoft.Hosting.Lifetime|Now listening on: http://localhost:5000
2021-03-15 20:34:06.6509|INFO|Microsoft.Hosting.Lifetime|Application started. Press Ctrl+C to shut down.
2021-03-15 20:34:06.6637|INFO|Microsoft.Hosting.Lifetime|Hosting environment: Development
2021-03-15 20:34:06.6800|INFO|Microsoft.Hosting.Lifetime|Content root path: C:\Users\fatih\source\repos\zepllin\zepllin
2021-03-15 20:36:39.7532|INFO|Microsoft.Hosting.Lifetime|Now listening on: https://localhost:5001
2021-03-15 20:36:39.8483|INFO|Microsoft.Hosting.Lifetime|Now listening on: http://localhost:5000
2021-03-15 20:36:39.8681|INFO|Microsoft.Hosting.Lifetime|Application started. Press Ctrl+C to shut down.
2021-03-15 20:36:39.8817|INFO|Microsoft.Hosting.Lifetime|Hosting environment: Development
2021-03-15 20:36:39.9010|INFO|Microsoft.Hosting.Lifetime|Content root path: C:\Users\fatih\source\repos\zepllin\zepllin
2021-03-15 20:39:49.9689|INFO|Microsoft.Hosting.Lifetime|Now listening on: https://localhost:5001
2021-03-15 20:39:50.0672|INFO|Microsoft.Hosting.Lifetime|Now listening on: http://localhost:5000
2021-03-15 20:39:50.0854|INFO|Microsoft.Hosting.Lifetime|Application started. Press Ctrl+C to shut down.
2021-03-15 20:39:50.1042|INFO|Microsoft.Hosting.Lifetime|Hosting environment: Development
2021-03-15 20:39:50.1166|INFO|Microsoft.Hosting.Lifetime|Content root path: C:\Users\fatih\source\repos\zepllin\zepllin
2021-03-15 20:47:30.6644|INFO|Microsoft.Hosting.Lifetime|Now listening on: https://localhost:5001
2021-03-15 20:47:30.7340|INFO|Microsoft.Hosting.Lifetime|Now listening on: http://localhost:5000
2021-03-15 20:47:30.7483|INFO|Microsoft.Hosting.Lifetime|Application started. Press Ctrl+C to shut down.
2021-03-15 20:47:30.7582|INFO|Microsoft.Hosting.Lifetime|Hosting environment: Development
2021-03-15 20:47:30.7702|INFO|Microsoft.Hosting.Lifetime|Content root path: C:\Users\fatih\source\repos\zepllin\zepllin
2021-03-15 20:47:52.5483|WARN|Microsoft.AspNetCore.Identity.UserManager|Invalid password for user.
2021-03-15 20:47:52.5483|WARN|Microsoft.AspNetCore.Identity.SignInManager|User failed to provide the correct password.
2021-03-15 20:47:58.8598|WARN|Microsoft.AspNetCore.Identity.UserManager|Invalid password for user.
2021-03-15 20:47:58.8598|WARN|Microsoft.AspNetCore.Identity.SignInManager|User failed to provide the correct password.
2021-03-15 20:49:07.6771|INFO|Microsoft.Hosting.Lifetime|Now listening on: https://localhost:5001
2021-03-15 20:49:07.7175|INFO|Microsoft.Hosting.Lifetime|Now listening on: http://localhost:5000
2021-03-15 20:49:07.7275|INFO|Microsoft.Hosting.Lifetime|Application started. Press Ctrl+C to shut down.
2021-03-15 20:49:07.7418|INFO|Microsoft.Hosting.Lifetime|Hosting environment: Development
2021-03-15 20:49:07.7563|INFO|Microsoft.Hosting.Lifetime|Content root path: C:\Users\fatih\source\repos\zepllin\zepllin
2021-03-15 21:05:47.6297|INFO|Microsoft.Hosting.Lifetime|Now listening on: https://localhost:5001
2021-03-15 21:05:47.6765|INFO|Microsoft.Hosting.Lifetime|Now listening on: http://localhost:5000
2021-03-15 21:05:47.6879|INFO|Microsoft.Hosting.Lifetime|Application started. Press Ctrl+C to shut down.
2021-03-15 21:05:47.6879|INFO|Microsoft.Hosting.Lifetime|Hosting environment: Development
2021-03-15 21:05:47.7095|INFO|Microsoft.Hosting.Lifetime|Content root path: C:\Users\fatih\source\repos\zepllin\zepllin
2021-03-15 21:09:26.7123|INFO|Microsoft.Hosting.Lifetime|Now listening on: https://localhost:5001
2021-03-15 21:09:26.7804|INFO|Microsoft.Hosting.Lifetime|Now listening on: http://localhost:5000
2021-03-15 21:09:26.7966|INFO|Microsoft.Hosting.Lifetime|Application started. Press Ctrl+C to shut down.
2021-03-15 21:09:26.8280|INFO|Microsoft.Hosting.Lifetime|Hosting environment: Development
2021-03-15 21:09:26.8466|INFO|Microsoft.Hosting.Lifetime|Content root path: C:\Users\fatih\source\repos\zepllin\zepllin
