2021-03-08 13:50:48.7681|INFO|Microsoft.Hosting.Lifetime|Now listening on: https://localhost:5001
2021-03-08 13:50:48.8333|INFO|Microsoft.Hosting.Lifetime|Now listening on: http://localhost:5000
2021-03-08 13:50:48.8454|INFO|Microsoft.Hosting.Lifetime|Application started. Press Ctrl+C to shut down.
2021-03-08 13:50:48.8557|INFO|Microsoft.Hosting.Lifetime|Hosting environment: Development
2021-03-08 13:50:48.8557|INFO|Microsoft.Hosting.Lifetime|Content root path: C:\Users\fatih\source\repos\zepllin\zepllin
2021-03-08 13:51:51.6549|INFO|Microsoft.Hosting.Lifetime|Now listening on: https://localhost:5001
2021-03-08 13:51:51.6942|INFO|Microsoft.Hosting.Lifetime|Now listening on: http://localhost:5000
2021-03-08 13:51:51.7130|INFO|Microsoft.Hosting.Lifetime|Application started. Press Ctrl+C to shut down.
2021-03-08 13:51:51.7130|INFO|Microsoft.Hosting.Lifetime|Hosting environment: Development
2021-03-08 13:51:51.7256|INFO|Microsoft.Hosting.Lifetime|Content root path: C:\Users\fatih\source\repos\zepllin\zepllin
2021-03-08 13:52:21.6402|INFO|Microsoft.Hosting.Lifetime|Now listening on: https://localhost:5001
2021-03-08 13:52:21.6982|INFO|Microsoft.Hosting.Lifetime|Now listening on: http://localhost:5000
2021-03-08 13:52:21.7099|INFO|Microsoft.Hosting.Lifetime|Application started. Press Ctrl+C to shut down.
2021-03-08 13:52:21.7264|INFO|Microsoft.Hosting.Lifetime|Hosting environment: Development
2021-03-08 13:52:21.7264|INFO|Microsoft.Hosting.Lifetime|Content root path: C:\Users\fatih\source\repos\zepllin\zepllin
2021-03-08 13:53:26.7942|INFO|Microsoft.Hosting.Lifetime|Now listening on: https://localhost:5001
2021-03-08 13:53:26.8979|INFO|Microsoft.Hosting.Lifetime|Now listening on: http://localhost:5000
2021-03-08 13:53:27.1168|INFO|Microsoft.Hosting.Lifetime|Application started. Press Ctrl+C to shut down.
2021-03-08 13:53:27.1585|INFO|Microsoft.Hosting.Lifetime|Hosting environment: Development
2021-03-08 13:53:27.1839|INFO|Microsoft.Hosting.Lifetime|Content root path: C:\Users\fatih\source\repos\zepllin\zepllin
2021-03-08 13:54:50.6402|INFO|Microsoft.Hosting.Lifetime|Now listening on: https://localhost:5001
2021-03-08 13:54:50.6990|INFO|Microsoft.Hosting.Lifetime|Now listening on: http://localhost:5000
2021-03-08 13:54:50.8264|INFO|Microsoft.Hosting.Lifetime|Application started. Press Ctrl+C to shut down.
2021-03-08 13:54:50.8587|INFO|Microsoft.Hosting.Lifetime|Hosting environment: Development
2021-03-08 13:54:50.8973|INFO|Microsoft.Hosting.Lifetime|Content root path: C:\Users\fatih\source\repos\zepllin\zepllin
2021-03-08 13:57:06.0460|INFO|Microsoft.Hosting.Lifetime|Now listening on: https://localhost:5001
2021-03-08 13:57:06.1279|INFO|Microsoft.Hosting.Lifetime|Now listening on: http://localhost:5000
2021-03-08 13:57:06.1410|INFO|Microsoft.Hosting.Lifetime|Application started. Press Ctrl+C to shut down.
2021-03-08 13:57:06.2446|INFO|Microsoft.Hosting.Lifetime|Hosting environment: Development
2021-03-08 13:57:06.2575|INFO|Microsoft.Hosting.Lifetime|Content root path: C:\Users\fatih\source\repos\zepllin\zepllin
2021-03-08 13:59:27.7474|INFO|Microsoft.Hosting.Lifetime|Now listening on: https://localhost:5001
2021-03-08 13:59:27.8119|INFO|Microsoft.Hosting.Lifetime|Now listening on: http://localhost:5000
2021-03-08 13:59:27.8244|INFO|Microsoft.Hosting.Lifetime|Application started. Press Ctrl+C to shut down.
2021-03-08 13:59:27.8415|INFO|Microsoft.Hosting.Lifetime|Hosting environment: Development
2021-03-08 13:59:27.8526|INFO|Microsoft.Hosting.Lifetime|Content root path: C:\Users\fatih\source\repos\zepllin\zepllin
2021-03-08 14:00:19.5240|INFO|Microsoft.Hosting.Lifetime|Now listening on: https://localhost:5001
2021-03-08 14:00:19.7036|INFO|Microsoft.Hosting.Lifetime|Now listening on: http://localhost:5000
2021-03-08 14:00:19.7331|INFO|Microsoft.Hosting.Lifetime|Application started. Press Ctrl+C to shut down.
2021-03-08 14:00:19.7733|INFO|Microsoft.Hosting.Lifetime|Hosting environment: Development
2021-03-08 14:00:19.7898|INFO|Microsoft.Hosting.Lifetime|Content root path: C:\Users\fatih\source\repos\zepllin\zepllin
2021-03-08 14:02:45.6789|INFO|Microsoft.Hosting.Lifetime|Now listening on: https://localhost:5001
2021-03-08 14:02:46.0346|INFO|Microsoft.Hosting.Lifetime|Now listening on: http://localhost:5000
2021-03-08 14:02:46.0468|INFO|Microsoft.Hosting.Lifetime|Application started. Press Ctrl+C to shut down.
2021-03-08 14:02:46.0583|INFO|Microsoft.Hosting.Lifetime|Hosting environment: Development
2021-03-08 14:02:46.0694|INFO|Microsoft.Hosting.Lifetime|Content root path: C:\Users\fatih\source\repos\zepllin\zepllin
2021-03-08 14:08:03.3878|INFO|Microsoft.Hosting.Lifetime|Now listening on: https://localhost:5001
2021-03-08 14:08:03.4569|INFO|Microsoft.Hosting.Lifetime|Now listening on: http://localhost:5000
2021-03-08 14:08:03.4799|INFO|Microsoft.Hosting.Lifetime|Application started. Press Ctrl+C to shut down.
2021-03-08 14:08:03.4938|INFO|Microsoft.Hosting.Lifetime|Hosting environment: Development
2021-03-08 14:08:03.5068|INFO|Microsoft.Hosting.Lifetime|Content root path: C:\Users\fatih\source\repos\zepllin\zepllin
2021-03-08 14:10:52.0324|INFO|Microsoft.Hosting.Lifetime|Now listening on: https://localhost:5001
2021-03-08 14:10:52.0900|INFO|Microsoft.Hosting.Lifetime|Now listening on: http://localhost:5000
2021-03-08 14:10:52.1205|INFO|Microsoft.Hosting.Lifetime|Application started. Press Ctrl+C to shut down.
2021-03-08 14:10:52.1320|INFO|Microsoft.Hosting.Lifetime|Hosting environment: Development
2021-03-08 14:10:52.1320|INFO|Microsoft.Hosting.Lifetime|Content root path: C:\Users\fatih\source\repos\zepllin\zepllin
2021-03-08 14:13:04.0094|INFO|Microsoft.Hosting.Lifetime|Now listening on: https://localhost:5001
2021-03-08 14:13:04.0982|INFO|Microsoft.Hosting.Lifetime|Now listening on: http://localhost:5000
2021-03-08 14:13:04.1145|INFO|Microsoft.Hosting.Lifetime|Application started. Press Ctrl+C to shut down.
2021-03-08 14:13:04.1280|INFO|Microsoft.Hosting.Lifetime|Hosting environment: Development
2021-03-08 14:13:04.1417|INFO|Microsoft.Hosting.Lifetime|Content root path: C:\Users\fatih\source\repos\zepllin\zepllin
2021-03-08 14:14:08.9490|INFO|Microsoft.Hosting.Lifetime|Now listening on: https://localhost:5001
2021-03-08 14:14:09.0100|INFO|Microsoft.Hosting.Lifetime|Now listening on: http://localhost:5000
2021-03-08 14:14:09.0223|INFO|Microsoft.Hosting.Lifetime|Application started. Press Ctrl+C to shut down.
2021-03-08 14:14:09.0223|INFO|Microsoft.Hosting.Lifetime|Hosting environment: Development
2021-03-08 14:14:09.0490|INFO|Microsoft.Hosting.Lifetime|Content root path: C:\Users\fatih\source\repos\zepllin\zepllin
2021-03-08 14:16:34.8299|INFO|Microsoft.Hosting.Lifetime|Now listening on: https://localhost:5001
2021-03-08 14:16:34.8987|INFO|Microsoft.Hosting.Lifetime|Now listening on: http://localhost:5000
2021-03-08 14:16:34.8987|INFO|Microsoft.Hosting.Lifetime|Application started. Press Ctrl+C to shut down.
2021-03-08 14:16:34.9248|INFO|Microsoft.Hosting.Lifetime|Hosting environment: Development
2021-03-08 14:16:34.9485|INFO|Microsoft.Hosting.Lifetime|Content root path: C:\Users\fatih\source\repos\zepllin\zepllin
2021-03-08 14:19:44.4094|INFO|Microsoft.Hosting.Lifetime|Now listening on: https://localhost:5001
2021-03-08 14:19:44.4778|INFO|Microsoft.Hosting.Lifetime|Now listening on: http://localhost:5000
2021-03-08 14:19:44.4952|INFO|Microsoft.Hosting.Lifetime|Application started. Press Ctrl+C to shut down.
2021-03-08 14:19:44.5074|INFO|Microsoft.Hosting.Lifetime|Hosting environment: Development
2021-03-08 14:19:44.5242|INFO|Microsoft.Hosting.Lifetime|Content root path: C:\Users\fatih\source\repos\zepllin\zepllin
2021-03-08 14:21:02.3204|INFO|Microsoft.Hosting.Lifetime|Now listening on: https://localhost:5001
2021-03-08 14:21:02.3820|INFO|Microsoft.Hosting.Lifetime|Now listening on: http://localhost:5000
2021-03-08 14:21:02.3820|INFO|Microsoft.Hosting.Lifetime|Application started. Press Ctrl+C to shut down.
2021-03-08 14:21:02.4061|INFO|Microsoft.Hosting.Lifetime|Hosting environment: Development
2021-03-08 14:21:02.4217|INFO|Microsoft.Hosting.Lifetime|Content root path: C:\Users\fatih\source\repos\zepllin\zepllin
2021-03-08 14:21:31.8025|INFO|Microsoft.Hosting.Lifetime|Now listening on: https://localhost:5001
2021-03-08 14:21:31.8670|INFO|Microsoft.Hosting.Lifetime|Now listening on: http://localhost:5000
2021-03-08 14:21:31.8852|INFO|Microsoft.Hosting.Lifetime|Application started. Press Ctrl+C to shut down.
2021-03-08 14:21:31.9024|INFO|Microsoft.Hosting.Lifetime|Hosting environment: Development
2021-03-08 14:21:31.9142|INFO|Microsoft.Hosting.Lifetime|Content root path: C:\Users\fatih\source\repos\zepllin\zepllin
2021-03-08 14:22:14.0841|INFO|Microsoft.Hosting.Lifetime|Now listening on: https://localhost:5001
2021-03-08 14:22:14.1786|INFO|Microsoft.Hosting.Lifetime|Now listening on: http://localhost:5000
2021-03-08 14:22:14.2048|INFO|Microsoft.Hosting.Lifetime|Application started. Press Ctrl+C to shut down.
2021-03-08 14:22:14.2273|INFO|Microsoft.Hosting.Lifetime|Hosting environment: Development
2021-03-08 14:22:14.2505|INFO|Microsoft.Hosting.Lifetime|Content root path: C:\Users\fatih\source\repos\zepllin\zepllin
2021-03-08 14:26:52.3812|INFO|Microsoft.Hosting.Lifetime|Now listening on: https://localhost:5001
2021-03-08 14:26:52.4441|INFO|Microsoft.Hosting.Lifetime|Now listening on: http://localhost:5000
2021-03-08 14:26:52.4441|INFO|Microsoft.Hosting.Lifetime|Application started. Press Ctrl+C to shut down.
2021-03-08 14:26:52.4688|INFO|Microsoft.Hosting.Lifetime|Hosting environment: Development
2021-03-08 14:26:52.4820|INFO|Microsoft.Hosting.Lifetime|Content root path: C:\Users\fatih\source\repos\zepllin\zepllin
2021-03-08 14:27:19.9476|INFO|Microsoft.Hosting.Lifetime|Now listening on: https://localhost:5001
2021-03-08 14:27:20.0407|INFO|Microsoft.Hosting.Lifetime|Now listening on: http://localhost:5000
2021-03-08 14:27:20.0623|INFO|Microsoft.Hosting.Lifetime|Application started. Press Ctrl+C to shut down.
2021-03-08 14:27:20.0747|INFO|Microsoft.Hosting.Lifetime|Hosting environment: Development
2021-03-08 14:27:20.0866|INFO|Microsoft.Hosting.Lifetime|Content root path: C:\Users\fatih\source\repos\zepllin\zepllin
2021-03-08 14:35:43.8060|INFO|Microsoft.Hosting.Lifetime|Now listening on: https://localhost:5001
2021-03-08 14:35:43.8641|INFO|Microsoft.Hosting.Lifetime|Now listening on: http://localhost:5000
2021-03-08 14:35:43.8768|INFO|Microsoft.Hosting.Lifetime|Application started. Press Ctrl+C to shut down.
2021-03-08 14:35:43.8946|INFO|Microsoft.Hosting.Lifetime|Hosting environment: Development
2021-03-08 14:35:43.9074|INFO|Microsoft.Hosting.Lifetime|Content root path: C:\Users\fatih\source\repos\zepllin\zepllin
2021-03-08 14:37:02.0997|INFO|Microsoft.Hosting.Lifetime|Now listening on: https://localhost:5001
2021-03-08 14:37:02.1728|INFO|Microsoft.Hosting.Lifetime|Now listening on: http://localhost:5000
2021-03-08 14:37:02.1864|INFO|Microsoft.Hosting.Lifetime|Application started. Press Ctrl+C to shut down.
2021-03-08 14:37:02.1984|INFO|Microsoft.Hosting.Lifetime|Hosting environment: Development
2021-03-08 14:37:02.2162|INFO|Microsoft.Hosting.Lifetime|Content root path: C:\Users\fatih\source\repos\zepllin\zepllin
2021-03-08 14:42:38.9865|INFO|Microsoft.Hosting.Lifetime|Now listening on: https://localhost:5001
2021-03-08 14:42:39.0624|INFO|Microsoft.Hosting.Lifetime|Now listening on: http://localhost:5000
2021-03-08 14:42:39.0853|INFO|Microsoft.Hosting.Lifetime|Application started. Press Ctrl+C to shut down.
2021-03-08 14:42:39.0853|INFO|Microsoft.Hosting.Lifetime|Hosting environment: Development
2021-03-08 14:42:39.1256|INFO|Microsoft.Hosting.Lifetime|Content root path: C:\Users\fatih\source\repos\zepllin\zepllin
2021-03-08 14:45:12.1736|INFO|Microsoft.Hosting.Lifetime|Now listening on: https://localhost:5001
2021-03-08 14:45:12.2399|INFO|Microsoft.Hosting.Lifetime|Now listening on: http://localhost:5000
2021-03-08 14:45:12.2525|INFO|Microsoft.Hosting.Lifetime|Application started. Press Ctrl+C to shut down.
2021-03-08 14:45:12.2634|INFO|Microsoft.Hosting.Lifetime|Hosting environment: Development
2021-03-08 14:45:12.2803|INFO|Microsoft.Hosting.Lifetime|Content root path: C:\Users\fatih\source\repos\zepllin\zepllin
2021-03-08 14:47:08.8914|INFO|Microsoft.Hosting.Lifetime|Now listening on: https://localhost:5001
2021-03-08 14:47:08.9528|INFO|Microsoft.Hosting.Lifetime|Now listening on: http://localhost:5000
2021-03-08 14:47:08.9662|INFO|Microsoft.Hosting.Lifetime|Application started. Press Ctrl+C to shut down.
2021-03-08 14:47:08.9779|INFO|Microsoft.Hosting.Lifetime|Hosting environment: Development
2021-03-08 14:47:08.9936|INFO|Microsoft.Hosting.Lifetime|Content root path: C:\Users\fatih\source\repos\zepllin\zepllin
2021-03-08 14:51:43.5705|INFO|Microsoft.Hosting.Lifetime|Now listening on: https://localhost:5001
2021-03-08 14:51:43.6336|INFO|Microsoft.Hosting.Lifetime|Now listening on: http://localhost:5000
2021-03-08 14:51:43.6547|INFO|Microsoft.Hosting.Lifetime|Application started. Press Ctrl+C to shut down.
2021-03-08 14:51:43.6723|INFO|Microsoft.Hosting.Lifetime|Hosting environment: Development
2021-03-08 14:51:43.6850|INFO|Microsoft.Hosting.Lifetime|Content root path: C:\Users\fatih\source\repos\zepllin\zepllin
2021-03-08 14:52:20.2524|INFO|Microsoft.Hosting.Lifetime|Now listening on: https://localhost:5001
2021-03-08 14:52:20.3196|INFO|Microsoft.Hosting.Lifetime|Now listening on: http://localhost:5000
2021-03-08 14:52:20.3196|INFO|Microsoft.Hosting.Lifetime|Application started. Press Ctrl+C to shut down.
2021-03-08 14:52:20.3522|INFO|Microsoft.Hosting.Lifetime|Hosting environment: Development
2021-03-08 14:52:20.3522|INFO|Microsoft.Hosting.Lifetime|Content root path: C:\Users\fatih\source\repos\zepllin\zepllin
2021-03-08 14:52:56.2297|INFO|Microsoft.Hosting.Lifetime|Now listening on: https://localhost:5001
2021-03-08 14:52:56.2869|INFO|Microsoft.Hosting.Lifetime|Now listening on: http://localhost:5000
2021-03-08 14:52:56.3046|INFO|Microsoft.Hosting.Lifetime|Application started. Press Ctrl+C to shut down.
2021-03-08 14:52:56.3299|INFO|Microsoft.Hosting.Lifetime|Hosting environment: Development
2021-03-08 14:52:56.3468|INFO|Microsoft.Hosting.Lifetime|Content root path: C:\Users\fatih\source\repos\zepllin\zepllin
2021-03-08 14:53:31.2495|INFO|Microsoft.Hosting.Lifetime|Now listening on: https://localhost:5001
2021-03-08 14:53:31.3067|INFO|Microsoft.Hosting.Lifetime|Now listening on: http://localhost:5000
2021-03-08 14:53:31.3192|INFO|Microsoft.Hosting.Lifetime|Application started. Press Ctrl+C to shut down.
2021-03-08 14:53:31.3362|INFO|Microsoft.Hosting.Lifetime|Hosting environment: Development
2021-03-08 14:53:31.3362|INFO|Microsoft.Hosting.Lifetime|Content root path: C:\Users\fatih\source\repos\zepllin\zepllin
2021-03-08 15:10:51.8828|INFO|Microsoft.Hosting.Lifetime|Now listening on: https://localhost:5001
2021-03-08 15:10:51.9460|INFO|Microsoft.Hosting.Lifetime|Now listening on: http://localhost:5000
2021-03-08 15:10:51.9460|INFO|Microsoft.Hosting.Lifetime|Application started. Press Ctrl+C to shut down.
2021-03-08 15:10:51.9744|INFO|Microsoft.Hosting.Lifetime|Hosting environment: Development
2021-03-08 15:10:51.9860|INFO|Microsoft.Hosting.Lifetime|Content root path: C:\Users\fatih\source\repos\zepllin\zepllin
2021-03-08 15:13:18.2443|INFO|Microsoft.Hosting.Lifetime|Now listening on: https://localhost:5001
2021-03-08 15:13:18.3123|INFO|Microsoft.Hosting.Lifetime|Now listening on: http://localhost:5000
2021-03-08 15:13:18.3437|INFO|Microsoft.Hosting.Lifetime|Application started. Press Ctrl+C to shut down.
2021-03-08 15:13:18.3560|INFO|Microsoft.Hosting.Lifetime|Hosting environment: Development
2021-03-08 15:13:18.3747|INFO|Microsoft.Hosting.Lifetime|Content root path: C:\Users\fatih\source\repos\zepllin\zepllin
2021-03-08 15:14:53.9443|INFO|Microsoft.Hosting.Lifetime|Now listening on: https://localhost:5001
2021-03-08 15:14:54.0215|INFO|Microsoft.Hosting.Lifetime|Now listening on: http://localhost:5000
2021-03-08 15:14:54.0354|INFO|Microsoft.Hosting.Lifetime|Application started. Press Ctrl+C to shut down.
2021-03-08 15:14:54.0536|INFO|Microsoft.Hosting.Lifetime|Hosting environment: Development
2021-03-08 15:14:54.0663|INFO|Microsoft.Hosting.Lifetime|Content root path: C:\Users\fatih\source\repos\zepllin\zepllin
2021-03-08 15:18:54.6973|INFO|Microsoft.Hosting.Lifetime|Now listening on: https://localhost:5001
2021-03-08 15:18:54.7867|INFO|Microsoft.Hosting.Lifetime|Now listening on: http://localhost:5000
2021-03-08 15:18:54.8043|INFO|Microsoft.Hosting.Lifetime|Application started. Press Ctrl+C to shut down.
2021-03-08 15:18:54.8197|INFO|Microsoft.Hosting.Lifetime|Hosting environment: Development
2021-03-08 15:18:54.8436|INFO|Microsoft.Hosting.Lifetime|Content root path: C:\Users\fatih\source\repos\zepllin\zepllin
2021-03-08 15:20:02.7974|INFO|Microsoft.Hosting.Lifetime|Now listening on: https://localhost:5001
2021-03-08 15:20:02.8910|INFO|Microsoft.Hosting.Lifetime|Now listening on: http://localhost:5000
2021-03-08 15:20:02.9065|INFO|Microsoft.Hosting.Lifetime|Application started. Press Ctrl+C to shut down.
2021-03-08 15:20:02.9201|INFO|Microsoft.Hosting.Lifetime|Hosting environment: Development
2021-03-08 15:20:02.9393|INFO|Microsoft.Hosting.Lifetime|Content root path: C:\Users\fatih\source\repos\zepllin\zepllin
2021-03-08 15:27:20.9773|INFO|Microsoft.Hosting.Lifetime|Now listening on: https://localhost:5001
2021-03-08 15:27:21.0380|INFO|Microsoft.Hosting.Lifetime|Now listening on: http://localhost:5000
2021-03-08 15:27:21.0380|INFO|Microsoft.Hosting.Lifetime|Application started. Press Ctrl+C to shut down.
2021-03-08 15:27:21.0721|INFO|Microsoft.Hosting.Lifetime|Hosting environment: Development
2021-03-08 15:27:21.0853|INFO|Microsoft.Hosting.Lifetime|Content root path: C:\Users\fatih\source\repos\zepllin\zepllin
2021-03-08 15:28:43.6273|INFO|Microsoft.Hosting.Lifetime|Now listening on: https://localhost:5001
2021-03-08 15:28:43.6867|INFO|Microsoft.Hosting.Lifetime|Now listening on: http://localhost:5000
2021-03-08 15:28:43.6998|INFO|Microsoft.Hosting.Lifetime|Application started. Press Ctrl+C to shut down.
2021-03-08 15:28:43.7157|INFO|Microsoft.Hosting.Lifetime|Hosting environment: Development
2021-03-08 15:28:43.7280|INFO|Microsoft.Hosting.Lifetime|Content root path: C:\Users\fatih\source\repos\zepllin\zepllin
2021-03-08 15:32:33.0722|INFO|Microsoft.Hosting.Lifetime|Now listening on: https://localhost:5001
2021-03-08 15:32:33.1352|INFO|Microsoft.Hosting.Lifetime|Now listening on: http://localhost:5000
2021-03-08 15:32:33.1487|INFO|Microsoft.Hosting.Lifetime|Application started. Press Ctrl+C to shut down.
2021-03-08 15:32:33.1645|INFO|Microsoft.Hosting.Lifetime|Hosting environment: Development
2021-03-08 15:32:33.1645|INFO|Microsoft.Hosting.Lifetime|Content root path: C:\Users\fatih\source\repos\zepllin\zepllin
2021-03-08 15:33:44.2067|INFO|Microsoft.Hosting.Lifetime|Now listening on: https://localhost:5001
2021-03-08 15:33:44.3287|INFO|Microsoft.Hosting.Lifetime|Now listening on: http://localhost:5000
2021-03-08 15:33:44.3425|INFO|Microsoft.Hosting.Lifetime|Application started. Press Ctrl+C to shut down.
2021-03-08 15:33:44.3554|INFO|Microsoft.Hosting.Lifetime|Hosting environment: Development
2021-03-08 15:33:44.3748|INFO|Microsoft.Hosting.Lifetime|Content root path: C:\Users\fatih\source\repos\zepllin\zepllin
2021-03-08 15:34:11.1877|INFO|Microsoft.Hosting.Lifetime|Now listening on: https://localhost:5001
2021-03-08 15:34:11.2459|INFO|Microsoft.Hosting.Lifetime|Now listening on: http://localhost:5000
2021-03-08 15:34:11.2584|INFO|Microsoft.Hosting.Lifetime|Application started. Press Ctrl+C to shut down.
2021-03-08 15:34:11.2584|INFO|Microsoft.Hosting.Lifetime|Hosting environment: Development
2021-03-08 15:34:11.2870|INFO|Microsoft.Hosting.Lifetime|Content root path: C:\Users\fatih\source\repos\zepllin\zepllin
2021-03-08 16:02:40.6867|INFO|Microsoft.Hosting.Lifetime|Now listening on: https://localhost:5001
2021-03-08 16:02:40.7223|INFO|Microsoft.Hosting.Lifetime|Now listening on: http://localhost:5000
2021-03-08 16:02:40.7312|INFO|Microsoft.Hosting.Lifetime|Application started. Press Ctrl+C to shut down.
2021-03-08 16:02:40.7467|INFO|Microsoft.Hosting.Lifetime|Hosting environment: Development
2021-03-08 16:02:40.7606|INFO|Microsoft.Hosting.Lifetime|Content root path: C:\Users\fatih\source\repos\zepllin\zepllin
2021-03-08 19:12:47.2352|INFO|Microsoft.Hosting.Lifetime|Now listening on: https://localhost:5001
2021-03-08 19:12:47.3222|INFO|Microsoft.Hosting.Lifetime|Now listening on: http://localhost:5000
2021-03-08 19:12:47.3380|INFO|Microsoft.Hosting.Lifetime|Application started. Press Ctrl+C to shut down.
2021-03-08 19:12:47.3508|INFO|Microsoft.Hosting.Lifetime|Hosting environment: Development
2021-03-08 19:12:47.3634|INFO|Microsoft.Hosting.Lifetime|Content root path: C:\Users\fatih\source\repos\zepllin\zepllin
2021-03-08 19:15:06.6422|INFO|Microsoft.Hosting.Lifetime|Now listening on: https://localhost:5001
2021-03-08 19:15:06.7105|INFO|Microsoft.Hosting.Lifetime|Now listening on: http://localhost:5000
2021-03-08 19:15:06.7367|INFO|Microsoft.Hosting.Lifetime|Application started. Press Ctrl+C to shut down.
2021-03-08 19:15:06.7512|INFO|Microsoft.Hosting.Lifetime|Hosting environment: Development
2021-03-08 19:15:06.7682|INFO|Microsoft.Hosting.Lifetime|Content root path: C:\Users\fatih\source\repos\zepllin\zepllin
2021-03-08 19:15:41.6013|INFO|Microsoft.Hosting.Lifetime|Now listening on: https://localhost:5001
2021-03-08 19:15:41.6579|INFO|Microsoft.Hosting.Lifetime|Now listening on: http://localhost:5000
2021-03-08 19:15:41.6721|INFO|Microsoft.Hosting.Lifetime|Application started. Press Ctrl+C to shut down.
2021-03-08 19:15:41.6835|INFO|Microsoft.Hosting.Lifetime|Hosting environment: Development
2021-03-08 19:15:41.6985|INFO|Microsoft.Hosting.Lifetime|Content root path: C:\Users\fatih\source\repos\zepllin\zepllin
2021-03-08 19:16:47.7256|INFO|Microsoft.Hosting.Lifetime|Now listening on: https://localhost:5001
2021-03-08 19:16:47.7841|INFO|Microsoft.Hosting.Lifetime|Now listening on: http://localhost:5000
2021-03-08 19:16:47.7841|INFO|Microsoft.Hosting.Lifetime|Application started. Press Ctrl+C to shut down.
2021-03-08 19:16:47.8139|INFO|Microsoft.Hosting.Lifetime|Hosting environment: Development
2021-03-08 19:16:47.8260|INFO|Microsoft.Hosting.Lifetime|Content root path: C:\Users\fatih\source\repos\zepllin\zepllin
2021-03-08 19:22:57.0653|INFO|Microsoft.Hosting.Lifetime|Now listening on: https://localhost:5001
2021-03-08 19:22:57.1298|INFO|Microsoft.Hosting.Lifetime|Now listening on: http://localhost:5000
2021-03-08 19:22:57.1453|INFO|Microsoft.Hosting.Lifetime|Application started. Press Ctrl+C to shut down.
2021-03-08 19:22:57.1628|INFO|Microsoft.Hosting.Lifetime|Hosting environment: Development
2021-03-08 19:22:57.1756|INFO|Microsoft.Hosting.Lifetime|Content root path: C:\Users\fatih\source\repos\zepllin\zepllin
2021-03-08 20:37:02.2534|INFO|Microsoft.Hosting.Lifetime|Now listening on: https://localhost:5001
2021-03-08 20:37:02.3426|INFO|Microsoft.Hosting.Lifetime|Now listening on: http://localhost:5000
2021-03-08 20:37:02.3605|INFO|Microsoft.Hosting.Lifetime|Application started. Press Ctrl+C to shut down.
2021-03-08 20:37:02.3757|INFO|Microsoft.Hosting.Lifetime|Hosting environment: Development
2021-03-08 20:37:02.3958|INFO|Microsoft.Hosting.Lifetime|Content root path: C:\Users\fatih\source\repos\zepllin\zepllin
2021-03-08 20:37:26.7905|INFO|Microsoft.Hosting.Lifetime|Now listening on: https://localhost:5001
2021-03-08 20:37:26.8818|INFO|Microsoft.Hosting.Lifetime|Now listening on: http://localhost:5000
2021-03-08 20:37:26.9045|INFO|Microsoft.Hosting.Lifetime|Application started. Press Ctrl+C to shut down.
2021-03-08 20:37:26.9179|INFO|Microsoft.Hosting.Lifetime|Hosting environment: Development
2021-03-08 20:37:26.9364|INFO|Microsoft.Hosting.Lifetime|Content root path: C:\Users\fatih\source\repos\zepllin\zepllin
2021-03-08 20:37:44.0962|INFO|Microsoft.Hosting.Lifetime|Now listening on: https://localhost:5001
2021-03-08 20:37:44.1384|INFO|Microsoft.Hosting.Lifetime|Now listening on: http://localhost:5000
2021-03-08 20:37:44.1489|INFO|Microsoft.Hosting.Lifetime|Application started. Press Ctrl+C to shut down.
2021-03-08 20:37:44.1619|INFO|Microsoft.Hosting.Lifetime|Hosting environment: Development
2021-03-08 20:37:44.1754|INFO|Microsoft.Hosting.Lifetime|Content root path: C:\Users\fatih\source\repos\zepllin\zepllin
2021-03-08 20:43:10.6983|INFO|Microsoft.Hosting.Lifetime|Now listening on: https://localhost:5001
2021-03-08 20:43:10.8445|INFO|Microsoft.Hosting.Lifetime|Now listening on: http://localhost:5000
2021-03-08 20:43:10.8618|INFO|Microsoft.Hosting.Lifetime|Application started. Press Ctrl+C to shut down.
2021-03-08 20:43:10.8905|INFO|Microsoft.Hosting.Lifetime|Hosting environment: Development
2021-03-08 20:43:10.9119|INFO|Microsoft.Hosting.Lifetime|Content root path: C:\Users\fatih\source\repos\zepllin\zepllin
2021-03-08 20:44:26.2428|INFO|Microsoft.Hosting.Lifetime|Now listening on: https://localhost:5001
2021-03-08 20:44:26.3335|INFO|Microsoft.Hosting.Lifetime|Now listening on: http://localhost:5000
2021-03-08 20:44:26.3476|INFO|Microsoft.Hosting.Lifetime|Application started. Press Ctrl+C to shut down.
2021-03-08 20:44:26.3677|INFO|Microsoft.Hosting.Lifetime|Hosting environment: Development
2021-03-08 20:44:26.3803|INFO|Microsoft.Hosting.Lifetime|Content root path: C:\Users\fatih\source\repos\zepllin\zepllin
2021-03-08 20:44:43.1591|INFO|Microsoft.Hosting.Lifetime|Now listening on: https://localhost:5001
2021-03-08 20:44:43.2744|INFO|Microsoft.Hosting.Lifetime|Now listening on: http://localhost:5000
2021-03-08 20:44:43.2884|INFO|Microsoft.Hosting.Lifetime|Application started. Press Ctrl+C to shut down.
2021-03-08 20:44:43.3031|INFO|Microsoft.Hosting.Lifetime|Hosting environment: Development
2021-03-08 20:44:43.3319|INFO|Microsoft.Hosting.Lifetime|Content root path: C:\Users\fatih\source\repos\zepllin\zepllin
2021-03-08 20:45:04.3375|INFO|Microsoft.Hosting.Lifetime|Now listening on: https://localhost:5001
2021-03-08 20:45:04.4131|INFO|Microsoft.Hosting.Lifetime|Now listening on: http://localhost:5000
2021-03-08 20:45:04.4312|INFO|Microsoft.Hosting.Lifetime|Application started. Press Ctrl+C to shut down.
2021-03-08 20:45:04.4484|INFO|Microsoft.Hosting.Lifetime|Hosting environment: Development
2021-03-08 20:45:04.4637|INFO|Microsoft.Hosting.Lifetime|Content root path: C:\Users\fatih\source\repos\zepllin\zepllin
2021-03-08 20:45:14.7650|INFO|Microsoft.Hosting.Lifetime|Now listening on: https://localhost:5001
2021-03-08 20:45:14.8045|INFO|Microsoft.Hosting.Lifetime|Now listening on: http://localhost:5000
2021-03-08 20:45:14.8045|INFO|Microsoft.Hosting.Lifetime|Application started. Press Ctrl+C to shut down.
2021-03-08 20:45:14.8268|INFO|Microsoft.Hosting.Lifetime|Hosting environment: Development
2021-03-08 20:45:14.8405|INFO|Microsoft.Hosting.Lifetime|Content root path: C:\Users\fatih\source\repos\zepllin\zepllin
2021-03-08 20:45:42.0486|INFO|Microsoft.Hosting.Lifetime|Now listening on: https://localhost:5001
2021-03-08 20:45:42.1170|INFO|Microsoft.Hosting.Lifetime|Now listening on: http://localhost:5000
2021-03-08 20:45:42.1318|INFO|Microsoft.Hosting.Lifetime|Application started. Press Ctrl+C to shut down.
2021-03-08 20:45:42.1453|INFO|Microsoft.Hosting.Lifetime|Hosting environment: Development
2021-03-08 20:45:42.1453|INFO|Microsoft.Hosting.Lifetime|Content root path: C:\Users\fatih\source\repos\zepllin\zepllin
2021-03-08 20:47:08.8932|INFO|Microsoft.Hosting.Lifetime|Now listening on: https://localhost:5001
2021-03-08 20:47:08.9648|INFO|Microsoft.Hosting.Lifetime|Now listening on: http://localhost:5000
2021-03-08 20:47:08.9835|INFO|Microsoft.Hosting.Lifetime|Application started. Press Ctrl+C to shut down.
2021-03-08 20:47:08.9987|INFO|Microsoft.Hosting.Lifetime|Hosting environment: Development
2021-03-08 20:47:09.0172|INFO|Microsoft.Hosting.Lifetime|Content root path: C:\Users\fatih\source\repos\zepllin\zepllin
2021-03-08 20:52:28.0063|INFO|Microsoft.Hosting.Lifetime|Now listening on: https://localhost:5001
2021-03-08 20:52:28.0999|INFO|Microsoft.Hosting.Lifetime|Now listening on: http://localhost:5000
2021-03-08 20:52:28.1252|INFO|Microsoft.Hosting.Lifetime|Application started. Press Ctrl+C to shut down.
2021-03-08 20:52:28.1625|INFO|Microsoft.Hosting.Lifetime|Hosting environment: Development
2021-03-08 20:52:28.1876|INFO|Microsoft.Hosting.Lifetime|Content root path: C:\Users\fatih\source\repos\zepllin\zepllin
2021-03-08 20:53:58.0829|INFO|Microsoft.Hosting.Lifetime|Now listening on: https://localhost:5001
2021-03-08 20:53:58.1736|INFO|Microsoft.Hosting.Lifetime|Now listening on: http://localhost:5000
2021-03-08 20:53:58.1923|INFO|Microsoft.Hosting.Lifetime|Application started. Press Ctrl+C to shut down.
2021-03-08 20:53:58.2089|INFO|Microsoft.Hosting.Lifetime|Hosting environment: Development
2021-03-08 20:53:58.2325|INFO|Microsoft.Hosting.Lifetime|Content root path: C:\Users\fatih\source\repos\zepllin\zepllin
2021-03-08 20:56:29.7615|INFO|Microsoft.Hosting.Lifetime|Now listening on: https://localhost:5001
2021-03-08 20:56:29.8221|INFO|Microsoft.Hosting.Lifetime|Now listening on: http://localhost:5000
2021-03-08 20:56:29.8418|INFO|Microsoft.Hosting.Lifetime|Application started. Press Ctrl+C to shut down.
2021-03-08 20:56:29.8571|INFO|Microsoft.Hosting.Lifetime|Hosting environment: Development
2021-03-08 20:56:29.8712|INFO|Microsoft.Hosting.Lifetime|Content root path: C:\Users\fatih\source\repos\zepllin\zepllin
2021-03-08 20:57:00.3627|INFO|Microsoft.Hosting.Lifetime|Now listening on: https://localhost:5001
2021-03-08 20:57:00.4116|INFO|Microsoft.Hosting.Lifetime|Now listening on: http://localhost:5000
2021-03-08 20:57:00.4257|INFO|Microsoft.Hosting.Lifetime|Application started. Press Ctrl+C to shut down.
2021-03-08 20:57:00.4434|INFO|Microsoft.Hosting.Lifetime|Hosting environment: Development
2021-03-08 20:57:00.4571|INFO|Microsoft.Hosting.Lifetime|Content root path: C:\Users\fatih\source\repos\zepllin\zepllin
2021-03-08 20:57:52.5486|INFO|Microsoft.Hosting.Lifetime|Now listening on: https://localhost:5001
2021-03-08 20:57:52.6000|INFO|Microsoft.Hosting.Lifetime|Now listening on: http://localhost:5000
2021-03-08 20:57:52.6179|INFO|Microsoft.Hosting.Lifetime|Application started. Press Ctrl+C to shut down.
2021-03-08 20:57:52.6290|INFO|Microsoft.Hosting.Lifetime|Hosting environment: Development
2021-03-08 20:57:52.6435|INFO|Microsoft.Hosting.Lifetime|Content root path: C:\Users\fatih\source\repos\zepllin\zepllin
2021-03-08 21:01:42.6274|INFO|Microsoft.Hosting.Lifetime|Now listening on: https://localhost:5001
2021-03-08 21:01:42.6858|INFO|Microsoft.Hosting.Lifetime|Now listening on: http://localhost:5000
2021-03-08 21:01:42.7029|INFO|Microsoft.Hosting.Lifetime|Application started. Press Ctrl+C to shut down.
2021-03-08 21:01:42.7232|INFO|Microsoft.Hosting.Lifetime|Hosting environment: Development
2021-03-08 21:01:42.7414|INFO|Microsoft.Hosting.Lifetime|Content root path: C:\Users\fatih\source\repos\zepllin\zepllin
2021-03-08 21:02:38.7464|INFO|Microsoft.Hosting.Lifetime|Now listening on: https://localhost:5001
2021-03-08 21:02:38.8228|INFO|Microsoft.Hosting.Lifetime|Now listening on: http://localhost:5000
2021-03-08 21:02:38.8389|INFO|Microsoft.Hosting.Lifetime|Application started. Press Ctrl+C to shut down.
2021-03-08 21:02:38.8528|INFO|Microsoft.Hosting.Lifetime|Hosting environment: Development
2021-03-08 21:02:38.8678|INFO|Microsoft.Hosting.Lifetime|Content root path: C:\Users\fatih\source\repos\zepllin\zepllin
2021-03-08 21:04:27.2833|INFO|Microsoft.Hosting.Lifetime|Now listening on: https://localhost:5001
2021-03-08 21:04:27.3735|INFO|Microsoft.Hosting.Lifetime|Now listening on: http://localhost:5000
2021-03-08 21:04:27.3966|INFO|Microsoft.Hosting.Lifetime|Application started. Press Ctrl+C to shut down.
2021-03-08 21:04:27.4142|INFO|Microsoft.Hosting.Lifetime|Hosting environment: Development
2021-03-08 21:04:27.4322|INFO|Microsoft.Hosting.Lifetime|Content root path: C:\Users\fatih\source\repos\zepllin\zepllin
2021-03-08 21:05:35.3310|INFO|Microsoft.Hosting.Lifetime|Now listening on: https://localhost:5001
2021-03-08 21:05:35.4244|INFO|Microsoft.Hosting.Lifetime|Now listening on: http://localhost:5000
2021-03-08 21:05:35.4389|INFO|Microsoft.Hosting.Lifetime|Application started. Press Ctrl+C to shut down.
2021-03-08 21:05:35.4540|INFO|Microsoft.Hosting.Lifetime|Hosting environment: Development
2021-03-08 21:05:35.4669|INFO|Microsoft.Hosting.Lifetime|Content root path: C:\Users\fatih\source\repos\zepllin\zepllin
2021-03-08 21:06:53.8756|INFO|Microsoft.Hosting.Lifetime|Now listening on: https://localhost:5001
2021-03-08 21:06:53.9342|INFO|Microsoft.Hosting.Lifetime|Now listening on: http://localhost:5000
2021-03-08 21:06:53.9485|INFO|Microsoft.Hosting.Lifetime|Application started. Press Ctrl+C to shut down.
2021-03-08 21:06:53.9614|INFO|Microsoft.Hosting.Lifetime|Hosting environment: Development
2021-03-08 21:06:53.9749|INFO|Microsoft.Hosting.Lifetime|Content root path: C:\Users\fatih\source\repos\zepllin\zepllin
2021-03-08 21:08:21.5036|INFO|Microsoft.Hosting.Lifetime|Now listening on: https://localhost:5001
2021-03-08 21:08:21.5635|INFO|Microsoft.Hosting.Lifetime|Now listening on: http://localhost:5000
2021-03-08 21:08:21.5832|INFO|Microsoft.Hosting.Lifetime|Application started. Press Ctrl+C to shut down.
2021-03-08 21:08:21.5982|INFO|Microsoft.Hosting.Lifetime|Hosting environment: Development
2021-03-08 21:08:21.6157|INFO|Microsoft.Hosting.Lifetime|Content root path: C:\Users\fatih\source\repos\zepllin\zepllin
2021-03-08 21:09:31.4570|INFO|Microsoft.Hosting.Lifetime|Now listening on: https://localhost:5001
2021-03-08 21:09:31.5128|INFO|Microsoft.Hosting.Lifetime|Now listening on: http://localhost:5000
2021-03-08 21:09:31.5346|INFO|Microsoft.Hosting.Lifetime|Application started. Press Ctrl+C to shut down.
2021-03-08 21:09:31.5547|INFO|Microsoft.Hosting.Lifetime|Hosting environment: Development
2021-03-08 21:09:31.5680|INFO|Microsoft.Hosting.Lifetime|Content root path: C:\Users\fatih\source\repos\zepllin\zepllin
2021-03-08 21:19:08.3171|INFO|Microsoft.Hosting.Lifetime|Now listening on: https://localhost:5001
2021-03-08 21:19:08.3767|INFO|Microsoft.Hosting.Lifetime|Now listening on: http://localhost:5000
2021-03-08 21:19:08.3927|INFO|Microsoft.Hosting.Lifetime|Application started. Press Ctrl+C to shut down.
2021-03-08 21:19:08.4054|INFO|Microsoft.Hosting.Lifetime|Hosting environment: Development
2021-03-08 21:19:08.4240|INFO|Microsoft.Hosting.Lifetime|Content root path: C:\Users\fatih\source\repos\zepllin\zepllin
2021-03-08 21:28:56.3327|INFO|Microsoft.Hosting.Lifetime|Now listening on: https://localhost:5001
2021-03-08 21:28:56.4118|INFO|Microsoft.Hosting.Lifetime|Now listening on: http://localhost:5000
2021-03-08 21:28:56.4256|INFO|Microsoft.Hosting.Lifetime|Application started. Press Ctrl+C to shut down.
2021-03-08 21:28:56.4467|INFO|Microsoft.Hosting.Lifetime|Hosting environment: Development
2021-03-08 21:28:56.4627|INFO|Microsoft.Hosting.Lifetime|Content root path: C:\Users\fatih\source\repos\zepllin\zepllin
2021-03-08 21:29:49.3952|INFO|Microsoft.Hosting.Lifetime|Now listening on: https://localhost:5001
2021-03-08 21:29:49.4537|INFO|Microsoft.Hosting.Lifetime|Now listening on: http://localhost:5000
2021-03-08 21:29:49.4703|INFO|Microsoft.Hosting.Lifetime|Application started. Press Ctrl+C to shut down.
2021-03-08 21:29:49.4922|INFO|Microsoft.Hosting.Lifetime|Hosting environment: Development
2021-03-08 21:29:49.5067|INFO|Microsoft.Hosting.Lifetime|Content root path: C:\Users\fatih\source\repos\zepllin\zepllin
2021-03-08 21:30:10.3656|INFO|Microsoft.Hosting.Lifetime|Now listening on: https://localhost:5001
2021-03-08 21:30:10.4176|INFO|Microsoft.Hosting.Lifetime|Now listening on: http://localhost:5000
2021-03-08 21:30:10.4385|INFO|Microsoft.Hosting.Lifetime|Application started. Press Ctrl+C to shut down.
2021-03-08 21:30:10.4559|INFO|Microsoft.Hosting.Lifetime|Hosting environment: Development
2021-03-08 21:30:10.4728|INFO|Microsoft.Hosting.Lifetime|Content root path: C:\Users\fatih\source\repos\zepllin\zepllin
2021-03-08 23:20:34.5375|INFO|Microsoft.Hosting.Lifetime|Now listening on: https://localhost:5001
2021-03-08 23:20:34.6269|INFO|Microsoft.Hosting.Lifetime|Now listening on: http://localhost:5000
2021-03-08 23:20:34.6582|INFO|Microsoft.Hosting.Lifetime|Application started. Press Ctrl+C to shut down.
2021-03-08 23:20:34.6723|INFO|Microsoft.Hosting.Lifetime|Hosting environment: Development
2021-03-08 23:20:34.6854|INFO|Microsoft.Hosting.Lifetime|Content root path: C:\Users\fatih\source\repos\zepllin\zepllin
2021-03-08 23:21:11.9360|INFO|Microsoft.Hosting.Lifetime|Now listening on: https://localhost:5001
2021-03-08 23:21:11.9965|INFO|Microsoft.Hosting.Lifetime|Now listening on: http://localhost:5000
2021-03-08 23:21:12.0100|INFO|Microsoft.Hosting.Lifetime|Application started. Press Ctrl+C to shut down.
2021-03-08 23:21:12.0100|INFO|Microsoft.Hosting.Lifetime|Hosting environment: Development
2021-03-08 23:21:12.0417|INFO|Microsoft.Hosting.Lifetime|Content root path: C:\Users\fatih\source\repos\zepllin\zepllin
2021-03-08 23:21:42.8700|INFO|Microsoft.Hosting.Lifetime|Now listening on: https://localhost:5001
2021-03-08 23:21:42.9840|INFO|Microsoft.Hosting.Lifetime|Now listening on: http://localhost:5000
2021-03-08 23:21:43.0023|INFO|Microsoft.Hosting.Lifetime|Application started. Press Ctrl+C to shut down.
2021-03-08 23:21:43.0158|INFO|Microsoft.Hosting.Lifetime|Hosting environment: Development
2021-03-08 23:21:43.0280|INFO|Microsoft.Hosting.Lifetime|Content root path: C:\Users\fatih\source\repos\zepllin\zepllin
2021-03-08 23:22:11.0687|INFO|Microsoft.Hosting.Lifetime|Now listening on: https://localhost:5001
2021-03-08 23:22:11.2765|INFO|Microsoft.Hosting.Lifetime|Now listening on: http://localhost:5000
2021-03-08 23:22:11.3341|INFO|Microsoft.Hosting.Lifetime|Application started. Press Ctrl+C to shut down.
2021-03-08 23:22:11.3886|INFO|Microsoft.Hosting.Lifetime|Hosting environment: Development
2021-03-08 23:22:11.4063|INFO|Microsoft.Hosting.Lifetime|Content root path: C:\Users\fatih\source\repos\zepllin\zepllin
2021-03-08 23:22:42.8359|INFO|Microsoft.Hosting.Lifetime|Now listening on: https://localhost:5001
2021-03-08 23:22:42.8992|INFO|Microsoft.Hosting.Lifetime|Now listening on: http://localhost:5000
2021-03-08 23:22:42.9131|INFO|Microsoft.Hosting.Lifetime|Application started. Press Ctrl+C to shut down.
2021-03-08 23:22:42.9316|INFO|Microsoft.Hosting.Lifetime|Hosting environment: Development
2021-03-08 23:22:42.9316|INFO|Microsoft.Hosting.Lifetime|Content root path: C:\Users\fatih\source\repos\zepllin\zepllin
2021-03-08 23:23:12.1357|INFO|Microsoft.Hosting.Lifetime|Now listening on: https://localhost:5001
2021-03-08 23:23:12.1938|INFO|Microsoft.Hosting.Lifetime|Now listening on: http://localhost:5000
2021-03-08 23:23:12.2079|INFO|Microsoft.Hosting.Lifetime|Application started. Press Ctrl+C to shut down.
2021-03-08 23:23:12.2247|INFO|Microsoft.Hosting.Lifetime|Hosting environment: Development
2021-03-08 23:23:12.2374|INFO|Microsoft.Hosting.Lifetime|Content root path: C:\Users\fatih\source\repos\zepllin\zepllin
2021-03-08 23:23:36.0506|INFO|Microsoft.Hosting.Lifetime|Now listening on: https://localhost:5001
2021-03-08 23:23:36.0969|INFO|Microsoft.Hosting.Lifetime|Now listening on: http://localhost:5000
2021-03-08 23:23:36.1153|INFO|Microsoft.Hosting.Lifetime|Application started. Press Ctrl+C to shut down.
2021-03-08 23:23:36.1272|INFO|Microsoft.Hosting.Lifetime|Hosting environment: Development
2021-03-08 23:23:36.1395|INFO|Microsoft.Hosting.Lifetime|Content root path: C:\Users\fatih\source\repos\zepllin\zepllin
2021-03-08 23:33:25.5995|INFO|Microsoft.Hosting.Lifetime|Now listening on: https://localhost:5001
2021-03-08 23:33:25.6732|INFO|Microsoft.Hosting.Lifetime|Now listening on: http://localhost:5000
2021-03-08 23:33:25.6904|INFO|Microsoft.Hosting.Lifetime|Application started. Press Ctrl+C to shut down.
2021-03-08 23:33:25.7052|INFO|Microsoft.Hosting.Lifetime|Hosting environment: Development
2021-03-08 23:33:25.7266|INFO|Microsoft.Hosting.Lifetime|Content root path: C:\Users\fatih\source\repos\zepllin\zepllin
2021-03-08 23:35:09.7865|INFO|Microsoft.Hosting.Lifetime|Now listening on: https://localhost:5001
2021-03-08 23:35:09.8568|INFO|Microsoft.Hosting.Lifetime|Now listening on: http://localhost:5000
2021-03-08 23:35:09.8719|INFO|Microsoft.Hosting.Lifetime|Application started. Press Ctrl+C to shut down.
2021-03-08 23:35:09.8851|INFO|Microsoft.Hosting.Lifetime|Hosting environment: Development
2021-03-08 23:35:09.8851|INFO|Microsoft.Hosting.Lifetime|Content root path: C:\Users\fatih\source\repos\zepllin\zepllin
2021-03-08 23:38:16.6286|INFO|Microsoft.Hosting.Lifetime|Now listening on: https://localhost:5001
2021-03-08 23:38:16.6894|INFO|Microsoft.Hosting.Lifetime|Now listening on: http://localhost:5000
2021-03-08 23:38:16.7029|INFO|Microsoft.Hosting.Lifetime|Application started. Press Ctrl+C to shut down.
2021-03-08 23:38:16.7203|INFO|Microsoft.Hosting.Lifetime|Hosting environment: Development
2021-03-08 23:38:16.7330|INFO|Microsoft.Hosting.Lifetime|Content root path: C:\Users\fatih\source\repos\zepllin\zepllin
2021-03-08 23:50:37.6266|INFO|Microsoft.Hosting.Lifetime|Now listening on: https://localhost:5001
2021-03-08 23:50:37.7103|INFO|Microsoft.Hosting.Lifetime|Now listening on: http://localhost:5000
2021-03-08 23:50:37.7250|INFO|Microsoft.Hosting.Lifetime|Application started. Press Ctrl+C to shut down.
2021-03-08 23:50:37.7390|INFO|Microsoft.Hosting.Lifetime|Hosting environment: Development
2021-03-08 23:50:37.7529|INFO|Microsoft.Hosting.Lifetime|Content root path: C:\Users\fatih\source\repos\zepllin\zepllin
2021-03-08 23:52:07.1769|INFO|Microsoft.Hosting.Lifetime|Now listening on: https://localhost:5001
2021-03-08 23:52:07.2426|INFO|Microsoft.Hosting.Lifetime|Now listening on: http://localhost:5000
2021-03-08 23:52:07.2589|INFO|Microsoft.Hosting.Lifetime|Application started. Press Ctrl+C to shut down.
2021-03-08 23:52:07.2589|INFO|Microsoft.Hosting.Lifetime|Hosting environment: Development
2021-03-08 23:52:07.2856|INFO|Microsoft.Hosting.Lifetime|Content root path: C:\Users\fatih\source\repos\zepllin\zepllin
2021-03-08 23:53:37.9608|INFO|Microsoft.Hosting.Lifetime|Now listening on: https://localhost:5001
2021-03-08 23:53:38.0288|INFO|Microsoft.Hosting.Lifetime|Now listening on: http://localhost:5000
2021-03-08 23:53:38.0448|INFO|Microsoft.Hosting.Lifetime|Application started. Press Ctrl+C to shut down.
2021-03-08 23:53:38.0581|INFO|Microsoft.Hosting.Lifetime|Hosting environment: Development
2021-03-08 23:53:38.0779|INFO|Microsoft.Hosting.Lifetime|Content root path: C:\Users\fatih\source\repos\zepllin\zepllin
2021-03-08 23:57:10.7128|INFO|Microsoft.Hosting.Lifetime|Now listening on: https://localhost:5001
2021-03-08 23:57:10.7772|INFO|Microsoft.Hosting.Lifetime|Now listening on: http://localhost:5000
2021-03-08 23:57:10.7924|INFO|Microsoft.Hosting.Lifetime|Application started. Press Ctrl+C to shut down.
2021-03-08 23:57:10.7924|INFO|Microsoft.Hosting.Lifetime|Hosting environment: Development
2021-03-08 23:57:10.8255|INFO|Microsoft.Hosting.Lifetime|Content root path: C:\Users\fatih\source\repos\zepllin\zepllin
2021-03-08 23:57:30.4602|INFO|Microsoft.Hosting.Lifetime|Now listening on: https://localhost:5001
2021-03-08 23:57:30.5191|INFO|Microsoft.Hosting.Lifetime|Now listening on: http://localhost:5000
2021-03-08 23:57:30.5491|INFO|Microsoft.Hosting.Lifetime|Application started. Press Ctrl+C to shut down.
2021-03-08 23:57:30.5713|INFO|Microsoft.Hosting.Lifetime|Hosting environment: Development
2021-03-08 23:57:30.5876|INFO|Microsoft.Hosting.Lifetime|Content root path: C:\Users\fatih\source\repos\zepllin\zepllin
2021-03-08 23:57:53.8692|INFO|Microsoft.Hosting.Lifetime|Now listening on: https://localhost:5001
2021-03-08 23:57:53.9239|INFO|Microsoft.Hosting.Lifetime|Now listening on: http://localhost:5000
2021-03-08 23:57:53.9445|INFO|Microsoft.Hosting.Lifetime|Application started. Press Ctrl+C to shut down.
2021-03-08 23:57:53.9581|INFO|Microsoft.Hosting.Lifetime|Hosting environment: Development
2021-03-08 23:57:53.9715|INFO|Microsoft.Hosting.Lifetime|Content root path: C:\Users\fatih\source\repos\zepllin\zepllin
2021-03-08 23:59:05.7857|INFO|Microsoft.Hosting.Lifetime|Now listening on: https://localhost:5001
2021-03-08 23:59:05.8614|INFO|Microsoft.Hosting.Lifetime|Now listening on: http://localhost:5000
2021-03-08 23:59:05.8827|INFO|Microsoft.Hosting.Lifetime|Application started. Press Ctrl+C to shut down.
2021-03-08 23:59:05.8972|INFO|Microsoft.Hosting.Lifetime|Hosting environment: Development
2021-03-08 23:59:05.9147|INFO|Microsoft.Hosting.Lifetime|Content root path: C:\Users\fatih\source\repos\zepllin\zepllin
