2021-03-14 16:32:34.5003|INFO|Microsoft.Hosting.Lifetime|Now listening on: https://localhost:5001
2021-03-14 16:32:34.5973|INFO|Microsoft.Hosting.Lifetime|Now listening on: http://localhost:5000
2021-03-14 16:32:34.6156|INFO|Microsoft.Hosting.Lifetime|Application started. Press Ctrl+C to shut down.
2021-03-14 16:32:34.6300|INFO|Microsoft.Hosting.Lifetime|Hosting environment: Development
2021-03-14 16:32:34.6429|INFO|Microsoft.Hosting.Lifetime|Content root path: C:\Users\fatih\source\repos\zepllin\zepllin
2021-03-14 17:23:26.3411|INFO|Microsoft.Hosting.Lifetime|Now listening on: https://localhost:5001
2021-03-14 17:23:26.4065|INFO|Microsoft.Hosting.Lifetime|Now listening on: http://localhost:5000
2021-03-14 17:23:26.4201|INFO|Microsoft.Hosting.Lifetime|Application started. Press Ctrl+C to shut down.
2021-03-14 17:23:26.4383|INFO|Microsoft.Hosting.Lifetime|Hosting environment: Development
2021-03-14 17:23:26.4481|INFO|Microsoft.Hosting.Lifetime|Content root path: C:\Users\fatih\source\repos\zepllin\zepllin
2021-03-14 17:26:55.9085|INFO|Microsoft.Hosting.Lifetime|Now listening on: https://localhost:5001
2021-03-14 17:26:55.9797|INFO|Microsoft.Hosting.Lifetime|Now listening on: http://localhost:5000
2021-03-14 17:26:55.9925|INFO|Microsoft.Hosting.Lifetime|Application started. Press Ctrl+C to shut down.
2021-03-14 17:26:56.0075|INFO|Microsoft.Hosting.Lifetime|Hosting environment: Development
2021-03-14 17:26:56.0180|INFO|Microsoft.Hosting.Lifetime|Content root path: C:\Users\fatih\source\repos\zepllin\zepllin
2021-03-14 17:34:21.2085|INFO|Microsoft.Hosting.Lifetime|Now listening on: https://localhost:5001
2021-03-14 17:34:21.2825|INFO|Microsoft.Hosting.Lifetime|Now listening on: http://localhost:5000
2021-03-14 17:34:21.2968|INFO|Microsoft.Hosting.Lifetime|Application started. Press Ctrl+C to shut down.
2021-03-14 17:34:21.3135|INFO|Microsoft.Hosting.Lifetime|Hosting environment: Development
2021-03-14 17:34:21.3255|INFO|Microsoft.Hosting.Lifetime|Content root path: C:\Users\fatih\source\repos\zepllin\zepllin
2021-03-14 17:36:11.3492|INFO|Microsoft.Hosting.Lifetime|Now listening on: https://localhost:5001
2021-03-14 17:36:11.4127|INFO|Microsoft.Hosting.Lifetime|Now listening on: http://localhost:5000
2021-03-14 17:36:11.4254|INFO|Microsoft.Hosting.Lifetime|Application started. Press Ctrl+C to shut down.
2021-03-14 17:36:11.4423|INFO|Microsoft.Hosting.Lifetime|Hosting environment: Development
2021-03-14 17:36:11.4423|INFO|Microsoft.Hosting.Lifetime|Content root path: C:\Users\fatih\source\repos\zepllin\zepllin
2021-03-14 17:39:38.8811|INFO|Microsoft.Hosting.Lifetime|Now listening on: https://localhost:5001
2021-03-14 17:39:38.9633|INFO|Microsoft.Hosting.Lifetime|Now listening on: http://localhost:5000
2021-03-14 17:39:38.9770|INFO|Microsoft.Hosting.Lifetime|Application started. Press Ctrl+C to shut down.
2021-03-14 17:39:38.9953|INFO|Microsoft.Hosting.Lifetime|Hosting environment: Development
2021-03-14 17:39:39.0072|INFO|Microsoft.Hosting.Lifetime|Content root path: C:\Users\fatih\source\repos\zepllin\zepllin
2021-03-14 17:40:34.2315|INFO|Microsoft.Hosting.Lifetime|Now listening on: https://localhost:5001
2021-03-14 17:40:34.2971|INFO|Microsoft.Hosting.Lifetime|Now listening on: http://localhost:5000
2021-03-14 17:40:34.3103|INFO|Microsoft.Hosting.Lifetime|Application started. Press Ctrl+C to shut down.
2021-03-14 17:40:34.3225|INFO|Microsoft.Hosting.Lifetime|Hosting environment: Development
2021-03-14 17:40:34.3344|INFO|Microsoft.Hosting.Lifetime|Content root path: C:\Users\fatih\source\repos\zepllin\zepllin
2021-03-14 17:42:35.5185|INFO|Microsoft.Hosting.Lifetime|Now listening on: https://localhost:5001
2021-03-14 17:42:35.5982|INFO|Microsoft.Hosting.Lifetime|Now listening on: http://localhost:5000
2021-03-14 17:42:35.6130|INFO|Microsoft.Hosting.Lifetime|Application started. Press Ctrl+C to shut down.
2021-03-14 17:42:35.6285|INFO|Microsoft.Hosting.Lifetime|Hosting environment: Development
2021-03-14 17:42:35.6453|INFO|Microsoft.Hosting.Lifetime|Content root path: C:\Users\fatih\source\repos\zepllin\zepllin
2021-03-14 17:46:28.0240|INFO|Microsoft.Hosting.Lifetime|Now listening on: https://localhost:5001
2021-03-14 17:46:28.2103|INFO|Microsoft.Hosting.Lifetime|Now listening on: http://localhost:5000
2021-03-14 17:46:28.2552|INFO|Microsoft.Hosting.Lifetime|Application started. Press Ctrl+C to shut down.
2021-03-14 17:46:28.2734|INFO|Microsoft.Hosting.Lifetime|Hosting environment: Development
2021-03-14 17:46:28.3059|INFO|Microsoft.Hosting.Lifetime|Content root path: C:\Users\fatih\source\repos\zepllin\zepllin
2021-03-14 17:48:22.0833|INFO|Microsoft.Hosting.Lifetime|Now listening on: https://localhost:5001
2021-03-14 17:48:24.0525|INFO|Microsoft.Hosting.Lifetime|Now listening on: http://localhost:5000
2021-03-14 17:48:24.4582|INFO|Microsoft.Hosting.Lifetime|Application started. Press Ctrl+C to shut down.
2021-03-14 17:48:24.6154|INFO|Microsoft.Hosting.Lifetime|Hosting environment: Development
2021-03-14 17:48:24.7603|INFO|Microsoft.Hosting.Lifetime|Content root path: C:\Users\fatih\source\repos\zepllin\zepllin
2021-03-14 17:49:45.4089|INFO|Microsoft.Hosting.Lifetime|Now listening on: https://localhost:5001
2021-03-14 17:49:45.4802|INFO|Microsoft.Hosting.Lifetime|Now listening on: http://localhost:5000
2021-03-14 17:49:45.4940|INFO|Microsoft.Hosting.Lifetime|Application started. Press Ctrl+C to shut down.
2021-03-14 17:49:45.5105|INFO|Microsoft.Hosting.Lifetime|Hosting environment: Development
2021-03-14 17:49:45.5227|INFO|Microsoft.Hosting.Lifetime|Content root path: C:\Users\fatih\source\repos\zepllin\zepllin
2021-03-14 17:50:30.3596|INFO|Microsoft.Hosting.Lifetime|Now listening on: https://localhost:5001
2021-03-14 17:50:30.4255|INFO|Microsoft.Hosting.Lifetime|Now listening on: http://localhost:5000
2021-03-14 17:50:30.4255|INFO|Microsoft.Hosting.Lifetime|Application started. Press Ctrl+C to shut down.
2021-03-14 17:50:30.4557|INFO|Microsoft.Hosting.Lifetime|Hosting environment: Development
2021-03-14 17:50:30.4557|INFO|Microsoft.Hosting.Lifetime|Content root path: C:\Users\fatih\source\repos\zepllin\zepllin
2021-03-14 17:53:42.5429|INFO|Microsoft.Hosting.Lifetime|Now listening on: https://localhost:5001
2021-03-14 17:53:42.6116|INFO|Microsoft.Hosting.Lifetime|Now listening on: http://localhost:5000
2021-03-14 17:53:42.6392|INFO|Microsoft.Hosting.Lifetime|Application started. Press Ctrl+C to shut down.
2021-03-14 17:53:42.6553|INFO|Microsoft.Hosting.Lifetime|Hosting environment: Development
2021-03-14 17:53:42.6719|INFO|Microsoft.Hosting.Lifetime|Content root path: C:\Users\fatih\source\repos\zepllin\zepllin
2021-03-14 17:55:06.4103|INFO|Microsoft.Hosting.Lifetime|Now listening on: https://localhost:5001
2021-03-14 17:55:06.5249|INFO|Microsoft.Hosting.Lifetime|Now listening on: http://localhost:5000
2021-03-14 17:55:06.5386|INFO|Microsoft.Hosting.Lifetime|Application started. Press Ctrl+C to shut down.
2021-03-14 17:55:06.5549|INFO|Microsoft.Hosting.Lifetime|Hosting environment: Development
2021-03-14 17:55:06.5675|INFO|Microsoft.Hosting.Lifetime|Content root path: C:\Users\fatih\source\repos\zepllin\zepllin
2021-03-14 17:58:06.4673|INFO|Microsoft.Hosting.Lifetime|Now listening on: https://localhost:5001
2021-03-14 17:58:06.5631|INFO|Microsoft.Hosting.Lifetime|Now listening on: http://localhost:5000
2021-03-14 17:58:06.5822|INFO|Microsoft.Hosting.Lifetime|Application started. Press Ctrl+C to shut down.
2021-03-14 17:58:06.6077|INFO|Microsoft.Hosting.Lifetime|Hosting environment: Development
2021-03-14 17:58:06.6264|INFO|Microsoft.Hosting.Lifetime|Content root path: C:\Users\fatih\source\repos\zepllin\zepllin
2021-03-14 17:59:24.4359|INFO|Microsoft.Hosting.Lifetime|Now listening on: https://localhost:5001
2021-03-14 17:59:24.5371|INFO|Microsoft.Hosting.Lifetime|Now listening on: http://localhost:5000
2021-03-14 17:59:24.5513|INFO|Microsoft.Hosting.Lifetime|Application started. Press Ctrl+C to shut down.
2021-03-14 17:59:24.5697|INFO|Microsoft.Hosting.Lifetime|Hosting environment: Development
2021-03-14 17:59:24.5815|INFO|Microsoft.Hosting.Lifetime|Content root path: C:\Users\fatih\source\repos\zepllin\zepllin
2021-03-14 18:00:34.0538|INFO|Microsoft.Hosting.Lifetime|Now listening on: https://localhost:5001
2021-03-14 18:00:34.1211|INFO|Microsoft.Hosting.Lifetime|Now listening on: http://localhost:5000
2021-03-14 18:00:34.1371|INFO|Microsoft.Hosting.Lifetime|Application started. Press Ctrl+C to shut down.
2021-03-14 18:00:34.1557|INFO|Microsoft.Hosting.Lifetime|Hosting environment: Development
2021-03-14 18:00:34.1689|INFO|Microsoft.Hosting.Lifetime|Content root path: C:\Users\fatih\source\repos\zepllin\zepllin
2021-03-14 18:01:05.8387|INFO|Microsoft.Hosting.Lifetime|Now listening on: https://localhost:5001
2021-03-14 18:01:05.9039|INFO|Microsoft.Hosting.Lifetime|Now listening on: http://localhost:5000
2021-03-14 18:01:05.9183|INFO|Microsoft.Hosting.Lifetime|Application started. Press Ctrl+C to shut down.
2021-03-14 18:01:05.9378|INFO|Microsoft.Hosting.Lifetime|Hosting environment: Development
2021-03-14 18:01:05.9508|INFO|Microsoft.Hosting.Lifetime|Content root path: C:\Users\fatih\source\repos\zepllin\zepllin
2021-03-14 18:02:54.0864|INFO|Microsoft.Hosting.Lifetime|Now listening on: https://localhost:5001
2021-03-14 18:02:54.1583|INFO|Microsoft.Hosting.Lifetime|Now listening on: http://localhost:5000
2021-03-14 18:02:54.1731|INFO|Microsoft.Hosting.Lifetime|Application started. Press Ctrl+C to shut down.
2021-03-14 18:02:54.1847|INFO|Microsoft.Hosting.Lifetime|Hosting environment: Development
2021-03-14 18:02:54.2038|INFO|Microsoft.Hosting.Lifetime|Content root path: C:\Users\fatih\source\repos\zepllin\zepllin
2021-03-14 18:04:45.0704|INFO|Microsoft.Hosting.Lifetime|Now listening on: https://localhost:5001
2021-03-14 18:04:45.1390|INFO|Microsoft.Hosting.Lifetime|Now listening on: http://localhost:5000
2021-03-14 18:04:45.1581|INFO|Microsoft.Hosting.Lifetime|Application started. Press Ctrl+C to shut down.
2021-03-14 18:04:45.1812|INFO|Microsoft.Hosting.Lifetime|Hosting environment: Development
2021-03-14 18:04:45.1957|INFO|Microsoft.Hosting.Lifetime|Content root path: C:\Users\fatih\source\repos\zepllin\zepllin
2021-03-14 18:05:36.5332|INFO|Microsoft.Hosting.Lifetime|Now listening on: https://localhost:5001
2021-03-14 18:05:36.6266|INFO|Microsoft.Hosting.Lifetime|Now listening on: http://localhost:5000
2021-03-14 18:05:36.6446|INFO|Microsoft.Hosting.Lifetime|Application started. Press Ctrl+C to shut down.
2021-03-14 18:05:36.6652|INFO|Microsoft.Hosting.Lifetime|Hosting environment: Development
2021-03-14 18:05:36.6809|INFO|Microsoft.Hosting.Lifetime|Content root path: C:\Users\fatih\source\repos\zepllin\zepllin
2021-03-14 18:06:03.1596|INFO|Microsoft.Hosting.Lifetime|Now listening on: https://localhost:5001
2021-03-14 18:06:03.2559|INFO|Microsoft.Hosting.Lifetime|Now listening on: http://localhost:5000
2021-03-14 18:06:03.2797|INFO|Microsoft.Hosting.Lifetime|Application started. Press Ctrl+C to shut down.
2021-03-14 18:06:03.2983|INFO|Microsoft.Hosting.Lifetime|Hosting environment: Development
2021-03-14 18:06:03.3159|INFO|Microsoft.Hosting.Lifetime|Content root path: C:\Users\fatih\source\repos\zepllin\zepllin
2021-03-14 18:07:04.4276|INFO|Microsoft.Hosting.Lifetime|Now listening on: https://localhost:5001
2021-03-14 18:07:04.5050|INFO|Microsoft.Hosting.Lifetime|Now listening on: http://localhost:5000
2021-03-14 18:07:04.5242|INFO|Microsoft.Hosting.Lifetime|Application started. Press Ctrl+C to shut down.
2021-03-14 18:07:04.5411|INFO|Microsoft.Hosting.Lifetime|Hosting environment: Development
2021-03-14 18:07:04.5585|INFO|Microsoft.Hosting.Lifetime|Content root path: C:\Users\fatih\source\repos\zepllin\zepllin
2021-03-14 18:10:41.5006|INFO|Microsoft.Hosting.Lifetime|Now listening on: https://localhost:5001
2021-03-14 18:10:41.5748|INFO|Microsoft.Hosting.Lifetime|Now listening on: http://localhost:5000
2021-03-14 18:10:41.5896|INFO|Microsoft.Hosting.Lifetime|Application started. Press Ctrl+C to shut down.
2021-03-14 18:10:41.6015|INFO|Microsoft.Hosting.Lifetime|Hosting environment: Development
2021-03-14 18:10:41.6171|INFO|Microsoft.Hosting.Lifetime|Content root path: C:\Users\fatih\source\repos\zepllin\zepllin
2021-03-14 18:11:28.5911|INFO|Microsoft.Hosting.Lifetime|Now listening on: https://localhost:5001
2021-03-14 18:11:29.0750|INFO|Microsoft.Hosting.Lifetime|Now listening on: http://localhost:5000
2021-03-14 18:11:29.2289|INFO|Microsoft.Hosting.Lifetime|Application started. Press Ctrl+C to shut down.
2021-03-14 18:11:29.3126|INFO|Microsoft.Hosting.Lifetime|Hosting environment: Development
2021-03-14 18:11:29.3319|INFO|Microsoft.Hosting.Lifetime|Content root path: C:\Users\fatih\source\repos\zepllin\zepllin
