2021-03-12 14:31:02.4828|INFO|Microsoft.Hosting.Lifetime|Now listening on: https://localhost:5001
2021-03-12 14:31:02.5528|INFO|Microsoft.Hosting.Lifetime|Now listening on: http://localhost:5000
2021-03-12 14:31:02.5869|INFO|Microsoft.Hosting.Lifetime|Application started. Press Ctrl+C to shut down.
2021-03-12 14:31:02.6061|INFO|Microsoft.Hosting.Lifetime|Hosting environment: Development
2021-03-12 14:31:02.6175|INFO|Microsoft.Hosting.Lifetime|Content root path: C:\Users\fatih\source\repos\zepllin\zepllin
2021-03-12 14:31:49.1464|INFO|Microsoft.Hosting.Lifetime|Now listening on: https://localhost:5001
2021-03-12 14:31:49.7215|INFO|Microsoft.Hosting.Lifetime|Now listening on: http://localhost:5000
2021-03-12 14:31:49.7393|INFO|Microsoft.Hosting.Lifetime|Application started. Press Ctrl+C to shut down.
2021-03-12 14:31:49.7393|INFO|Microsoft.Hosting.Lifetime|Hosting environment: Development
2021-03-12 14:31:49.7596|INFO|Microsoft.Hosting.Lifetime|Content root path: C:\Users\fatih\source\repos\zepllin\zepllin
2021-03-12 14:32:18.2908|INFO|Microsoft.Hosting.Lifetime|Now listening on: https://localhost:5001
2021-03-12 14:32:18.3583|INFO|Microsoft.Hosting.Lifetime|Now listening on: http://localhost:5000
2021-03-12 14:32:18.3728|INFO|Microsoft.Hosting.Lifetime|Application started. Press Ctrl+C to shut down.
2021-03-12 14:32:18.8595|INFO|Microsoft.Hosting.Lifetime|Hosting environment: Development
2021-03-12 14:32:18.8595|INFO|Microsoft.Hosting.Lifetime|Content root path: C:\Users\fatih\source\repos\zepllin\zepllin
2021-03-12 14:32:45.4918|INFO|Microsoft.Hosting.Lifetime|Now listening on: https://localhost:5001
2021-03-12 14:32:45.5639|INFO|Microsoft.Hosting.Lifetime|Now listening on: http://localhost:5000
2021-03-12 14:32:45.5639|INFO|Microsoft.Hosting.Lifetime|Application started. Press Ctrl+C to shut down.
2021-03-12 14:32:45.5933|INFO|Microsoft.Hosting.Lifetime|Hosting environment: Development
2021-03-12 14:32:45.6042|INFO|Microsoft.Hosting.Lifetime|Content root path: C:\Users\fatih\source\repos\zepllin\zepllin
2021-03-12 14:35:38.5943|INFO|Microsoft.Hosting.Lifetime|Now listening on: https://localhost:5001
2021-03-12 14:35:38.6502|INFO|Microsoft.Hosting.Lifetime|Now listening on: http://localhost:5000
2021-03-12 14:35:38.6694|INFO|Microsoft.Hosting.Lifetime|Application started. Press Ctrl+C to shut down.
2021-03-12 14:35:38.6810|INFO|Microsoft.Hosting.Lifetime|Hosting environment: Development
2021-03-12 14:35:38.7554|INFO|Microsoft.Hosting.Lifetime|Content root path: C:\Users\fatih\source\repos\zepllin\zepllin
2021-03-12 14:36:02.9110|INFO|Microsoft.Hosting.Lifetime|Now listening on: https://localhost:5001
2021-03-12 14:36:03.0005|INFO|Microsoft.Hosting.Lifetime|Now listening on: http://localhost:5000
2021-03-12 14:36:03.0341|INFO|Microsoft.Hosting.Lifetime|Application started. Press Ctrl+C to shut down.
2021-03-12 14:36:03.0521|INFO|Microsoft.Hosting.Lifetime|Hosting environment: Development
2021-03-12 14:36:04.2513|INFO|Microsoft.Hosting.Lifetime|Content root path: C:\Users\fatih\source\repos\zepllin\zepllin
2021-03-12 14:36:36.4789|INFO|Microsoft.Hosting.Lifetime|Now listening on: https://localhost:5001
2021-03-12 14:36:36.5422|INFO|Microsoft.Hosting.Lifetime|Now listening on: http://localhost:5000
2021-03-12 14:36:36.5607|INFO|Microsoft.Hosting.Lifetime|Application started. Press Ctrl+C to shut down.
2021-03-12 14:36:36.5734|INFO|Microsoft.Hosting.Lifetime|Hosting environment: Development
2021-03-12 14:36:36.5879|INFO|Microsoft.Hosting.Lifetime|Content root path: C:\Users\fatih\source\repos\zepllin\zepllin
2021-03-12 14:37:00.4694|INFO|Microsoft.Hosting.Lifetime|Now listening on: https://localhost:5001
2021-03-12 14:37:00.5660|INFO|Microsoft.Hosting.Lifetime|Now listening on: http://localhost:5000
2021-03-12 14:37:00.5825|INFO|Microsoft.Hosting.Lifetime|Application started. Press Ctrl+C to shut down.
2021-03-12 14:37:00.6036|INFO|Microsoft.Hosting.Lifetime|Hosting environment: Development
2021-03-12 14:37:00.6248|INFO|Microsoft.Hosting.Lifetime|Content root path: C:\Users\fatih\source\repos\zepllin\zepllin
2021-03-12 14:37:26.8599|INFO|Microsoft.Hosting.Lifetime|Now listening on: https://localhost:5001
2021-03-12 14:37:26.9135|INFO|Microsoft.Hosting.Lifetime|Now listening on: http://localhost:5000
2021-03-12 14:37:26.9331|INFO|Microsoft.Hosting.Lifetime|Application started. Press Ctrl+C to shut down.
2021-03-12 14:37:26.9495|INFO|Microsoft.Hosting.Lifetime|Hosting environment: Development
2021-03-12 14:37:26.9611|INFO|Microsoft.Hosting.Lifetime|Content root path: C:\Users\fatih\source\repos\zepllin\zepllin
2021-03-12 14:40:01.5799|INFO|Microsoft.Hosting.Lifetime|Now listening on: https://localhost:5001
2021-03-12 14:40:01.6436|INFO|Microsoft.Hosting.Lifetime|Now listening on: http://localhost:5000
2021-03-12 14:40:01.6636|INFO|Microsoft.Hosting.Lifetime|Application started. Press Ctrl+C to shut down.
2021-03-12 14:40:01.6804|INFO|Microsoft.Hosting.Lifetime|Hosting environment: Development
2021-03-12 14:40:01.6919|INFO|Microsoft.Hosting.Lifetime|Content root path: C:\Users\fatih\source\repos\zepllin\zepllin
2021-03-12 14:45:40.1921|INFO|Microsoft.Hosting.Lifetime|Now listening on: https://localhost:5001
2021-03-12 14:45:40.2814|INFO|Microsoft.Hosting.Lifetime|Now listening on: http://localhost:5000
2021-03-12 14:45:40.3003|INFO|Microsoft.Hosting.Lifetime|Application started. Press Ctrl+C to shut down.
2021-03-12 14:45:40.3313|INFO|Microsoft.Hosting.Lifetime|Hosting environment: Development
2021-03-12 14:45:40.3509|INFO|Microsoft.Hosting.Lifetime|Content root path: C:\Users\fatih\source\repos\zepllin\zepllin
2021-03-12 14:47:13.5557|INFO|Microsoft.Hosting.Lifetime|Now listening on: https://localhost:5001
2021-03-12 14:47:13.6230|INFO|Microsoft.Hosting.Lifetime|Now listening on: http://localhost:5000
2021-03-12 14:47:13.6378|INFO|Microsoft.Hosting.Lifetime|Application started. Press Ctrl+C to shut down.
2021-03-12 14:47:13.6515|INFO|Microsoft.Hosting.Lifetime|Hosting environment: Development
2021-03-12 14:47:13.6667|INFO|Microsoft.Hosting.Lifetime|Content root path: C:\Users\fatih\source\repos\zepllin\zepllin
2021-03-12 14:47:58.3259|INFO|Microsoft.Hosting.Lifetime|Now listening on: https://localhost:5001
2021-03-12 14:47:58.3802|INFO|Microsoft.Hosting.Lifetime|Now listening on: http://localhost:5000
2021-03-12 14:47:58.3935|INFO|Microsoft.Hosting.Lifetime|Application started. Press Ctrl+C to shut down.
2021-03-12 14:47:58.4106|INFO|Microsoft.Hosting.Lifetime|Hosting environment: Development
2021-03-12 14:47:58.4226|INFO|Microsoft.Hosting.Lifetime|Content root path: C:\Users\fatih\source\repos\zepllin\zepllin
2021-03-12 14:49:39.0701|INFO|Microsoft.Hosting.Lifetime|Now listening on: https://localhost:5001
2021-03-12 14:49:39.1366|INFO|Microsoft.Hosting.Lifetime|Now listening on: http://localhost:5000
2021-03-12 14:49:39.1573|INFO|Microsoft.Hosting.Lifetime|Application started. Press Ctrl+C to shut down.
2021-03-12 14:49:39.1803|INFO|Microsoft.Hosting.Lifetime|Hosting environment: Development
2021-03-12 14:49:39.1937|INFO|Microsoft.Hosting.Lifetime|Content root path: C:\Users\fatih\source\repos\zepllin\zepllin
2021-03-12 14:50:18.8615|INFO|Microsoft.Hosting.Lifetime|Now listening on: https://localhost:5001
2021-03-12 14:50:18.9514|INFO|Microsoft.Hosting.Lifetime|Now listening on: http://localhost:5000
2021-03-12 14:50:18.9683|INFO|Microsoft.Hosting.Lifetime|Application started. Press Ctrl+C to shut down.
2021-03-12 14:50:18.9871|INFO|Microsoft.Hosting.Lifetime|Hosting environment: Development
2021-03-12 14:50:19.0177|INFO|Microsoft.Hosting.Lifetime|Content root path: C:\Users\fatih\source\repos\zepllin\zepllin
2021-03-12 14:51:54.4137|INFO|Microsoft.Hosting.Lifetime|Now listening on: https://localhost:5001
2021-03-12 14:51:54.4806|INFO|Microsoft.Hosting.Lifetime|Now listening on: http://localhost:5000
2021-03-12 14:51:54.5027|INFO|Microsoft.Hosting.Lifetime|Application started. Press Ctrl+C to shut down.
2021-03-12 14:51:54.5230|INFO|Microsoft.Hosting.Lifetime|Hosting environment: Development
2021-03-12 14:51:54.5402|INFO|Microsoft.Hosting.Lifetime|Content root path: C:\Users\fatih\source\repos\zepllin\zepllin
2021-03-12 14:54:00.2715|INFO|Microsoft.Hosting.Lifetime|Now listening on: https://localhost:5001
2021-03-12 14:54:00.3750|INFO|Microsoft.Hosting.Lifetime|Now listening on: http://localhost:5000
2021-03-12 14:54:00.3939|INFO|Microsoft.Hosting.Lifetime|Application started. Press Ctrl+C to shut down.
2021-03-12 14:54:00.4329|INFO|Microsoft.Hosting.Lifetime|Hosting environment: Development
2021-03-12 14:54:00.4538|INFO|Microsoft.Hosting.Lifetime|Content root path: C:\Users\fatih\source\repos\zepllin\zepllin
2021-03-12 14:55:34.7993|INFO|Microsoft.Hosting.Lifetime|Now listening on: https://localhost:5001
2021-03-12 14:55:34.8669|INFO|Microsoft.Hosting.Lifetime|Now listening on: http://localhost:5000
2021-03-12 14:55:34.8874|INFO|Microsoft.Hosting.Lifetime|Application started. Press Ctrl+C to shut down.
2021-03-12 14:55:34.9101|INFO|Microsoft.Hosting.Lifetime|Hosting environment: Development
2021-03-12 14:55:34.9316|INFO|Microsoft.Hosting.Lifetime|Content root path: C:\Users\fatih\source\repos\zepllin\zepllin
2021-03-12 14:56:00.5486|INFO|Microsoft.Hosting.Lifetime|Now listening on: https://localhost:5001
2021-03-12 14:56:00.6353|INFO|Microsoft.Hosting.Lifetime|Now listening on: http://localhost:5000
2021-03-12 14:56:00.6550|INFO|Microsoft.Hosting.Lifetime|Application started. Press Ctrl+C to shut down.
2021-03-12 14:56:00.6736|INFO|Microsoft.Hosting.Lifetime|Hosting environment: Development
2021-03-12 14:56:00.7015|INFO|Microsoft.Hosting.Lifetime|Content root path: C:\Users\fatih\source\repos\zepllin\zepllin
2021-03-12 14:56:31.8012|INFO|Microsoft.Hosting.Lifetime|Now listening on: https://localhost:5001
2021-03-12 14:56:31.8617|INFO|Microsoft.Hosting.Lifetime|Now listening on: http://localhost:5000
2021-03-12 14:56:31.8975|INFO|Microsoft.Hosting.Lifetime|Application started. Press Ctrl+C to shut down.
2021-03-12 14:56:31.9159|INFO|Microsoft.Hosting.Lifetime|Hosting environment: Development
2021-03-12 14:56:31.9333|INFO|Microsoft.Hosting.Lifetime|Content root path: C:\Users\fatih\source\repos\zepllin\zepllin
2021-03-12 14:59:03.0378|INFO|Microsoft.Hosting.Lifetime|Now listening on: https://localhost:5001
2021-03-12 14:59:03.1149|INFO|Microsoft.Hosting.Lifetime|Now listening on: http://localhost:5000
2021-03-12 14:59:03.1299|INFO|Microsoft.Hosting.Lifetime|Application started. Press Ctrl+C to shut down.
2021-03-12 14:59:03.1433|INFO|Microsoft.Hosting.Lifetime|Hosting environment: Development
2021-03-12 14:59:03.1688|INFO|Microsoft.Hosting.Lifetime|Content root path: C:\Users\fatih\source\repos\zepllin\zepllin
2021-03-12 15:00:18.5725|INFO|Microsoft.Hosting.Lifetime|Now listening on: https://localhost:5001
2021-03-12 15:00:18.6841|INFO|Microsoft.Hosting.Lifetime|Now listening on: http://localhost:5000
2021-03-12 15:00:18.7117|INFO|Microsoft.Hosting.Lifetime|Application started. Press Ctrl+C to shut down.
2021-03-12 15:00:18.7321|INFO|Microsoft.Hosting.Lifetime|Hosting environment: Development
2021-03-12 15:00:18.7514|INFO|Microsoft.Hosting.Lifetime|Content root path: C:\Users\fatih\source\repos\zepllin\zepllin
2021-03-12 15:00:54.7309|INFO|Microsoft.Hosting.Lifetime|Now listening on: https://localhost:5001
2021-03-12 15:00:54.8290|INFO|Microsoft.Hosting.Lifetime|Now listening on: http://localhost:5000
2021-03-12 15:00:54.8466|INFO|Microsoft.Hosting.Lifetime|Application started. Press Ctrl+C to shut down.
2021-03-12 15:00:54.8603|INFO|Microsoft.Hosting.Lifetime|Hosting environment: Development
2021-03-12 15:00:54.8800|INFO|Microsoft.Hosting.Lifetime|Content root path: C:\Users\fatih\source\repos\zepllin\zepllin
2021-03-12 15:03:42.7728|INFO|Microsoft.Hosting.Lifetime|Now listening on: https://localhost:5001
2021-03-12 15:03:42.8422|INFO|Microsoft.Hosting.Lifetime|Now listening on: http://localhost:5000
2021-03-12 15:03:42.8672|INFO|Microsoft.Hosting.Lifetime|Application started. Press Ctrl+C to shut down.
2021-03-12 15:03:42.8863|INFO|Microsoft.Hosting.Lifetime|Hosting environment: Development
2021-03-12 15:03:42.9238|INFO|Microsoft.Hosting.Lifetime|Content root path: C:\Users\fatih\source\repos\zepllin\zepllin
2021-03-12 15:10:29.8733|INFO|Microsoft.Hosting.Lifetime|Now listening on: https://localhost:5001
2021-03-12 15:10:29.9414|INFO|Microsoft.Hosting.Lifetime|Now listening on: http://localhost:5000
2021-03-12 15:10:29.9558|INFO|Microsoft.Hosting.Lifetime|Application started. Press Ctrl+C to shut down.
2021-03-12 15:10:29.9729|INFO|Microsoft.Hosting.Lifetime|Hosting environment: Development
2021-03-12 15:10:29.9855|INFO|Microsoft.Hosting.Lifetime|Content root path: C:\Users\fatih\source\repos\zepllin\zepllin
2021-03-12 15:11:30.0029|INFO|Microsoft.Hosting.Lifetime|Now listening on: https://localhost:5001
2021-03-12 15:11:30.0787|INFO|Microsoft.Hosting.Lifetime|Now listening on: http://localhost:5000
2021-03-12 15:11:30.0956|INFO|Microsoft.Hosting.Lifetime|Application started. Press Ctrl+C to shut down.
2021-03-12 15:11:30.1133|INFO|Microsoft.Hosting.Lifetime|Hosting environment: Development
2021-03-12 15:11:30.1406|INFO|Microsoft.Hosting.Lifetime|Content root path: C:\Users\fatih\source\repos\zepllin\zepllin
2021-03-12 15:12:02.8398|INFO|Microsoft.Hosting.Lifetime|Now listening on: https://localhost:5001
2021-03-12 15:12:02.9610|INFO|Microsoft.Hosting.Lifetime|Now listening on: http://localhost:5000
2021-03-12 15:12:02.9881|INFO|Microsoft.Hosting.Lifetime|Application started. Press Ctrl+C to shut down.
2021-03-12 15:12:03.0023|INFO|Microsoft.Hosting.Lifetime|Hosting environment: Development
2021-03-12 15:12:03.0163|INFO|Microsoft.Hosting.Lifetime|Content root path: C:\Users\fatih\source\repos\zepllin\zepllin
2021-03-12 15:13:32.7081|INFO|Microsoft.Hosting.Lifetime|Now listening on: https://localhost:5001
2021-03-12 15:13:32.7722|INFO|Microsoft.Hosting.Lifetime|Now listening on: http://localhost:5000
2021-03-12 15:13:32.7871|INFO|Microsoft.Hosting.Lifetime|Application started. Press Ctrl+C to shut down.
2021-03-12 15:13:32.7998|INFO|Microsoft.Hosting.Lifetime|Hosting environment: Development
2021-03-12 15:13:32.8138|INFO|Microsoft.Hosting.Lifetime|Content root path: C:\Users\fatih\source\repos\zepllin\zepllin
2021-03-12 15:14:37.0318|INFO|Microsoft.Hosting.Lifetime|Now listening on: https://localhost:5001
2021-03-12 15:14:37.0979|INFO|Microsoft.Hosting.Lifetime|Now listening on: http://localhost:5000
2021-03-12 15:14:37.1126|INFO|Microsoft.Hosting.Lifetime|Application started. Press Ctrl+C to shut down.
2021-03-12 15:14:37.1126|INFO|Microsoft.Hosting.Lifetime|Hosting environment: Development
2021-03-12 15:14:37.1437|INFO|Microsoft.Hosting.Lifetime|Content root path: C:\Users\fatih\source\repos\zepllin\zepllin
2021-03-12 15:16:05.3758|INFO|Microsoft.Hosting.Lifetime|Now listening on: https://localhost:5001
2021-03-12 15:16:05.4422|INFO|Microsoft.Hosting.Lifetime|Now listening on: http://localhost:5000
2021-03-12 15:16:05.4575|INFO|Microsoft.Hosting.Lifetime|Application started. Press Ctrl+C to shut down.
2021-03-12 15:16:05.4732|INFO|Microsoft.Hosting.Lifetime|Hosting environment: Development
2021-03-12 15:16:05.4933|INFO|Microsoft.Hosting.Lifetime|Content root path: C:\Users\fatih\source\repos\zepllin\zepllin
2021-03-12 15:17:25.8656|INFO|Microsoft.Hosting.Lifetime|Now listening on: https://localhost:5001
2021-03-12 15:17:25.9312|INFO|Microsoft.Hosting.Lifetime|Now listening on: http://localhost:5000
2021-03-12 15:17:25.9453|INFO|Microsoft.Hosting.Lifetime|Application started. Press Ctrl+C to shut down.
2021-03-12 15:17:25.9578|INFO|Microsoft.Hosting.Lifetime|Hosting environment: Development
2021-03-12 15:17:25.9752|INFO|Microsoft.Hosting.Lifetime|Content root path: C:\Users\fatih\source\repos\zepllin\zepllin
2021-03-12 15:17:56.1939|INFO|Microsoft.Hosting.Lifetime|Now listening on: https://localhost:5001
2021-03-12 15:17:56.2583|INFO|Microsoft.Hosting.Lifetime|Now listening on: http://localhost:5000
2021-03-12 15:17:56.2729|INFO|Microsoft.Hosting.Lifetime|Application started. Press Ctrl+C to shut down.
2021-03-12 15:17:56.2858|INFO|Microsoft.Hosting.Lifetime|Hosting environment: Development
2021-03-12 15:17:56.3019|INFO|Microsoft.Hosting.Lifetime|Content root path: C:\Users\fatih\source\repos\zepllin\zepllin
2021-03-12 15:19:45.7892|INFO|Microsoft.Hosting.Lifetime|Now listening on: https://localhost:5001
2021-03-12 15:19:45.8704|INFO|Microsoft.Hosting.Lifetime|Now listening on: http://localhost:5000
2021-03-12 15:19:45.8872|INFO|Microsoft.Hosting.Lifetime|Application started. Press Ctrl+C to shut down.
2021-03-12 15:19:45.9002|INFO|Microsoft.Hosting.Lifetime|Hosting environment: Development
2021-03-12 15:19:45.9234|INFO|Microsoft.Hosting.Lifetime|Content root path: C:\Users\fatih\source\repos\zepllin\zepllin
2021-03-12 15:20:11.2739|INFO|Microsoft.Hosting.Lifetime|Now listening on: https://localhost:5001
2021-03-12 15:20:11.3402|INFO|Microsoft.Hosting.Lifetime|Now listening on: http://localhost:5000
2021-03-12 15:20:11.3545|INFO|Microsoft.Hosting.Lifetime|Application started. Press Ctrl+C to shut down.
2021-03-12 15:20:11.3668|INFO|Microsoft.Hosting.Lifetime|Hosting environment: Development
2021-03-12 15:20:11.3859|INFO|Microsoft.Hosting.Lifetime|Content root path: C:\Users\fatih\source\repos\zepllin\zepllin
2021-03-12 15:20:41.4344|INFO|Microsoft.Hosting.Lifetime|Now listening on: https://localhost:5001
2021-03-12 15:20:41.5028|INFO|Microsoft.Hosting.Lifetime|Now listening on: http://localhost:5000
2021-03-12 15:20:41.5173|INFO|Microsoft.Hosting.Lifetime|Application started. Press Ctrl+C to shut down.
2021-03-12 15:20:41.5173|INFO|Microsoft.Hosting.Lifetime|Hosting environment: Development
2021-03-12 15:20:41.5467|INFO|Microsoft.Hosting.Lifetime|Content root path: C:\Users\fatih\source\repos\zepllin\zepllin
2021-03-12 15:21:08.9095|INFO|Microsoft.Hosting.Lifetime|Now listening on: https://localhost:5001
2021-03-12 15:21:08.9773|INFO|Microsoft.Hosting.Lifetime|Now listening on: http://localhost:5000
2021-03-12 15:21:08.9927|INFO|Microsoft.Hosting.Lifetime|Application started. Press Ctrl+C to shut down.
2021-03-12 15:21:09.0114|INFO|Microsoft.Hosting.Lifetime|Hosting environment: Development
2021-03-12 15:21:09.0236|INFO|Microsoft.Hosting.Lifetime|Content root path: C:\Users\fatih\source\repos\zepllin\zepllin
2021-03-12 15:21:57.8341|INFO|Microsoft.Hosting.Lifetime|Now listening on: https://localhost:5001
2021-03-12 15:21:57.9023|INFO|Microsoft.Hosting.Lifetime|Now listening on: http://localhost:5000
2021-03-12 15:21:57.9175|INFO|Microsoft.Hosting.Lifetime|Application started. Press Ctrl+C to shut down.
2021-03-12 15:21:57.9359|INFO|Microsoft.Hosting.Lifetime|Hosting environment: Development
2021-03-12 15:21:57.9550|INFO|Microsoft.Hosting.Lifetime|Content root path: C:\Users\fatih\source\repos\zepllin\zepllin
2021-03-12 15:22:28.2724|INFO|Microsoft.Hosting.Lifetime|Now listening on: https://localhost:5001
2021-03-12 15:22:28.3382|INFO|Microsoft.Hosting.Lifetime|Now listening on: http://localhost:5000
2021-03-12 15:22:28.3533|INFO|Microsoft.Hosting.Lifetime|Application started. Press Ctrl+C to shut down.
2021-03-12 15:22:28.3735|INFO|Microsoft.Hosting.Lifetime|Hosting environment: Development
2021-03-12 15:22:28.3859|INFO|Microsoft.Hosting.Lifetime|Content root path: C:\Users\fatih\source\repos\zepllin\zepllin
2021-03-12 15:25:06.5589|INFO|Microsoft.Hosting.Lifetime|Now listening on: https://localhost:5001
2021-03-12 15:25:06.6282|INFO|Microsoft.Hosting.Lifetime|Now listening on: http://localhost:5000
2021-03-12 15:25:06.6437|INFO|Microsoft.Hosting.Lifetime|Application started. Press Ctrl+C to shut down.
2021-03-12 15:25:06.6609|INFO|Microsoft.Hosting.Lifetime|Hosting environment: Development
2021-03-12 15:25:06.6739|INFO|Microsoft.Hosting.Lifetime|Content root path: C:\Users\fatih\source\repos\zepllin\zepllin
2021-03-12 15:38:30.8312|INFO|Microsoft.Hosting.Lifetime|Now listening on: https://localhost:5001
2021-03-12 15:38:30.9002|INFO|Microsoft.Hosting.Lifetime|Now listening on: http://localhost:5000
2021-03-12 15:38:30.9149|INFO|Microsoft.Hosting.Lifetime|Application started. Press Ctrl+C to shut down.
2021-03-12 15:38:30.9278|INFO|Microsoft.Hosting.Lifetime|Hosting environment: Development
2021-03-12 15:38:30.9436|INFO|Microsoft.Hosting.Lifetime|Content root path: C:\Users\fatih\source\repos\zepllin\zepllin
2021-03-12 15:39:05.7020|INFO|Microsoft.Hosting.Lifetime|Now listening on: https://localhost:5001
2021-03-12 15:39:05.8196|INFO|Microsoft.Hosting.Lifetime|Now listening on: http://localhost:5000
2021-03-12 15:39:05.8369|INFO|Microsoft.Hosting.Lifetime|Application started. Press Ctrl+C to shut down.
2021-03-12 15:39:05.8571|INFO|Microsoft.Hosting.Lifetime|Hosting environment: Development
2021-03-12 15:39:05.8704|INFO|Microsoft.Hosting.Lifetime|Content root path: C:\Users\fatih\source\repos\zepllin\zepllin
2021-03-12 15:40:54.9160|INFO|Microsoft.Hosting.Lifetime|Now listening on: https://localhost:5001
2021-03-12 15:40:54.9833|INFO|Microsoft.Hosting.Lifetime|Now listening on: http://localhost:5000
2021-03-12 15:40:54.9981|INFO|Microsoft.Hosting.Lifetime|Application started. Press Ctrl+C to shut down.
2021-03-12 15:40:55.0153|INFO|Microsoft.Hosting.Lifetime|Hosting environment: Development
2021-03-12 15:40:55.0296|INFO|Microsoft.Hosting.Lifetime|Content root path: C:\Users\fatih\source\repos\zepllin\zepllin
2021-03-12 15:48:22.8207|INFO|Microsoft.Hosting.Lifetime|Now listening on: https://localhost:5001
2021-03-12 15:48:22.8943|INFO|Microsoft.Hosting.Lifetime|Now listening on: http://localhost:5000
2021-03-12 15:48:22.9166|INFO|Microsoft.Hosting.Lifetime|Application started. Press Ctrl+C to shut down.
2021-03-12 15:48:22.9306|INFO|Microsoft.Hosting.Lifetime|Hosting environment: Development
2021-03-12 15:48:22.9522|INFO|Microsoft.Hosting.Lifetime|Content root path: C:\Users\fatih\source\repos\zepllin\zepllin
2021-03-12 15:49:45.5842|INFO|Microsoft.Hosting.Lifetime|Now listening on: https://localhost:5001
2021-03-12 15:49:45.6522|INFO|Microsoft.Hosting.Lifetime|Now listening on: http://localhost:5000
2021-03-12 15:49:45.6672|INFO|Microsoft.Hosting.Lifetime|Application started. Press Ctrl+C to shut down.
2021-03-12 15:49:45.6862|INFO|Microsoft.Hosting.Lifetime|Hosting environment: Development
2021-03-12 15:49:45.6999|INFO|Microsoft.Hosting.Lifetime|Content root path: C:\Users\fatih\source\repos\zepllin\zepllin
2021-03-12 15:50:38.5919|INFO|Microsoft.Hosting.Lifetime|Now listening on: https://localhost:5001
2021-03-12 15:50:38.6712|INFO|Microsoft.Hosting.Lifetime|Now listening on: http://localhost:5000
2021-03-12 15:50:38.6880|INFO|Microsoft.Hosting.Lifetime|Application started. Press Ctrl+C to shut down.
2021-03-12 15:50:38.7038|INFO|Microsoft.Hosting.Lifetime|Hosting environment: Development
2021-03-12 15:50:38.7038|INFO|Microsoft.Hosting.Lifetime|Content root path: C:\Users\fatih\source\repos\zepllin\zepllin
2021-03-12 15:51:23.5421|INFO|Microsoft.Hosting.Lifetime|Now listening on: https://localhost:5001
2021-03-12 15:51:23.6092|INFO|Microsoft.Hosting.Lifetime|Now listening on: http://localhost:5000
2021-03-12 15:51:23.6237|INFO|Microsoft.Hosting.Lifetime|Application started. Press Ctrl+C to shut down.
2021-03-12 15:51:23.6434|INFO|Microsoft.Hosting.Lifetime|Hosting environment: Development
2021-03-12 15:51:23.6570|INFO|Microsoft.Hosting.Lifetime|Content root path: C:\Users\fatih\source\repos\zepllin\zepllin
2021-03-12 15:52:22.8722|INFO|Microsoft.Hosting.Lifetime|Now listening on: https://localhost:5001
2021-03-12 15:52:22.9392|INFO|Microsoft.Hosting.Lifetime|Now listening on: http://localhost:5000
2021-03-12 15:52:22.9542|INFO|Microsoft.Hosting.Lifetime|Application started. Press Ctrl+C to shut down.
2021-03-12 15:52:22.9542|INFO|Microsoft.Hosting.Lifetime|Hosting environment: Development
2021-03-12 15:52:22.9828|INFO|Microsoft.Hosting.Lifetime|Content root path: C:\Users\fatih\source\repos\zepllin\zepllin
2021-03-12 15:52:57.6229|INFO|Microsoft.Hosting.Lifetime|Now listening on: https://localhost:5001
2021-03-12 15:52:57.6887|INFO|Microsoft.Hosting.Lifetime|Now listening on: http://localhost:5000
2021-03-12 15:52:57.6887|INFO|Microsoft.Hosting.Lifetime|Application started. Press Ctrl+C to shut down.
2021-03-12 15:52:57.7229|INFO|Microsoft.Hosting.Lifetime|Hosting environment: Development
2021-03-12 15:52:57.7358|INFO|Microsoft.Hosting.Lifetime|Content root path: C:\Users\fatih\source\repos\zepllin\zepllin
2021-03-12 15:54:03.0953|INFO|Microsoft.Hosting.Lifetime|Now listening on: https://localhost:5001
2021-03-12 15:54:03.1820|INFO|Microsoft.Hosting.Lifetime|Now listening on: http://localhost:5000
2021-03-12 15:54:03.1982|INFO|Microsoft.Hosting.Lifetime|Application started. Press Ctrl+C to shut down.
2021-03-12 15:54:03.2169|INFO|Microsoft.Hosting.Lifetime|Hosting environment: Development
2021-03-12 15:54:03.2344|INFO|Microsoft.Hosting.Lifetime|Content root path: C:\Users\fatih\source\repos\zepllin\zepllin
2021-03-12 15:54:54.0793|INFO|Microsoft.Hosting.Lifetime|Now listening on: https://localhost:5001
2021-03-12 15:54:54.1643|INFO|Microsoft.Hosting.Lifetime|Now listening on: http://localhost:5000
2021-03-12 15:54:54.1898|INFO|Microsoft.Hosting.Lifetime|Application started. Press Ctrl+C to shut down.
2021-03-12 15:54:54.2277|INFO|Microsoft.Hosting.Lifetime|Hosting environment: Development
2021-03-12 15:54:54.2505|INFO|Microsoft.Hosting.Lifetime|Content root path: C:\Users\fatih\source\repos\zepllin\zepllin
2021-03-12 15:57:24.1245|INFO|Microsoft.Hosting.Lifetime|Now listening on: https://localhost:5001
2021-03-12 15:57:24.2070|INFO|Microsoft.Hosting.Lifetime|Now listening on: http://localhost:5000
2021-03-12 15:57:24.2296|INFO|Microsoft.Hosting.Lifetime|Application started. Press Ctrl+C to shut down.
2021-03-12 15:57:24.2449|INFO|Microsoft.Hosting.Lifetime|Hosting environment: Development
2021-03-12 15:57:24.2747|INFO|Microsoft.Hosting.Lifetime|Content root path: C:\Users\fatih\source\repos\zepllin\zepllin
2021-03-12 15:58:35.4277|INFO|Microsoft.Hosting.Lifetime|Now listening on: https://localhost:5001
2021-03-12 15:58:35.5263|INFO|Microsoft.Hosting.Lifetime|Now listening on: http://localhost:5000
2021-03-12 15:58:35.5429|INFO|Microsoft.Hosting.Lifetime|Application started. Press Ctrl+C to shut down.
2021-03-12 15:58:35.5591|INFO|Microsoft.Hosting.Lifetime|Hosting environment: Development
2021-03-12 15:58:35.5763|INFO|Microsoft.Hosting.Lifetime|Content root path: C:\Users\fatih\source\repos\zepllin\zepllin
2021-03-12 15:59:35.8132|INFO|Microsoft.Hosting.Lifetime|Now listening on: https://localhost:5001
2021-03-12 15:59:35.9037|INFO|Microsoft.Hosting.Lifetime|Now listening on: http://localhost:5000
2021-03-12 15:59:35.9307|INFO|Microsoft.Hosting.Lifetime|Application started. Press Ctrl+C to shut down.
2021-03-12 15:59:35.9593|INFO|Microsoft.Hosting.Lifetime|Hosting environment: Development
2021-03-12 15:59:35.9851|INFO|Microsoft.Hosting.Lifetime|Content root path: C:\Users\fatih\source\repos\zepllin\zepllin
2021-03-12 16:04:41.2921|INFO|Microsoft.Hosting.Lifetime|Now listening on: https://localhost:5001
2021-03-12 16:04:41.3730|INFO|Microsoft.Hosting.Lifetime|Now listening on: http://localhost:5000
2021-03-12 16:04:41.4003|INFO|Microsoft.Hosting.Lifetime|Application started. Press Ctrl+C to shut down.
2021-03-12 16:04:41.4174|INFO|Microsoft.Hosting.Lifetime|Hosting environment: Development
2021-03-12 16:04:41.4315|INFO|Microsoft.Hosting.Lifetime|Content root path: C:\Users\fatih\source\repos\zepllin\zepllin
2021-03-12 19:58:03.3367|INFO|Microsoft.Hosting.Lifetime|Now listening on: https://localhost:5001
2021-03-12 19:58:03.4582|INFO|Microsoft.Hosting.Lifetime|Now listening on: http://localhost:5000
2021-03-12 19:58:03.4733|INFO|Microsoft.Hosting.Lifetime|Application started. Press Ctrl+C to shut down.
2021-03-12 19:58:03.4861|INFO|Microsoft.Hosting.Lifetime|Hosting environment: Development
2021-03-12 19:58:03.5012|INFO|Microsoft.Hosting.Lifetime|Content root path: C:\Users\fatih\source\repos\zepllin\zepllin
2021-03-12 20:00:02.6560|INFO|Microsoft.Hosting.Lifetime|Now listening on: https://localhost:5001
2021-03-12 20:00:02.7271|INFO|Microsoft.Hosting.Lifetime|Now listening on: http://localhost:5000
2021-03-12 20:00:02.7440|INFO|Microsoft.Hosting.Lifetime|Application started. Press Ctrl+C to shut down.
2021-03-12 20:00:02.7641|INFO|Microsoft.Hosting.Lifetime|Hosting environment: Development
2021-03-12 20:00:02.7781|INFO|Microsoft.Hosting.Lifetime|Content root path: C:\Users\fatih\source\repos\zepllin\zepllin
2021-03-12 20:02:15.1558|INFO|Microsoft.Hosting.Lifetime|Now listening on: https://localhost:5001
2021-03-12 20:02:15.2233|INFO|Microsoft.Hosting.Lifetime|Now listening on: http://localhost:5000
2021-03-12 20:02:15.2386|INFO|Microsoft.Hosting.Lifetime|Application started. Press Ctrl+C to shut down.
2021-03-12 20:02:15.2585|INFO|Microsoft.Hosting.Lifetime|Hosting environment: Development
2021-03-12 20:02:15.2722|INFO|Microsoft.Hosting.Lifetime|Content root path: C:\Users\fatih\source\repos\zepllin\zepllin
2021-03-12 20:04:56.0366|INFO|Microsoft.Hosting.Lifetime|Now listening on: https://localhost:5001
2021-03-12 20:04:56.1057|INFO|Microsoft.Hosting.Lifetime|Now listening on: http://localhost:5000
2021-03-12 20:04:56.1268|INFO|Microsoft.Hosting.Lifetime|Application started. Press Ctrl+C to shut down.
2021-03-12 20:04:56.1435|INFO|Microsoft.Hosting.Lifetime|Hosting environment: Development
2021-03-12 20:04:56.1838|INFO|Microsoft.Hosting.Lifetime|Content root path: C:\Users\fatih\source\repos\zepllin\zepllin
2021-03-12 20:05:30.1953|INFO|Microsoft.Hosting.Lifetime|Now listening on: https://localhost:5001
2021-03-12 20:05:30.2787|INFO|Microsoft.Hosting.Lifetime|Now listening on: http://localhost:5000
2021-03-12 20:05:30.3018|INFO|Microsoft.Hosting.Lifetime|Application started. Press Ctrl+C to shut down.
2021-03-12 20:05:30.3171|INFO|Microsoft.Hosting.Lifetime|Hosting environment: Development
2021-03-12 20:05:30.3334|INFO|Microsoft.Hosting.Lifetime|Content root path: C:\Users\fatih\source\repos\zepllin\zepllin
2021-03-12 20:06:06.6081|INFO|Microsoft.Hosting.Lifetime|Now listening on: https://localhost:5001
2021-03-12 20:06:06.6781|INFO|Microsoft.Hosting.Lifetime|Now listening on: http://localhost:5000
2021-03-12 20:06:06.6993|INFO|Microsoft.Hosting.Lifetime|Application started. Press Ctrl+C to shut down.
2021-03-12 20:06:06.7131|INFO|Microsoft.Hosting.Lifetime|Hosting environment: Development
2021-03-12 20:06:06.7256|INFO|Microsoft.Hosting.Lifetime|Content root path: C:\Users\fatih\source\repos\zepllin\zepllin
2021-03-12 20:07:22.1085|INFO|Microsoft.Hosting.Lifetime|Now listening on: https://localhost:5001
2021-03-12 20:07:22.2078|INFO|Microsoft.Hosting.Lifetime|Now listening on: http://localhost:5000
2021-03-12 20:07:22.2297|INFO|Microsoft.Hosting.Lifetime|Application started. Press Ctrl+C to shut down.
2021-03-12 20:07:22.2564|INFO|Microsoft.Hosting.Lifetime|Hosting environment: Development
2021-03-12 20:07:22.2754|INFO|Microsoft.Hosting.Lifetime|Content root path: C:\Users\fatih\source\repos\zepllin\zepllin
2021-03-12 20:13:42.4556|INFO|Microsoft.Hosting.Lifetime|Now listening on: https://localhost:5001
2021-03-12 20:13:42.5236|INFO|Microsoft.Hosting.Lifetime|Now listening on: http://localhost:5000
2021-03-12 20:13:42.5440|INFO|Microsoft.Hosting.Lifetime|Application started. Press Ctrl+C to shut down.
2021-03-12 20:13:42.5577|INFO|Microsoft.Hosting.Lifetime|Hosting environment: Development
2021-03-12 20:13:42.5780|INFO|Microsoft.Hosting.Lifetime|Content root path: C:\Users\fatih\source\repos\zepllin\zepllin
2021-03-12 20:16:05.3379|INFO|Microsoft.Hosting.Lifetime|Now listening on: https://localhost:5001
2021-03-12 20:16:05.4043|INFO|Microsoft.Hosting.Lifetime|Now listening on: http://localhost:5000
2021-03-12 20:16:05.4334|INFO|Microsoft.Hosting.Lifetime|Application started. Press Ctrl+C to shut down.
2021-03-12 20:16:05.4573|INFO|Microsoft.Hosting.Lifetime|Hosting environment: Production
2021-03-12 20:16:05.4845|INFO|Microsoft.Hosting.Lifetime|Content root path: C:\Users\fatih\source\repos\zepllin\zepllin
2021-03-12 20:27:51.0161|INFO|Microsoft.Hosting.Lifetime|Now listening on: https://localhost:5001
2021-03-12 20:27:51.1051|INFO|Microsoft.Hosting.Lifetime|Now listening on: http://localhost:5000
2021-03-12 20:27:51.1256|INFO|Microsoft.Hosting.Lifetime|Application started. Press Ctrl+C to shut down.
2021-03-12 20:27:51.1443|INFO|Microsoft.Hosting.Lifetime|Hosting environment: Development
2021-03-12 20:27:51.1689|INFO|Microsoft.Hosting.Lifetime|Content root path: C:\Users\fatih\source\repos\zepllin\zepllin
2021-03-12 20:45:42.0467|INFO|Microsoft.Hosting.Lifetime|Now listening on: https://localhost:5001
2021-03-12 20:45:42.1394|INFO|Microsoft.Hosting.Lifetime|Now listening on: http://localhost:5000
2021-03-12 20:45:42.1583|INFO|Microsoft.Hosting.Lifetime|Application started. Press Ctrl+C to shut down.
2021-03-12 20:45:42.1743|INFO|Microsoft.Hosting.Lifetime|Hosting environment: Development
2021-03-12 20:45:42.1974|INFO|Microsoft.Hosting.Lifetime|Content root path: C:\Users\fatih\source\repos\zepllin\zepllin
2021-03-12 20:47:38.3867|INFO|Microsoft.Hosting.Lifetime|Now listening on: https://localhost:5001
2021-03-12 20:47:38.4534|INFO|Microsoft.Hosting.Lifetime|Now listening on: http://localhost:5000
2021-03-12 20:47:38.4842|INFO|Microsoft.Hosting.Lifetime|Application started. Press Ctrl+C to shut down.
2021-03-12 20:47:38.5075|INFO|Microsoft.Hosting.Lifetime|Hosting environment: Development
2021-03-12 20:47:38.5631|INFO|Microsoft.Hosting.Lifetime|Content root path: C:\Users\fatih\source\repos\zepllin\zepllin
2021-03-12 20:48:14.0412|INFO|Microsoft.Hosting.Lifetime|Now listening on: https://localhost:5001
2021-03-12 20:48:14.1456|INFO|Microsoft.Hosting.Lifetime|Now listening on: http://localhost:5000
2021-03-12 20:48:14.1655|INFO|Microsoft.Hosting.Lifetime|Application started. Press Ctrl+C to shut down.
2021-03-12 20:48:14.1794|INFO|Microsoft.Hosting.Lifetime|Hosting environment: Development
2021-03-12 20:48:14.1951|INFO|Microsoft.Hosting.Lifetime|Content root path: C:\Users\fatih\source\repos\zepllin\zepllin
2021-03-12 20:51:33.5599|INFO|Microsoft.Hosting.Lifetime|Now listening on: https://localhost:5001
2021-03-12 20:51:33.6321|INFO|Microsoft.Hosting.Lifetime|Now listening on: http://localhost:5000
2021-03-12 20:51:33.6541|INFO|Microsoft.Hosting.Lifetime|Application started. Press Ctrl+C to shut down.
2021-03-12 20:51:33.6704|INFO|Microsoft.Hosting.Lifetime|Hosting environment: Development
2021-03-12 20:51:33.6704|INFO|Microsoft.Hosting.Lifetime|Content root path: C:\Users\fatih\source\repos\zepllin\zepllin
2021-03-12 20:53:03.5090|INFO|Microsoft.Hosting.Lifetime|Now listening on: https://localhost:5001
2021-03-12 20:53:03.5796|INFO|Microsoft.Hosting.Lifetime|Now listening on: http://localhost:5000
2021-03-12 20:53:03.5950|INFO|Microsoft.Hosting.Lifetime|Application started. Press Ctrl+C to shut down.
2021-03-12 20:53:03.6164|INFO|Microsoft.Hosting.Lifetime|Hosting environment: Development
2021-03-12 20:53:03.6388|INFO|Microsoft.Hosting.Lifetime|Content root path: C:\Users\fatih\source\repos\zepllin\zepllin
