2021-03-09 00:00:19.9737|INFO|Microsoft.Hosting.Lifetime|Now listening on: https://localhost:5001
2021-03-09 00:00:20.0333|INFO|Microsoft.Hosting.Lifetime|Now listening on: http://localhost:5000
2021-03-09 00:00:20.0591|INFO|Microsoft.Hosting.Lifetime|Application started. Press Ctrl+C to shut down.
2021-03-09 00:00:20.0736|INFO|Microsoft.Hosting.Lifetime|Hosting environment: Development
2021-03-09 00:00:20.0959|INFO|Microsoft.Hosting.Lifetime|Content root path: C:\Users\fatih\source\repos\zepllin\zepllin
2021-03-09 00:00:52.4752|INFO|Microsoft.Hosting.Lifetime|Now listening on: https://localhost:5001
2021-03-09 00:00:52.5994|INFO|Microsoft.Hosting.Lifetime|Now listening on: http://localhost:5000
2021-03-09 00:00:52.6203|INFO|Microsoft.Hosting.Lifetime|Application started. Press Ctrl+C to shut down.
2021-03-09 00:00:52.6203|INFO|Microsoft.Hosting.Lifetime|Hosting environment: Development
2021-03-09 00:00:52.6439|INFO|Microsoft.Hosting.Lifetime|Content root path: C:\Users\fatih\source\repos\zepllin\zepllin
2021-03-09 00:02:17.2781|INFO|Microsoft.Hosting.Lifetime|Now listening on: https://localhost:5001
2021-03-09 00:02:17.3421|INFO|Microsoft.Hosting.Lifetime|Now listening on: http://localhost:5000
2021-03-09 00:02:17.3563|INFO|Microsoft.Hosting.Lifetime|Application started. Press Ctrl+C to shut down.
2021-03-09 00:02:17.3563|INFO|Microsoft.Hosting.Lifetime|Hosting environment: Development
2021-03-09 00:02:17.3831|INFO|Microsoft.Hosting.Lifetime|Content root path: C:\Users\fatih\source\repos\zepllin\zepllin
2021-03-09 00:03:32.8365|INFO|Microsoft.Hosting.Lifetime|Now listening on: https://localhost:5001
2021-03-09 00:03:32.8979|INFO|Microsoft.Hosting.Lifetime|Now listening on: http://localhost:5000
2021-03-09 00:03:32.9108|INFO|Microsoft.Hosting.Lifetime|Application started. Press Ctrl+C to shut down.
2021-03-09 00:03:32.9290|INFO|Microsoft.Hosting.Lifetime|Hosting environment: Development
2021-03-09 00:03:32.9389|INFO|Microsoft.Hosting.Lifetime|Content root path: C:\Users\fatih\source\repos\zepllin\zepllin
2021-03-09 00:05:39.3090|INFO|Microsoft.Hosting.Lifetime|Now listening on: https://localhost:5001
2021-03-09 00:05:39.3778|INFO|Microsoft.Hosting.Lifetime|Now listening on: http://localhost:5000
2021-03-09 00:05:39.3909|INFO|Microsoft.Hosting.Lifetime|Application started. Press Ctrl+C to shut down.
2021-03-09 00:05:39.4078|INFO|Microsoft.Hosting.Lifetime|Hosting environment: Development
2021-03-09 00:05:39.4247|INFO|Microsoft.Hosting.Lifetime|Content root path: C:\Users\fatih\source\repos\zepllin\zepllin
2021-03-09 00:10:06.6381|INFO|Microsoft.Hosting.Lifetime|Now listening on: https://localhost:5001
2021-03-09 00:10:06.7016|INFO|Microsoft.Hosting.Lifetime|Now listening on: http://localhost:5000
2021-03-09 00:10:06.7141|INFO|Microsoft.Hosting.Lifetime|Application started. Press Ctrl+C to shut down.
2021-03-09 00:10:06.7141|INFO|Microsoft.Hosting.Lifetime|Hosting environment: Development
2021-03-09 00:10:06.7427|INFO|Microsoft.Hosting.Lifetime|Content root path: C:\Users\fatih\source\repos\zepllin\zepllin
2021-03-09 00:11:07.0412|INFO|Microsoft.Hosting.Lifetime|Now listening on: https://localhost:5001
2021-03-09 00:11:07.1073|INFO|Microsoft.Hosting.Lifetime|Now listening on: http://localhost:5000
2021-03-09 00:11:07.1203|INFO|Microsoft.Hosting.Lifetime|Application started. Press Ctrl+C to shut down.
2021-03-09 00:11:07.1381|INFO|Microsoft.Hosting.Lifetime|Hosting environment: Development
2021-03-09 00:11:07.1558|INFO|Microsoft.Hosting.Lifetime|Content root path: C:\Users\fatih\source\repos\zepllin\zepllin
2021-03-09 00:11:57.8983|INFO|Microsoft.Hosting.Lifetime|Now listening on: https://localhost:5001
2021-03-09 00:11:57.9618|INFO|Microsoft.Hosting.Lifetime|Now listening on: http://localhost:5000
2021-03-09 00:11:57.9618|INFO|Microsoft.Hosting.Lifetime|Application started. Press Ctrl+C to shut down.
2021-03-09 00:11:57.9960|INFO|Microsoft.Hosting.Lifetime|Hosting environment: Development
2021-03-09 00:11:57.9960|INFO|Microsoft.Hosting.Lifetime|Content root path: C:\Users\fatih\source\repos\zepllin\zepllin
2021-03-09 00:13:20.5920|INFO|Microsoft.Hosting.Lifetime|Now listening on: https://localhost:5001
2021-03-09 00:13:20.6537|INFO|Microsoft.Hosting.Lifetime|Now listening on: http://localhost:5000
2021-03-09 00:13:20.6669|INFO|Microsoft.Hosting.Lifetime|Application started. Press Ctrl+C to shut down.
2021-03-09 00:13:20.6809|INFO|Microsoft.Hosting.Lifetime|Hosting environment: Development
2021-03-09 00:13:20.7009|INFO|Microsoft.Hosting.Lifetime|Content root path: C:\Users\fatih\source\repos\zepllin\zepllin
2021-03-09 00:15:53.5116|INFO|Microsoft.Hosting.Lifetime|Now listening on: https://localhost:5001
2021-03-09 00:15:53.5731|INFO|Microsoft.Hosting.Lifetime|Now listening on: http://localhost:5000
2021-03-09 00:15:53.5877|INFO|Microsoft.Hosting.Lifetime|Application started. Press Ctrl+C to shut down.
2021-03-09 00:15:53.6061|INFO|Microsoft.Hosting.Lifetime|Hosting environment: Development
2021-03-09 00:15:53.6061|INFO|Microsoft.Hosting.Lifetime|Content root path: C:\Users\fatih\source\repos\zepllin\zepllin
2021-03-09 00:16:23.0581|INFO|Microsoft.Hosting.Lifetime|Now listening on: https://localhost:5001
2021-03-09 00:16:23.1261|INFO|Microsoft.Hosting.Lifetime|Now listening on: http://localhost:5000
2021-03-09 00:16:23.1416|INFO|Microsoft.Hosting.Lifetime|Application started. Press Ctrl+C to shut down.
2021-03-09 00:16:23.1547|INFO|Microsoft.Hosting.Lifetime|Hosting environment: Development
2021-03-09 00:16:23.1697|INFO|Microsoft.Hosting.Lifetime|Content root path: C:\Users\fatih\source\repos\zepllin\zepllin
2021-03-09 00:16:49.8481|INFO|Microsoft.Hosting.Lifetime|Now listening on: https://localhost:5001
2021-03-09 00:16:49.9138|INFO|Microsoft.Hosting.Lifetime|Now listening on: http://localhost:5000
2021-03-09 00:16:49.9277|INFO|Microsoft.Hosting.Lifetime|Application started. Press Ctrl+C to shut down.
2021-03-09 00:16:49.9401|INFO|Microsoft.Hosting.Lifetime|Hosting environment: Development
2021-03-09 00:16:49.9597|INFO|Microsoft.Hosting.Lifetime|Content root path: C:\Users\fatih\source\repos\zepllin\zepllin
2021-03-09 00:18:32.9876|INFO|Microsoft.Hosting.Lifetime|Now listening on: https://localhost:5001
2021-03-09 00:18:33.0662|INFO|Microsoft.Hosting.Lifetime|Now listening on: http://localhost:5000
2021-03-09 00:18:33.0840|INFO|Microsoft.Hosting.Lifetime|Application started. Press Ctrl+C to shut down.
2021-03-09 00:18:33.1061|INFO|Microsoft.Hosting.Lifetime|Hosting environment: Development
2021-03-09 00:18:33.1245|INFO|Microsoft.Hosting.Lifetime|Content root path: C:\Users\fatih\source\repos\zepllin\zepllin
2021-03-09 00:19:51.3865|INFO|Microsoft.Hosting.Lifetime|Now listening on: https://localhost:5001
2021-03-09 00:19:51.4811|INFO|Microsoft.Hosting.Lifetime|Now listening on: http://localhost:5000
2021-03-09 00:19:51.5081|INFO|Microsoft.Hosting.Lifetime|Application started. Press Ctrl+C to shut down.
2021-03-09 00:19:51.5222|INFO|Microsoft.Hosting.Lifetime|Hosting environment: Development
2021-03-09 00:19:51.5426|INFO|Microsoft.Hosting.Lifetime|Content root path: C:\Users\fatih\source\repos\zepllin\zepllin
2021-03-09 00:21:58.5842|INFO|Microsoft.Hosting.Lifetime|Now listening on: https://localhost:5001
2021-03-09 00:21:58.6615|INFO|Microsoft.Hosting.Lifetime|Now listening on: http://localhost:5000
2021-03-09 00:21:58.6841|INFO|Microsoft.Hosting.Lifetime|Application started. Press Ctrl+C to shut down.
2021-03-09 00:21:58.7120|INFO|Microsoft.Hosting.Lifetime|Hosting environment: Development
2021-03-09 00:21:58.7120|INFO|Microsoft.Hosting.Lifetime|Content root path: C:\Users\fatih\source\repos\zepllin\zepllin
2021-03-09 00:22:37.4383|INFO|Microsoft.Hosting.Lifetime|Now listening on: https://localhost:5001
2021-03-09 00:22:37.5023|INFO|Microsoft.Hosting.Lifetime|Now listening on: http://localhost:5000
2021-03-09 00:22:37.5190|INFO|Microsoft.Hosting.Lifetime|Application started. Press Ctrl+C to shut down.
2021-03-09 00:22:37.5344|INFO|Microsoft.Hosting.Lifetime|Hosting environment: Development
2021-03-09 00:22:37.5527|INFO|Microsoft.Hosting.Lifetime|Content root path: C:\Users\fatih\source\repos\zepllin\zepllin
2021-03-09 00:31:23.6059|INFO|Microsoft.Hosting.Lifetime|Now listening on: https://localhost:5001
2021-03-09 00:31:23.6703|INFO|Microsoft.Hosting.Lifetime|Now listening on: http://localhost:5000
2021-03-09 00:31:23.6865|INFO|Microsoft.Hosting.Lifetime|Application started. Press Ctrl+C to shut down.
2021-03-09 00:31:23.6981|INFO|Microsoft.Hosting.Lifetime|Hosting environment: Development
2021-03-09 00:31:23.6981|INFO|Microsoft.Hosting.Lifetime|Content root path: C:\Users\fatih\source\repos\zepllin\zepllin
2021-03-09 00:32:28.8100|INFO|Microsoft.Hosting.Lifetime|Now listening on: https://localhost:5001
2021-03-09 00:32:28.8748|INFO|Microsoft.Hosting.Lifetime|Now listening on: http://localhost:5000
2021-03-09 00:32:28.8883|INFO|Microsoft.Hosting.Lifetime|Application started. Press Ctrl+C to shut down.
2021-03-09 00:32:28.9043|INFO|Microsoft.Hosting.Lifetime|Hosting environment: Development
2021-03-09 00:32:28.9164|INFO|Microsoft.Hosting.Lifetime|Content root path: C:\Users\fatih\source\repos\zepllin\zepllin
2021-03-09 00:34:37.0317|INFO|Microsoft.Hosting.Lifetime|Now listening on: https://localhost:5001
2021-03-09 00:34:37.1027|INFO|Microsoft.Hosting.Lifetime|Now listening on: http://localhost:5000
2021-03-09 00:34:37.1027|INFO|Microsoft.Hosting.Lifetime|Application started. Press Ctrl+C to shut down.
2021-03-09 00:34:37.1312|INFO|Microsoft.Hosting.Lifetime|Hosting environment: Development
2021-03-09 00:34:37.1525|INFO|Microsoft.Hosting.Lifetime|Content root path: C:\Users\fatih\source\repos\zepllin\zepllin
2021-03-09 00:35:31.6028|INFO|Microsoft.Hosting.Lifetime|Now listening on: https://localhost:5001
2021-03-09 00:35:31.6691|INFO|Microsoft.Hosting.Lifetime|Now listening on: http://localhost:5000
2021-03-09 00:35:31.6827|INFO|Microsoft.Hosting.Lifetime|Application started. Press Ctrl+C to shut down.
2021-03-09 00:35:31.6993|INFO|Microsoft.Hosting.Lifetime|Hosting environment: Development
2021-03-09 00:35:31.7123|INFO|Microsoft.Hosting.Lifetime|Content root path: C:\Users\fatih\source\repos\zepllin\zepllin
2021-03-09 00:37:44.7755|INFO|Microsoft.Hosting.Lifetime|Now listening on: https://localhost:5001
2021-03-09 00:37:44.8910|INFO|Microsoft.Hosting.Lifetime|Now listening on: http://localhost:5000
2021-03-09 00:37:44.9081|INFO|Microsoft.Hosting.Lifetime|Application started. Press Ctrl+C to shut down.
2021-03-09 00:37:44.9205|INFO|Microsoft.Hosting.Lifetime|Hosting environment: Development
2021-03-09 00:37:44.9338|INFO|Microsoft.Hosting.Lifetime|Content root path: C:\Users\fatih\source\repos\zepllin\zepllin
2021-03-09 00:42:53.3212|INFO|Microsoft.Hosting.Lifetime|Now listening on: https://localhost:5001
2021-03-09 00:42:53.3859|INFO|Microsoft.Hosting.Lifetime|Now listening on: http://localhost:5000
2021-03-09 00:42:53.3859|INFO|Microsoft.Hosting.Lifetime|Application started. Press Ctrl+C to shut down.
2021-03-09 00:42:53.4158|INFO|Microsoft.Hosting.Lifetime|Hosting environment: Development
2021-03-09 00:42:53.4158|INFO|Microsoft.Hosting.Lifetime|Content root path: C:\Users\fatih\source\repos\zepllin\zepllin
2021-03-09 00:45:08.0629|INFO|Microsoft.Hosting.Lifetime|Now listening on: https://localhost:5001
2021-03-09 00:45:08.1356|INFO|Microsoft.Hosting.Lifetime|Now listening on: http://localhost:5000
2021-03-09 00:45:08.1493|INFO|Microsoft.Hosting.Lifetime|Application started. Press Ctrl+C to shut down.
2021-03-09 00:45:08.1493|INFO|Microsoft.Hosting.Lifetime|Hosting environment: Development
2021-03-09 00:45:08.1736|INFO|Microsoft.Hosting.Lifetime|Content root path: C:\Users\fatih\source\repos\zepllin\zepllin
2021-03-09 00:52:37.9510|INFO|Microsoft.Hosting.Lifetime|Now listening on: https://localhost:5001
2021-03-09 00:52:38.0192|INFO|Microsoft.Hosting.Lifetime|Now listening on: http://localhost:5000
2021-03-09 00:52:38.1181|INFO|Microsoft.Hosting.Lifetime|Application started. Press Ctrl+C to shut down.
2021-03-09 00:52:38.1716|INFO|Microsoft.Hosting.Lifetime|Hosting environment: Development
2021-03-09 00:52:38.2113|INFO|Microsoft.Hosting.Lifetime|Content root path: C:\Users\fatih\source\repos\zepllin\zepllin
2021-03-09 00:53:10.3748|INFO|Microsoft.Hosting.Lifetime|Now listening on: https://localhost:5001
2021-03-09 00:53:10.4785|INFO|Microsoft.Hosting.Lifetime|Now listening on: http://localhost:5000
2021-03-09 00:53:10.5031|INFO|Microsoft.Hosting.Lifetime|Application started. Press Ctrl+C to shut down.
2021-03-09 00:53:10.5232|INFO|Microsoft.Hosting.Lifetime|Hosting environment: Development
2021-03-09 00:53:10.5502|INFO|Microsoft.Hosting.Lifetime|Content root path: C:\Users\fatih\source\repos\zepllin\zepllin
2021-03-09 00:53:51.7004|INFO|Microsoft.Hosting.Lifetime|Now listening on: https://localhost:5001
2021-03-09 00:53:51.7673|INFO|Microsoft.Hosting.Lifetime|Now listening on: http://localhost:5000
2021-03-09 00:53:51.7830|INFO|Microsoft.Hosting.Lifetime|Application started. Press Ctrl+C to shut down.
2021-03-09 00:53:51.7949|INFO|Microsoft.Hosting.Lifetime|Hosting environment: Development
2021-03-09 00:53:51.8071|INFO|Microsoft.Hosting.Lifetime|Content root path: C:\Users\fatih\source\repos\zepllin\zepllin
2021-03-09 00:55:24.9910|INFO|Microsoft.Hosting.Lifetime|Now listening on: https://localhost:5001
2021-03-09 00:55:25.0560|INFO|Microsoft.Hosting.Lifetime|Now listening on: http://localhost:5000
2021-03-09 00:55:25.0560|INFO|Microsoft.Hosting.Lifetime|Application started. Press Ctrl+C to shut down.
2021-03-09 00:55:25.0865|INFO|Microsoft.Hosting.Lifetime|Hosting environment: Development
2021-03-09 00:55:25.0988|INFO|Microsoft.Hosting.Lifetime|Content root path: C:\Users\fatih\source\repos\zepllin\zepllin
2021-03-09 00:56:52.0016|INFO|Microsoft.Hosting.Lifetime|Now listening on: https://localhost:5001
2021-03-09 00:56:52.0810|INFO|Microsoft.Hosting.Lifetime|Now listening on: http://localhost:5000
2021-03-09 00:56:52.0950|INFO|Microsoft.Hosting.Lifetime|Application started. Press Ctrl+C to shut down.
2021-03-09 00:56:52.1074|INFO|Microsoft.Hosting.Lifetime|Hosting environment: Development
2021-03-09 00:56:52.1244|INFO|Microsoft.Hosting.Lifetime|Content root path: C:\Users\fatih\source\repos\zepllin\zepllin
2021-03-09 00:57:56.4441|INFO|Microsoft.Hosting.Lifetime|Now listening on: https://localhost:5001
2021-03-09 00:57:56.5219|INFO|Microsoft.Hosting.Lifetime|Now listening on: http://localhost:5000
2021-03-09 00:57:56.5449|INFO|Microsoft.Hosting.Lifetime|Application started. Press Ctrl+C to shut down.
2021-03-09 00:57:56.5594|INFO|Microsoft.Hosting.Lifetime|Hosting environment: Development
2021-03-09 00:57:56.5807|INFO|Microsoft.Hosting.Lifetime|Content root path: C:\Users\fatih\source\repos\zepllin\zepllin
2021-03-09 00:59:31.2460|INFO|Microsoft.Hosting.Lifetime|Now listening on: https://localhost:5001
2021-03-09 00:59:31.3159|INFO|Microsoft.Hosting.Lifetime|Now listening on: http://localhost:5000
2021-03-09 00:59:31.3298|INFO|Microsoft.Hosting.Lifetime|Application started. Press Ctrl+C to shut down.
2021-03-09 00:59:31.3421|INFO|Microsoft.Hosting.Lifetime|Hosting environment: Development
2021-03-09 00:59:31.3602|INFO|Microsoft.Hosting.Lifetime|Content root path: C:\Users\fatih\source\repos\zepllin\zepllin
2021-03-09 01:01:38.5108|INFO|Microsoft.Hosting.Lifetime|Now listening on: https://localhost:5001
2021-03-09 01:01:38.5753|INFO|Microsoft.Hosting.Lifetime|Now listening on: http://localhost:5000
2021-03-09 01:01:38.5898|INFO|Microsoft.Hosting.Lifetime|Application started. Press Ctrl+C to shut down.
2021-03-09 01:01:38.6084|INFO|Microsoft.Hosting.Lifetime|Hosting environment: Development
2021-03-09 01:01:38.6227|INFO|Microsoft.Hosting.Lifetime|Content root path: C:\Users\fatih\source\repos\zepllin\zepllin
2021-03-09 01:02:24.2572|INFO|Microsoft.Hosting.Lifetime|Now listening on: https://localhost:5001
2021-03-09 01:02:24.3278|INFO|Microsoft.Hosting.Lifetime|Now listening on: http://localhost:5000
2021-03-09 01:02:24.3439|INFO|Microsoft.Hosting.Lifetime|Application started. Press Ctrl+C to shut down.
2021-03-09 01:02:24.3626|INFO|Microsoft.Hosting.Lifetime|Hosting environment: Development
2021-03-09 01:02:24.3871|INFO|Microsoft.Hosting.Lifetime|Content root path: C:\Users\fatih\source\repos\zepllin\zepllin
2021-03-09 01:13:12.7822|INFO|Microsoft.Hosting.Lifetime|Now listening on: https://localhost:5001
2021-03-09 01:13:12.8485|INFO|Microsoft.Hosting.Lifetime|Now listening on: http://localhost:5000
2021-03-09 01:13:12.8636|INFO|Microsoft.Hosting.Lifetime|Application started. Press Ctrl+C to shut down.
2021-03-09 01:13:12.8804|INFO|Microsoft.Hosting.Lifetime|Hosting environment: Development
2021-03-09 01:13:12.8928|INFO|Microsoft.Hosting.Lifetime|Content root path: C:\Users\fatih\source\repos\zepllin\zepllin
2021-03-09 01:14:09.9079|INFO|Microsoft.Hosting.Lifetime|Now listening on: https://localhost:5001
2021-03-09 01:14:09.9818|INFO|Microsoft.Hosting.Lifetime|Now listening on: http://localhost:5000
2021-03-09 01:14:09.9977|INFO|Microsoft.Hosting.Lifetime|Application started. Press Ctrl+C to shut down.
2021-03-09 01:14:10.0165|INFO|Microsoft.Hosting.Lifetime|Hosting environment: Development
2021-03-09 01:14:10.0304|INFO|Microsoft.Hosting.Lifetime|Content root path: C:\Users\fatih\source\repos\zepllin\zepllin
2021-03-09 01:14:40.4035|INFO|Microsoft.Hosting.Lifetime|Now listening on: https://localhost:5001
2021-03-09 01:14:40.4692|INFO|Microsoft.Hosting.Lifetime|Now listening on: http://localhost:5000
2021-03-09 01:14:40.4849|INFO|Microsoft.Hosting.Lifetime|Application started. Press Ctrl+C to shut down.
2021-03-09 01:14:40.4976|INFO|Microsoft.Hosting.Lifetime|Hosting environment: Development
2021-03-09 01:14:40.5142|INFO|Microsoft.Hosting.Lifetime|Content root path: C:\Users\fatih\source\repos\zepllin\zepllin
2021-03-09 01:15:25.8445|INFO|Microsoft.Hosting.Lifetime|Now listening on: https://localhost:5001
2021-03-09 01:15:25.9020|INFO|Microsoft.Hosting.Lifetime|Now listening on: http://localhost:5000
2021-03-09 01:15:25.9162|INFO|Microsoft.Hosting.Lifetime|Application started. Press Ctrl+C to shut down.
2021-03-09 01:15:25.9162|INFO|Microsoft.Hosting.Lifetime|Hosting environment: Development
2021-03-09 01:15:25.9406|INFO|Microsoft.Hosting.Lifetime|Content root path: C:\Users\fatih\source\repos\zepllin\zepllin
2021-03-09 13:35:16.3076|INFO|Microsoft.Hosting.Lifetime|Now listening on: https://localhost:5001
2021-03-09 13:35:16.4116|INFO|Microsoft.Hosting.Lifetime|Now listening on: http://localhost:5000
2021-03-09 13:35:16.4268|INFO|Microsoft.Hosting.Lifetime|Application started. Press Ctrl+C to shut down.
2021-03-09 13:35:16.4403|INFO|Microsoft.Hosting.Lifetime|Hosting environment: Development
2021-03-09 13:35:16.4533|INFO|Microsoft.Hosting.Lifetime|Content root path: C:\Users\fatih\source\repos\zepllin\zepllin
2021-03-09 13:38:46.1215|INFO|Microsoft.Hosting.Lifetime|Now listening on: https://localhost:5001
2021-03-09 13:38:46.1951|INFO|Microsoft.Hosting.Lifetime|Now listening on: http://localhost:5000
2021-03-09 13:38:46.2099|INFO|Microsoft.Hosting.Lifetime|Application started. Press Ctrl+C to shut down.
2021-03-09 13:38:46.2222|INFO|Microsoft.Hosting.Lifetime|Hosting environment: Development
2021-03-09 13:38:46.2421|INFO|Microsoft.Hosting.Lifetime|Content root path: C:\Users\fatih\source\repos\zepllin\zepllin
2021-03-09 13:42:27.9119|INFO|Microsoft.Hosting.Lifetime|Now listening on: https://localhost:5001
2021-03-09 13:42:28.0375|INFO|Microsoft.Hosting.Lifetime|Now listening on: http://localhost:5000
2021-03-09 13:42:28.0525|INFO|Microsoft.Hosting.Lifetime|Application started. Press Ctrl+C to shut down.
2021-03-09 13:42:28.0659|INFO|Microsoft.Hosting.Lifetime|Hosting environment: Development
2021-03-09 13:42:28.0803|INFO|Microsoft.Hosting.Lifetime|Content root path: C:\Users\fatih\source\repos\zepllin\zepllin
2021-03-09 13:45:21.1879|INFO|Microsoft.Hosting.Lifetime|Now listening on: https://localhost:5001
2021-03-09 13:45:21.3473|INFO|Microsoft.Hosting.Lifetime|Now listening on: http://localhost:5000
2021-03-09 13:45:21.3617|INFO|Microsoft.Hosting.Lifetime|Application started. Press Ctrl+C to shut down.
2021-03-09 13:45:21.3749|INFO|Microsoft.Hosting.Lifetime|Hosting environment: Development
2021-03-09 13:45:21.3872|INFO|Microsoft.Hosting.Lifetime|Content root path: C:\Users\fatih\source\repos\zepllin\zepllin
2021-03-09 13:46:08.4039|INFO|Microsoft.Hosting.Lifetime|Now listening on: https://localhost:5001
2021-03-09 13:46:08.5005|INFO|Microsoft.Hosting.Lifetime|Now listening on: http://localhost:5000
2021-03-09 13:46:08.5184|INFO|Microsoft.Hosting.Lifetime|Application started. Press Ctrl+C to shut down.
2021-03-09 13:46:08.5339|INFO|Microsoft.Hosting.Lifetime|Hosting environment: Development
2021-03-09 13:46:08.5494|INFO|Microsoft.Hosting.Lifetime|Content root path: C:\Users\fatih\source\repos\zepllin\zepllin
2021-03-09 13:48:36.2948|INFO|Microsoft.Hosting.Lifetime|Now listening on: https://localhost:5001
2021-03-09 13:48:36.4073|INFO|Microsoft.Hosting.Lifetime|Now listening on: http://localhost:5000
2021-03-09 13:48:36.4266|INFO|Microsoft.Hosting.Lifetime|Application started. Press Ctrl+C to shut down.
2021-03-09 13:48:36.4416|INFO|Microsoft.Hosting.Lifetime|Hosting environment: Development
2021-03-09 13:48:36.4545|INFO|Microsoft.Hosting.Lifetime|Content root path: C:\Users\fatih\source\repos\zepllin\zepllin
2021-03-09 13:51:45.9986|INFO|Microsoft.Hosting.Lifetime|Now listening on: https://localhost:5001
2021-03-09 13:51:46.0708|INFO|Microsoft.Hosting.Lifetime|Now listening on: http://localhost:5000
2021-03-09 13:51:46.0858|INFO|Microsoft.Hosting.Lifetime|Application started. Press Ctrl+C to shut down.
2021-03-09 13:51:46.0991|INFO|Microsoft.Hosting.Lifetime|Hosting environment: Development
2021-03-09 13:51:46.1274|INFO|Microsoft.Hosting.Lifetime|Content root path: C:\Users\fatih\source\repos\zepllin\zepllin
2021-03-09 13:53:15.4448|INFO|Microsoft.Hosting.Lifetime|Now listening on: https://localhost:5001
2021-03-09 13:53:15.5115|INFO|Microsoft.Hosting.Lifetime|Now listening on: http://localhost:5000
2021-03-09 13:53:15.5260|INFO|Microsoft.Hosting.Lifetime|Application started. Press Ctrl+C to shut down.
2021-03-09 13:53:15.5467|INFO|Microsoft.Hosting.Lifetime|Hosting environment: Development
2021-03-09 13:53:15.5467|INFO|Microsoft.Hosting.Lifetime|Content root path: C:\Users\fatih\source\repos\zepllin\zepllin
2021-03-09 13:54:21.1351|INFO|Microsoft.Hosting.Lifetime|Now listening on: https://localhost:5001
2021-03-09 13:54:21.2974|INFO|Microsoft.Hosting.Lifetime|Now listening on: http://localhost:5000
2021-03-09 13:54:21.3224|INFO|Microsoft.Hosting.Lifetime|Application started. Press Ctrl+C to shut down.
2021-03-09 13:54:21.3488|INFO|Microsoft.Hosting.Lifetime|Hosting environment: Development
2021-03-09 13:54:21.3700|INFO|Microsoft.Hosting.Lifetime|Content root path: C:\Users\fatih\source\repos\zepllin\zepllin
2021-03-09 14:19:04.4258|INFO|Microsoft.Hosting.Lifetime|Now listening on: https://localhost:5001
2021-03-09 14:19:04.5213|INFO|Microsoft.Hosting.Lifetime|Now listening on: http://localhost:5000
2021-03-09 14:19:04.5434|INFO|Microsoft.Hosting.Lifetime|Application started. Press Ctrl+C to shut down.
2021-03-09 14:19:04.5573|INFO|Microsoft.Hosting.Lifetime|Hosting environment: Development
2021-03-09 14:19:04.5763|INFO|Microsoft.Hosting.Lifetime|Content root path: C:\Users\fatih\source\repos\zepllin\zepllin
2021-03-09 14:19:44.1034|INFO|Microsoft.Hosting.Lifetime|Now listening on: https://localhost:5001
2021-03-09 14:19:44.3084|INFO|Microsoft.Hosting.Lifetime|Now listening on: http://localhost:5000
2021-03-09 14:19:44.3260|INFO|Microsoft.Hosting.Lifetime|Application started. Press Ctrl+C to shut down.
2021-03-09 14:19:44.3260|INFO|Microsoft.Hosting.Lifetime|Hosting environment: Development
2021-03-09 14:19:44.3610|INFO|Microsoft.Hosting.Lifetime|Content root path: C:\Users\fatih\source\repos\zepllin\zepllin
2021-03-09 14:22:01.1756|INFO|Microsoft.Hosting.Lifetime|Now listening on: https://localhost:5001
2021-03-09 14:22:01.2602|INFO|Microsoft.Hosting.Lifetime|Now listening on: http://localhost:5000
2021-03-09 14:22:01.2820|INFO|Microsoft.Hosting.Lifetime|Application started. Press Ctrl+C to shut down.
2021-03-09 14:22:01.3039|INFO|Microsoft.Hosting.Lifetime|Hosting environment: Development
2021-03-09 14:22:01.3257|INFO|Microsoft.Hosting.Lifetime|Content root path: C:\Users\fatih\source\repos\zepllin\zepllin
2021-03-09 14:23:33.8598|INFO|Microsoft.Hosting.Lifetime|Now listening on: https://localhost:5001
2021-03-09 14:23:33.9271|INFO|Microsoft.Hosting.Lifetime|Now listening on: http://localhost:5000
2021-03-09 14:23:33.9437|INFO|Microsoft.Hosting.Lifetime|Application started. Press Ctrl+C to shut down.
2021-03-09 14:23:33.9598|INFO|Microsoft.Hosting.Lifetime|Hosting environment: Development
2021-03-09 14:23:33.9787|INFO|Microsoft.Hosting.Lifetime|Content root path: C:\Users\fatih\source\repos\zepllin\zepllin
2021-03-09 14:23:55.8397|INFO|Microsoft.Hosting.Lifetime|Now listening on: https://localhost:5001
2021-03-09 14:23:55.9339|INFO|Microsoft.Hosting.Lifetime|Now listening on: http://localhost:5000
2021-03-09 14:23:55.9521|INFO|Microsoft.Hosting.Lifetime|Application started. Press Ctrl+C to shut down.
2021-03-09 14:23:55.9680|INFO|Microsoft.Hosting.Lifetime|Hosting environment: Development
2021-03-09 14:23:55.9869|INFO|Microsoft.Hosting.Lifetime|Content root path: C:\Users\fatih\source\repos\zepllin\zepllin
2021-03-09 14:24:19.5848|INFO|Microsoft.Hosting.Lifetime|Now listening on: https://localhost:5001
2021-03-09 14:24:19.7190|INFO|Microsoft.Hosting.Lifetime|Now listening on: http://localhost:5000
2021-03-09 14:24:19.7341|INFO|Microsoft.Hosting.Lifetime|Application started. Press Ctrl+C to shut down.
2021-03-09 14:24:19.7498|INFO|Microsoft.Hosting.Lifetime|Hosting environment: Development
2021-03-09 14:24:19.7644|INFO|Microsoft.Hosting.Lifetime|Content root path: C:\Users\fatih\source\repos\zepllin\zepllin
2021-03-09 14:25:13.6602|INFO|Microsoft.Hosting.Lifetime|Now listening on: https://localhost:5001
2021-03-09 14:25:13.7200|INFO|Microsoft.Hosting.Lifetime|Now listening on: http://localhost:5000
2021-03-09 14:25:13.7405|INFO|Microsoft.Hosting.Lifetime|Application started. Press Ctrl+C to shut down.
2021-03-09 14:25:13.7579|INFO|Microsoft.Hosting.Lifetime|Hosting environment: Development
2021-03-09 14:25:13.7810|INFO|Microsoft.Hosting.Lifetime|Content root path: C:\Users\fatih\source\repos\zepllin\zepllin
2021-03-09 14:25:33.3540|INFO|Microsoft.Hosting.Lifetime|Now listening on: https://localhost:5001
2021-03-09 14:25:33.4342|INFO|Microsoft.Hosting.Lifetime|Now listening on: http://localhost:5000
2021-03-09 14:25:33.4581|INFO|Microsoft.Hosting.Lifetime|Application started. Press Ctrl+C to shut down.
2021-03-09 14:25:33.4798|INFO|Microsoft.Hosting.Lifetime|Hosting environment: Development
2021-03-09 14:25:33.4972|INFO|Microsoft.Hosting.Lifetime|Content root path: C:\Users\fatih\source\repos\zepllin\zepllin
2021-03-09 14:25:53.3050|INFO|Microsoft.Hosting.Lifetime|Now listening on: https://localhost:5001
2021-03-09 14:25:53.3725|INFO|Microsoft.Hosting.Lifetime|Now listening on: http://localhost:5000
2021-03-09 14:25:53.3978|INFO|Microsoft.Hosting.Lifetime|Application started. Press Ctrl+C to shut down.
2021-03-09 14:25:53.4181|INFO|Microsoft.Hosting.Lifetime|Hosting environment: Development
2021-03-09 14:25:53.4396|INFO|Microsoft.Hosting.Lifetime|Content root path: C:\Users\fatih\source\repos\zepllin\zepllin
2021-03-09 14:26:10.3508|INFO|Microsoft.Hosting.Lifetime|Now listening on: https://localhost:5001
2021-03-09 14:26:10.4096|INFO|Microsoft.Hosting.Lifetime|Now listening on: http://localhost:5000
2021-03-09 14:26:10.4315|INFO|Microsoft.Hosting.Lifetime|Application started. Press Ctrl+C to shut down.
2021-03-09 14:26:10.4449|INFO|Microsoft.Hosting.Lifetime|Hosting environment: Development
2021-03-09 14:26:10.4621|INFO|Microsoft.Hosting.Lifetime|Content root path: C:\Users\fatih\source\repos\zepllin\zepllin
2021-03-09 14:26:55.6787|INFO|Microsoft.Hosting.Lifetime|Now listening on: https://localhost:5001
2021-03-09 14:26:55.7375|INFO|Microsoft.Hosting.Lifetime|Now listening on: http://localhost:5000
2021-03-09 14:26:55.7545|INFO|Microsoft.Hosting.Lifetime|Application started. Press Ctrl+C to shut down.
2021-03-09 14:26:55.7696|INFO|Microsoft.Hosting.Lifetime|Hosting environment: Development
2021-03-09 14:26:55.7885|INFO|Microsoft.Hosting.Lifetime|Content root path: C:\Users\fatih\source\repos\zepllin\zepllin
2021-03-09 14:27:18.1727|INFO|Microsoft.Hosting.Lifetime|Now listening on: https://localhost:5001
2021-03-09 14:27:18.3127|INFO|Microsoft.Hosting.Lifetime|Now listening on: http://localhost:5000
2021-03-09 14:27:18.3313|INFO|Microsoft.Hosting.Lifetime|Application started. Press Ctrl+C to shut down.
2021-03-09 14:27:18.3465|INFO|Microsoft.Hosting.Lifetime|Hosting environment: Development
2021-03-09 14:27:18.3630|INFO|Microsoft.Hosting.Lifetime|Content root path: C:\Users\fatih\source\repos\zepllin\zepllin
2021-03-09 14:27:41.3047|INFO|Microsoft.Hosting.Lifetime|Now listening on: https://localhost:5001
2021-03-09 14:27:41.3663|INFO|Microsoft.Hosting.Lifetime|Now listening on: http://localhost:5000
2021-03-09 14:27:41.3812|INFO|Microsoft.Hosting.Lifetime|Application started. Press Ctrl+C to shut down.
2021-03-09 14:27:41.3944|INFO|Microsoft.Hosting.Lifetime|Hosting environment: Development
2021-03-09 14:27:41.4083|INFO|Microsoft.Hosting.Lifetime|Content root path: C:\Users\fatih\source\repos\zepllin\zepllin
2021-03-09 14:28:06.1455|INFO|Microsoft.Hosting.Lifetime|Now listening on: https://localhost:5001
2021-03-09 14:28:06.2321|INFO|Microsoft.Hosting.Lifetime|Now listening on: http://localhost:5000
2021-03-09 14:28:06.2505|INFO|Microsoft.Hosting.Lifetime|Application started. Press Ctrl+C to shut down.
2021-03-09 14:28:06.2712|INFO|Microsoft.Hosting.Lifetime|Hosting environment: Development
2021-03-09 14:28:06.2911|INFO|Microsoft.Hosting.Lifetime|Content root path: C:\Users\fatih\source\repos\zepllin\zepllin
2021-03-09 14:32:09.0915|INFO|Microsoft.Hosting.Lifetime|Now listening on: https://localhost:5001
2021-03-09 14:32:09.1870|INFO|Microsoft.Hosting.Lifetime|Now listening on: http://localhost:5000
2021-03-09 14:32:09.2073|INFO|Microsoft.Hosting.Lifetime|Application started. Press Ctrl+C to shut down.
2021-03-09 14:32:09.2210|INFO|Microsoft.Hosting.Lifetime|Hosting environment: Development
2021-03-09 14:32:09.2453|INFO|Microsoft.Hosting.Lifetime|Content root path: C:\Users\fatih\source\repos\zepllin\zepllin
2021-03-09 14:32:48.6796|INFO|Microsoft.Hosting.Lifetime|Now listening on: https://localhost:5001
2021-03-09 14:32:48.7445|INFO|Microsoft.Hosting.Lifetime|Now listening on: http://localhost:5000
2021-03-09 14:32:48.7651|INFO|Microsoft.Hosting.Lifetime|Application started. Press Ctrl+C to shut down.
2021-03-09 14:32:48.7827|INFO|Microsoft.Hosting.Lifetime|Hosting environment: Development
2021-03-09 14:32:48.7978|INFO|Microsoft.Hosting.Lifetime|Content root path: C:\Users\fatih\source\repos\zepllin\zepllin
2021-03-09 14:34:22.5809|INFO|Microsoft.Hosting.Lifetime|Now listening on: https://localhost:5001
2021-03-09 14:34:22.6506|INFO|Microsoft.Hosting.Lifetime|Now listening on: http://localhost:5000
2021-03-09 14:34:22.7284|INFO|Microsoft.Hosting.Lifetime|Application started. Press Ctrl+C to shut down.
2021-03-09 14:34:22.7492|INFO|Microsoft.Hosting.Lifetime|Hosting environment: Development
2021-03-09 14:34:22.7742|INFO|Microsoft.Hosting.Lifetime|Content root path: C:\Users\fatih\source\repos\zepllin\zepllin
2021-03-09 14:34:49.7140|INFO|Microsoft.Hosting.Lifetime|Now listening on: https://localhost:5001
2021-03-09 14:34:49.7681|INFO|Microsoft.Hosting.Lifetime|Now listening on: http://localhost:5000
2021-03-09 14:34:49.7822|INFO|Microsoft.Hosting.Lifetime|Application started. Press Ctrl+C to shut down.
2021-03-09 14:34:49.7941|INFO|Microsoft.Hosting.Lifetime|Hosting environment: Development
2021-03-09 14:34:49.8149|INFO|Microsoft.Hosting.Lifetime|Content root path: C:\Users\fatih\source\repos\zepllin\zepllin
2021-03-09 14:35:13.4490|INFO|Microsoft.Hosting.Lifetime|Now listening on: https://localhost:5001
2021-03-09 14:35:13.5540|INFO|Microsoft.Hosting.Lifetime|Now listening on: http://localhost:5000
2021-03-09 14:35:13.5793|INFO|Microsoft.Hosting.Lifetime|Application started. Press Ctrl+C to shut down.
2021-03-09 14:35:13.5942|INFO|Microsoft.Hosting.Lifetime|Hosting environment: Development
2021-03-09 14:35:13.6135|INFO|Microsoft.Hosting.Lifetime|Content root path: C:\Users\fatih\source\repos\zepllin\zepllin
2021-03-09 14:35:36.2816|INFO|Microsoft.Hosting.Lifetime|Now listening on: https://localhost:5001
2021-03-09 14:35:36.3713|INFO|Microsoft.Hosting.Lifetime|Now listening on: http://localhost:5000
2021-03-09 14:35:36.3915|INFO|Microsoft.Hosting.Lifetime|Application started. Press Ctrl+C to shut down.
2021-03-09 14:35:36.4064|INFO|Microsoft.Hosting.Lifetime|Hosting environment: Development
2021-03-09 14:35:36.4192|INFO|Microsoft.Hosting.Lifetime|Content root path: C:\Users\fatih\source\repos\zepllin\zepllin
2021-03-09 14:37:01.3556|INFO|Microsoft.Hosting.Lifetime|Now listening on: https://localhost:5001
2021-03-09 14:37:01.4305|INFO|Microsoft.Hosting.Lifetime|Now listening on: http://localhost:5000
2021-03-09 14:37:01.4525|INFO|Microsoft.Hosting.Lifetime|Application started. Press Ctrl+C to shut down.
2021-03-09 14:37:01.4683|INFO|Microsoft.Hosting.Lifetime|Hosting environment: Development
2021-03-09 14:37:01.4846|INFO|Microsoft.Hosting.Lifetime|Content root path: C:\Users\fatih\source\repos\zepllin\zepllin
2021-03-09 14:37:21.5588|INFO|Microsoft.Hosting.Lifetime|Now listening on: https://localhost:5001
2021-03-09 14:37:21.6287|INFO|Microsoft.Hosting.Lifetime|Now listening on: http://localhost:5000
2021-03-09 14:37:21.6556|INFO|Microsoft.Hosting.Lifetime|Application started. Press Ctrl+C to shut down.
2021-03-09 14:37:21.6742|INFO|Microsoft.Hosting.Lifetime|Hosting environment: Development
2021-03-09 14:37:21.6943|INFO|Microsoft.Hosting.Lifetime|Content root path: C:\Users\fatih\source\repos\zepllin\zepllin
2021-03-09 14:38:20.5336|INFO|Microsoft.Hosting.Lifetime|Now listening on: https://localhost:5001
2021-03-09 14:38:20.5876|INFO|Microsoft.Hosting.Lifetime|Now listening on: http://localhost:5000
2021-03-09 14:38:20.6095|INFO|Microsoft.Hosting.Lifetime|Application started. Press Ctrl+C to shut down.
2021-03-09 14:38:20.6286|INFO|Microsoft.Hosting.Lifetime|Hosting environment: Development
2021-03-09 14:38:20.6515|INFO|Microsoft.Hosting.Lifetime|Content root path: C:\Users\fatih\source\repos\zepllin\zepllin
2021-03-09 14:38:43.7251|INFO|Microsoft.Hosting.Lifetime|Now listening on: https://localhost:5001
2021-03-09 14:38:43.8328|INFO|Microsoft.Hosting.Lifetime|Now listening on: http://localhost:5000
2021-03-09 14:38:43.8508|INFO|Microsoft.Hosting.Lifetime|Application started. Press Ctrl+C to shut down.
2021-03-09 14:38:43.8680|INFO|Microsoft.Hosting.Lifetime|Hosting environment: Development
2021-03-09 14:38:43.8857|INFO|Microsoft.Hosting.Lifetime|Content root path: C:\Users\fatih\source\repos\zepllin\zepllin
2021-03-09 14:39:08.7200|INFO|Microsoft.Hosting.Lifetime|Now listening on: https://localhost:5001
2021-03-09 14:39:08.8056|INFO|Microsoft.Hosting.Lifetime|Now listening on: http://localhost:5000
2021-03-09 14:39:08.8273|INFO|Microsoft.Hosting.Lifetime|Application started. Press Ctrl+C to shut down.
2021-03-09 14:39:08.8435|INFO|Microsoft.Hosting.Lifetime|Hosting environment: Development
2021-03-09 14:39:08.8674|INFO|Microsoft.Hosting.Lifetime|Content root path: C:\Users\fatih\source\repos\zepllin\zepllin
2021-03-09 14:39:34.3188|INFO|Microsoft.Hosting.Lifetime|Now listening on: https://localhost:5001
2021-03-09 14:39:34.3916|INFO|Microsoft.Hosting.Lifetime|Now listening on: http://localhost:5000
2021-03-09 14:39:34.4208|INFO|Microsoft.Hosting.Lifetime|Application started. Press Ctrl+C to shut down.
2021-03-09 14:39:34.4361|INFO|Microsoft.Hosting.Lifetime|Hosting environment: Development
2021-03-09 14:39:34.4662|INFO|Microsoft.Hosting.Lifetime|Content root path: C:\Users\fatih\source\repos\zepllin\zepllin
2021-03-09 14:40:02.4088|INFO|Microsoft.Hosting.Lifetime|Now listening on: https://localhost:5001
2021-03-09 14:40:02.4886|INFO|Microsoft.Hosting.Lifetime|Now listening on: http://localhost:5000
2021-03-09 14:40:02.5120|INFO|Microsoft.Hosting.Lifetime|Application started. Press Ctrl+C to shut down.
2021-03-09 14:40:02.5276|INFO|Microsoft.Hosting.Lifetime|Hosting environment: Development
2021-03-09 14:40:02.5633|INFO|Microsoft.Hosting.Lifetime|Content root path: C:\Users\fatih\source\repos\zepllin\zepllin
2021-03-09 14:40:27.1030|INFO|Microsoft.Hosting.Lifetime|Now listening on: https://localhost:5001
2021-03-09 14:40:27.1735|INFO|Microsoft.Hosting.Lifetime|Now listening on: http://localhost:5000
2021-03-09 14:40:27.2073|INFO|Microsoft.Hosting.Lifetime|Application started. Press Ctrl+C to shut down.
2021-03-09 14:40:27.2373|INFO|Microsoft.Hosting.Lifetime|Hosting environment: Development
2021-03-09 14:40:27.2665|INFO|Microsoft.Hosting.Lifetime|Content root path: C:\Users\fatih\source\repos\zepllin\zepllin
2021-03-09 14:40:50.9077|INFO|Microsoft.Hosting.Lifetime|Now listening on: https://localhost:5001
2021-03-09 14:40:50.9671|INFO|Microsoft.Hosting.Lifetime|Now listening on: http://localhost:5000
2021-03-09 14:40:50.9824|INFO|Microsoft.Hosting.Lifetime|Application started. Press Ctrl+C to shut down.
2021-03-09 14:40:50.9824|INFO|Microsoft.Hosting.Lifetime|Hosting environment: Development
2021-03-09 14:40:51.0083|INFO|Microsoft.Hosting.Lifetime|Content root path: C:\Users\fatih\source\repos\zepllin\zepllin
2021-03-09 14:41:15.1757|INFO|Microsoft.Hosting.Lifetime|Now listening on: https://localhost:5001
2021-03-09 14:41:15.2686|INFO|Microsoft.Hosting.Lifetime|Now listening on: http://localhost:5000
2021-03-09 14:41:15.2990|INFO|Microsoft.Hosting.Lifetime|Application started. Press Ctrl+C to shut down.
2021-03-09 14:41:15.3239|INFO|Microsoft.Hosting.Lifetime|Hosting environment: Development
2021-03-09 14:41:15.3457|INFO|Microsoft.Hosting.Lifetime|Content root path: C:\Users\fatih\source\repos\zepllin\zepllin
2021-03-09 14:41:33.8746|INFO|Microsoft.Hosting.Lifetime|Now listening on: https://localhost:5001
2021-03-09 14:41:33.9860|INFO|Microsoft.Hosting.Lifetime|Now listening on: http://localhost:5000
2021-03-09 14:41:34.0103|INFO|Microsoft.Hosting.Lifetime|Application started. Press Ctrl+C to shut down.
2021-03-09 14:41:34.0309|INFO|Microsoft.Hosting.Lifetime|Hosting environment: Development
2021-03-09 14:41:34.0578|INFO|Microsoft.Hosting.Lifetime|Content root path: C:\Users\fatih\source\repos\zepllin\zepllin
2021-03-09 14:41:50.8251|INFO|Microsoft.Hosting.Lifetime|Now listening on: https://localhost:5001
2021-03-09 14:41:50.9273|INFO|Microsoft.Hosting.Lifetime|Now listening on: http://localhost:5000
2021-03-09 14:41:50.9591|INFO|Microsoft.Hosting.Lifetime|Application started. Press Ctrl+C to shut down.
2021-03-09 14:41:50.9823|INFO|Microsoft.Hosting.Lifetime|Hosting environment: Development
2021-03-09 14:41:51.0072|INFO|Microsoft.Hosting.Lifetime|Content root path: C:\Users\fatih\source\repos\zepllin\zepllin
2021-03-09 14:42:13.1539|INFO|Microsoft.Hosting.Lifetime|Now listening on: https://localhost:5001
2021-03-09 14:42:13.2254|INFO|Microsoft.Hosting.Lifetime|Now listening on: http://localhost:5000
2021-03-09 14:42:13.2643|INFO|Microsoft.Hosting.Lifetime|Application started. Press Ctrl+C to shut down.
2021-03-09 14:42:13.2928|INFO|Microsoft.Hosting.Lifetime|Hosting environment: Development
2021-03-09 14:42:13.3277|INFO|Microsoft.Hosting.Lifetime|Content root path: C:\Users\fatih\source\repos\zepllin\zepllin
2021-03-09 14:42:35.9067|INFO|Microsoft.Hosting.Lifetime|Now listening on: https://localhost:5001
2021-03-09 14:42:35.9899|INFO|Microsoft.Hosting.Lifetime|Now listening on: http://localhost:5000
2021-03-09 14:42:36.0251|INFO|Microsoft.Hosting.Lifetime|Application started. Press Ctrl+C to shut down.
2021-03-09 14:42:36.0500|INFO|Microsoft.Hosting.Lifetime|Hosting environment: Development
2021-03-09 14:42:36.0692|INFO|Microsoft.Hosting.Lifetime|Content root path: C:\Users\fatih\source\repos\zepllin\zepllin
2021-03-09 14:43:16.9709|INFO|Microsoft.Hosting.Lifetime|Now listening on: https://localhost:5001
2021-03-09 14:43:17.1068|INFO|Microsoft.Hosting.Lifetime|Now listening on: http://localhost:5000
2021-03-09 14:43:17.1451|INFO|Microsoft.Hosting.Lifetime|Application started. Press Ctrl+C to shut down.
2021-03-09 14:43:17.1673|INFO|Microsoft.Hosting.Lifetime|Hosting environment: Development
2021-03-09 14:43:17.1888|INFO|Microsoft.Hosting.Lifetime|Content root path: C:\Users\fatih\source\repos\zepllin\zepllin
2021-03-09 14:46:38.5546|INFO|Microsoft.Hosting.Lifetime|Now listening on: https://localhost:5001
2021-03-09 14:46:38.6300|INFO|Microsoft.Hosting.Lifetime|Now listening on: http://localhost:5000
2021-03-09 14:46:38.6483|INFO|Microsoft.Hosting.Lifetime|Application started. Press Ctrl+C to shut down.
2021-03-09 14:46:38.6708|INFO|Microsoft.Hosting.Lifetime|Hosting environment: Development
2021-03-09 14:46:38.6870|INFO|Microsoft.Hosting.Lifetime|Content root path: C:\Users\fatih\source\repos\zepllin\zepllin
2021-03-09 14:47:26.4638|INFO|Microsoft.Hosting.Lifetime|Now listening on: https://localhost:5001
2021-03-09 14:47:26.5318|INFO|Microsoft.Hosting.Lifetime|Now listening on: http://localhost:5000
2021-03-09 14:47:26.5488|INFO|Microsoft.Hosting.Lifetime|Application started. Press Ctrl+C to shut down.
2021-03-09 14:47:26.5621|INFO|Microsoft.Hosting.Lifetime|Hosting environment: Development
2021-03-09 14:47:26.5931|INFO|Microsoft.Hosting.Lifetime|Content root path: C:\Users\fatih\source\repos\zepllin\zepllin
2021-03-09 14:47:59.0182|INFO|Microsoft.Hosting.Lifetime|Now listening on: https://localhost:5001
2021-03-09 14:47:59.0904|INFO|Microsoft.Hosting.Lifetime|Now listening on: http://localhost:5000
2021-03-09 14:47:59.1108|INFO|Microsoft.Hosting.Lifetime|Application started. Press Ctrl+C to shut down.
2021-03-09 14:47:59.1323|INFO|Microsoft.Hosting.Lifetime|Hosting environment: Development
2021-03-09 14:47:59.1650|INFO|Microsoft.Hosting.Lifetime|Content root path: C:\Users\fatih\source\repos\zepllin\zepllin
2021-03-09 14:49:03.6014|INFO|Microsoft.Hosting.Lifetime|Now listening on: https://localhost:5001
2021-03-09 14:49:03.6816|INFO|Microsoft.Hosting.Lifetime|Now listening on: http://localhost:5000
2021-03-09 14:49:03.7127|INFO|Microsoft.Hosting.Lifetime|Application started. Press Ctrl+C to shut down.
2021-03-09 14:49:03.7335|INFO|Microsoft.Hosting.Lifetime|Hosting environment: Development
2021-03-09 14:49:03.7545|INFO|Microsoft.Hosting.Lifetime|Content root path: C:\Users\fatih\source\repos\zepllin\zepllin
2021-03-09 14:50:21.4665|INFO|Microsoft.Hosting.Lifetime|Now listening on: https://localhost:5001
2021-03-09 14:50:21.5282|INFO|Microsoft.Hosting.Lifetime|Now listening on: http://localhost:5000
2021-03-09 14:50:21.5499|INFO|Microsoft.Hosting.Lifetime|Application started. Press Ctrl+C to shut down.
2021-03-09 14:50:21.5652|INFO|Microsoft.Hosting.Lifetime|Hosting environment: Development
2021-03-09 14:50:21.5818|INFO|Microsoft.Hosting.Lifetime|Content root path: C:\Users\fatih\source\repos\zepllin\zepllin
2021-03-09 14:51:12.6184|INFO|Microsoft.Hosting.Lifetime|Now listening on: https://localhost:5001
2021-03-09 14:51:12.6850|INFO|Microsoft.Hosting.Lifetime|Now listening on: http://localhost:5000
2021-03-09 14:51:12.7158|INFO|Microsoft.Hosting.Lifetime|Application started. Press Ctrl+C to shut down.
2021-03-09 14:51:12.7352|INFO|Microsoft.Hosting.Lifetime|Hosting environment: Development
2021-03-09 14:51:12.7506|INFO|Microsoft.Hosting.Lifetime|Content root path: C:\Users\fatih\source\repos\zepllin\zepllin
2021-03-09 14:51:49.9496|INFO|Microsoft.Hosting.Lifetime|Now listening on: https://localhost:5001
2021-03-09 14:51:50.0180|INFO|Microsoft.Hosting.Lifetime|Now listening on: http://localhost:5000
2021-03-09 14:51:50.0381|INFO|Microsoft.Hosting.Lifetime|Application started. Press Ctrl+C to shut down.
2021-03-09 14:51:50.0604|INFO|Microsoft.Hosting.Lifetime|Hosting environment: Development
2021-03-09 14:51:50.0897|INFO|Microsoft.Hosting.Lifetime|Content root path: C:\Users\fatih\source\repos\zepllin\zepllin
2021-03-09 14:52:15.5759|INFO|Microsoft.Hosting.Lifetime|Now listening on: https://localhost:5001
2021-03-09 14:52:15.6591|INFO|Microsoft.Hosting.Lifetime|Now listening on: http://localhost:5000
2021-03-09 14:52:15.6746|INFO|Microsoft.Hosting.Lifetime|Application started. Press Ctrl+C to shut down.
2021-03-09 14:52:15.6894|INFO|Microsoft.Hosting.Lifetime|Hosting environment: Development
2021-03-09 14:52:15.7047|INFO|Microsoft.Hosting.Lifetime|Content root path: C:\Users\fatih\source\repos\zepllin\zepllin
2021-03-09 14:52:40.3473|INFO|Microsoft.Hosting.Lifetime|Now listening on: https://localhost:5001
2021-03-09 14:52:40.4349|INFO|Microsoft.Hosting.Lifetime|Now listening on: http://localhost:5000
2021-03-09 14:52:40.4595|INFO|Microsoft.Hosting.Lifetime|Application started. Press Ctrl+C to shut down.
2021-03-09 14:52:40.4756|INFO|Microsoft.Hosting.Lifetime|Hosting environment: Development
2021-03-09 14:52:40.4924|INFO|Microsoft.Hosting.Lifetime|Content root path: C:\Users\fatih\source\repos\zepllin\zepllin
2021-03-09 14:56:50.7380|INFO|Microsoft.Hosting.Lifetime|Now listening on: https://localhost:5001
2021-03-09 14:56:50.7928|INFO|Microsoft.Hosting.Lifetime|Now listening on: http://localhost:5000
2021-03-09 14:56:50.8143|INFO|Microsoft.Hosting.Lifetime|Application started. Press Ctrl+C to shut down.
2021-03-09 14:56:50.8277|INFO|Microsoft.Hosting.Lifetime|Hosting environment: Development
2021-03-09 14:56:50.8464|INFO|Microsoft.Hosting.Lifetime|Content root path: C:\Users\fatih\source\repos\zepllin\zepllin
2021-03-09 15:09:24.8726|INFO|Microsoft.Hosting.Lifetime|Now listening on: https://localhost:5001
2021-03-09 15:09:24.9341|INFO|Microsoft.Hosting.Lifetime|Now listening on: http://localhost:5000
2021-03-09 15:09:24.9511|INFO|Microsoft.Hosting.Lifetime|Application started. Press Ctrl+C to shut down.
2021-03-09 15:09:24.9712|INFO|Microsoft.Hosting.Lifetime|Hosting environment: Development
2021-03-09 15:09:24.9907|INFO|Microsoft.Hosting.Lifetime|Content root path: C:\Users\fatih\source\repos\zepllin\zepllin
2021-03-09 15:09:46.0440|INFO|Microsoft.Hosting.Lifetime|Now listening on: https://localhost:5001
2021-03-09 15:09:46.0977|INFO|Microsoft.Hosting.Lifetime|Now listening on: http://localhost:5000
2021-03-09 15:09:46.1137|INFO|Microsoft.Hosting.Lifetime|Application started. Press Ctrl+C to shut down.
2021-03-09 15:09:46.1335|INFO|Microsoft.Hosting.Lifetime|Hosting environment: Development
2021-03-09 15:09:46.1478|INFO|Microsoft.Hosting.Lifetime|Content root path: C:\Users\fatih\source\repos\zepllin\zepllin
2021-03-09 15:10:26.7645|INFO|Microsoft.Hosting.Lifetime|Now listening on: https://localhost:5001
2021-03-09 15:10:26.8497|INFO|Microsoft.Hosting.Lifetime|Now listening on: http://localhost:5000
2021-03-09 15:10:26.8919|INFO|Microsoft.Hosting.Lifetime|Application started. Press Ctrl+C to shut down.
2021-03-09 15:10:26.9205|INFO|Microsoft.Hosting.Lifetime|Hosting environment: Development
2021-03-09 15:10:26.9420|INFO|Microsoft.Hosting.Lifetime|Content root path: C:\Users\fatih\source\repos\zepllin\zepllin
2021-03-09 15:30:25.6166|INFO|Microsoft.Hosting.Lifetime|Now listening on: https://localhost:5001
2021-03-09 15:30:25.7096|INFO|Microsoft.Hosting.Lifetime|Now listening on: http://localhost:5000
2021-03-09 15:30:25.7414|INFO|Microsoft.Hosting.Lifetime|Application started. Press Ctrl+C to shut down.
2021-03-09 15:30:25.7576|INFO|Microsoft.Hosting.Lifetime|Hosting environment: Development
2021-03-09 15:30:25.7830|INFO|Microsoft.Hosting.Lifetime|Content root path: C:\Users\fatih\source\repos\zepllin\zepllin
2021-03-09 15:31:07.8998|INFO|Microsoft.Hosting.Lifetime|Now listening on: https://localhost:5001
2021-03-09 15:31:07.9703|INFO|Microsoft.Hosting.Lifetime|Now listening on: http://localhost:5000
2021-03-09 15:31:07.9962|INFO|Microsoft.Hosting.Lifetime|Application started. Press Ctrl+C to shut down.
2021-03-09 15:31:08.0114|INFO|Microsoft.Hosting.Lifetime|Hosting environment: Development
2021-03-09 15:31:08.0383|INFO|Microsoft.Hosting.Lifetime|Content root path: C:\Users\fatih\source\repos\zepllin\zepllin
2021-03-09 15:31:36.0210|INFO|Microsoft.Hosting.Lifetime|Now listening on: https://localhost:5001
2021-03-09 15:31:36.1205|INFO|Microsoft.Hosting.Lifetime|Now listening on: http://localhost:5000
2021-03-09 15:31:36.1364|INFO|Microsoft.Hosting.Lifetime|Application started. Press Ctrl+C to shut down.
2021-03-09 15:31:36.1571|INFO|Microsoft.Hosting.Lifetime|Hosting environment: Development
2021-03-09 15:31:36.1719|INFO|Microsoft.Hosting.Lifetime|Content root path: C:\Users\fatih\source\repos\zepllin\zepllin
2021-03-09 15:38:53.4325|INFO|Microsoft.Hosting.Lifetime|Now listening on: https://localhost:5001
2021-03-09 15:38:53.5171|INFO|Microsoft.Hosting.Lifetime|Now listening on: http://localhost:5000
2021-03-09 15:38:53.5459|INFO|Microsoft.Hosting.Lifetime|Application started. Press Ctrl+C to shut down.
2021-03-09 15:38:53.5702|INFO|Microsoft.Hosting.Lifetime|Hosting environment: Development
2021-03-09 15:38:53.5910|INFO|Microsoft.Hosting.Lifetime|Content root path: C:\Users\fatih\source\repos\zepllin\zepllin
2021-03-09 15:39:59.6881|INFO|Microsoft.Hosting.Lifetime|Now listening on: https://localhost:5001
2021-03-09 15:39:59.7903|INFO|Microsoft.Hosting.Lifetime|Now listening on: http://localhost:5000
2021-03-09 15:39:59.8130|INFO|Microsoft.Hosting.Lifetime|Application started. Press Ctrl+C to shut down.
2021-03-09 15:39:59.8314|INFO|Microsoft.Hosting.Lifetime|Hosting environment: Development
2021-03-09 15:39:59.8502|INFO|Microsoft.Hosting.Lifetime|Content root path: C:\Users\fatih\source\repos\zepllin\zepllin
2021-03-09 15:41:12.5455|INFO|Microsoft.Hosting.Lifetime|Now listening on: https://localhost:5001
2021-03-09 15:41:12.6097|INFO|Microsoft.Hosting.Lifetime|Now listening on: http://localhost:5000
2021-03-09 15:41:12.6250|INFO|Microsoft.Hosting.Lifetime|Application started. Press Ctrl+C to shut down.
2021-03-09 15:41:12.6399|INFO|Microsoft.Hosting.Lifetime|Hosting environment: Development
2021-03-09 15:41:12.6607|INFO|Microsoft.Hosting.Lifetime|Content root path: C:\Users\fatih\source\repos\zepllin\zepllin
2021-03-09 15:41:38.1252|INFO|Microsoft.Hosting.Lifetime|Now listening on: https://localhost:5001
2021-03-09 15:41:38.1930|INFO|Microsoft.Hosting.Lifetime|Now listening on: http://localhost:5000
2021-03-09 15:41:38.2083|INFO|Microsoft.Hosting.Lifetime|Application started. Press Ctrl+C to shut down.
2021-03-09 15:41:38.2228|INFO|Microsoft.Hosting.Lifetime|Hosting environment: Development
2021-03-09 15:41:38.2407|INFO|Microsoft.Hosting.Lifetime|Content root path: C:\Users\fatih\source\repos\zepllin\zepllin
2021-03-09 15:43:10.1031|INFO|Microsoft.Hosting.Lifetime|Now listening on: https://localhost:5001
2021-03-09 15:43:10.1991|INFO|Microsoft.Hosting.Lifetime|Now listening on: http://localhost:5000
2021-03-09 15:43:10.2276|INFO|Microsoft.Hosting.Lifetime|Application started. Press Ctrl+C to shut down.
2021-03-09 15:43:10.2413|INFO|Microsoft.Hosting.Lifetime|Hosting environment: Development
2021-03-09 15:43:10.2555|INFO|Microsoft.Hosting.Lifetime|Content root path: C:\Users\fatih\source\repos\zepllin\zepllin
2021-03-09 15:44:39.2136|INFO|Microsoft.Hosting.Lifetime|Now listening on: https://localhost:5001
2021-03-09 15:44:39.3347|INFO|Microsoft.Hosting.Lifetime|Now listening on: http://localhost:5000
2021-03-09 15:44:39.3578|INFO|Microsoft.Hosting.Lifetime|Application started. Press Ctrl+C to shut down.
2021-03-09 15:44:39.3877|INFO|Microsoft.Hosting.Lifetime|Hosting environment: Development
2021-03-09 15:44:39.4225|INFO|Microsoft.Hosting.Lifetime|Content root path: C:\Users\fatih\source\repos\zepllin\zepllin
2021-03-09 15:45:15.9828|INFO|Microsoft.Hosting.Lifetime|Now listening on: https://localhost:5001
2021-03-09 15:45:16.1671|INFO|Microsoft.Hosting.Lifetime|Now listening on: http://localhost:5000
2021-03-09 15:45:16.1994|INFO|Microsoft.Hosting.Lifetime|Application started. Press Ctrl+C to shut down.
2021-03-09 15:45:16.2250|INFO|Microsoft.Hosting.Lifetime|Hosting environment: Development
2021-03-09 15:45:16.2419|INFO|Microsoft.Hosting.Lifetime|Content root path: C:\Users\fatih\source\repos\zepllin\zepllin
2021-03-09 15:47:31.4025|INFO|Microsoft.Hosting.Lifetime|Now listening on: https://localhost:5001
2021-03-09 15:47:31.5236|INFO|Microsoft.Hosting.Lifetime|Now listening on: http://localhost:5000
2021-03-09 15:47:31.5415|INFO|Microsoft.Hosting.Lifetime|Application started. Press Ctrl+C to shut down.
2021-03-09 15:47:31.5572|INFO|Microsoft.Hosting.Lifetime|Hosting environment: Development
2021-03-09 15:47:31.5746|INFO|Microsoft.Hosting.Lifetime|Content root path: C:\Users\fatih\source\repos\zepllin\zepllin
2021-03-09 15:49:33.0035|INFO|Microsoft.Hosting.Lifetime|Now listening on: https://localhost:5001
2021-03-09 15:49:33.0724|INFO|Microsoft.Hosting.Lifetime|Now listening on: http://localhost:5000
2021-03-09 15:49:33.0881|INFO|Microsoft.Hosting.Lifetime|Application started. Press Ctrl+C to shut down.
2021-03-09 15:49:33.1084|INFO|Microsoft.Hosting.Lifetime|Hosting environment: Development
2021-03-09 15:49:33.1251|INFO|Microsoft.Hosting.Lifetime|Content root path: C:\Users\fatih\source\repos\zepllin\zepllin
2021-03-09 15:50:17.0832|INFO|Microsoft.Hosting.Lifetime|Now listening on: https://localhost:5001
2021-03-09 15:50:17.1503|INFO|Microsoft.Hosting.Lifetime|Now listening on: http://localhost:5000
2021-03-09 15:50:17.1659|INFO|Microsoft.Hosting.Lifetime|Application started. Press Ctrl+C to shut down.
2021-03-09 15:50:17.1845|INFO|Microsoft.Hosting.Lifetime|Hosting environment: Development
2021-03-09 15:50:17.2052|INFO|Microsoft.Hosting.Lifetime|Content root path: C:\Users\fatih\source\repos\zepllin\zepllin
2021-03-09 15:51:33.1192|INFO|Microsoft.Hosting.Lifetime|Now listening on: https://localhost:5001
2021-03-09 15:51:33.1880|INFO|Microsoft.Hosting.Lifetime|Now listening on: http://localhost:5000
2021-03-09 15:51:33.2033|INFO|Microsoft.Hosting.Lifetime|Application started. Press Ctrl+C to shut down.
2021-03-09 15:51:33.2212|INFO|Microsoft.Hosting.Lifetime|Hosting environment: Development
2021-03-09 15:51:33.2351|INFO|Microsoft.Hosting.Lifetime|Content root path: C:\Users\fatih\source\repos\zepllin\zepllin
2021-03-09 15:52:11.2525|INFO|Microsoft.Hosting.Lifetime|Now listening on: https://localhost:5001
2021-03-09 15:52:11.3228|INFO|Microsoft.Hosting.Lifetime|Now listening on: http://localhost:5000
2021-03-09 15:52:11.3404|INFO|Microsoft.Hosting.Lifetime|Application started. Press Ctrl+C to shut down.
2021-03-09 15:52:11.3574|INFO|Microsoft.Hosting.Lifetime|Hosting environment: Development
2021-03-09 15:52:11.3745|INFO|Microsoft.Hosting.Lifetime|Content root path: C:\Users\fatih\source\repos\zepllin\zepllin
2021-03-09 15:52:37.7349|INFO|Microsoft.Hosting.Lifetime|Now listening on: https://localhost:5001
2021-03-09 15:52:37.8694|INFO|Microsoft.Hosting.Lifetime|Now listening on: http://localhost:5000
2021-03-09 15:52:37.9129|INFO|Microsoft.Hosting.Lifetime|Application started. Press Ctrl+C to shut down.
2021-03-09 15:52:37.9465|INFO|Microsoft.Hosting.Lifetime|Hosting environment: Development
2021-03-09 15:52:37.9891|INFO|Microsoft.Hosting.Lifetime|Content root path: C:\Users\fatih\source\repos\zepllin\zepllin
2021-03-09 16:12:25.8713|INFO|Microsoft.Hosting.Lifetime|Now listening on: https://localhost:5001
2021-03-09 16:12:25.9492|INFO|Microsoft.Hosting.Lifetime|Now listening on: http://localhost:5000
2021-03-09 16:12:25.9734|INFO|Microsoft.Hosting.Lifetime|Application started. Press Ctrl+C to shut down.
2021-03-09 16:12:25.9919|INFO|Microsoft.Hosting.Lifetime|Hosting environment: Development
2021-03-09 16:12:26.0074|INFO|Microsoft.Hosting.Lifetime|Content root path: C:\Users\fatih\source\repos\zepllin\zepllin
2021-03-09 20:59:21.9572|INFO|Microsoft.Hosting.Lifetime|Now listening on: https://localhost:5001
2021-03-09 20:59:22.1001|INFO|Microsoft.Hosting.Lifetime|Now listening on: http://localhost:5000
2021-03-09 20:59:22.1197|INFO|Microsoft.Hosting.Lifetime|Application started. Press Ctrl+C to shut down.
2021-03-09 20:59:22.1338|INFO|Microsoft.Hosting.Lifetime|Hosting environment: Development
2021-03-09 20:59:22.1491|INFO|Microsoft.Hosting.Lifetime|Content root path: C:\Users\fatih\source\repos\zepllin\zepllin
2021-03-09 21:00:40.7397|INFO|Microsoft.Hosting.Lifetime|Now listening on: https://localhost:5001
2021-03-09 21:00:40.8051|INFO|Microsoft.Hosting.Lifetime|Now listening on: http://localhost:5000
2021-03-09 21:00:40.8203|INFO|Microsoft.Hosting.Lifetime|Application started. Press Ctrl+C to shut down.
2021-03-09 21:00:40.8342|INFO|Microsoft.Hosting.Lifetime|Hosting environment: Development
2021-03-09 21:00:40.8520|INFO|Microsoft.Hosting.Lifetime|Content root path: C:\Users\fatih\source\repos\zepllin\zepllin
2021-03-09 21:01:34.8479|INFO|Microsoft.Hosting.Lifetime|Now listening on: https://localhost:5001
2021-03-09 21:01:34.9274|INFO|Microsoft.Hosting.Lifetime|Now listening on: http://localhost:5000
2021-03-09 21:01:34.9514|INFO|Microsoft.Hosting.Lifetime|Application started. Press Ctrl+C to shut down.
2021-03-09 21:01:34.9753|INFO|Microsoft.Hosting.Lifetime|Hosting environment: Development
2021-03-09 21:01:34.9931|INFO|Microsoft.Hosting.Lifetime|Content root path: C:\Users\fatih\source\repos\zepllin\zepllin
2021-03-09 21:02:00.7724|INFO|Microsoft.Hosting.Lifetime|Now listening on: https://localhost:5001
2021-03-09 21:02:00.8426|INFO|Microsoft.Hosting.Lifetime|Now listening on: http://localhost:5000
2021-03-09 21:02:00.8596|INFO|Microsoft.Hosting.Lifetime|Application started. Press Ctrl+C to shut down.
2021-03-09 21:02:00.8787|INFO|Microsoft.Hosting.Lifetime|Hosting environment: Development
2021-03-09 21:02:00.8919|INFO|Microsoft.Hosting.Lifetime|Content root path: C:\Users\fatih\source\repos\zepllin\zepllin
2021-03-09 21:02:39.2664|INFO|Microsoft.Hosting.Lifetime|Now listening on: https://localhost:5001
2021-03-09 21:02:39.3341|INFO|Microsoft.Hosting.Lifetime|Now listening on: http://localhost:5000
2021-03-09 21:02:39.3489|INFO|Microsoft.Hosting.Lifetime|Application started. Press Ctrl+C to shut down.
2021-03-09 21:02:39.3639|INFO|Microsoft.Hosting.Lifetime|Hosting environment: Development
2021-03-09 21:02:39.3639|INFO|Microsoft.Hosting.Lifetime|Content root path: C:\Users\fatih\source\repos\zepllin\zepllin
2021-03-09 21:03:37.3455|INFO|Microsoft.Hosting.Lifetime|Now listening on: https://localhost:5001
2021-03-09 21:03:37.4141|INFO|Microsoft.Hosting.Lifetime|Now listening on: http://localhost:5000
2021-03-09 21:03:37.4289|INFO|Microsoft.Hosting.Lifetime|Application started. Press Ctrl+C to shut down.
2021-03-09 21:03:37.4430|INFO|Microsoft.Hosting.Lifetime|Hosting environment: Development
2021-03-09 21:03:37.4430|INFO|Microsoft.Hosting.Lifetime|Content root path: C:\Users\fatih\source\repos\zepllin\zepllin
2021-03-09 21:04:49.5941|INFO|Microsoft.Hosting.Lifetime|Now listening on: https://localhost:5001
2021-03-09 21:04:49.6680|INFO|Microsoft.Hosting.Lifetime|Now listening on: http://localhost:5000
2021-03-09 21:04:49.6840|INFO|Microsoft.Hosting.Lifetime|Application started. Press Ctrl+C to shut down.
2021-03-09 21:04:49.7045|INFO|Microsoft.Hosting.Lifetime|Hosting environment: Development
2021-03-09 21:04:49.7189|INFO|Microsoft.Hosting.Lifetime|Content root path: C:\Users\fatih\source\repos\zepllin\zepllin
2021-03-09 21:05:07.0410|ERROR|Microsoft.AspNetCore.Diagnostics.ExceptionHandlerMiddleware|An unhandled exception has occurred while executing the request.
2021-03-09 21:05:07.1366|WARN|Microsoft.AspNetCore.Diagnostics.ExceptionHandlerMiddleware|No exception handler was found, rethrowing original exception.
2021-03-09 21:05:07.3680|ERROR|Microsoft.AspNetCore.Server.Kestrel|Connection id "0HM734NAFOUM5", Request id "0HM734NAFOUM5:0000003F": An unhandled exception was thrown by the application.
2021-03-09 21:06:10.2344|INFO|Microsoft.Hosting.Lifetime|Now listening on: https://localhost:5001
2021-03-09 21:06:10.3107|INFO|Microsoft.Hosting.Lifetime|Now listening on: http://localhost:5000
2021-03-09 21:06:10.3244|INFO|Microsoft.Hosting.Lifetime|Application started. Press Ctrl+C to shut down.
2021-03-09 21:06:10.3372|INFO|Microsoft.Hosting.Lifetime|Hosting environment: Development
2021-03-09 21:06:10.3574|INFO|Microsoft.Hosting.Lifetime|Content root path: C:\Users\fatih\source\repos\zepllin\zepllin
2021-03-09 21:06:50.2592|INFO|Microsoft.Hosting.Lifetime|Now listening on: https://localhost:5001
2021-03-09 21:06:50.3194|INFO|Microsoft.Hosting.Lifetime|Now listening on: http://localhost:5000
2021-03-09 21:06:50.3426|INFO|Microsoft.Hosting.Lifetime|Application started. Press Ctrl+C to shut down.
2021-03-09 21:06:50.3656|INFO|Microsoft.Hosting.Lifetime|Hosting environment: Development
2021-03-09 21:06:50.3656|INFO|Microsoft.Hosting.Lifetime|Content root path: C:\Users\fatih\source\repos\zepllin\zepllin
2021-03-09 21:07:11.4911|INFO|Microsoft.Hosting.Lifetime|Now listening on: https://localhost:5001
2021-03-09 21:07:11.5859|INFO|Microsoft.Hosting.Lifetime|Now listening on: http://localhost:5000
2021-03-09 21:07:11.6070|INFO|Microsoft.Hosting.Lifetime|Application started. Press Ctrl+C to shut down.
2021-03-09 21:07:11.6287|INFO|Microsoft.Hosting.Lifetime|Hosting environment: Development
2021-03-09 21:07:11.6507|INFO|Microsoft.Hosting.Lifetime|Content root path: C:\Users\fatih\source\repos\zepllin\zepllin
2021-03-09 21:08:43.3981|INFO|Microsoft.Hosting.Lifetime|Now listening on: https://localhost:5001
2021-03-09 21:08:43.4645|INFO|Microsoft.Hosting.Lifetime|Now listening on: http://localhost:5000
2021-03-09 21:08:43.4790|INFO|Microsoft.Hosting.Lifetime|Application started. Press Ctrl+C to shut down.
2021-03-09 21:08:43.4935|INFO|Microsoft.Hosting.Lifetime|Hosting environment: Development
2021-03-09 21:08:43.5123|INFO|Microsoft.Hosting.Lifetime|Content root path: C:\Users\fatih\source\repos\zepllin\zepllin
2021-03-09 21:09:49.3903|INFO|Microsoft.Hosting.Lifetime|Now listening on: https://localhost:5001
2021-03-09 21:09:49.4542|INFO|Microsoft.Hosting.Lifetime|Now listening on: http://localhost:5000
2021-03-09 21:09:49.4750|INFO|Microsoft.Hosting.Lifetime|Application started. Press Ctrl+C to shut down.
2021-03-09 21:09:49.4750|INFO|Microsoft.Hosting.Lifetime|Hosting environment: Development
2021-03-09 21:09:49.5025|INFO|Microsoft.Hosting.Lifetime|Content root path: C:\Users\fatih\source\repos\zepllin\zepllin
2021-03-09 21:11:02.0344|INFO|Microsoft.Hosting.Lifetime|Now listening on: https://localhost:5001
2021-03-09 21:11:02.0923|INFO|Microsoft.Hosting.Lifetime|Now listening on: http://localhost:5000
2021-03-09 21:11:02.1140|INFO|Microsoft.Hosting.Lifetime|Application started. Press Ctrl+C to shut down.
2021-03-09 21:11:02.1272|INFO|Microsoft.Hosting.Lifetime|Hosting environment: Development
2021-03-09 21:11:02.1407|INFO|Microsoft.Hosting.Lifetime|Content root path: C:\Users\fatih\source\repos\zepllin\zepllin
2021-03-09 21:11:42.4684|INFO|Microsoft.Hosting.Lifetime|Now listening on: https://localhost:5001
2021-03-09 21:11:42.5960|INFO|Microsoft.Hosting.Lifetime|Now listening on: http://localhost:5000
2021-03-09 21:11:42.6176|INFO|Microsoft.Hosting.Lifetime|Application started. Press Ctrl+C to shut down.
2021-03-09 21:11:42.6318|INFO|Microsoft.Hosting.Lifetime|Hosting environment: Development
2021-03-09 21:11:42.6459|INFO|Microsoft.Hosting.Lifetime|Content root path: C:\Users\fatih\source\repos\zepllin\zepllin
2021-03-09 21:12:36.0706|INFO|Microsoft.Hosting.Lifetime|Now listening on: https://localhost:5001
2021-03-09 21:12:36.2053|INFO|Microsoft.Hosting.Lifetime|Now listening on: http://localhost:5000
2021-03-09 21:12:36.2317|INFO|Microsoft.Hosting.Lifetime|Application started. Press Ctrl+C to shut down.
2021-03-09 21:12:36.2639|INFO|Microsoft.Hosting.Lifetime|Hosting environment: Development
2021-03-09 21:12:36.2882|INFO|Microsoft.Hosting.Lifetime|Content root path: C:\Users\fatih\source\repos\zepllin\zepllin
2021-03-09 21:13:26.4397|INFO|Microsoft.Hosting.Lifetime|Now listening on: https://localhost:5001
2021-03-09 21:13:26.5065|INFO|Microsoft.Hosting.Lifetime|Now listening on: http://localhost:5000
2021-03-09 21:13:26.5231|INFO|Microsoft.Hosting.Lifetime|Application started. Press Ctrl+C to shut down.
2021-03-09 21:13:26.5406|INFO|Microsoft.Hosting.Lifetime|Hosting environment: Development
2021-03-09 21:13:26.5574|INFO|Microsoft.Hosting.Lifetime|Content root path: C:\Users\fatih\source\repos\zepllin\zepllin
2021-03-09 21:14:35.3974|INFO|Microsoft.Hosting.Lifetime|Now listening on: https://localhost:5001
2021-03-09 21:14:35.4657|INFO|Microsoft.Hosting.Lifetime|Now listening on: http://localhost:5000
2021-03-09 21:14:35.4805|INFO|Microsoft.Hosting.Lifetime|Application started. Press Ctrl+C to shut down.
2021-03-09 21:14:35.4940|INFO|Microsoft.Hosting.Lifetime|Hosting environment: Development
2021-03-09 21:14:35.5135|INFO|Microsoft.Hosting.Lifetime|Content root path: C:\Users\fatih\source\repos\zepllin\zepllin
2021-03-09 21:15:10.6573|INFO|Microsoft.Hosting.Lifetime|Now listening on: https://localhost:5001
2021-03-09 21:15:10.7289|INFO|Microsoft.Hosting.Lifetime|Now listening on: http://localhost:5000
2021-03-09 21:15:10.7441|INFO|Microsoft.Hosting.Lifetime|Application started. Press Ctrl+C to shut down.
2021-03-09 21:15:10.7649|INFO|Microsoft.Hosting.Lifetime|Hosting environment: Development
2021-03-09 21:15:10.7780|INFO|Microsoft.Hosting.Lifetime|Content root path: C:\Users\fatih\source\repos\zepllin\zepllin
2021-03-09 21:15:37.6406|INFO|Microsoft.Hosting.Lifetime|Now listening on: https://localhost:5001
2021-03-09 21:15:37.7022|INFO|Microsoft.Hosting.Lifetime|Now listening on: http://localhost:5000
2021-03-09 21:15:37.7184|INFO|Microsoft.Hosting.Lifetime|Application started. Press Ctrl+C to shut down.
2021-03-09 21:15:37.7311|INFO|Microsoft.Hosting.Lifetime|Hosting environment: Development
2021-03-09 21:15:37.7442|INFO|Microsoft.Hosting.Lifetime|Content root path: C:\Users\fatih\source\repos\zepllin\zepllin
2021-03-09 21:17:05.5652|INFO|Microsoft.Hosting.Lifetime|Now listening on: https://localhost:5001
2021-03-09 21:17:05.6325|INFO|Microsoft.Hosting.Lifetime|Now listening on: http://localhost:5000
2021-03-09 21:17:05.6479|INFO|Microsoft.Hosting.Lifetime|Application started. Press Ctrl+C to shut down.
2021-03-09 21:17:05.6618|INFO|Microsoft.Hosting.Lifetime|Hosting environment: Development
2021-03-09 21:17:05.6618|INFO|Microsoft.Hosting.Lifetime|Content root path: C:\Users\fatih\source\repos\zepllin\zepllin
2021-03-09 21:17:41.8655|INFO|Microsoft.Hosting.Lifetime|Now listening on: https://localhost:5001
2021-03-09 21:17:41.9315|INFO|Microsoft.Hosting.Lifetime|Now listening on: http://localhost:5000
2021-03-09 21:17:41.9471|INFO|Microsoft.Hosting.Lifetime|Application started. Press Ctrl+C to shut down.
2021-03-09 21:17:41.9642|INFO|Microsoft.Hosting.Lifetime|Hosting environment: Development
2021-03-09 21:17:41.9773|INFO|Microsoft.Hosting.Lifetime|Content root path: C:\Users\fatih\source\repos\zepllin\zepllin
2021-03-09 21:18:57.6974|INFO|Microsoft.Hosting.Lifetime|Now listening on: https://localhost:5001
2021-03-09 21:18:57.7638|INFO|Microsoft.Hosting.Lifetime|Now listening on: http://localhost:5000
2021-03-09 21:18:57.7804|INFO|Microsoft.Hosting.Lifetime|Application started. Press Ctrl+C to shut down.
2021-03-09 21:18:57.7958|INFO|Microsoft.Hosting.Lifetime|Hosting environment: Development
2021-03-09 21:18:57.8132|INFO|Microsoft.Hosting.Lifetime|Content root path: C:\Users\fatih\source\repos\zepllin\zepllin
