2021-03-10 15:35:44.5684|INFO|Microsoft.Hosting.Lifetime|Now listening on: https://localhost:5001
2021-03-10 15:35:44.6398|INFO|Microsoft.Hosting.Lifetime|Now listening on: http://localhost:5000
2021-03-10 15:35:44.6524|INFO|Microsoft.Hosting.Lifetime|Application started. Press Ctrl+C to shut down.
2021-03-10 15:35:44.6678|INFO|Microsoft.Hosting.Lifetime|Hosting environment: Development
2021-03-10 15:35:44.6836|INFO|Microsoft.Hosting.Lifetime|Content root path: C:\Users\fatih\source\repos\zepllin\zepllin
2021-03-10 15:36:09.4269|ERROR|Microsoft.AspNetCore.Diagnostics.ExceptionHandlerMiddleware|An unhandled exception has occurred while executing the request.
2021-03-10 15:36:09.4269|ERROR|Microsoft.AspNetCore.Diagnostics.ExceptionHandlerMiddleware|An unhandled exception has occurred while executing the request.
2021-03-10 15:36:09.4269|ERROR|Microsoft.AspNetCore.Diagnostics.ExceptionHandlerMiddleware|An unhandled exception has occurred while executing the request.
2021-03-10 15:36:09.4568|WARN|Microsoft.AspNetCore.Diagnostics.ExceptionHandlerMiddleware|No exception handler was found, rethrowing original exception.
2021-03-10 15:36:09.4568|WARN|Microsoft.AspNetCore.Diagnostics.ExceptionHandlerMiddleware|No exception handler was found, rethrowing original exception.
2021-03-10 15:36:09.4798|WARN|Microsoft.AspNetCore.Diagnostics.ExceptionHandlerMiddleware|No exception handler was found, rethrowing original exception.
2021-03-10 15:36:09.5592|ERROR|Microsoft.AspNetCore.Server.Kestrel|Connection id "0HM73O437U4KH", Request id "0HM73O437U4KH:0000006F": An unhandled exception was thrown by the application.
2021-03-10 15:36:09.5592|ERROR|Microsoft.AspNetCore.Server.Kestrel|Connection id "0HM73O437U4KH", Request id "0HM73O437U4KH:0000006D": An unhandled exception was thrown by the application.
2021-03-10 15:36:09.5592|ERROR|Microsoft.AspNetCore.Server.Kestrel|Connection id "0HM73O437U4KH", Request id "0HM73O437U4KH:00000071": An unhandled exception was thrown by the application.
2021-03-10 15:36:28.9393|ERROR|Microsoft.AspNetCore.Diagnostics.ExceptionHandlerMiddleware|An unhandled exception has occurred while executing the request.
2021-03-10 15:36:28.9393|ERROR|Microsoft.AspNetCore.Diagnostics.ExceptionHandlerMiddleware|An unhandled exception has occurred while executing the request.
2021-03-10 15:36:28.9649|WARN|Microsoft.AspNetCore.Diagnostics.ExceptionHandlerMiddleware|No exception handler was found, rethrowing original exception.
2021-03-10 15:36:28.9815|WARN|Microsoft.AspNetCore.Diagnostics.ExceptionHandlerMiddleware|No exception handler was found, rethrowing original exception.
2021-03-10 15:36:29.0464|ERROR|Microsoft.AspNetCore.Server.Kestrel|Connection id "0HM73O437U4KH", Request id "0HM73O437U4KH:000000B3": An unhandled exception was thrown by the application.
2021-03-10 15:36:29.0628|ERROR|Microsoft.AspNetCore.Server.Kestrel|Connection id "0HM73O437U4KH", Request id "0HM73O437U4KH:000000B5": An unhandled exception was thrown by the application.
2021-03-10 15:39:50.1934|INFO|Microsoft.Hosting.Lifetime|Now listening on: https://localhost:5001
2021-03-10 15:39:50.2604|INFO|Microsoft.Hosting.Lifetime|Now listening on: http://localhost:5000
2021-03-10 15:39:50.2736|INFO|Microsoft.Hosting.Lifetime|Application started. Press Ctrl+C to shut down.
2021-03-10 15:39:50.2916|INFO|Microsoft.Hosting.Lifetime|Hosting environment: Development
2021-03-10 15:39:50.3027|INFO|Microsoft.Hosting.Lifetime|Content root path: C:\Users\fatih\source\repos\zepllin\zepllin
2021-03-10 15:45:54.9439|INFO|Microsoft.Hosting.Lifetime|Now listening on: https://localhost:5001
2021-03-10 15:45:55.0097|INFO|Microsoft.Hosting.Lifetime|Now listening on: http://localhost:5000
2021-03-10 15:45:55.0220|INFO|Microsoft.Hosting.Lifetime|Application started. Press Ctrl+C to shut down.
2021-03-10 15:45:55.0342|INFO|Microsoft.Hosting.Lifetime|Hosting environment: Development
2021-03-10 15:45:55.0548|INFO|Microsoft.Hosting.Lifetime|Content root path: C:\Users\fatih\source\repos\zepllin\zepllin
2021-03-10 15:51:04.1252|INFO|Microsoft.Hosting.Lifetime|Now listening on: https://localhost:5001
2021-03-10 15:51:04.1890|INFO|Microsoft.Hosting.Lifetime|Now listening on: http://localhost:5000
2021-03-10 15:51:04.1890|INFO|Microsoft.Hosting.Lifetime|Application started. Press Ctrl+C to shut down.
2021-03-10 15:51:04.2145|INFO|Microsoft.Hosting.Lifetime|Hosting environment: Development
2021-03-10 15:51:04.2265|INFO|Microsoft.Hosting.Lifetime|Content root path: C:\Users\fatih\source\repos\zepllin\zepllin
2021-03-10 15:51:40.8700|INFO|Microsoft.Hosting.Lifetime|Now listening on: https://localhost:5001
2021-03-10 15:51:40.9366|INFO|Microsoft.Hosting.Lifetime|Now listening on: http://localhost:5000
2021-03-10 15:51:40.9504|INFO|Microsoft.Hosting.Lifetime|Application started. Press Ctrl+C to shut down.
2021-03-10 15:51:40.9681|INFO|Microsoft.Hosting.Lifetime|Hosting environment: Development
2021-03-10 15:51:40.9799|INFO|Microsoft.Hosting.Lifetime|Content root path: C:\Users\fatih\source\repos\zepllin\zepllin
2021-03-10 15:52:29.8747|INFO|Microsoft.Hosting.Lifetime|Now listening on: https://localhost:5001
2021-03-10 15:52:29.9470|INFO|Microsoft.Hosting.Lifetime|Now listening on: http://localhost:5000
2021-03-10 15:52:29.9686|INFO|Microsoft.Hosting.Lifetime|Application started. Press Ctrl+C to shut down.
2021-03-10 15:52:29.9829|INFO|Microsoft.Hosting.Lifetime|Hosting environment: Development
2021-03-10 15:52:29.9980|INFO|Microsoft.Hosting.Lifetime|Content root path: C:\Users\fatih\source\repos\zepllin\zepllin
2021-03-10 15:53:43.7313|INFO|Microsoft.Hosting.Lifetime|Now listening on: https://localhost:5001
2021-03-10 15:53:43.8199|INFO|Microsoft.Hosting.Lifetime|Now listening on: http://localhost:5000
2021-03-10 15:53:43.8359|INFO|Microsoft.Hosting.Lifetime|Application started. Press Ctrl+C to shut down.
2021-03-10 15:53:43.8480|INFO|Microsoft.Hosting.Lifetime|Hosting environment: Development
2021-03-10 15:53:43.8638|INFO|Microsoft.Hosting.Lifetime|Content root path: C:\Users\fatih\source\repos\zepllin\zepllin
2021-03-10 16:03:39.9330|INFO|Microsoft.Hosting.Lifetime|Now listening on: https://localhost:5001
2021-03-10 16:03:40.0717|INFO|Microsoft.Hosting.Lifetime|Now listening on: http://localhost:5000
2021-03-10 16:03:40.0969|INFO|Microsoft.Hosting.Lifetime|Application started. Press Ctrl+C to shut down.
2021-03-10 16:03:40.1305|INFO|Microsoft.Hosting.Lifetime|Hosting environment: Development
2021-03-10 16:03:40.1524|INFO|Microsoft.Hosting.Lifetime|Content root path: C:\Users\fatih\source\repos\zepllin\zepllin
2021-03-10 16:05:39.7818|INFO|Microsoft.Hosting.Lifetime|Now listening on: https://localhost:5001
2021-03-10 16:05:39.8476|INFO|Microsoft.Hosting.Lifetime|Now listening on: http://localhost:5000
2021-03-10 16:05:39.8621|INFO|Microsoft.Hosting.Lifetime|Application started. Press Ctrl+C to shut down.
2021-03-10 16:05:39.8621|INFO|Microsoft.Hosting.Lifetime|Hosting environment: Development
2021-03-10 16:05:39.8872|INFO|Microsoft.Hosting.Lifetime|Content root path: C:\Users\fatih\source\repos\zepllin\zepllin
2021-03-10 16:11:49.4897|INFO|Microsoft.Hosting.Lifetime|Now listening on: https://localhost:5001
2021-03-10 16:11:49.5692|INFO|Microsoft.Hosting.Lifetime|Now listening on: http://localhost:5000
2021-03-10 16:11:49.5884|INFO|Microsoft.Hosting.Lifetime|Application started. Press Ctrl+C to shut down.
2021-03-10 16:11:49.6062|INFO|Microsoft.Hosting.Lifetime|Hosting environment: Development
2021-03-10 16:11:49.6185|INFO|Microsoft.Hosting.Lifetime|Content root path: C:\Users\fatih\source\repos\zepllin\zepllin
2021-03-10 16:12:30.4655|INFO|Microsoft.Hosting.Lifetime|Now listening on: https://localhost:5001
2021-03-10 16:12:30.5295|INFO|Microsoft.Hosting.Lifetime|Now listening on: http://localhost:5000
2021-03-10 16:12:30.5426|INFO|Microsoft.Hosting.Lifetime|Application started. Press Ctrl+C to shut down.
2021-03-10 16:12:30.5542|INFO|Microsoft.Hosting.Lifetime|Hosting environment: Development
2021-03-10 16:12:30.5660|INFO|Microsoft.Hosting.Lifetime|Content root path: C:\Users\fatih\source\repos\zepllin\zepllin
2021-03-10 16:12:57.2142|INFO|Microsoft.Hosting.Lifetime|Now listening on: https://localhost:5001
2021-03-10 16:12:57.2830|INFO|Microsoft.Hosting.Lifetime|Now listening on: http://localhost:5000
2021-03-10 16:12:57.2830|INFO|Microsoft.Hosting.Lifetime|Application started. Press Ctrl+C to shut down.
2021-03-10 16:12:57.3135|INFO|Microsoft.Hosting.Lifetime|Hosting environment: Development
2021-03-10 16:12:57.3252|INFO|Microsoft.Hosting.Lifetime|Content root path: C:\Users\fatih\source\repos\zepllin\zepllin
2021-03-10 16:13:31.0821|INFO|Microsoft.Hosting.Lifetime|Now listening on: https://localhost:5001
2021-03-10 16:13:31.1458|INFO|Microsoft.Hosting.Lifetime|Now listening on: http://localhost:5000
2021-03-10 16:13:31.1593|INFO|Microsoft.Hosting.Lifetime|Application started. Press Ctrl+C to shut down.
2021-03-10 16:13:31.1752|INFO|Microsoft.Hosting.Lifetime|Hosting environment: Development
2021-03-10 16:13:31.1930|INFO|Microsoft.Hosting.Lifetime|Content root path: C:\Users\fatih\source\repos\zepllin\zepllin
2021-03-10 16:18:07.0989|INFO|Microsoft.Hosting.Lifetime|Now listening on: https://localhost:5001
2021-03-10 16:18:07.1681|INFO|Microsoft.Hosting.Lifetime|Now listening on: http://localhost:5000
2021-03-10 16:18:07.1914|INFO|Microsoft.Hosting.Lifetime|Application started. Press Ctrl+C to shut down.
2021-03-10 16:18:07.2098|INFO|Microsoft.Hosting.Lifetime|Hosting environment: Development
2021-03-10 16:18:07.2275|INFO|Microsoft.Hosting.Lifetime|Content root path: C:\Users\fatih\source\repos\zepllin\zepllin
2021-03-10 16:19:30.8025|INFO|Microsoft.Hosting.Lifetime|Now listening on: https://localhost:5001
2021-03-10 16:19:30.8671|INFO|Microsoft.Hosting.Lifetime|Now listening on: http://localhost:5000
2021-03-10 16:19:30.8816|INFO|Microsoft.Hosting.Lifetime|Application started. Press Ctrl+C to shut down.
2021-03-10 16:19:30.8933|INFO|Microsoft.Hosting.Lifetime|Hosting environment: Development
2021-03-10 16:19:30.9124|INFO|Microsoft.Hosting.Lifetime|Content root path: C:\Users\fatih\source\repos\zepllin\zepllin
2021-03-10 16:25:45.8661|INFO|Microsoft.Hosting.Lifetime|Now listening on: https://localhost:5001
2021-03-10 16:25:45.9311|INFO|Microsoft.Hosting.Lifetime|Now listening on: http://localhost:5000
2021-03-10 16:25:45.9448|INFO|Microsoft.Hosting.Lifetime|Application started. Press Ctrl+C to shut down.
2021-03-10 16:25:45.9572|INFO|Microsoft.Hosting.Lifetime|Hosting environment: Development
2021-03-10 16:25:45.9757|INFO|Microsoft.Hosting.Lifetime|Content root path: C:\Users\fatih\source\repos\zepllin\zepllin
2021-03-10 16:27:46.6612|INFO|Microsoft.Hosting.Lifetime|Now listening on: https://localhost:5001
2021-03-10 16:27:46.7272|INFO|Microsoft.Hosting.Lifetime|Now listening on: http://localhost:5000
2021-03-10 16:27:46.7427|INFO|Microsoft.Hosting.Lifetime|Application started. Press Ctrl+C to shut down.
2021-03-10 16:27:46.7551|INFO|Microsoft.Hosting.Lifetime|Hosting environment: Development
2021-03-10 16:27:46.7683|INFO|Microsoft.Hosting.Lifetime|Content root path: C:\Users\fatih\source\repos\zepllin\zepllin
2021-03-10 16:30:54.2034|INFO|Microsoft.Hosting.Lifetime|Now listening on: https://localhost:5001
2021-03-10 16:30:54.2734|INFO|Microsoft.Hosting.Lifetime|Now listening on: http://localhost:5000
2021-03-10 16:30:54.2881|INFO|Microsoft.Hosting.Lifetime|Application started. Press Ctrl+C to shut down.
2021-03-10 16:30:54.3014|INFO|Microsoft.Hosting.Lifetime|Hosting environment: Development
2021-03-10 16:30:54.3143|INFO|Microsoft.Hosting.Lifetime|Content root path: C:\Users\fatih\source\repos\zepllin\zepllin
2021-03-10 16:31:23.4564|INFO|Microsoft.Hosting.Lifetime|Now listening on: https://localhost:5001
2021-03-10 16:31:23.5215|INFO|Microsoft.Hosting.Lifetime|Now listening on: http://localhost:5000
2021-03-10 16:31:23.5359|INFO|Microsoft.Hosting.Lifetime|Application started. Press Ctrl+C to shut down.
2021-03-10 16:31:23.5542|INFO|Microsoft.Hosting.Lifetime|Hosting environment: Development
2021-03-10 16:31:23.5664|INFO|Microsoft.Hosting.Lifetime|Content root path: C:\Users\fatih\source\repos\zepllin\zepllin
2021-03-10 16:33:13.4837|INFO|Microsoft.Hosting.Lifetime|Now listening on: https://localhost:5001
2021-03-10 16:33:13.5475|INFO|Microsoft.Hosting.Lifetime|Now listening on: http://localhost:5000
2021-03-10 16:33:13.5616|INFO|Microsoft.Hosting.Lifetime|Application started. Press Ctrl+C to shut down.
2021-03-10 16:33:13.5780|INFO|Microsoft.Hosting.Lifetime|Hosting environment: Development
2021-03-10 16:33:13.5902|INFO|Microsoft.Hosting.Lifetime|Content root path: C:\Users\fatih\source\repos\zepllin\zepllin
2021-03-10 16:36:59.1889|INFO|Microsoft.Hosting.Lifetime|Now listening on: https://localhost:5001
2021-03-10 16:36:59.2955|INFO|Microsoft.Hosting.Lifetime|Now listening on: http://localhost:5000
2021-03-10 16:36:59.3169|INFO|Microsoft.Hosting.Lifetime|Application started. Press Ctrl+C to shut down.
2021-03-10 16:36:59.3474|INFO|Microsoft.Hosting.Lifetime|Hosting environment: Development
2021-03-10 16:36:59.3830|INFO|Microsoft.Hosting.Lifetime|Content root path: C:\Users\fatih\source\repos\zepllin\zepllin
2021-03-10 16:37:30.2443|INFO|Microsoft.Hosting.Lifetime|Now listening on: https://localhost:5001
2021-03-10 16:37:30.3105|INFO|Microsoft.Hosting.Lifetime|Now listening on: http://localhost:5000
2021-03-10 16:37:30.3244|INFO|Microsoft.Hosting.Lifetime|Application started. Press Ctrl+C to shut down.
2021-03-10 16:37:30.3360|INFO|Microsoft.Hosting.Lifetime|Hosting environment: Development
2021-03-10 16:37:30.3476|INFO|Microsoft.Hosting.Lifetime|Content root path: C:\Users\fatih\source\repos\zepllin\zepllin
2021-03-10 16:44:21.6827|INFO|Microsoft.Hosting.Lifetime|Now listening on: https://localhost:5001
2021-03-10 16:44:21.7499|INFO|Microsoft.Hosting.Lifetime|Now listening on: http://localhost:5000
2021-03-10 16:44:21.7651|INFO|Microsoft.Hosting.Lifetime|Application started. Press Ctrl+C to shut down.
2021-03-10 16:44:21.7775|INFO|Microsoft.Hosting.Lifetime|Hosting environment: Development
2021-03-10 16:44:21.7904|INFO|Microsoft.Hosting.Lifetime|Content root path: C:\Users\fatih\source\repos\zepllin\zepllin
2021-03-10 16:45:43.1959|INFO|Microsoft.Hosting.Lifetime|Now listening on: https://localhost:5001
2021-03-10 16:45:43.2774|INFO|Microsoft.Hosting.Lifetime|Now listening on: http://localhost:5000
2021-03-10 16:45:43.2917|INFO|Microsoft.Hosting.Lifetime|Application started. Press Ctrl+C to shut down.
2021-03-10 16:45:43.3085|INFO|Microsoft.Hosting.Lifetime|Hosting environment: Development
2021-03-10 16:45:43.3215|INFO|Microsoft.Hosting.Lifetime|Content root path: C:\Users\fatih\source\repos\zepllin\zepllin
2021-03-10 17:40:19.9559|INFO|Microsoft.Hosting.Lifetime|Now listening on: https://localhost:5001
2021-03-10 17:40:20.0272|INFO|Microsoft.Hosting.Lifetime|Now listening on: http://localhost:5000
2021-03-10 17:40:20.0423|INFO|Microsoft.Hosting.Lifetime|Application started. Press Ctrl+C to shut down.
2021-03-10 17:40:20.0557|INFO|Microsoft.Hosting.Lifetime|Hosting environment: Development
2021-03-10 17:40:20.0708|INFO|Microsoft.Hosting.Lifetime|Content root path: C:\Users\fatih\source\repos\zepllin\zepllin
2021-03-10 17:41:19.7603|INFO|Microsoft.Hosting.Lifetime|Now listening on: https://localhost:5001
2021-03-10 17:41:19.8385|INFO|Microsoft.Hosting.Lifetime|Now listening on: http://localhost:5000
2021-03-10 17:41:19.8613|INFO|Microsoft.Hosting.Lifetime|Application started. Press Ctrl+C to shut down.
2021-03-10 17:41:19.8917|INFO|Microsoft.Hosting.Lifetime|Hosting environment: Development
2021-03-10 17:41:19.9071|INFO|Microsoft.Hosting.Lifetime|Content root path: C:\Users\fatih\source\repos\zepllin\zepllin
2021-03-10 17:42:31.7994|INFO|Microsoft.Hosting.Lifetime|Now listening on: https://localhost:5001
2021-03-10 17:42:31.8736|INFO|Microsoft.Hosting.Lifetime|Now listening on: http://localhost:5000
2021-03-10 17:42:31.8897|INFO|Microsoft.Hosting.Lifetime|Application started. Press Ctrl+C to shut down.
2021-03-10 17:42:31.9033|INFO|Microsoft.Hosting.Lifetime|Hosting environment: Development
2021-03-10 17:42:31.9172|INFO|Microsoft.Hosting.Lifetime|Content root path: C:\Users\fatih\source\repos\zepllin\zepllin
2021-03-10 18:00:08.1728|INFO|Microsoft.Hosting.Lifetime|Now listening on: https://localhost:5001
2021-03-10 18:00:08.2549|INFO|Microsoft.Hosting.Lifetime|Now listening on: http://localhost:5000
2021-03-10 18:00:08.2732|INFO|Microsoft.Hosting.Lifetime|Application started. Press Ctrl+C to shut down.
2021-03-10 18:00:08.2970|INFO|Microsoft.Hosting.Lifetime|Hosting environment: Development
2021-03-10 18:00:08.3130|INFO|Microsoft.Hosting.Lifetime|Content root path: C:\Users\fatih\source\repos\zepllin\zepllin
2021-03-10 18:01:11.0800|INFO|Microsoft.Hosting.Lifetime|Now listening on: https://localhost:5001
2021-03-10 18:01:11.1539|INFO|Microsoft.Hosting.Lifetime|Now listening on: http://localhost:5000
2021-03-10 18:01:11.1681|INFO|Microsoft.Hosting.Lifetime|Application started. Press Ctrl+C to shut down.
2021-03-10 18:01:11.1872|INFO|Microsoft.Hosting.Lifetime|Hosting environment: Development
2021-03-10 18:01:11.1993|INFO|Microsoft.Hosting.Lifetime|Content root path: C:\Users\fatih\source\repos\zepllin\zepllin
2021-03-10 18:02:55.0386|INFO|Microsoft.Hosting.Lifetime|Now listening on: https://localhost:5001
2021-03-10 18:02:55.1241|INFO|Microsoft.Hosting.Lifetime|Now listening on: http://localhost:5000
2021-03-10 18:02:55.1407|INFO|Microsoft.Hosting.Lifetime|Application started. Press Ctrl+C to shut down.
2021-03-10 18:02:55.1539|INFO|Microsoft.Hosting.Lifetime|Hosting environment: Development
2021-03-10 18:02:55.1676|INFO|Microsoft.Hosting.Lifetime|Content root path: C:\Users\fatih\source\repos\zepllin\zepllin
2021-03-10 18:03:55.9612|INFO|Microsoft.Hosting.Lifetime|Now listening on: https://localhost:5001
2021-03-10 18:03:56.0275|INFO|Microsoft.Hosting.Lifetime|Now listening on: http://localhost:5000
2021-03-10 18:03:56.0418|INFO|Microsoft.Hosting.Lifetime|Application started. Press Ctrl+C to shut down.
2021-03-10 18:03:56.0602|INFO|Microsoft.Hosting.Lifetime|Hosting environment: Development
2021-03-10 18:03:56.0721|INFO|Microsoft.Hosting.Lifetime|Content root path: C:\Users\fatih\source\repos\zepllin\zepllin
2021-03-10 18:04:40.4433|INFO|Microsoft.Hosting.Lifetime|Now listening on: https://localhost:5001
2021-03-10 18:04:40.5099|INFO|Microsoft.Hosting.Lifetime|Now listening on: http://localhost:5000
2021-03-10 18:04:40.5245|INFO|Microsoft.Hosting.Lifetime|Application started. Press Ctrl+C to shut down.
2021-03-10 18:04:40.5364|INFO|Microsoft.Hosting.Lifetime|Hosting environment: Development
2021-03-10 18:04:40.5647|INFO|Microsoft.Hosting.Lifetime|Content root path: C:\Users\fatih\source\repos\zepllin\zepllin
2021-03-10 18:10:21.6934|INFO|Microsoft.Hosting.Lifetime|Now listening on: https://localhost:5001
2021-03-10 18:10:21.7833|INFO|Microsoft.Hosting.Lifetime|Now listening on: http://localhost:5000
2021-03-10 18:10:21.8012|INFO|Microsoft.Hosting.Lifetime|Application started. Press Ctrl+C to shut down.
2021-03-10 18:10:21.8160|INFO|Microsoft.Hosting.Lifetime|Hosting environment: Development
2021-03-10 18:10:21.8362|INFO|Microsoft.Hosting.Lifetime|Content root path: C:\Users\fatih\source\repos\zepllin\zepllin
2021-03-10 18:18:12.6944|INFO|Microsoft.Hosting.Lifetime|Now listening on: https://localhost:5001
2021-03-10 18:18:12.7672|INFO|Microsoft.Hosting.Lifetime|Now listening on: http://localhost:5000
2021-03-10 18:18:12.7866|INFO|Microsoft.Hosting.Lifetime|Application started. Press Ctrl+C to shut down.
2021-03-10 18:18:12.7984|INFO|Microsoft.Hosting.Lifetime|Hosting environment: Development
2021-03-10 18:18:12.7984|INFO|Microsoft.Hosting.Lifetime|Content root path: C:\Users\fatih\source\repos\zepllin\zepllin
2021-03-10 18:19:20.8350|INFO|Microsoft.Hosting.Lifetime|Now listening on: https://localhost:5001
2021-03-10 18:19:20.8996|INFO|Microsoft.Hosting.Lifetime|Now listening on: http://localhost:5000
2021-03-10 18:19:20.9130|INFO|Microsoft.Hosting.Lifetime|Application started. Press Ctrl+C to shut down.
2021-03-10 18:19:20.9298|INFO|Microsoft.Hosting.Lifetime|Hosting environment: Development
2021-03-10 18:19:20.9430|INFO|Microsoft.Hosting.Lifetime|Content root path: C:\Users\fatih\source\repos\zepllin\zepllin
2021-03-10 18:20:04.6531|INFO|Microsoft.Hosting.Lifetime|Now listening on: https://localhost:5001
2021-03-10 18:20:04.7221|INFO|Microsoft.Hosting.Lifetime|Now listening on: http://localhost:5000
2021-03-10 18:20:04.7357|INFO|Microsoft.Hosting.Lifetime|Application started. Press Ctrl+C to shut down.
2021-03-10 18:20:04.7357|INFO|Microsoft.Hosting.Lifetime|Hosting environment: Development
2021-03-10 18:20:04.7645|INFO|Microsoft.Hosting.Lifetime|Content root path: C:\Users\fatih\source\repos\zepllin\zepllin
2021-03-10 18:20:30.8187|INFO|Microsoft.Hosting.Lifetime|Now listening on: https://localhost:5001
2021-03-10 18:20:30.9020|INFO|Microsoft.Hosting.Lifetime|Now listening on: http://localhost:5000
2021-03-10 18:20:30.9205|INFO|Microsoft.Hosting.Lifetime|Application started. Press Ctrl+C to shut down.
2021-03-10 18:20:30.9377|INFO|Microsoft.Hosting.Lifetime|Hosting environment: Development
2021-03-10 18:20:30.9545|INFO|Microsoft.Hosting.Lifetime|Content root path: C:\Users\fatih\source\repos\zepllin\zepllin
2021-03-10 18:22:33.4353|INFO|Microsoft.Hosting.Lifetime|Now listening on: https://localhost:5001
2021-03-10 18:22:33.5455|INFO|Microsoft.Hosting.Lifetime|Now listening on: http://localhost:5000
2021-03-10 18:22:33.5674|INFO|Microsoft.Hosting.Lifetime|Application started. Press Ctrl+C to shut down.
2021-03-10 18:22:33.5858|INFO|Microsoft.Hosting.Lifetime|Hosting environment: Development
2021-03-10 18:22:33.6144|INFO|Microsoft.Hosting.Lifetime|Content root path: C:\Users\fatih\source\repos\zepllin\zepllin
2021-03-10 18:23:42.7223|INFO|Microsoft.Hosting.Lifetime|Now listening on: https://localhost:5001
2021-03-10 18:23:42.7952|INFO|Microsoft.Hosting.Lifetime|Now listening on: http://localhost:5000
2021-03-10 18:23:42.8114|INFO|Microsoft.Hosting.Lifetime|Application started. Press Ctrl+C to shut down.
2021-03-10 18:23:42.8320|INFO|Microsoft.Hosting.Lifetime|Hosting environment: Development
2021-03-10 18:23:42.8648|INFO|Microsoft.Hosting.Lifetime|Content root path: C:\Users\fatih\source\repos\zepllin\zepllin
2021-03-10 18:39:11.0965|INFO|Microsoft.Hosting.Lifetime|Now listening on: https://localhost:5001
2021-03-10 18:39:11.2538|INFO|Microsoft.Hosting.Lifetime|Now listening on: http://localhost:5000
2021-03-10 18:39:11.2795|INFO|Microsoft.Hosting.Lifetime|Application started. Press Ctrl+C to shut down.
2021-03-10 18:39:11.3052|INFO|Microsoft.Hosting.Lifetime|Hosting environment: Development
2021-03-10 18:39:11.3249|INFO|Microsoft.Hosting.Lifetime|Content root path: C:\Users\fatih\source\repos\zepllin\zepllin
2021-03-10 18:40:44.1190|INFO|Microsoft.Hosting.Lifetime|Now listening on: https://localhost:5001
2021-03-10 18:40:44.1756|INFO|Microsoft.Hosting.Lifetime|Now listening on: http://localhost:5000
2021-03-10 18:40:44.1970|INFO|Microsoft.Hosting.Lifetime|Application started. Press Ctrl+C to shut down.
2021-03-10 18:40:44.2110|INFO|Microsoft.Hosting.Lifetime|Hosting environment: Development
2021-03-10 18:40:44.2334|INFO|Microsoft.Hosting.Lifetime|Content root path: C:\Users\fatih\source\repos\zepllin\zepllin
2021-03-10 18:41:50.0781|INFO|Microsoft.Hosting.Lifetime|Now listening on: https://localhost:5001
2021-03-10 18:41:50.1665|INFO|Microsoft.Hosting.Lifetime|Now listening on: http://localhost:5000
2021-03-10 18:41:50.1987|INFO|Microsoft.Hosting.Lifetime|Application started. Press Ctrl+C to shut down.
2021-03-10 18:41:50.2180|INFO|Microsoft.Hosting.Lifetime|Hosting environment: Development
2021-03-10 18:41:50.2332|INFO|Microsoft.Hosting.Lifetime|Content root path: C:\Users\fatih\source\repos\zepllin\zepllin
2021-03-10 18:42:09.9323|INFO|Microsoft.Hosting.Lifetime|Now listening on: https://localhost:5001
2021-03-10 18:42:10.0668|INFO|Microsoft.Hosting.Lifetime|Now listening on: http://localhost:5000
2021-03-10 18:42:10.0978|INFO|Microsoft.Hosting.Lifetime|Application started. Press Ctrl+C to shut down.
2021-03-10 18:42:10.1225|INFO|Microsoft.Hosting.Lifetime|Hosting environment: Development
2021-03-10 18:42:10.1572|INFO|Microsoft.Hosting.Lifetime|Content root path: C:\Users\fatih\source\repos\zepllin\zepllin
2021-03-10 18:42:48.3529|INFO|Microsoft.Hosting.Lifetime|Now listening on: https://localhost:5001
2021-03-10 18:42:48.4136|INFO|Microsoft.Hosting.Lifetime|Now listening on: http://localhost:5000
2021-03-10 18:42:48.4274|INFO|Microsoft.Hosting.Lifetime|Application started. Press Ctrl+C to shut down.
2021-03-10 18:42:48.4394|INFO|Microsoft.Hosting.Lifetime|Hosting environment: Development
2021-03-10 18:42:48.4394|INFO|Microsoft.Hosting.Lifetime|Content root path: C:\Users\fatih\source\repos\zepllin\zepllin
2021-03-10 18:43:27.9458|INFO|Microsoft.Hosting.Lifetime|Now listening on: https://localhost:5001
2021-03-10 18:43:28.0681|INFO|Microsoft.Hosting.Lifetime|Now listening on: http://localhost:5000
2021-03-10 18:43:28.0903|INFO|Microsoft.Hosting.Lifetime|Application started. Press Ctrl+C to shut down.
2021-03-10 18:43:28.1055|INFO|Microsoft.Hosting.Lifetime|Hosting environment: Development
2021-03-10 18:43:28.1184|INFO|Microsoft.Hosting.Lifetime|Content root path: C:\Users\fatih\source\repos\zepllin\zepllin
2021-03-10 18:44:25.1169|INFO|Microsoft.Hosting.Lifetime|Now listening on: https://localhost:5001
2021-03-10 18:44:25.1812|INFO|Microsoft.Hosting.Lifetime|Now listening on: http://localhost:5000
2021-03-10 18:44:25.1949|INFO|Microsoft.Hosting.Lifetime|Application started. Press Ctrl+C to shut down.
2021-03-10 18:44:25.2117|INFO|Microsoft.Hosting.Lifetime|Hosting environment: Development
2021-03-10 18:44:25.2241|INFO|Microsoft.Hosting.Lifetime|Content root path: C:\Users\fatih\source\repos\zepllin\zepllin
2021-03-10 18:45:07.9294|INFO|Microsoft.Hosting.Lifetime|Now listening on: https://localhost:5001
2021-03-10 18:45:07.9940|INFO|Microsoft.Hosting.Lifetime|Now listening on: http://localhost:5000
2021-03-10 18:45:08.0087|INFO|Microsoft.Hosting.Lifetime|Application started. Press Ctrl+C to shut down.
2021-03-10 18:45:08.0202|INFO|Microsoft.Hosting.Lifetime|Hosting environment: Development
2021-03-10 18:45:08.0370|INFO|Microsoft.Hosting.Lifetime|Content root path: C:\Users\fatih\source\repos\zepllin\zepllin
2021-03-10 18:45:42.8860|INFO|Microsoft.Hosting.Lifetime|Now listening on: https://localhost:5001
2021-03-10 18:45:42.9601|INFO|Microsoft.Hosting.Lifetime|Now listening on: http://localhost:5000
2021-03-10 18:45:42.9845|INFO|Microsoft.Hosting.Lifetime|Application started. Press Ctrl+C to shut down.
2021-03-10 18:45:43.0000|INFO|Microsoft.Hosting.Lifetime|Hosting environment: Development
2021-03-10 18:45:43.0159|INFO|Microsoft.Hosting.Lifetime|Content root path: C:\Users\fatih\source\repos\zepllin\zepllin
2021-03-10 18:48:49.6100|INFO|Microsoft.Hosting.Lifetime|Now listening on: https://localhost:5001
2021-03-10 18:48:49.6780|INFO|Microsoft.Hosting.Lifetime|Now listening on: http://localhost:5000
2021-03-10 18:48:49.6929|INFO|Microsoft.Hosting.Lifetime|Application started. Press Ctrl+C to shut down.
2021-03-10 18:48:49.7139|INFO|Microsoft.Hosting.Lifetime|Hosting environment: Development
2021-03-10 18:48:49.7274|INFO|Microsoft.Hosting.Lifetime|Content root path: C:\Users\fatih\source\repos\zepllin\zepllin
2021-03-10 18:49:37.1922|INFO|Microsoft.Hosting.Lifetime|Now listening on: https://localhost:5001
2021-03-10 18:49:37.2593|INFO|Microsoft.Hosting.Lifetime|Now listening on: http://localhost:5000
2021-03-10 18:49:37.2738|INFO|Microsoft.Hosting.Lifetime|Application started. Press Ctrl+C to shut down.
2021-03-10 18:49:37.2868|INFO|Microsoft.Hosting.Lifetime|Hosting environment: Development
2021-03-10 18:49:37.2999|INFO|Microsoft.Hosting.Lifetime|Content root path: C:\Users\fatih\source\repos\zepllin\zepllin
2021-03-10 18:51:36.7225|INFO|Microsoft.Hosting.Lifetime|Now listening on: https://localhost:5001
2021-03-10 18:51:36.7891|INFO|Microsoft.Hosting.Lifetime|Now listening on: http://localhost:5000
2021-03-10 18:51:36.8049|INFO|Microsoft.Hosting.Lifetime|Application started. Press Ctrl+C to shut down.
2021-03-10 18:51:36.8228|INFO|Microsoft.Hosting.Lifetime|Hosting environment: Development
2021-03-10 18:51:36.8405|INFO|Microsoft.Hosting.Lifetime|Content root path: C:\Users\fatih\source\repos\zepllin\zepllin
2021-03-10 18:52:01.2749|INFO|Microsoft.Hosting.Lifetime|Now listening on: https://localhost:5001
2021-03-10 18:52:01.3864|INFO|Microsoft.Hosting.Lifetime|Now listening on: http://localhost:5000
2021-03-10 18:52:01.4111|INFO|Microsoft.Hosting.Lifetime|Application started. Press Ctrl+C to shut down.
2021-03-10 18:52:01.4308|INFO|Microsoft.Hosting.Lifetime|Hosting environment: Development
2021-03-10 18:52:01.4600|INFO|Microsoft.Hosting.Lifetime|Content root path: C:\Users\fatih\source\repos\zepllin\zepllin
2021-03-10 20:16:58.2146|INFO|Microsoft.Hosting.Lifetime|Now listening on: https://localhost:5001
2021-03-10 20:16:58.2916|INFO|Microsoft.Hosting.Lifetime|Now listening on: http://localhost:5000
2021-03-10 20:16:58.3073|INFO|Microsoft.Hosting.Lifetime|Application started. Press Ctrl+C to shut down.
2021-03-10 20:16:58.3231|INFO|Microsoft.Hosting.Lifetime|Hosting environment: Development
2021-03-10 20:16:58.3603|INFO|Microsoft.Hosting.Lifetime|Content root path: C:\Users\fatih\source\repos\zepllin\zepllin
2021-03-10 20:18:27.5643|INFO|Microsoft.Hosting.Lifetime|Now listening on: https://localhost:5001
2021-03-10 20:18:27.6425|INFO|Microsoft.Hosting.Lifetime|Now listening on: http://localhost:5000
2021-03-10 20:18:27.6613|INFO|Microsoft.Hosting.Lifetime|Application started. Press Ctrl+C to shut down.
2021-03-10 20:18:27.6852|INFO|Microsoft.Hosting.Lifetime|Hosting environment: Development
2021-03-10 20:18:27.7005|INFO|Microsoft.Hosting.Lifetime|Content root path: C:\Users\fatih\source\repos\zepllin\zepllin
2021-03-10 20:19:00.3405|INFO|Microsoft.Hosting.Lifetime|Now listening on: https://localhost:5001
2021-03-10 20:19:00.4111|INFO|Microsoft.Hosting.Lifetime|Now listening on: http://localhost:5000
2021-03-10 20:19:00.4260|INFO|Microsoft.Hosting.Lifetime|Application started. Press Ctrl+C to shut down.
2021-03-10 20:19:00.4398|INFO|Microsoft.Hosting.Lifetime|Hosting environment: Development
2021-03-10 20:19:00.4398|INFO|Microsoft.Hosting.Lifetime|Content root path: C:\Users\fatih\source\repos\zepllin\zepllin
2021-03-10 20:22:31.0370|INFO|Microsoft.Hosting.Lifetime|Now listening on: https://localhost:5001
2021-03-10 20:22:31.1016|INFO|Microsoft.Hosting.Lifetime|Now listening on: http://localhost:5000
2021-03-10 20:22:31.1158|INFO|Microsoft.Hosting.Lifetime|Application started. Press Ctrl+C to shut down.
2021-03-10 20:22:31.1281|INFO|Microsoft.Hosting.Lifetime|Hosting environment: Development
2021-03-10 20:22:31.1422|INFO|Microsoft.Hosting.Lifetime|Content root path: C:\Users\fatih\source\repos\zepllin\zepllin
2021-03-10 20:23:11.8355|INFO|Microsoft.Hosting.Lifetime|Now listening on: https://localhost:5001
2021-03-10 20:23:11.9536|INFO|Microsoft.Hosting.Lifetime|Now listening on: http://localhost:5000
2021-03-10 20:23:11.9677|INFO|Microsoft.Hosting.Lifetime|Application started. Press Ctrl+C to shut down.
2021-03-10 20:23:11.9802|INFO|Microsoft.Hosting.Lifetime|Hosting environment: Development
2021-03-10 20:23:11.9922|INFO|Microsoft.Hosting.Lifetime|Content root path: C:\Users\fatih\source\repos\zepllin\zepllin
2021-03-10 20:23:47.1010|INFO|Microsoft.Hosting.Lifetime|Now listening on: https://localhost:5001
2021-03-10 20:23:47.1752|INFO|Microsoft.Hosting.Lifetime|Now listening on: http://localhost:5000
2021-03-10 20:23:47.1956|INFO|Microsoft.Hosting.Lifetime|Application started. Press Ctrl+C to shut down.
2021-03-10 20:23:47.2109|INFO|Microsoft.Hosting.Lifetime|Hosting environment: Development
2021-03-10 20:23:47.2285|INFO|Microsoft.Hosting.Lifetime|Content root path: C:\Users\fatih\source\repos\zepllin\zepllin
2021-03-10 20:25:03.6555|INFO|Microsoft.Hosting.Lifetime|Now listening on: https://localhost:5001
2021-03-10 20:25:03.7475|INFO|Microsoft.Hosting.Lifetime|Now listening on: http://localhost:5000
2021-03-10 20:25:03.7662|INFO|Microsoft.Hosting.Lifetime|Application started. Press Ctrl+C to shut down.
2021-03-10 20:25:03.7902|INFO|Microsoft.Hosting.Lifetime|Hosting environment: Development
2021-03-10 20:25:03.8073|INFO|Microsoft.Hosting.Lifetime|Content root path: C:\Users\fatih\source\repos\zepllin\zepllin
2021-03-10 20:25:32.0420|INFO|Microsoft.Hosting.Lifetime|Now listening on: https://localhost:5001
2021-03-10 20:25:32.1083|INFO|Microsoft.Hosting.Lifetime|Now listening on: http://localhost:5000
2021-03-10 20:25:32.1263|INFO|Microsoft.Hosting.Lifetime|Application started. Press Ctrl+C to shut down.
2021-03-10 20:25:32.1485|INFO|Microsoft.Hosting.Lifetime|Hosting environment: Development
2021-03-10 20:25:32.1619|INFO|Microsoft.Hosting.Lifetime|Content root path: C:\Users\fatih\source\repos\zepllin\zepllin
2021-03-10 20:26:01.2289|INFO|Microsoft.Hosting.Lifetime|Now listening on: https://localhost:5001
2021-03-10 20:26:01.3418|INFO|Microsoft.Hosting.Lifetime|Now listening on: http://localhost:5000
2021-03-10 20:26:01.3620|INFO|Microsoft.Hosting.Lifetime|Application started. Press Ctrl+C to shut down.
2021-03-10 20:26:01.3773|INFO|Microsoft.Hosting.Lifetime|Hosting environment: Development
2021-03-10 20:26:01.3921|INFO|Microsoft.Hosting.Lifetime|Content root path: C:\Users\fatih\source\repos\zepllin\zepllin
2021-03-10 20:28:39.3399|INFO|Microsoft.Hosting.Lifetime|Now listening on: https://localhost:5001
2021-03-10 20:28:39.4174|INFO|Microsoft.Hosting.Lifetime|Now listening on: http://localhost:5000
2021-03-10 20:28:39.4523|INFO|Microsoft.Hosting.Lifetime|Application started. Press Ctrl+C to shut down.
2021-03-10 20:28:39.4787|INFO|Microsoft.Hosting.Lifetime|Hosting environment: Development
2021-03-10 20:28:39.5140|INFO|Microsoft.Hosting.Lifetime|Content root path: C:\Users\fatih\source\repos\zepllin\zepllin
2021-03-10 20:31:23.2532|INFO|Microsoft.Hosting.Lifetime|Now listening on: https://localhost:5001
2021-03-10 20:31:23.3298|INFO|Microsoft.Hosting.Lifetime|Now listening on: http://localhost:5000
2021-03-10 20:31:23.3603|INFO|Microsoft.Hosting.Lifetime|Application started. Press Ctrl+C to shut down.
2021-03-10 20:31:23.3842|INFO|Microsoft.Hosting.Lifetime|Hosting environment: Development
2021-03-10 20:31:23.3978|INFO|Microsoft.Hosting.Lifetime|Content root path: C:\Users\fatih\source\repos\zepllin\zepllin
2021-03-10 20:33:52.4445|INFO|Microsoft.Hosting.Lifetime|Now listening on: https://localhost:5001
2021-03-10 20:33:52.5121|INFO|Microsoft.Hosting.Lifetime|Now listening on: http://localhost:5000
2021-03-10 20:33:52.5295|INFO|Microsoft.Hosting.Lifetime|Application started. Press Ctrl+C to shut down.
2021-03-10 20:33:52.5436|INFO|Microsoft.Hosting.Lifetime|Hosting environment: Development
2021-03-10 20:33:52.5596|INFO|Microsoft.Hosting.Lifetime|Content root path: C:\Users\fatih\source\repos\zepllin\zepllin
2021-03-10 20:34:18.4881|INFO|Microsoft.Hosting.Lifetime|Now listening on: https://localhost:5001
2021-03-10 20:34:18.5499|INFO|Microsoft.Hosting.Lifetime|Now listening on: http://localhost:5000
2021-03-10 20:34:18.5888|INFO|Microsoft.Hosting.Lifetime|Application started. Press Ctrl+C to shut down.
2021-03-10 20:34:18.6063|INFO|Microsoft.Hosting.Lifetime|Hosting environment: Development
2021-03-10 20:34:18.6260|INFO|Microsoft.Hosting.Lifetime|Content root path: C:\Users\fatih\source\repos\zepllin\zepllin
2021-03-10 20:34:48.9821|INFO|Microsoft.Hosting.Lifetime|Now listening on: https://localhost:5001
2021-03-10 20:34:49.0468|INFO|Microsoft.Hosting.Lifetime|Now listening on: http://localhost:5000
2021-03-10 20:34:49.0636|INFO|Microsoft.Hosting.Lifetime|Application started. Press Ctrl+C to shut down.
2021-03-10 20:34:49.0804|INFO|Microsoft.Hosting.Lifetime|Hosting environment: Development
2021-03-10 20:34:49.1002|INFO|Microsoft.Hosting.Lifetime|Content root path: C:\Users\fatih\source\repos\zepllin\zepllin
2021-03-10 20:42:02.6037|INFO|Microsoft.Hosting.Lifetime|Now listening on: https://localhost:5001
2021-03-10 20:42:02.6685|INFO|Microsoft.Hosting.Lifetime|Now listening on: http://localhost:5000
2021-03-10 20:42:02.6835|INFO|Microsoft.Hosting.Lifetime|Application started. Press Ctrl+C to shut down.
2021-03-10 20:42:02.7025|INFO|Microsoft.Hosting.Lifetime|Hosting environment: Development
2021-03-10 20:42:02.7149|INFO|Microsoft.Hosting.Lifetime|Content root path: C:\Users\fatih\source\repos\zepllin\zepllin
2021-03-10 20:42:38.9713|INFO|Microsoft.Hosting.Lifetime|Now listening on: https://localhost:5001
2021-03-10 20:42:39.0366|INFO|Microsoft.Hosting.Lifetime|Now listening on: http://localhost:5000
2021-03-10 20:42:39.0550|INFO|Microsoft.Hosting.Lifetime|Application started. Press Ctrl+C to shut down.
2021-03-10 20:42:39.0702|INFO|Microsoft.Hosting.Lifetime|Hosting environment: Development
2021-03-10 20:42:39.0852|INFO|Microsoft.Hosting.Lifetime|Content root path: C:\Users\fatih\source\repos\zepllin\zepllin
2021-03-10 20:45:05.2959|INFO|Microsoft.Hosting.Lifetime|Now listening on: https://localhost:5001
2021-03-10 20:45:05.3605|INFO|Microsoft.Hosting.Lifetime|Now listening on: http://localhost:5000
2021-03-10 20:45:05.3762|INFO|Microsoft.Hosting.Lifetime|Application started. Press Ctrl+C to shut down.
2021-03-10 20:45:05.3762|INFO|Microsoft.Hosting.Lifetime|Hosting environment: Development
2021-03-10 20:45:05.4090|INFO|Microsoft.Hosting.Lifetime|Content root path: C:\Users\fatih\source\repos\zepllin\zepllin
2021-03-10 20:45:39.6500|INFO|Microsoft.Hosting.Lifetime|Now listening on: https://localhost:5001
2021-03-10 20:45:39.7169|INFO|Microsoft.Hosting.Lifetime|Now listening on: http://localhost:5000
2021-03-10 20:45:39.7317|INFO|Microsoft.Hosting.Lifetime|Application started. Press Ctrl+C to shut down.
2021-03-10 20:45:39.7516|INFO|Microsoft.Hosting.Lifetime|Hosting environment: Development
2021-03-10 20:45:39.7516|INFO|Microsoft.Hosting.Lifetime|Content root path: C:\Users\fatih\source\repos\zepllin\zepllin
2021-03-10 21:09:18.3447|INFO|Microsoft.Hosting.Lifetime|Now listening on: https://localhost:5001
2021-03-10 21:09:18.4109|INFO|Microsoft.Hosting.Lifetime|Now listening on: http://localhost:5000
2021-03-10 21:09:18.4263|INFO|Microsoft.Hosting.Lifetime|Application started. Press Ctrl+C to shut down.
2021-03-10 21:09:18.4393|INFO|Microsoft.Hosting.Lifetime|Hosting environment: Development
2021-03-10 21:09:18.4600|INFO|Microsoft.Hosting.Lifetime|Content root path: C:\Users\fatih\source\repos\zepllin\zepllin
2021-03-10 21:10:10.5495|INFO|Microsoft.Hosting.Lifetime|Now listening on: https://localhost:5001
2021-03-10 21:10:10.6354|INFO|Microsoft.Hosting.Lifetime|Now listening on: http://localhost:5000
2021-03-10 21:10:10.6611|INFO|Microsoft.Hosting.Lifetime|Application started. Press Ctrl+C to shut down.
2021-03-10 21:10:10.6888|INFO|Microsoft.Hosting.Lifetime|Hosting environment: Development
2021-03-10 21:10:10.7106|INFO|Microsoft.Hosting.Lifetime|Content root path: C:\Users\fatih\source\repos\zepllin\zepllin
2021-03-10 21:11:16.2414|INFO|Microsoft.Hosting.Lifetime|Now listening on: https://localhost:5001
2021-03-10 21:11:16.3148|INFO|Microsoft.Hosting.Lifetime|Now listening on: http://localhost:5000
2021-03-10 21:11:16.3314|INFO|Microsoft.Hosting.Lifetime|Application started. Press Ctrl+C to shut down.
2021-03-10 21:11:16.3467|INFO|Microsoft.Hosting.Lifetime|Hosting environment: Development
2021-03-10 21:11:16.3626|INFO|Microsoft.Hosting.Lifetime|Content root path: C:\Users\fatih\source\repos\zepllin\zepllin
2021-03-10 21:12:13.5587|INFO|Microsoft.Hosting.Lifetime|Now listening on: https://localhost:5001
2021-03-10 21:12:13.6307|INFO|Microsoft.Hosting.Lifetime|Now listening on: http://localhost:5000
2021-03-10 21:12:13.6477|INFO|Microsoft.Hosting.Lifetime|Application started. Press Ctrl+C to shut down.
2021-03-10 21:12:13.6671|INFO|Microsoft.Hosting.Lifetime|Hosting environment: Development
2021-03-10 21:12:13.6807|INFO|Microsoft.Hosting.Lifetime|Content root path: C:\Users\fatih\source\repos\zepllin\zepllin
2021-03-10 21:13:05.2397|INFO|Microsoft.Hosting.Lifetime|Now listening on: https://localhost:5001
2021-03-10 21:13:05.3062|INFO|Microsoft.Hosting.Lifetime|Now listening on: http://localhost:5000
2021-03-10 21:13:05.3273|INFO|Microsoft.Hosting.Lifetime|Application started. Press Ctrl+C to shut down.
2021-03-10 21:13:05.3551|INFO|Microsoft.Hosting.Lifetime|Hosting environment: Development
2021-03-10 21:13:05.3766|INFO|Microsoft.Hosting.Lifetime|Content root path: C:\Users\fatih\source\repos\zepllin\zepllin
