2021-03-16 15:05:31.7346|INFO|Microsoft.Hosting.Lifetime|Now listening on: https://localhost:5001
2021-03-16 15:05:31.8240|INFO|Microsoft.Hosting.Lifetime|Now listening on: http://localhost:5000
2021-03-16 15:05:31.8404|INFO|Microsoft.Hosting.Lifetime|Application started. Press Ctrl+C to shut down.
2021-03-16 15:05:31.8543|INFO|Microsoft.Hosting.Lifetime|Hosting environment: Development
2021-03-16 15:05:31.8745|INFO|Microsoft.Hosting.Lifetime|Content root path: C:\Users\fatih\source\repos\zepllin\zepllin
2021-03-16 15:06:07.6927|INFO|Microsoft.Hosting.Lifetime|Now listening on: https://localhost:5001
2021-03-16 15:06:07.7475|INFO|Microsoft.Hosting.Lifetime|Now listening on: http://localhost:5000
2021-03-16 15:06:07.7475|INFO|Microsoft.Hosting.Lifetime|Application started. Press Ctrl+C to shut down.
2021-03-16 15:06:07.7703|INFO|Microsoft.Hosting.Lifetime|Hosting environment: Development
2021-03-16 15:06:07.7810|INFO|Microsoft.Hosting.Lifetime|Content root path: C:\Users\fatih\source\repos\zepllin\zepllin
2021-03-16 15:08:10.6981|INFO|Microsoft.Hosting.Lifetime|Now listening on: https://localhost:5001
2021-03-16 15:08:10.7627|INFO|Microsoft.Hosting.Lifetime|Now listening on: http://localhost:5000
2021-03-16 15:08:10.7627|INFO|Microsoft.Hosting.Lifetime|Application started. Press Ctrl+C to shut down.
2021-03-16 15:08:10.7855|INFO|Microsoft.Hosting.Lifetime|Hosting environment: Development
2021-03-16 15:08:10.7972|INFO|Microsoft.Hosting.Lifetime|Content root path: C:\Users\fatih\source\repos\zepllin\zepllin
2021-03-16 15:09:09.7605|INFO|Microsoft.Hosting.Lifetime|Now listening on: https://localhost:5001
2021-03-16 15:09:09.8259|INFO|Microsoft.Hosting.Lifetime|Now listening on: http://localhost:5000
2021-03-16 15:09:09.8259|INFO|Microsoft.Hosting.Lifetime|Application started. Press Ctrl+C to shut down.
2021-03-16 15:09:09.8508|INFO|Microsoft.Hosting.Lifetime|Hosting environment: Development
2021-03-16 15:09:09.8638|INFO|Microsoft.Hosting.Lifetime|Content root path: C:\Users\fatih\source\repos\zepllin\zepllin
2021-03-16 15:12:27.5916|INFO|Microsoft.Hosting.Lifetime|Now listening on: https://localhost:5001
2021-03-16 15:12:27.6594|INFO|Microsoft.Hosting.Lifetime|Now listening on: http://localhost:5000
2021-03-16 15:12:27.6725|INFO|Microsoft.Hosting.Lifetime|Application started. Press Ctrl+C to shut down.
2021-03-16 15:12:27.6892|INFO|Microsoft.Hosting.Lifetime|Hosting environment: Development
2021-03-16 15:12:27.7144|INFO|Microsoft.Hosting.Lifetime|Content root path: C:\Users\fatih\source\repos\zepllin\zepllin
2021-03-16 15:13:23.2806|INFO|Microsoft.Hosting.Lifetime|Now listening on: https://localhost:5001
2021-03-16 15:13:23.3582|INFO|Microsoft.Hosting.Lifetime|Now listening on: http://localhost:5000
2021-03-16 15:13:23.3748|INFO|Microsoft.Hosting.Lifetime|Application started. Press Ctrl+C to shut down.
2021-03-16 15:13:23.3945|INFO|Microsoft.Hosting.Lifetime|Hosting environment: Development
2021-03-16 15:13:23.4104|INFO|Microsoft.Hosting.Lifetime|Content root path: C:\Users\fatih\source\repos\zepllin\zepllin
2021-03-16 15:14:07.5849|INFO|Microsoft.Hosting.Lifetime|Now listening on: https://localhost:5001
2021-03-16 15:14:07.6633|INFO|Microsoft.Hosting.Lifetime|Now listening on: http://localhost:5000
2021-03-16 15:14:07.6761|INFO|Microsoft.Hosting.Lifetime|Application started. Press Ctrl+C to shut down.
2021-03-16 15:14:07.6917|INFO|Microsoft.Hosting.Lifetime|Hosting environment: Development
2021-03-16 15:14:07.7032|INFO|Microsoft.Hosting.Lifetime|Content root path: C:\Users\fatih\source\repos\zepllin\zepllin
2021-03-16 15:20:09.9648|INFO|Microsoft.Hosting.Lifetime|Now listening on: https://localhost:5001
2021-03-16 15:20:10.0373|INFO|Microsoft.Hosting.Lifetime|Now listening on: http://localhost:5000
2021-03-16 15:20:10.0518|INFO|Microsoft.Hosting.Lifetime|Application started. Press Ctrl+C to shut down.
2021-03-16 15:20:10.0638|INFO|Microsoft.Hosting.Lifetime|Hosting environment: Development
2021-03-16 15:20:10.0759|INFO|Microsoft.Hosting.Lifetime|Content root path: C:\Users\fatih\source\repos\zepllin\zepllin
2021-03-16 15:26:29.5033|INFO|Microsoft.Hosting.Lifetime|Now listening on: https://localhost:5001
2021-03-16 15:26:29.6253|INFO|Microsoft.Hosting.Lifetime|Now listening on: http://localhost:5000
2021-03-16 15:26:29.6561|INFO|Microsoft.Hosting.Lifetime|Application started. Press Ctrl+C to shut down.
2021-03-16 15:26:29.6724|INFO|Microsoft.Hosting.Lifetime|Hosting environment: Development
2021-03-16 15:26:29.6865|INFO|Microsoft.Hosting.Lifetime|Content root path: C:\Users\fatih\source\repos\zepllin\zepllin
2021-03-16 15:30:05.2286|INFO|Microsoft.Hosting.Lifetime|Now listening on: https://localhost:5001
2021-03-16 15:30:05.2955|INFO|Microsoft.Hosting.Lifetime|Now listening on: http://localhost:5000
2021-03-16 15:30:05.3143|INFO|Microsoft.Hosting.Lifetime|Application started. Press Ctrl+C to shut down.
2021-03-16 15:30:05.3323|INFO|Microsoft.Hosting.Lifetime|Hosting environment: Development
2021-03-16 15:30:05.3512|INFO|Microsoft.Hosting.Lifetime|Content root path: C:\Users\fatih\source\repos\zepllin\zepllin
2021-03-16 15:31:36.3025|INFO|Microsoft.Hosting.Lifetime|Now listening on: https://localhost:5001
2021-03-16 15:31:36.3757|INFO|Microsoft.Hosting.Lifetime|Now listening on: http://localhost:5000
2021-03-16 15:31:36.3899|INFO|Microsoft.Hosting.Lifetime|Application started. Press Ctrl+C to shut down.
2021-03-16 15:31:36.4074|INFO|Microsoft.Hosting.Lifetime|Hosting environment: Development
2021-03-16 15:31:36.4196|INFO|Microsoft.Hosting.Lifetime|Content root path: C:\Users\fatih\source\repos\zepllin\zepllin
2021-03-16 15:35:29.2906|INFO|Microsoft.Hosting.Lifetime|Now listening on: https://localhost:5001
2021-03-16 15:35:29.3633|INFO|Microsoft.Hosting.Lifetime|Now listening on: http://localhost:5000
2021-03-16 15:35:29.3858|INFO|Microsoft.Hosting.Lifetime|Application started. Press Ctrl+C to shut down.
2021-03-16 15:35:29.3993|INFO|Microsoft.Hosting.Lifetime|Hosting environment: Development
2021-03-16 15:35:29.4139|INFO|Microsoft.Hosting.Lifetime|Content root path: C:\Users\fatih\source\repos\zepllin\zepllin
2021-03-16 15:36:55.4163|INFO|Microsoft.Hosting.Lifetime|Now listening on: https://localhost:5001
2021-03-16 15:36:55.4840|INFO|Microsoft.Hosting.Lifetime|Now listening on: http://localhost:5000
2021-03-16 15:36:55.5016|INFO|Microsoft.Hosting.Lifetime|Application started. Press Ctrl+C to shut down.
2021-03-16 15:36:55.5164|INFO|Microsoft.Hosting.Lifetime|Hosting environment: Development
2021-03-16 15:36:55.5302|INFO|Microsoft.Hosting.Lifetime|Content root path: C:\Users\fatih\source\repos\zepllin\zepllin
2021-03-16 15:39:00.9944|INFO|Microsoft.Hosting.Lifetime|Now listening on: https://localhost:5001
2021-03-16 15:39:01.0643|INFO|Microsoft.Hosting.Lifetime|Now listening on: http://localhost:5000
2021-03-16 15:39:01.0781|INFO|Microsoft.Hosting.Lifetime|Application started. Press Ctrl+C to shut down.
2021-03-16 15:39:01.0781|INFO|Microsoft.Hosting.Lifetime|Hosting environment: Development
2021-03-16 15:39:01.1026|INFO|Microsoft.Hosting.Lifetime|Content root path: C:\Users\fatih\source\repos\zepllin\zepllin
2021-03-16 15:40:56.1003|INFO|Microsoft.Hosting.Lifetime|Now listening on: https://localhost:5001
2021-03-16 15:40:56.1787|INFO|Microsoft.Hosting.Lifetime|Now listening on: http://localhost:5000
2021-03-16 15:40:56.2100|INFO|Microsoft.Hosting.Lifetime|Application started. Press Ctrl+C to shut down.
2021-03-16 15:40:56.2252|INFO|Microsoft.Hosting.Lifetime|Hosting environment: Development
2021-03-16 15:40:56.2429|INFO|Microsoft.Hosting.Lifetime|Content root path: C:\Users\fatih\source\repos\zepllin\zepllin
2021-03-16 15:41:42.4298|INFO|Microsoft.Hosting.Lifetime|Now listening on: https://localhost:5001
2021-03-16 15:41:42.4996|INFO|Microsoft.Hosting.Lifetime|Now listening on: http://localhost:5000
2021-03-16 15:41:42.5130|INFO|Microsoft.Hosting.Lifetime|Application started. Press Ctrl+C to shut down.
2021-03-16 15:41:42.5294|INFO|Microsoft.Hosting.Lifetime|Hosting environment: Development
2021-03-16 15:41:42.5294|INFO|Microsoft.Hosting.Lifetime|Content root path: C:\Users\fatih\source\repos\zepllin\zepllin
2021-03-16 15:44:34.2020|INFO|Microsoft.Hosting.Lifetime|Now listening on: https://localhost:5001
2021-03-16 15:44:34.2710|INFO|Microsoft.Hosting.Lifetime|Now listening on: http://localhost:5000
2021-03-16 15:44:34.2861|INFO|Microsoft.Hosting.Lifetime|Application started. Press Ctrl+C to shut down.
2021-03-16 15:44:34.3045|INFO|Microsoft.Hosting.Lifetime|Hosting environment: Development
2021-03-16 15:44:34.3178|INFO|Microsoft.Hosting.Lifetime|Content root path: C:\Users\fatih\source\repos\zepllin\zepllin
2021-03-16 15:46:06.8343|INFO|Microsoft.Hosting.Lifetime|Now listening on: https://localhost:5001
2021-03-16 15:46:06.8997|INFO|Microsoft.Hosting.Lifetime|Now listening on: http://localhost:5000
2021-03-16 15:46:06.9136|INFO|Microsoft.Hosting.Lifetime|Application started. Press Ctrl+C to shut down.
2021-03-16 15:46:06.9305|INFO|Microsoft.Hosting.Lifetime|Hosting environment: Development
2021-03-16 15:46:06.9422|INFO|Microsoft.Hosting.Lifetime|Content root path: C:\Users\fatih\source\repos\zepllin\zepllin
2021-03-16 15:47:01.6014|INFO|Microsoft.Hosting.Lifetime|Now listening on: https://localhost:5001
2021-03-16 15:47:01.6766|INFO|Microsoft.Hosting.Lifetime|Now listening on: http://localhost:5000
2021-03-16 15:47:01.6910|INFO|Microsoft.Hosting.Lifetime|Application started. Press Ctrl+C to shut down.
2021-03-16 15:47:01.7067|INFO|Microsoft.Hosting.Lifetime|Hosting environment: Development
2021-03-16 15:47:01.7286|INFO|Microsoft.Hosting.Lifetime|Content root path: C:\Users\fatih\source\repos\zepllin\zepllin
2021-03-16 15:48:55.5319|INFO|Microsoft.Hosting.Lifetime|Now listening on: https://localhost:5001
2021-03-16 15:48:55.5958|INFO|Microsoft.Hosting.Lifetime|Now listening on: http://localhost:5000
2021-03-16 15:48:55.6106|INFO|Microsoft.Hosting.Lifetime|Application started. Press Ctrl+C to shut down.
2021-03-16 15:48:55.6231|INFO|Microsoft.Hosting.Lifetime|Hosting environment: Development
2021-03-16 15:48:55.6231|INFO|Microsoft.Hosting.Lifetime|Content root path: C:\Users\fatih\source\repos\zepllin\zepllin
2021-03-16 15:52:11.2874|INFO|Microsoft.Hosting.Lifetime|Now listening on: https://localhost:5001
2021-03-16 15:52:11.3654|INFO|Microsoft.Hosting.Lifetime|Now listening on: http://localhost:5000
2021-03-16 15:52:11.3943|INFO|Microsoft.Hosting.Lifetime|Application started. Press Ctrl+C to shut down.
2021-03-16 15:52:11.4166|INFO|Microsoft.Hosting.Lifetime|Hosting environment: Development
2021-03-16 15:52:11.4362|INFO|Microsoft.Hosting.Lifetime|Content root path: C:\Users\fatih\source\repos\zepllin\zepllin
2021-03-16 15:53:50.9893|INFO|Microsoft.Hosting.Lifetime|Now listening on: https://localhost:5001
2021-03-16 15:53:51.0626|INFO|Microsoft.Hosting.Lifetime|Now listening on: http://localhost:5000
2021-03-16 15:53:51.0773|INFO|Microsoft.Hosting.Lifetime|Application started. Press Ctrl+C to shut down.
2021-03-16 15:53:51.0956|INFO|Microsoft.Hosting.Lifetime|Hosting environment: Development
2021-03-16 15:53:51.1083|INFO|Microsoft.Hosting.Lifetime|Content root path: C:\Users\fatih\source\repos\zepllin\zepllin
2021-03-16 15:55:49.7951|INFO|Microsoft.Hosting.Lifetime|Now listening on: https://localhost:5001
2021-03-16 15:55:49.8945|INFO|Microsoft.Hosting.Lifetime|Now listening on: http://localhost:5000
2021-03-16 15:55:49.9179|INFO|Microsoft.Hosting.Lifetime|Application started. Press Ctrl+C to shut down.
2021-03-16 15:55:49.9431|INFO|Microsoft.Hosting.Lifetime|Hosting environment: Development
2021-03-16 15:55:49.9570|INFO|Microsoft.Hosting.Lifetime|Content root path: C:\Users\fatih\source\repos\zepllin\zepllin
2021-03-16 15:57:17.5407|INFO|Microsoft.Hosting.Lifetime|Now listening on: https://localhost:5001
2021-03-16 15:57:17.6583|INFO|Microsoft.Hosting.Lifetime|Now listening on: http://localhost:5000
2021-03-16 15:57:17.6800|INFO|Microsoft.Hosting.Lifetime|Application started. Press Ctrl+C to shut down.
2021-03-16 15:57:17.6991|INFO|Microsoft.Hosting.Lifetime|Hosting environment: Development
2021-03-16 15:57:17.7205|INFO|Microsoft.Hosting.Lifetime|Content root path: C:\Users\fatih\source\repos\zepllin\zepllin
2021-03-16 15:57:51.2856|INFO|Microsoft.Hosting.Lifetime|Now listening on: https://localhost:5001
2021-03-16 15:57:51.3556|INFO|Microsoft.Hosting.Lifetime|Now listening on: http://localhost:5000
2021-03-16 15:57:51.3698|INFO|Microsoft.Hosting.Lifetime|Application started. Press Ctrl+C to shut down.
2021-03-16 15:57:51.3819|INFO|Microsoft.Hosting.Lifetime|Hosting environment: Development
2021-03-16 15:57:51.4003|INFO|Microsoft.Hosting.Lifetime|Content root path: C:\Users\fatih\source\repos\zepllin\zepllin
2021-03-16 16:01:35.5873|INFO|Microsoft.Hosting.Lifetime|Now listening on: https://localhost:5001
2021-03-16 16:01:35.7027|INFO|Microsoft.Hosting.Lifetime|Now listening on: http://localhost:5000
2021-03-16 16:01:35.7284|INFO|Microsoft.Hosting.Lifetime|Application started. Press Ctrl+C to shut down.
2021-03-16 16:01:35.7418|INFO|Microsoft.Hosting.Lifetime|Hosting environment: Development
2021-03-16 16:01:35.7552|INFO|Microsoft.Hosting.Lifetime|Content root path: C:\Users\fatih\source\repos\zepllin\zepllin
2021-03-16 16:07:08.5438|INFO|Microsoft.Hosting.Lifetime|Now listening on: https://localhost:5001
2021-03-16 16:07:08.6474|INFO|Microsoft.Hosting.Lifetime|Now listening on: http://localhost:5000
2021-03-16 16:07:08.6642|INFO|Microsoft.Hosting.Lifetime|Application started. Press Ctrl+C to shut down.
2021-03-16 16:07:08.6785|INFO|Microsoft.Hosting.Lifetime|Hosting environment: Development
2021-03-16 16:07:08.6923|INFO|Microsoft.Hosting.Lifetime|Content root path: C:\Users\fatih\source\repos\zepllin\zepllin
2021-03-16 16:07:56.2548|INFO|Microsoft.Hosting.Lifetime|Now listening on: https://localhost:5001
2021-03-16 16:07:56.3360|INFO|Microsoft.Hosting.Lifetime|Now listening on: http://localhost:5000
2021-03-16 16:07:56.3517|INFO|Microsoft.Hosting.Lifetime|Application started. Press Ctrl+C to shut down.
2021-03-16 16:07:56.3705|INFO|Microsoft.Hosting.Lifetime|Hosting environment: Development
2021-03-16 16:07:56.3827|INFO|Microsoft.Hosting.Lifetime|Content root path: C:\Users\fatih\source\repos\zepllin\zepllin
2021-03-16 16:10:40.3402|INFO|Microsoft.Hosting.Lifetime|Now listening on: https://localhost:5001
2021-03-16 16:10:40.4081|INFO|Microsoft.Hosting.Lifetime|Now listening on: http://localhost:5000
2021-03-16 16:10:40.4228|INFO|Microsoft.Hosting.Lifetime|Application started. Press Ctrl+C to shut down.
2021-03-16 16:10:40.4399|INFO|Microsoft.Hosting.Lifetime|Hosting environment: Development
2021-03-16 16:10:40.4521|INFO|Microsoft.Hosting.Lifetime|Content root path: C:\Users\fatih\source\repos\zepllin\zepllin
2021-03-16 16:19:37.1110|INFO|Microsoft.Hosting.Lifetime|Now listening on: https://localhost:5001
2021-03-16 16:19:37.1924|INFO|Microsoft.Hosting.Lifetime|Now listening on: http://localhost:5000
2021-03-16 16:19:37.2074|INFO|Microsoft.Hosting.Lifetime|Application started. Press Ctrl+C to shut down.
2021-03-16 16:19:37.2227|INFO|Microsoft.Hosting.Lifetime|Hosting environment: Development
2021-03-16 16:19:37.2378|INFO|Microsoft.Hosting.Lifetime|Content root path: C:\Users\fatih\source\repos\zepllin\zepllin
2021-03-16 16:20:46.8742|INFO|Microsoft.Hosting.Lifetime|Now listening on: https://localhost:5001
2021-03-16 16:20:46.9467|INFO|Microsoft.Hosting.Lifetime|Now listening on: http://localhost:5000
2021-03-16 16:20:46.9691|INFO|Microsoft.Hosting.Lifetime|Application started. Press Ctrl+C to shut down.
2021-03-16 16:20:46.9867|INFO|Microsoft.Hosting.Lifetime|Hosting environment: Development
2021-03-16 16:20:47.0041|INFO|Microsoft.Hosting.Lifetime|Content root path: C:\Users\fatih\source\repos\zepllin\zepllin
2021-03-16 16:23:34.9614|INFO|Microsoft.Hosting.Lifetime|Now listening on: https://localhost:5001
2021-03-16 16:23:35.0327|INFO|Microsoft.Hosting.Lifetime|Now listening on: http://localhost:5000
2021-03-16 16:23:35.0469|INFO|Microsoft.Hosting.Lifetime|Application started. Press Ctrl+C to shut down.
2021-03-16 16:23:35.0660|INFO|Microsoft.Hosting.Lifetime|Hosting environment: Development
2021-03-16 16:23:35.0787|INFO|Microsoft.Hosting.Lifetime|Content root path: C:\Users\fatih\source\repos\zepllin\zepllin
2021-03-16 16:25:34.7566|INFO|Microsoft.Hosting.Lifetime|Now listening on: https://localhost:5001
2021-03-16 16:25:34.8314|INFO|Microsoft.Hosting.Lifetime|Now listening on: http://localhost:5000
2021-03-16 16:25:34.8708|INFO|Microsoft.Hosting.Lifetime|Application started. Press Ctrl+C to shut down.
2021-03-16 16:25:34.8894|INFO|Microsoft.Hosting.Lifetime|Hosting environment: Development
2021-03-16 16:25:34.9058|INFO|Microsoft.Hosting.Lifetime|Content root path: C:\Users\fatih\source\repos\zepllin\zepllin
2021-03-16 16:28:10.6019|INFO|Microsoft.Hosting.Lifetime|Now listening on: https://localhost:5001
2021-03-16 16:28:10.6682|INFO|Microsoft.Hosting.Lifetime|Now listening on: http://localhost:5000
2021-03-16 16:28:10.6880|INFO|Microsoft.Hosting.Lifetime|Application started. Press Ctrl+C to shut down.
2021-03-16 16:28:10.7018|INFO|Microsoft.Hosting.Lifetime|Hosting environment: Development
2021-03-16 16:28:10.7217|INFO|Microsoft.Hosting.Lifetime|Content root path: C:\Users\fatih\source\repos\zepllin\zepllin
2021-03-16 16:29:12.3774|INFO|Microsoft.Hosting.Lifetime|Now listening on: https://localhost:5001
2021-03-16 16:29:12.4622|INFO|Microsoft.Hosting.Lifetime|Now listening on: http://localhost:5000
2021-03-16 16:29:12.4891|INFO|Microsoft.Hosting.Lifetime|Application started. Press Ctrl+C to shut down.
2021-03-16 16:29:12.5403|INFO|Microsoft.Hosting.Lifetime|Hosting environment: Development
2021-03-16 16:29:12.5546|INFO|Microsoft.Hosting.Lifetime|Content root path: C:\Users\fatih\source\repos\zepllin\zepllin
2021-03-16 17:09:26.6919|INFO|Microsoft.Hosting.Lifetime|Now listening on: https://localhost:5001
2021-03-16 17:09:26.7816|INFO|Microsoft.Hosting.Lifetime|Now listening on: http://localhost:5000
2021-03-16 17:09:26.8038|INFO|Microsoft.Hosting.Lifetime|Application started. Press Ctrl+C to shut down.
2021-03-16 17:09:26.8184|INFO|Microsoft.Hosting.Lifetime|Hosting environment: Development
2021-03-16 17:09:26.8369|INFO|Microsoft.Hosting.Lifetime|Content root path: C:\Users\fatih\source\repos\zepllin\zepllin
2021-03-16 17:14:57.5590|ERROR|Microsoft.AspNetCore.Diagnostics.ExceptionHandlerMiddleware|An unhandled exception has occurred while executing the request.
2021-03-16 17:14:57.8139|WARN|Microsoft.AspNetCore.Diagnostics.ExceptionHandlerMiddleware|No exception handler was found, rethrowing original exception.
2021-03-16 17:14:58.2638|ERROR|Microsoft.AspNetCore.Server.Kestrel|Connection id "0HM78GKDUJL64", Request id "0HM78GKDUJL64:0000011B": An unhandled exception was thrown by the application.
2021-03-16 17:17:49.9437|INFO|Microsoft.Hosting.Lifetime|Now listening on: https://localhost:5001
2021-03-16 17:17:50.0099|INFO|Microsoft.Hosting.Lifetime|Now listening on: http://localhost:5000
2021-03-16 17:17:50.0247|INFO|Microsoft.Hosting.Lifetime|Application started. Press Ctrl+C to shut down.
2021-03-16 17:17:50.0442|INFO|Microsoft.Hosting.Lifetime|Hosting environment: Development
2021-03-16 17:17:50.0442|INFO|Microsoft.Hosting.Lifetime|Content root path: C:\Users\fatih\source\repos\zepllin\zepllin
2021-03-16 17:21:50.6911|INFO|Microsoft.Hosting.Lifetime|Now listening on: https://localhost:5001
2021-03-16 17:21:50.7347|INFO|Microsoft.Hosting.Lifetime|Now listening on: http://localhost:5000
2021-03-16 17:21:50.7347|INFO|Microsoft.Hosting.Lifetime|Application started. Press Ctrl+C to shut down.
2021-03-16 17:21:50.7599|INFO|Microsoft.Hosting.Lifetime|Hosting environment: Development
2021-03-16 17:21:50.7741|INFO|Microsoft.Hosting.Lifetime|Content root path: C:\Users\fatih\source\repos\zepllin\zepllin
2021-03-16 17:27:40.1897|INFO|Microsoft.Hosting.Lifetime|Now listening on: https://localhost:5001
2021-03-16 17:27:40.2587|INFO|Microsoft.Hosting.Lifetime|Now listening on: http://localhost:5000
2021-03-16 17:27:40.2744|INFO|Microsoft.Hosting.Lifetime|Application started. Press Ctrl+C to shut down.
2021-03-16 17:27:40.2947|INFO|Microsoft.Hosting.Lifetime|Hosting environment: Development
2021-03-16 17:27:40.2947|INFO|Microsoft.Hosting.Lifetime|Content root path: C:\Users\fatih\source\repos\zepllin\zepllin
2021-03-16 17:30:36.9176|INFO|Microsoft.Hosting.Lifetime|Now listening on: https://localhost:5001
2021-03-16 17:30:37.0278|INFO|Microsoft.Hosting.Lifetime|Now listening on: http://localhost:5000
2021-03-16 17:30:37.0437|INFO|Microsoft.Hosting.Lifetime|Application started. Press Ctrl+C to shut down.
2021-03-16 17:30:37.0437|INFO|Microsoft.Hosting.Lifetime|Hosting environment: Development
2021-03-16 17:30:37.0786|INFO|Microsoft.Hosting.Lifetime|Content root path: C:\Users\fatih\source\repos\zepllin\zepllin
2021-03-16 17:31:17.4185|INFO|Microsoft.Hosting.Lifetime|Now listening on: https://localhost:5001
2021-03-16 17:31:17.4864|INFO|Microsoft.Hosting.Lifetime|Now listening on: http://localhost:5000
2021-03-16 17:31:17.5015|INFO|Microsoft.Hosting.Lifetime|Application started. Press Ctrl+C to shut down.
2021-03-16 17:31:17.5188|INFO|Microsoft.Hosting.Lifetime|Hosting environment: Development
2021-03-16 17:31:17.5498|INFO|Microsoft.Hosting.Lifetime|Content root path: C:\Users\fatih\source\repos\zepllin\zepllin
2021-03-16 17:33:43.4885|INFO|Microsoft.Hosting.Lifetime|Now listening on: https://localhost:5001
2021-03-16 17:33:43.5968|INFO|Microsoft.Hosting.Lifetime|Now listening on: http://localhost:5000
2021-03-16 17:33:43.6120|INFO|Microsoft.Hosting.Lifetime|Application started. Press Ctrl+C to shut down.
2021-03-16 17:33:43.6313|INFO|Microsoft.Hosting.Lifetime|Hosting environment: Development
2021-03-16 17:33:43.6451|INFO|Microsoft.Hosting.Lifetime|Content root path: C:\Users\fatih\source\repos\zepllin\zepllin
2021-03-16 17:36:03.1108|INFO|Microsoft.Hosting.Lifetime|Now listening on: https://localhost:5001
2021-03-16 17:36:03.2426|INFO|Microsoft.Hosting.Lifetime|Now listening on: http://localhost:5000
2021-03-16 17:36:03.2579|INFO|Microsoft.Hosting.Lifetime|Application started. Press Ctrl+C to shut down.
2021-03-16 17:36:03.2716|INFO|Microsoft.Hosting.Lifetime|Hosting environment: Development
2021-03-16 17:36:03.2887|INFO|Microsoft.Hosting.Lifetime|Content root path: C:\Users\fatih\source\repos\zepllin\zepllin
2021-03-16 17:37:29.7236|INFO|Microsoft.Hosting.Lifetime|Now listening on: https://localhost:5001
2021-03-16 17:37:29.8665|INFO|Microsoft.Hosting.Lifetime|Now listening on: http://localhost:5000
2021-03-16 17:37:29.8880|INFO|Microsoft.Hosting.Lifetime|Application started. Press Ctrl+C to shut down.
2021-03-16 17:37:29.8880|INFO|Microsoft.Hosting.Lifetime|Hosting environment: Development
2021-03-16 17:37:29.9166|INFO|Microsoft.Hosting.Lifetime|Content root path: C:\Users\fatih\source\repos\zepllin\zepllin
2021-03-16 17:39:04.0233|INFO|Microsoft.Hosting.Lifetime|Now listening on: https://localhost:5001
2021-03-16 17:39:04.1066|INFO|Microsoft.Hosting.Lifetime|Now listening on: http://localhost:5000
2021-03-16 17:39:04.1405|INFO|Microsoft.Hosting.Lifetime|Application started. Press Ctrl+C to shut down.
2021-03-16 17:39:04.1569|INFO|Microsoft.Hosting.Lifetime|Hosting environment: Development
2021-03-16 17:39:04.1867|INFO|Microsoft.Hosting.Lifetime|Content root path: C:\Users\fatih\source\repos\zepllin\zepllin
2021-03-16 17:42:15.5403|INFO|Microsoft.Hosting.Lifetime|Now listening on: https://localhost:5001
2021-03-16 17:42:15.5878|INFO|Microsoft.Hosting.Lifetime|Now listening on: http://localhost:5000
2021-03-16 17:42:15.5998|INFO|Microsoft.Hosting.Lifetime|Application started. Press Ctrl+C to shut down.
2021-03-16 17:42:15.6148|INFO|Microsoft.Hosting.Lifetime|Hosting environment: Development
2021-03-16 17:42:15.6301|INFO|Microsoft.Hosting.Lifetime|Content root path: C:\Users\fatih\source\repos\zepllin\zepllin
